[0.005s] Invoking command in '/home/robot/ros2-learning/chapt4/chapt4_ws/build/chat4_interfaces': CMAKE_PREFIX_PATH=/opt/ros/humble /usr/bin/cmake /home/robot/ros2-learning/chapt4/chapt4_ws/src/chat4_interfaces -DCMAKE_INSTALL_PREFIX=/home/robot/ros2-learning/chapt4/chapt4_ws/install/chat4_interfaces
[0.039s] -- The C compiler identification is GNU 11.4.0
[0.073s] -- The CXX compiler identification is GNU 11.4.0
[0.077s] -- Detecting C compiler ABI info
[0.124s] -- Detecting C compiler ABI info - done
[0.128s] -- Check for working C compiler: /usr/bin/cc - skipped
[0.128s] -- Detecting C compile features
[0.128s] -- Detecting C compile features - done
[0.130s] -- Detecting CXX compiler ABI info
[0.181s] -- Detecting CXX compiler ABI info - done
[0.186s] -- Check for working CXX compiler: /usr/bin/c++ - skipped
[0.186s] -- Detecting CXX compile features
[0.186s] -- Detecting CXX compile features - done
[0.187s] -- Found ament_cmake: 1.3.11 (/opt/ros/humble/share/ament_cmake/cmake)
[0.275s] -- Found Python3: /usr/bin/python3 (found version "3.10.12") found components: Interpreter 
[0.316s] -- Found sensor_msgs: 4.8.0 (/opt/ros/humble/share/sensor_msgs/cmake)
[0.330s] -- Found rosidl_generator_c: 3.1.6 (/opt/ros/humble/share/rosidl_generator_c/cmake)
[0.332s] -- Found rosidl_adapter: 3.1.6 (/opt/ros/humble/share/rosidl_adapter/cmake)
[0.336s] -- Found rosidl_generator_cpp: 3.1.6 (/opt/ros/humble/share/rosidl_generator_cpp/cmake)
[0.341s] -- Using all available rosidl_typesupport_c: rosidl_typesupport_fastrtps_c;rosidl_typesupport_introspection_c
[0.348s] -- Using all available rosidl_typesupport_cpp: rosidl_typesupport_fastrtps_cpp;rosidl_typesupport_introspection_cpp
[0.377s] -- Configuring incomplete, errors occurred!
[0.377s] See also "/home/robot/ros2-learning/chapt4/chapt4_ws/build/chat4_interfaces/CMakeFiles/CMakeOutput.log".
[0.377s] [31mCMake Error at CMakeLists.txt:11 (find_package):
[0.377s]   By not providing "Findrodidl_default_generators.cmake" in CMAKE_MODULE_PATH
[0.378s]   this project has asked CMake to find a package configuration file provided
[0.378s]   by "rodidl_default_generators", but CMake did not find one.
[0.378s] 
[0.378s]   Could not find a package configuration file provided by
[0.378s]   "rodidl_default_generators" with any of the following names:
[0.378s] 
[0.378s]     rodidl_default_generatorsConfig.cmake
[0.378s]     rodidl_default_generators-config.cmake
[0.378s] 
[0.378s]   Add the installation prefix of "rodidl_default_generators" to
[0.378s]   CMAKE_PREFIX_PATH or set "rodidl_default_generators_DIR" to a directory
[0.378s]   containing one of the above files.  If "rodidl_default_generators" provides
[0.378s]   a separate development package or SDK, be sure it has been installed.
[0.378s] 
[0.378s] [0m
[0.380s] Invoked command in '/home/robot/ros2-learning/chapt4/chapt4_ws/build/chat4_interfaces' returned '1': CMAKE_PREFIX_PATH=/opt/ros/humble /usr/bin/cmake /home/robot/ros2-learning/chapt4/chapt4_ws/src/chat4_interfaces -DCMAKE_INSTALL_PREFIX=/home/robot/ros2-learning/chapt4/chapt4_ws/install/chat4_interfaces
