[0.006s] Invoking command in '/home/robot/ros2-learning/chapt2/chapt2_ws/build/demo_cpp_pkg': CMAKE_PREFIX_PATH=${CMAKE_PREFIX_PATH}:/home/robot/ros2-learning/chapt2/chapt2_ws/install/demo_python_pkg:/opt/ros/humble /usr/bin/cmake --build /home/robot/ros2-learning/chapt2/chapt2_ws/build/demo_cpp_pkg -- -j32 -l32
[0.032s] [35m[1mConsolidate compiler generated dependencies of target learn_functional[0m
[0.037s] [ 16%] Built target learn_shared_ptr
[0.039s] [ 33%] Built target learn_auto
[0.040s] [ 50%] Built target learn_lambda
[0.041s] [ 58%] [32mBuilding CXX object CMakeFiles/learn_functional.dir/src/learn_functional.cpp.o[0m
[0.043s] [ 75%] Built target cpp_node
[0.043s] [ 91%] Built target person_node
[0.243s] [100%] [32m[1mLinking CXX executable learn_functional[0m
[0.296s] [100%] Built target learn_functional
[0.303s] Invoked command in '/home/robot/ros2-learning/chapt2/chapt2_ws/build/demo_cpp_pkg' returned '0': CMAKE_PREFIX_PATH=${CMAKE_PREFIX_PATH}:/home/robot/ros2-learning/chapt2/chapt2_ws/install/demo_python_pkg:/opt/ros/humble /usr/bin/cmake --build /home/robot/ros2-learning/chapt2/chapt2_ws/build/demo_cpp_pkg -- -j32 -l32
[0.310s] Invoking command in '/home/robot/ros2-learning/chapt2/chapt2_ws/build/demo_cpp_pkg': CMAKE_PREFIX_PATH=${CMAKE_PREFIX_PATH}:/home/robot/ros2-learning/chapt2/chapt2_ws/install/demo_python_pkg:/opt/ros/humble /usr/bin/cmake --install /home/robot/ros2-learning/chapt2/chapt2_ws/build/demo_cpp_pkg
[0.317s] -- Install configuration: ""
[0.317s] -- Up-to-date: /home/robot/ros2-learning/chapt2/chapt2_ws/install/demo_cpp_pkg/lib/demo_cpp_pkg/cpp_node
[0.317s] -- Up-to-date: /home/robot/ros2-learning/chapt2/chapt2_ws/install/demo_cpp_pkg/lib/demo_cpp_pkg/person_node
[0.317s] -- Up-to-date: /home/robot/ros2-learning/chapt2/chapt2_ws/install/demo_cpp_pkg/lib/demo_cpp_pkg/learn_auto
[0.317s] -- Up-to-date: /home/robot/ros2-learning/chapt2/chapt2_ws/install/demo_cpp_pkg/lib/demo_cpp_pkg/learn_shared_ptr
[0.318s] -- Up-to-date: /home/robot/ros2-learning/chapt2/chapt2_ws/install/demo_cpp_pkg/lib/demo_cpp_pkg/learn_lambda
[0.318s] -- Installing: /home/robot/ros2-learning/chapt2/chapt2_ws/install/demo_cpp_pkg/lib/demo_cpp_pkg/learn_functional
[0.318s] -- Up-to-date: /home/robot/ros2-learning/chapt2/chapt2_ws/install/demo_cpp_pkg/share/ament_index/resource_index/package_run_dependencies/demo_cpp_pkg
[0.318s] -- Up-to-date: /home/robot/ros2-learning/chapt2/chapt2_ws/install/demo_cpp_pkg/share/ament_index/resource_index/parent_prefix_path/demo_cpp_pkg
[0.318s] -- Up-to-date: /home/robot/ros2-learning/chapt2/chapt2_ws/install/demo_cpp_pkg/share/demo_cpp_pkg/environment/ament_prefix_path.sh
[0.318s] -- Up-to-date: /home/robot/ros2-learning/chapt2/chapt2_ws/install/demo_cpp_pkg/share/demo_cpp_pkg/environment/ament_prefix_path.dsv
[0.318s] -- Up-to-date: /home/robot/ros2-learning/chapt2/chapt2_ws/install/demo_cpp_pkg/share/demo_cpp_pkg/environment/path.sh
[0.318s] -- Up-to-date: /home/robot/ros2-learning/chapt2/chapt2_ws/install/demo_cpp_pkg/share/demo_cpp_pkg/environment/path.dsv
[0.318s] -- Up-to-date: /home/robot/ros2-learning/chapt2/chapt2_ws/install/demo_cpp_pkg/share/demo_cpp_pkg/local_setup.bash
[0.318s] -- Up-to-date: /home/robot/ros2-learning/chapt2/chapt2_ws/install/demo_cpp_pkg/share/demo_cpp_pkg/local_setup.sh
[0.319s] -- Up-to-date: /home/robot/ros2-learning/chapt2/chapt2_ws/install/demo_cpp_pkg/share/demo_cpp_pkg/local_setup.zsh
[0.319s] -- Up-to-date: /home/robot/ros2-learning/chapt2/chapt2_ws/install/demo_cpp_pkg/share/demo_cpp_pkg/local_setup.dsv
[0.319s] -- Up-to-date: /home/robot/ros2-learning/chapt2/chapt2_ws/install/demo_cpp_pkg/share/demo_cpp_pkg/package.dsv
[0.319s] -- Up-to-date: /home/robot/ros2-learning/chapt2/chapt2_ws/install/demo_cpp_pkg/share/ament_index/resource_index/packages/demo_cpp_pkg
[0.319s] -- Up-to-date: /home/robot/ros2-learning/chapt2/chapt2_ws/install/demo_cpp_pkg/share/demo_cpp_pkg/cmake/demo_cpp_pkgConfig.cmake
[0.319s] -- Up-to-date: /home/robot/ros2-learning/chapt2/chapt2_ws/install/demo_cpp_pkg/share/demo_cpp_pkg/cmake/demo_cpp_pkgConfig-version.cmake
[0.319s] -- Up-to-date: /home/robot/ros2-learning/chapt2/chapt2_ws/install/demo_cpp_pkg/share/demo_cpp_pkg/package.xml
[0.320s] Invoked command in '/home/robot/ros2-learning/chapt2/chapt2_ws/build/demo_cpp_pkg' returned '0': CMAKE_PREFIX_PATH=${CMAKE_PREFIX_PATH}:/home/robot/ros2-learning/chapt2/chapt2_ws/install/demo_python_pkg:/opt/ros/humble /usr/bin/cmake --install /home/robot/ros2-learning/chapt2/chapt2_ws/build/demo_cpp_pkg
