[0.054s] DEBUG:colcon:Command line arguments: ['/usr/bin/colcon', 'build']
[0.054s] DEBUG:colcon:Parsed command line arguments: Namespace(log_base=None, log_level=None, verb_name='build', build_base='build', install_base='install', merge_install=False, symlink_install=False, test_result_base=None, continue_on_error=False, executor='parallel', parallel_workers=32, event_handlers=None, ignore_user_meta=False, metas=['./colcon.meta'], base_paths=['.'], packages_ignore=None, packages_ignore_regex=None, paths=None, packages_up_to=None, packages_up_to_regex=None, packages_above=None, packages_above_and_dependencies=None, packages_above_depth=None, packages_select_by_dep=None, packages_skip_by_dep=None, packages_skip_up_to=None, packages_select_build_failed=False, packages_skip_build_finished=False, packages_select_test_failures=False, packages_skip_test_passed=False, packages_select=None, packages_skip=None, packages_select_regex=None, packages_skip_regex=None, packages_start=None, packages_end=None, allow_overriding=[], cmake_args=None, cmake_target=None, cmake_target_skip_unavailable=False, cmake_clean_cache=False, cmake_clean_first=False, cmake_force_configure=False, ament_cmake_args=None, catkin_cmake_args=None, catkin_skip_building_tests=False, verb_parser=<colcon_defaults.argument_parser.defaults.DefaultArgumentsDecorator object at 0x712f16d28b20>, verb_extension=<colcon_core.verb.build.BuildVerb object at 0x712f16ee56f0>, main=<bound method BuildVerb.main of <colcon_core.verb.build.BuildVerb object at 0x712f16ee56f0>>)
[0.138s] Level 1:colcon.colcon_core.package_discovery:discover_packages(colcon_meta) check parameters
[0.138s] Level 1:colcon.colcon_core.package_discovery:discover_packages(recursive) check parameters
[0.138s] Level 1:colcon.colcon_core.package_discovery:discover_packages(ignore) check parameters
[0.138s] Level 1:colcon.colcon_core.package_discovery:discover_packages(path) check parameters
[0.138s] Level 1:colcon.colcon_core.package_discovery:discover_packages(colcon_meta) discover
[0.138s] Level 1:colcon.colcon_core.package_discovery:discover_packages(recursive) discover
[0.138s] INFO:colcon.colcon_core.package_discovery:Crawling recursively for packages in '/home/robot/ros2-learning/chapt3/topic_ws'
[0.138s] Level 1:colcon.colcon_core.package_identification:_identify(.) by extensions ['ignore', 'ignore_ament_install']
[0.138s] Level 1:colcon.colcon_core.package_identification:_identify(.) by extension 'ignore'
[0.138s] Level 1:colcon.colcon_core.package_identification:_identify(.) by extension 'ignore_ament_install'
[0.138s] Level 1:colcon.colcon_core.package_identification:_identify(.) by extensions ['colcon_pkg']
[0.138s] Level 1:colcon.colcon_core.package_identification:_identify(.) by extension 'colcon_pkg'
[0.138s] Level 1:colcon.colcon_core.package_identification:_identify(.) by extensions ['colcon_meta']
[0.138s] Level 1:colcon.colcon_core.package_identification:_identify(.) by extension 'colcon_meta'
[0.138s] Level 1:colcon.colcon_core.package_identification:_identify(.) by extensions ['ros']
[0.138s] Level 1:colcon.colcon_core.package_identification:_identify(.) by extension 'ros'
[0.144s] Level 1:colcon.colcon_core.package_identification:_identify(.) by extensions ['cmake', 'python']
[0.144s] Level 1:colcon.colcon_core.package_identification:_identify(.) by extension 'cmake'
[0.144s] Level 1:colcon.colcon_core.package_identification:_identify(.) by extension 'python'
[0.145s] Level 1:colcon.colcon_core.package_identification:_identify(.) by extensions ['python_setup_py']
[0.145s] Level 1:colcon.colcon_core.package_identification:_identify(.) by extension 'python_setup_py'
[0.145s] Level 1:colcon.colcon_core.package_identification:_identify(build) by extensions ['ignore', 'ignore_ament_install']
[0.145s] Level 1:colcon.colcon_core.package_identification:_identify(build) by extension 'ignore'
[0.145s] Level 1:colcon.colcon_core.package_identification:_identify(build) ignored
[0.145s] Level 1:colcon.colcon_core.package_identification:_identify(install) by extensions ['ignore', 'ignore_ament_install']
[0.145s] Level 1:colcon.colcon_core.package_identification:_identify(install) by extension 'ignore'
[0.145s] Level 1:colcon.colcon_core.package_identification:_identify(install) ignored
[0.145s] Level 1:colcon.colcon_core.package_identification:_identify(log) by extensions ['ignore', 'ignore_ament_install']
[0.145s] Level 1:colcon.colcon_core.package_identification:_identify(log) by extension 'ignore'
[0.145s] Level 1:colcon.colcon_core.package_identification:_identify(log) ignored
[0.145s] Level 1:colcon.colcon_core.package_identification:_identify(src) by extensions ['ignore', 'ignore_ament_install']
[0.145s] Level 1:colcon.colcon_core.package_identification:_identify(src) by extension 'ignore'
[0.145s] Level 1:colcon.colcon_core.package_identification:_identify(src) by extension 'ignore_ament_install'
[0.145s] Level 1:colcon.colcon_core.package_identification:_identify(src) by extensions ['colcon_pkg']
[0.145s] Level 1:colcon.colcon_core.package_identification:_identify(src) by extension 'colcon_pkg'
[0.145s] Level 1:colcon.colcon_core.package_identification:_identify(src) by extensions ['colcon_meta']
[0.145s] Level 1:colcon.colcon_core.package_identification:_identify(src) by extension 'colcon_meta'
[0.145s] Level 1:colcon.colcon_core.package_identification:_identify(src) by extensions ['ros']
[0.145s] Level 1:colcon.colcon_core.package_identification:_identify(src) by extension 'ros'
[0.145s] Level 1:colcon.colcon_core.package_identification:_identify(src) by extensions ['cmake', 'python']
[0.145s] Level 1:colcon.colcon_core.package_identification:_identify(src) by extension 'cmake'
[0.145s] Level 1:colcon.colcon_core.package_identification:_identify(src) by extension 'python'
[0.145s] Level 1:colcon.colcon_core.package_identification:_identify(src) by extensions ['python_setup_py']
[0.145s] Level 1:colcon.colcon_core.package_identification:_identify(src) by extension 'python_setup_py'
[0.145s] Level 1:colcon.colcon_core.package_identification:_identify(src/demo_cpp_topic) by extensions ['ignore', 'ignore_ament_install']
[0.145s] Level 1:colcon.colcon_core.package_identification:_identify(src/demo_cpp_topic) by extension 'ignore'
[0.145s] Level 1:colcon.colcon_core.package_identification:_identify(src/demo_cpp_topic) by extension 'ignore_ament_install'
[0.145s] Level 1:colcon.colcon_core.package_identification:_identify(src/demo_cpp_topic) by extensions ['colcon_pkg']
[0.145s] Level 1:colcon.colcon_core.package_identification:_identify(src/demo_cpp_topic) by extension 'colcon_pkg'
[0.145s] Level 1:colcon.colcon_core.package_identification:_identify(src/demo_cpp_topic) by extensions ['colcon_meta']
[0.145s] Level 1:colcon.colcon_core.package_identification:_identify(src/demo_cpp_topic) by extension 'colcon_meta'
[0.145s] Level 1:colcon.colcon_core.package_identification:_identify(src/demo_cpp_topic) by extensions ['ros']
[0.145s] Level 1:colcon.colcon_core.package_identification:_identify(src/demo_cpp_topic) by extension 'ros'
[0.147s] DEBUG:colcon.colcon_core.package_identification:Package 'src/demo_cpp_topic' with type 'ros.ament_cmake' and name 'demo_cpp_topic'
[0.147s] Level 1:colcon.colcon_core.package_identification:_identify(src/demo_pyhton_topic) by extensions ['ignore', 'ignore_ament_install']
[0.147s] Level 1:colcon.colcon_core.package_identification:_identify(src/demo_pyhton_topic) by extension 'ignore'
[0.147s] Level 1:colcon.colcon_core.package_identification:_identify(src/demo_pyhton_topic) by extension 'ignore_ament_install'
[0.147s] Level 1:colcon.colcon_core.package_identification:_identify(src/demo_pyhton_topic) by extensions ['colcon_pkg']
[0.147s] Level 1:colcon.colcon_core.package_identification:_identify(src/demo_pyhton_topic) by extension 'colcon_pkg'
[0.147s] Level 1:colcon.colcon_core.package_identification:_identify(src/demo_pyhton_topic) by extensions ['colcon_meta']
[0.147s] Level 1:colcon.colcon_core.package_identification:_identify(src/demo_pyhton_topic) by extension 'colcon_meta'
[0.147s] Level 1:colcon.colcon_core.package_identification:_identify(src/demo_pyhton_topic) by extensions ['ros']
[0.147s] Level 1:colcon.colcon_core.package_identification:_identify(src/demo_pyhton_topic) by extension 'ros'
[0.151s] DEBUG:colcon.colcon_core.package_identification:Package 'src/demo_pyhton_topic' with type 'ros.ament_python' and name 'demo_pyhton_topic'
[0.151s] Level 1:colcon.colcon_core.package_discovery:discover_packages(recursive) using defaults
[0.151s] Level 1:colcon.colcon_core.package_discovery:discover_packages(ignore) discover
[0.151s] Level 1:colcon.colcon_core.package_discovery:discover_packages(ignore) using defaults
[0.151s] Level 1:colcon.colcon_core.package_discovery:discover_packages(path) discover
[0.151s] Level 1:colcon.colcon_core.package_discovery:discover_packages(path) using defaults
[0.162s] Level 1:colcon.colcon_core.package_discovery:discover_packages(prefix_path) check parameters
[0.162s] Level 1:colcon.colcon_core.package_discovery:discover_packages(prefix_path) discover
[0.163s] DEBUG:colcon.colcon_installed_package_information.package_discovery:Found 271 installed packages in /opt/ros/humble
[0.163s] Level 1:colcon.colcon_core.package_discovery:discover_packages(prefix_path) using defaults
[0.181s] Level 5:colcon.colcon_core.verb:set package 'demo_cpp_topic' build argument 'cmake_args' from command line to 'None'
[0.181s] Level 5:colcon.colcon_core.verb:set package 'demo_cpp_topic' build argument 'cmake_target' from command line to 'None'
[0.181s] Level 5:colcon.colcon_core.verb:set package 'demo_cpp_topic' build argument 'cmake_target_skip_unavailable' from command line to 'False'
[0.181s] Level 5:colcon.colcon_core.verb:set package 'demo_cpp_topic' build argument 'cmake_clean_cache' from command line to 'False'
[0.181s] Level 5:colcon.colcon_core.verb:set package 'demo_cpp_topic' build argument 'cmake_clean_first' from command line to 'False'
[0.181s] Level 5:colcon.colcon_core.verb:set package 'demo_cpp_topic' build argument 'cmake_force_configure' from command line to 'False'
[0.181s] Level 5:colcon.colcon_core.verb:set package 'demo_cpp_topic' build argument 'ament_cmake_args' from command line to 'None'
[0.181s] Level 5:colcon.colcon_core.verb:set package 'demo_cpp_topic' build argument 'catkin_cmake_args' from command line to 'None'
[0.181s] Level 5:colcon.colcon_core.verb:set package 'demo_cpp_topic' build argument 'catkin_skip_building_tests' from command line to 'False'
[0.181s] DEBUG:colcon.colcon_core.verb:Building package 'demo_cpp_topic' with the following arguments: {'ament_cmake_args': None, 'build_base': '/home/robot/ros2-learning/chapt3/topic_ws/build/demo_cpp_topic', 'catkin_cmake_args': None, 'catkin_skip_building_tests': False, 'cmake_args': None, 'cmake_clean_cache': False, 'cmake_clean_first': False, 'cmake_force_configure': False, 'cmake_target': None, 'cmake_target_skip_unavailable': False, 'install_base': '/home/robot/ros2-learning/chapt3/topic_ws/install/demo_cpp_topic', 'merge_install': False, 'path': '/home/robot/ros2-learning/chapt3/topic_ws/src/demo_cpp_topic', 'symlink_install': False, 'test_result_base': None}
[0.181s] Level 5:colcon.colcon_core.verb:set package 'demo_pyhton_topic' build argument 'cmake_args' from command line to 'None'
[0.181s] Level 5:colcon.colcon_core.verb:set package 'demo_pyhton_topic' build argument 'cmake_target' from command line to 'None'
[0.181s] Level 5:colcon.colcon_core.verb:set package 'demo_pyhton_topic' build argument 'cmake_target_skip_unavailable' from command line to 'False'
[0.181s] Level 5:colcon.colcon_core.verb:set package 'demo_pyhton_topic' build argument 'cmake_clean_cache' from command line to 'False'
[0.181s] Level 5:colcon.colcon_core.verb:set package 'demo_pyhton_topic' build argument 'cmake_clean_first' from command line to 'False'
[0.181s] Level 5:colcon.colcon_core.verb:set package 'demo_pyhton_topic' build argument 'cmake_force_configure' from command line to 'False'
[0.181s] Level 5:colcon.colcon_core.verb:set package 'demo_pyhton_topic' build argument 'ament_cmake_args' from command line to 'None'
[0.181s] Level 5:colcon.colcon_core.verb:set package 'demo_pyhton_topic' build argument 'catkin_cmake_args' from command line to 'None'
[0.181s] Level 5:colcon.colcon_core.verb:set package 'demo_pyhton_topic' build argument 'catkin_skip_building_tests' from command line to 'False'
[0.181s] DEBUG:colcon.colcon_core.verb:Building package 'demo_pyhton_topic' with the following arguments: {'ament_cmake_args': None, 'build_base': '/home/robot/ros2-learning/chapt3/topic_ws/build/demo_pyhton_topic', 'catkin_cmake_args': None, 'catkin_skip_building_tests': False, 'cmake_args': None, 'cmake_clean_cache': False, 'cmake_clean_first': False, 'cmake_force_configure': False, 'cmake_target': None, 'cmake_target_skip_unavailable': False, 'install_base': '/home/robot/ros2-learning/chapt3/topic_ws/install/demo_pyhton_topic', 'merge_install': False, 'path': '/home/robot/ros2-learning/chapt3/topic_ws/src/demo_pyhton_topic', 'symlink_install': False, 'test_result_base': None}
[0.181s] INFO:colcon.colcon_core.executor:Executing jobs using 'parallel' executor
[0.182s] DEBUG:colcon.colcon_parallel_executor.executor.parallel:run_until_complete
[0.182s] INFO:colcon.colcon_ros.task.ament_cmake.build:Building ROS package in '/home/robot/ros2-learning/chapt3/topic_ws/src/demo_cpp_topic' with build type 'ament_cmake'
[0.182s] INFO:colcon.colcon_cmake.task.cmake.build:Building CMake package in '/home/robot/ros2-learning/chapt3/topic_ws/src/demo_cpp_topic'
[0.183s] INFO:colcon.colcon_core.plugin_system:Skipping extension 'colcon_core.shell.bat': Not used on non-Windows systems
[0.183s] INFO:colcon.colcon_core.shell:Skip shell extension 'powershell' for command environment: Not usable outside of PowerShell
[0.183s] DEBUG:colcon.colcon_core.shell:Skip shell extension 'dsv' for command environment
[0.185s] INFO:colcon.colcon_ros.task.ament_python.build:Building ROS package in '/home/robot/ros2-learning/chapt3/topic_ws/src/demo_pyhton_topic' with build type 'ament_python'
[0.185s] Level 1:colcon.colcon_core.shell:create_environment_hook('demo_pyhton_topic', 'ament_prefix_path')
[0.185s] INFO:colcon.colcon_core.shell:Creating environment hook '/home/robot/ros2-learning/chapt3/topic_ws/install/demo_pyhton_topic/share/demo_pyhton_topic/hook/ament_prefix_path.ps1'
[0.186s] INFO:colcon.colcon_core.shell:Creating environment descriptor '/home/robot/ros2-learning/chapt3/topic_ws/install/demo_pyhton_topic/share/demo_pyhton_topic/hook/ament_prefix_path.dsv'
[0.186s] INFO:colcon.colcon_core.shell:Creating environment hook '/home/robot/ros2-learning/chapt3/topic_ws/install/demo_pyhton_topic/share/demo_pyhton_topic/hook/ament_prefix_path.sh'
[0.186s] INFO:colcon.colcon_core.shell:Skip shell extension 'powershell' for command environment: Not usable outside of PowerShell
[0.186s] DEBUG:colcon.colcon_core.shell:Skip shell extension 'dsv' for command environment
[0.190s] DEBUG:colcon.colcon_core.event_handler.log_command:Invoking command in '/home/robot/ros2-learning/chapt3/topic_ws/build/demo_cpp_topic': CMAKE_PREFIX_PATH=/opt/ros/humble /usr/bin/cmake --build /home/robot/ros2-learning/chapt3/topic_ws/build/demo_cpp_topic -- -j32 -l32
[0.303s] INFO:colcon.colcon_core.task.python.build:Building Python package in '/home/robot/ros2-learning/chapt3/topic_ws/src/demo_pyhton_topic'
[0.303s] INFO:colcon.colcon_core.shell:Skip shell extension 'powershell' for command environment: Not usable outside of PowerShell
[0.303s] DEBUG:colcon.colcon_core.shell:Skip shell extension 'dsv' for command environment
[0.455s] DEBUG:colcon.colcon_core.event_handler.log_command:Invoking command in '/home/robot/ros2-learning/chapt3/topic_ws/src/demo_pyhton_topic': PYTHONPATH=/home/robot/ros2-learning/chapt3/topic_ws/build/demo_pyhton_topic/prefix_override:/usr/lib/python3/dist-packages/colcon_core/task/python/colcon_distutils_commands:/home/robot/ros2-learning/chapt3/topic_ws/install/demo_pyhton_topic/lib/python3.10/site-packages:${PYTHONPATH} /usr/bin/python3 -W ignore:setup.py install is deprecated -W ignore:easy_install command is deprecated setup.py egg_info --egg-base ../../build/demo_pyhton_topic build --build-base /home/robot/ros2-learning/chapt3/topic_ws/build/demo_pyhton_topic/build install --record /home/robot/ros2-learning/chapt3/topic_ws/build/demo_pyhton_topic/install.log --single-version-externally-managed install_data
[0.612s] DEBUG:colcon.colcon_core.event_handler.log_command:Invoked command in '/home/robot/ros2-learning/chapt3/topic_ws/src/demo_pyhton_topic' returned '0': PYTHONPATH=/home/robot/ros2-learning/chapt3/topic_ws/build/demo_pyhton_topic/prefix_override:/usr/lib/python3/dist-packages/colcon_core/task/python/colcon_distutils_commands:/home/robot/ros2-learning/chapt3/topic_ws/install/demo_pyhton_topic/lib/python3.10/site-packages:${PYTHONPATH} /usr/bin/python3 -W ignore:setup.py install is deprecated -W ignore:easy_install command is deprecated setup.py egg_info --egg-base ../../build/demo_pyhton_topic build --build-base /home/robot/ros2-learning/chapt3/topic_ws/build/demo_pyhton_topic/build install --record /home/robot/ros2-learning/chapt3/topic_ws/build/demo_pyhton_topic/install.log --single-version-externally-managed install_data
[0.614s] Level 1:colcon.colcon_core.environment:checking '/home/robot/ros2-learning/chapt3/topic_ws/install/demo_pyhton_topic' for CMake module files
[0.614s] Level 1:colcon.colcon_core.environment:checking '/home/robot/ros2-learning/chapt3/topic_ws/install/demo_pyhton_topic' for CMake config files
[0.614s] Level 1:colcon.colcon_core.environment:checking '/home/robot/ros2-learning/chapt3/topic_ws/install/demo_pyhton_topic/lib'
[0.615s] Level 1:colcon.colcon_core.environment:checking '/home/robot/ros2-learning/chapt3/topic_ws/install/demo_pyhton_topic/bin'
[0.615s] Level 1:colcon.colcon_core.environment:checking '/home/robot/ros2-learning/chapt3/topic_ws/install/demo_pyhton_topic/lib/pkgconfig/demo_pyhton_topic.pc'
[0.615s] Level 1:colcon.colcon_core.environment:checking '/home/robot/ros2-learning/chapt3/topic_ws/install/demo_pyhton_topic/lib/python3.10/site-packages'
[0.615s] Level 1:colcon.colcon_core.shell:create_environment_hook('demo_pyhton_topic', 'pythonpath')
[0.615s] INFO:colcon.colcon_core.shell:Creating environment hook '/home/robot/ros2-learning/chapt3/topic_ws/install/demo_pyhton_topic/share/demo_pyhton_topic/hook/pythonpath.ps1'
[0.615s] INFO:colcon.colcon_core.shell:Creating environment descriptor '/home/robot/ros2-learning/chapt3/topic_ws/install/demo_pyhton_topic/share/demo_pyhton_topic/hook/pythonpath.dsv'
[0.616s] INFO:colcon.colcon_core.shell:Creating environment hook '/home/robot/ros2-learning/chapt3/topic_ws/install/demo_pyhton_topic/share/demo_pyhton_topic/hook/pythonpath.sh'
[0.616s] Level 1:colcon.colcon_core.environment:checking '/home/robot/ros2-learning/chapt3/topic_ws/install/demo_pyhton_topic/bin'
[0.616s] Level 1:colcon.colcon_core.environment:create_environment_scripts_only(demo_pyhton_topic)
[0.617s] INFO:colcon.colcon_core.shell:Creating package script '/home/robot/ros2-learning/chapt3/topic_ws/install/demo_pyhton_topic/share/demo_pyhton_topic/package.ps1'
[0.617s] INFO:colcon.colcon_core.shell:Creating package descriptor '/home/robot/ros2-learning/chapt3/topic_ws/install/demo_pyhton_topic/share/demo_pyhton_topic/package.dsv'
[0.618s] INFO:colcon.colcon_core.shell:Creating package script '/home/robot/ros2-learning/chapt3/topic_ws/install/demo_pyhton_topic/share/demo_pyhton_topic/package.sh'
[0.618s] INFO:colcon.colcon_core.shell:Creating package script '/home/robot/ros2-learning/chapt3/topic_ws/install/demo_pyhton_topic/share/demo_pyhton_topic/package.bash'
[0.619s] INFO:colcon.colcon_core.shell:Creating package script '/home/robot/ros2-learning/chapt3/topic_ws/install/demo_pyhton_topic/share/demo_pyhton_topic/package.zsh'
[0.619s] Level 1:colcon.colcon_core.environment:create_file_with_runtime_dependencies(/home/robot/ros2-learning/chapt3/topic_ws/install/demo_pyhton_topic/share/colcon-core/packages/demo_pyhton_topic)
[4.215s] DEBUG:colcon.colcon_core.event_handler.log_command:Invoked command in '/home/robot/ros2-learning/chapt3/topic_ws/build/demo_cpp_topic' returned '0': CMAKE_PREFIX_PATH=/opt/ros/humble /usr/bin/cmake --build /home/robot/ros2-learning/chapt3/topic_ws/build/demo_cpp_topic -- -j32 -l32
[4.222s] DEBUG:colcon.colcon_core.event_handler.log_command:Invoking command in '/home/robot/ros2-learning/chapt3/topic_ws/build/demo_cpp_topic': CMAKE_PREFIX_PATH=/opt/ros/humble /usr/bin/cmake --install /home/robot/ros2-learning/chapt3/topic_ws/build/demo_cpp_topic
[4.234s] Level 1:colcon.colcon_core.environment:create_environment_scripts_only(demo_cpp_topic)
[4.235s] Level 1:colcon.colcon_core.environment:checking '/home/robot/ros2-learning/chapt3/topic_ws/install/demo_cpp_topic' for CMake module files
[4.235s] DEBUG:colcon.colcon_core.event_handler.log_command:Invoked command in '/home/robot/ros2-learning/chapt3/topic_ws/build/demo_cpp_topic' returned '0': CMAKE_PREFIX_PATH=/opt/ros/humble /usr/bin/cmake --install /home/robot/ros2-learning/chapt3/topic_ws/build/demo_cpp_topic
[4.235s] Level 1:colcon.colcon_core.environment:checking '/home/robot/ros2-learning/chapt3/topic_ws/install/demo_cpp_topic' for CMake config files
[4.236s] Level 1:colcon.colcon_core.shell:create_environment_hook('demo_cpp_topic', 'cmake_prefix_path')
[4.236s] INFO:colcon.colcon_core.shell:Creating environment hook '/home/robot/ros2-learning/chapt3/topic_ws/install/demo_cpp_topic/share/demo_cpp_topic/hook/cmake_prefix_path.ps1'
[4.236s] INFO:colcon.colcon_core.shell:Creating environment descriptor '/home/robot/ros2-learning/chapt3/topic_ws/install/demo_cpp_topic/share/demo_cpp_topic/hook/cmake_prefix_path.dsv'
[4.237s] INFO:colcon.colcon_core.shell:Creating environment hook '/home/robot/ros2-learning/chapt3/topic_ws/install/demo_cpp_topic/share/demo_cpp_topic/hook/cmake_prefix_path.sh'
[4.237s] Level 1:colcon.colcon_core.environment:checking '/home/robot/ros2-learning/chapt3/topic_ws/install/demo_cpp_topic/lib'
[4.238s] Level 1:colcon.colcon_core.environment:checking '/home/robot/ros2-learning/chapt3/topic_ws/install/demo_cpp_topic/bin'
[4.238s] Level 1:colcon.colcon_core.environment:checking '/home/robot/ros2-learning/chapt3/topic_ws/install/demo_cpp_topic/lib/pkgconfig/demo_cpp_topic.pc'
[4.238s] Level 1:colcon.colcon_core.environment:checking '/home/robot/ros2-learning/chapt3/topic_ws/install/demo_cpp_topic/lib/python3.10/site-packages'
[4.238s] Level 1:colcon.colcon_core.environment:checking '/home/robot/ros2-learning/chapt3/topic_ws/install/demo_cpp_topic/bin'
[4.239s] INFO:colcon.colcon_core.shell:Creating package script '/home/robot/ros2-learning/chapt3/topic_ws/install/demo_cpp_topic/share/demo_cpp_topic/package.ps1'
[4.239s] INFO:colcon.colcon_core.shell:Creating package descriptor '/home/robot/ros2-learning/chapt3/topic_ws/install/demo_cpp_topic/share/demo_cpp_topic/package.dsv'
[4.240s] INFO:colcon.colcon_core.shell:Creating package script '/home/robot/ros2-learning/chapt3/topic_ws/install/demo_cpp_topic/share/demo_cpp_topic/package.sh'
[4.240s] INFO:colcon.colcon_core.shell:Creating package script '/home/robot/ros2-learning/chapt3/topic_ws/install/demo_cpp_topic/share/demo_cpp_topic/package.bash'
[4.240s] INFO:colcon.colcon_core.shell:Creating package script '/home/robot/ros2-learning/chapt3/topic_ws/install/demo_cpp_topic/share/demo_cpp_topic/package.zsh'
[4.241s] Level 1:colcon.colcon_core.environment:create_file_with_runtime_dependencies(/home/robot/ros2-learning/chapt3/topic_ws/install/demo_cpp_topic/share/colcon-core/packages/demo_cpp_topic)
[4.241s] Level 1:colcon.colcon_core.environment:create_environment_scripts_only(demo_cpp_topic)
[4.242s] Level 1:colcon.colcon_core.environment:checking '/home/robot/ros2-learning/chapt3/topic_ws/install/demo_cpp_topic' for CMake module files
[4.242s] Level 1:colcon.colcon_core.environment:checking '/home/robot/ros2-learning/chapt3/topic_ws/install/demo_cpp_topic' for CMake config files
[4.242s] Level 1:colcon.colcon_core.shell:create_environment_hook('demo_cpp_topic', 'cmake_prefix_path')
[4.243s] INFO:colcon.colcon_core.shell:Creating environment hook '/home/robot/ros2-learning/chapt3/topic_ws/install/demo_cpp_topic/share/demo_cpp_topic/hook/cmake_prefix_path.ps1'
[4.243s] INFO:colcon.colcon_core.shell:Creating environment descriptor '/home/robot/ros2-learning/chapt3/topic_ws/install/demo_cpp_topic/share/demo_cpp_topic/hook/cmake_prefix_path.dsv'
[4.243s] INFO:colcon.colcon_core.shell:Creating environment hook '/home/robot/ros2-learning/chapt3/topic_ws/install/demo_cpp_topic/share/demo_cpp_topic/hook/cmake_prefix_path.sh'
[4.244s] Level 1:colcon.colcon_core.environment:checking '/home/robot/ros2-learning/chapt3/topic_ws/install/demo_cpp_topic/lib'
[4.244s] Level 1:colcon.colcon_core.environment:checking '/home/robot/ros2-learning/chapt3/topic_ws/install/demo_cpp_topic/bin'
[4.244s] Level 1:colcon.colcon_core.environment:checking '/home/robot/ros2-learning/chapt3/topic_ws/install/demo_cpp_topic/lib/pkgconfig/demo_cpp_topic.pc'
[4.244s] Level 1:colcon.colcon_core.environment:checking '/home/robot/ros2-learning/chapt3/topic_ws/install/demo_cpp_topic/lib/python3.10/site-packages'
[4.245s] Level 1:colcon.colcon_core.environment:checking '/home/robot/ros2-learning/chapt3/topic_ws/install/demo_cpp_topic/bin'
[4.245s] INFO:colcon.colcon_core.shell:Creating package script '/home/robot/ros2-learning/chapt3/topic_ws/install/demo_cpp_topic/share/demo_cpp_topic/package.ps1'
[4.246s] INFO:colcon.colcon_core.shell:Creating package descriptor '/home/robot/ros2-learning/chapt3/topic_ws/install/demo_cpp_topic/share/demo_cpp_topic/package.dsv'
[4.246s] INFO:colcon.colcon_core.shell:Creating package script '/home/robot/ros2-learning/chapt3/topic_ws/install/demo_cpp_topic/share/demo_cpp_topic/package.sh'
[4.247s] INFO:colcon.colcon_core.shell:Creating package script '/home/robot/ros2-learning/chapt3/topic_ws/install/demo_cpp_topic/share/demo_cpp_topic/package.bash'
[4.247s] INFO:colcon.colcon_core.shell:Creating package script '/home/robot/ros2-learning/chapt3/topic_ws/install/demo_cpp_topic/share/demo_cpp_topic/package.zsh'
[4.247s] Level 1:colcon.colcon_core.environment:create_file_with_runtime_dependencies(/home/robot/ros2-learning/chapt3/topic_ws/install/demo_cpp_topic/share/colcon-core/packages/demo_cpp_topic)
[4.248s] DEBUG:colcon.colcon_parallel_executor.executor.parallel:closing loop
[4.248s] DEBUG:colcon.colcon_parallel_executor.executor.parallel:loop closed
[4.248s] DEBUG:colcon.colcon_parallel_executor.executor.parallel:run_until_complete finished with '0'
[4.248s] DEBUG:colcon.colcon_core.event_reactor:joining thread
[4.253s] INFO:colcon.colcon_core.plugin_system:Skipping extension 'colcon_notification.desktop_notification.terminal_notifier': Not used on non-Darwin systems
[4.253s] INFO:colcon.colcon_core.plugin_system:Skipping extension 'colcon_notification.desktop_notification.win32': Not used on non-Windows systems
[4.254s] INFO:colcon.colcon_notification.desktop_notification:Sending desktop notification using 'notify2'
[4.270s] DEBUG:colcon.colcon_core.event_reactor:joined thread
[4.270s] INFO:colcon.colcon_core.shell:Creating prefix script '/home/robot/ros2-learning/chapt3/topic_ws/install/local_setup.ps1'
[4.270s] INFO:colcon.colcon_core.shell:Creating prefix util module '/home/robot/ros2-learning/chapt3/topic_ws/install/_local_setup_util_ps1.py'
[4.271s] INFO:colcon.colcon_core.shell:Creating prefix chain script '/home/robot/ros2-learning/chapt3/topic_ws/install/setup.ps1'
[4.272s] INFO:colcon.colcon_core.shell:Creating prefix script '/home/robot/ros2-learning/chapt3/topic_ws/install/local_setup.sh'
[4.272s] INFO:colcon.colcon_core.shell:Creating prefix util module '/home/robot/ros2-learning/chapt3/topic_ws/install/_local_setup_util_sh.py'
[4.272s] INFO:colcon.colcon_core.shell:Creating prefix chain script '/home/robot/ros2-learning/chapt3/topic_ws/install/setup.sh'
[4.273s] INFO:colcon.colcon_core.shell:Creating prefix script '/home/robot/ros2-learning/chapt3/topic_ws/install/local_setup.bash'
[4.273s] INFO:colcon.colcon_core.shell:Creating prefix chain script '/home/robot/ros2-learning/chapt3/topic_ws/install/setup.bash'
[4.273s] INFO:colcon.colcon_core.shell:Creating prefix script '/home/robot/ros2-learning/chapt3/topic_ws/install/local_setup.zsh'
[4.274s] INFO:colcon.colcon_core.shell:Creating prefix chain script '/home/robot/ros2-learning/chapt3/topic_ws/install/setup.zsh'
