[0.006s] Invoking command in '/home/robot/ros2-learning/chapt2/chapt2_ws/build/demo_cpp_pkg': CMAKE_PREFIX_PATH=${CMAKE_PREFIX_PATH}:/home/robot/ros2-learning/chapt2/chapt2_ws/install/demo_python_pkg:/opt/ros/humble /usr/bin/cmake --build /home/robot/ros2-learning/chapt2/chapt2_ws/build/demo_cpp_pkg -- -j32 -l32
[0.039s] [35m[1mConsolidate compiler generated dependencies of target learn_thread[0m
[0.045s] [ 28%] Built target learn_lambda
[0.045s] [ 28%] Built target learn_auto
[0.045s] [ 42%] Built target learn_shared_ptr
[0.045s] [ 57%] Built target learn_functional
[0.047s] [ 71%] Built target cpp_node
[0.047s] [ 85%] Built target person_node
[0.048s] [ 92%] [32mBuilding CXX object CMakeFiles/learn_thread.dir/src/learn_thread.cpp.o[0m
[2.150s] [100%] [32m[1mLinking CXX executable learn_thread[0m
[2.239s] [100%] Built target learn_thread
[2.247s] Invoked command in '/home/robot/ros2-learning/chapt2/chapt2_ws/build/demo_cpp_pkg' returned '0': CMAKE_PREFIX_PATH=${CMAKE_PREFIX_PATH}:/home/robot/ros2-learning/chapt2/chapt2_ws/install/demo_python_pkg:/opt/ros/humble /usr/bin/cmake --build /home/robot/ros2-learning/chapt2/chapt2_ws/build/demo_cpp_pkg -- -j32 -l32
[2.253s] Invoking command in '/home/robot/ros2-learning/chapt2/chapt2_ws/build/demo_cpp_pkg': CMAKE_PREFIX_PATH=${CMAKE_PREFIX_PATH}:/home/robot/ros2-learning/chapt2/chapt2_ws/install/demo_python_pkg:/opt/ros/humble /usr/bin/cmake --install /home/robot/ros2-learning/chapt2/chapt2_ws/build/demo_cpp_pkg
[2.261s] -- Install configuration: ""
[2.261s] -- Up-to-date: /home/robot/ros2-learning/chapt2/chapt2_ws/install/demo_cpp_pkg/lib/demo_cpp_pkg/cpp_node
[2.261s] -- Up-to-date: /home/robot/ros2-learning/chapt2/chapt2_ws/install/demo_cpp_pkg/lib/demo_cpp_pkg/person_node
[2.261s] -- Up-to-date: /home/robot/ros2-learning/chapt2/chapt2_ws/install/demo_cpp_pkg/lib/demo_cpp_pkg/learn_auto
[2.261s] -- Up-to-date: /home/robot/ros2-learning/chapt2/chapt2_ws/install/demo_cpp_pkg/lib/demo_cpp_pkg/learn_shared_ptr
[2.261s] -- Up-to-date: /home/robot/ros2-learning/chapt2/chapt2_ws/install/demo_cpp_pkg/lib/demo_cpp_pkg/learn_lambda
[2.261s] -- Up-to-date: /home/robot/ros2-learning/chapt2/chapt2_ws/install/demo_cpp_pkg/lib/demo_cpp_pkg/learn_functional
[2.261s] -- Installing: /home/robot/ros2-learning/chapt2/chapt2_ws/install/demo_cpp_pkg/lib/demo_cpp_pkg/learn_thread
[2.262s] -- Up-to-date: /home/robot/ros2-learning/chapt2/chapt2_ws/install/demo_cpp_pkg/share/ament_index/resource_index/package_run_dependencies/demo_cpp_pkg
[2.262s] -- Up-to-date: /home/robot/ros2-learning/chapt2/chapt2_ws/install/demo_cpp_pkg/share/ament_index/resource_index/parent_prefix_path/demo_cpp_pkg
[2.262s] -- Up-to-date: /home/robot/ros2-learning/chapt2/chapt2_ws/install/demo_cpp_pkg/share/demo_cpp_pkg/environment/ament_prefix_path.sh
[2.263s] -- Up-to-date: /home/robot/ros2-learning/chapt2/chapt2_ws/install/demo_cpp_pkg/share/demo_cpp_pkg/environment/ament_prefix_path.dsv
[2.263s] -- Up-to-date: /home/robot/ros2-learning/chapt2/chapt2_ws/install/demo_cpp_pkg/share/demo_cpp_pkg/environment/path.sh
[2.263s] -- Up-to-date: /home/robot/ros2-learning/chapt2/chapt2_ws/install/demo_cpp_pkg/share/demo_cpp_pkg/environment/path.dsv
[2.263s] -- Up-to-date: /home/robot/ros2-learning/chapt2/chapt2_ws/install/demo_cpp_pkg/share/demo_cpp_pkg/local_setup.bash
[2.263s] -- Up-to-date: /home/robot/ros2-learning/chapt2/chapt2_ws/install/demo_cpp_pkg/share/demo_cpp_pkg/local_setup.sh
[2.263s] -- Up-to-date: /home/robot/ros2-learning/chapt2/chapt2_ws/install/demo_cpp_pkg/share/demo_cpp_pkg/local_setup.zsh
[2.263s] -- Up-to-date: /home/robot/ros2-learning/chapt2/chapt2_ws/install/demo_cpp_pkg/share/demo_cpp_pkg/local_setup.dsv
[2.263s] -- Installing: /home/robot/ros2-learning/chapt2/chapt2_ws/install/demo_cpp_pkg/share/demo_cpp_pkg/package.dsv
[2.263s] -- Up-to-date: /home/robot/ros2-learning/chapt2/chapt2_ws/install/demo_cpp_pkg/share/ament_index/resource_index/packages/demo_cpp_pkg
[2.263s] -- Up-to-date: /home/robot/ros2-learning/chapt2/chapt2_ws/install/demo_cpp_pkg/share/demo_cpp_pkg/cmake/demo_cpp_pkgConfig.cmake
[2.263s] -- Up-to-date: /home/robot/ros2-learning/chapt2/chapt2_ws/install/demo_cpp_pkg/share/demo_cpp_pkg/cmake/demo_cpp_pkgConfig-version.cmake
[2.263s] -- Up-to-date: /home/robot/ros2-learning/chapt2/chapt2_ws/install/demo_cpp_pkg/share/demo_cpp_pkg/package.xml
[2.265s] Invoked command in '/home/robot/ros2-learning/chapt2/chapt2_ws/build/demo_cpp_pkg' returned '0': CMAKE_PREFIX_PATH=${CMAKE_PREFIX_PATH}:/home/robot/ros2-learning/chapt2/chapt2_ws/install/demo_python_pkg:/opt/ros/humble /usr/bin/cmake --install /home/robot/ros2-learning/chapt2/chapt2_ws/build/demo_cpp_pkg
