[0.005s] Invoking command in '/home/robot/ros2-learning/chapt4/chapt4_ws/build/chat4_interfaces': CMAKE_PREFIX_PATH=/opt/ros/humble /usr/bin/cmake /home/robot/ros2-learning/chapt4/chapt4_ws/src/chat4_interfaces -DCMAKE_INSTALL_PREFIX=/home/robot/ros2-learning/chapt4/chapt4_ws/install/chat4_interfaces
[0.015s] -- Found ament_cmake: 1.3.11 (/opt/ros/humble/share/ament_cmake/cmake)
[0.085s] -- Found sensor_msgs: 4.8.0 (/opt/ros/humble/share/sensor_msgs/cmake)
[0.096s] -- Found rosidl_generator_c: 3.1.6 (/opt/ros/humble/share/rosidl_generator_c/cmake)
[0.097s] -- Found rosidl_adapter: 3.1.6 (/opt/ros/humble/share/rosidl_adapter/cmake)
[0.100s] -- Found rosidl_generator_cpp: 3.1.6 (/opt/ros/humble/share/rosidl_generator_cpp/cmake)
[0.104s] -- Using all available rosidl_typesupport_c: rosidl_typesupport_fastrtps_c;rosidl_typesupport_introspection_c
[0.110s] -- Using all available rosidl_typesupport_cpp: rosidl_typesupport_fastrtps_cpp;rosidl_typesupport_introspection_cpp
[0.134s] -- Found rosidl_default_generators: 1.2.0 (/opt/ros/humble/share/rosidl_default_generators/cmake)
[0.292s] -- Found ament_cmake_ros: 0.10.0 (/opt/ros/humble/share/ament_cmake_ros/cmake)
[0.539s] -- Using all available rosidl_typesupport_c: rosidl_typesupport_fastrtps_c;rosidl_typesupport_introspection_c
[0.639s] -- Using all available rosidl_typesupport_cpp: rosidl_typesupport_fastrtps_cpp;rosidl_typesupport_introspection_cpp
[0.653s] -- Found PythonInterp: /usr/bin/python3 (found suitable version "3.10.12", minimum required is "3.6") 
[0.654s] -- Found python_cmake_module: 0.10.0 (/opt/ros/humble/share/python_cmake_module/cmake)
[0.670s] -- Found PythonLibs: /usr/lib/x86_64-linux-gnu/libpython3.10.so (found suitable version "3.10.12", minimum required is "3.5") 
[0.670s] -- Using PYTHON_EXECUTABLE: /usr/bin/python3
[0.670s] -- Using PYTHON_INCLUDE_DIRS: /usr/include/python3.10
[0.670s] -- Using PYTHON_LIBRARIES: /usr/lib/x86_64-linux-gnu/libpython3.10.so
[0.687s] -- Found PythonExtra: .so  
[0.728s] -- Found ament_lint_auto: 0.12.12 (/opt/ros/humble/share/ament_lint_auto/cmake)
[0.734s] -- Added test 'lint_cmake' to check CMake code style
[0.734s] -- Added test 'xmllint' to check XML markup files
[0.736s] -- Configuring done
[0.752s] -- Generating done
[0.757s] -- Build files have been written to: /home/robot/ros2-learning/chapt4/chapt4_ws/build/chat4_interfaces
[0.763s] Invoked command in '/home/robot/ros2-learning/chapt4/chapt4_ws/build/chat4_interfaces' returned '0': CMAKE_PREFIX_PATH=/opt/ros/humble /usr/bin/cmake /home/robot/ros2-learning/chapt4/chapt4_ws/src/chat4_interfaces -DCMAKE_INSTALL_PREFIX=/home/robot/ros2-learning/chapt4/chapt4_ws/install/chat4_interfaces
[0.763s] Invoking command in '/home/robot/ros2-learning/chapt4/chapt4_ws/build/chat4_interfaces': CMAKE_PREFIX_PATH=/opt/ros/humble /usr/bin/cmake --build /home/robot/ros2-learning/chapt4/chapt4_ws/build/chat4_interfaces -- -j32 -l32
[0.792s] [  3%] [34m[1mGenerating C code for ROS interfaces[0m
[0.800s] [  6%] [34m[1mGenerating C++ code for ROS interfaces[0m
[0.808s] [  6%] Built target ament_cmake_python_copy_chat4_interfaces
[0.930s] running egg_info
[0.930s] creating chat4_interfaces.egg-info
[0.931s] writing chat4_interfaces.egg-info/PKG-INFO
[0.931s] writing dependency_links to chat4_interfaces.egg-info/dependency_links.txt
[0.931s] writing top-level names to chat4_interfaces.egg-info/top_level.txt
[0.931s] writing manifest file 'chat4_interfaces.egg-info/SOURCES.txt'
[0.932s] reading manifest file 'chat4_interfaces.egg-info/SOURCES.txt'
[0.932s] writing manifest file 'chat4_interfaces.egg-info/SOURCES.txt'
[0.937s] [  9%] [32mBuilding C object CMakeFiles/chat4_interfaces__rosidl_generator_c.dir/rosidl_generator_c/chat4_interfaces/srv/detail/face_dector__functions.c.o[0m
[0.948s] [  9%] Built target chat4_interfaces__cpp
[0.948s] [  9%] Built target ament_cmake_python_build_chat4_interfaces_egg
[0.954s] [ 12%] [34m[1mGenerating C++ type support dispatch for ROS interfaces[0m
[0.955s] [ 16%] [34m[1mGenerating C++ introspection for ROS interfaces[0m
[0.956s] [ 19%] [34m[1mGenerating C++ type support for eProsima Fast-RTPS[0m
[0.974s] [ 22%] [32m[1mLinking C shared library libchat4_interfaces__rosidl_generator_c.so[0m
[1.000s] [ 22%] Built target chat4_interfaces__rosidl_generator_c
[1.008s] [ 29%] [34m[1mGenerating C introspection for ROS interfaces[0m
[1.009s] [ 29%] [34m[1mGenerating C type support for eProsima Fast-RTPS[0m
[1.009s] [ 32%] [34m[1mGenerating C type support dispatch for ROS interfaces[0m
[1.085s] [ 35%] [32mBuilding CXX object CMakeFiles/chat4_interfaces__rosidl_typesupport_cpp.dir/rosidl_typesupport_cpp/chat4_interfaces/srv/face_dector__type_support.cpp.o[0m
[1.106s] [ 38%] [32mBuilding CXX object CMakeFiles/chat4_interfaces__rosidl_typesupport_fastrtps_cpp.dir/rosidl_typesupport_fastrtps_cpp/chat4_interfaces/srv/detail/dds_fastrtps/face_dector__type_support.cpp.o[0m
[1.112s] [ 41%] [32mBuilding CXX object CMakeFiles/chat4_interfaces__rosidl_typesupport_introspection_cpp.dir/rosidl_typesupport_introspection_cpp/chat4_interfaces/srv/detail/face_dector__type_support.cpp.o[0m
[1.141s] [ 45%] [32mBuilding CXX object CMakeFiles/chat4_interfaces__rosidl_typesupport_c.dir/rosidl_typesupport_c/chat4_interfaces/srv/face_dector__type_support.cpp.o[0m
[1.156s] [ 48%] [32mBuilding CXX object CMakeFiles/chat4_interfaces__rosidl_typesupport_fastrtps_c.dir/rosidl_typesupport_fastrtps_c/chat4_interfaces/srv/detail/face_dector__type_support_c.cpp.o[0m
[1.165s] [ 51%] [32m[1mLinking CXX shared library libchat4_interfaces__rosidl_typesupport_c.so[0m
[1.172s] [ 54%] [32mBuilding C object CMakeFiles/chat4_interfaces__rosidl_typesupport_introspection_c.dir/rosidl_typesupport_introspection_c/chat4_interfaces/srv/detail/face_dector__type_support.c.o[0m
[1.193s] [ 54%] Built target chat4_interfaces__rosidl_typesupport_c
[1.199s] [ 58%] [32m[1mLinking C shared library libchat4_interfaces__rosidl_typesupport_introspection_c.so[0m
[1.223s] [ 58%] Built target chat4_interfaces__rosidl_typesupport_introspection_c
[1.261s] [ 61%] [32m[1mLinking CXX shared library libchat4_interfaces__rosidl_typesupport_cpp.so[0m
[1.295s] [ 61%] Built target chat4_interfaces__rosidl_typesupport_cpp
[1.315s] [ 64%] [32m[1mLinking CXX shared library libchat4_interfaces__rosidl_typesupport_introspection_cpp.so[0m
[1.320s] [ 67%] [32m[1mLinking CXX shared library libchat4_interfaces__rosidl_typesupport_fastrtps_c.so[0m
[1.320s] [ 70%] [32m[1mLinking CXX shared library libchat4_interfaces__rosidl_typesupport_fastrtps_cpp.so[0m
[1.366s] [ 70%] Built target chat4_interfaces__rosidl_typesupport_introspection_cpp
[1.367s] [ 70%] Built target chat4_interfaces__rosidl_typesupport_fastrtps_cpp
[1.370s] [ 70%] Built target chat4_interfaces__rosidl_typesupport_fastrtps_c
[1.385s] [ 70%] Built target chat4_interfaces
[1.400s] [ 74%] [34m[1mGenerating Python code for ROS interfaces[0m
[1.583s] [ 74%] Built target chat4_interfaces__py
[1.597s] [ 77%] [32mBuilding C object CMakeFiles/chat4_interfaces__rosidl_generator_py.dir/rosidl_generator_py/chat4_interfaces/srv/_face_dector_s.c.o[0m
[1.661s] [ 80%] [32m[1mLinking C shared library rosidl_generator_py/chat4_interfaces/libchat4_interfaces__rosidl_generator_py.so[0m
[1.688s] [ 80%] Built target chat4_interfaces__rosidl_generator_py
[1.702s] [ 83%] [32mBuilding C object CMakeFiles/chat4_interfaces__rosidl_typesupport_introspection_c__pyext.dir/rosidl_generator_py/chat4_interfaces/_chat4_interfaces_s.ep.rosidl_typesupport_introspection_c.c.o[0m
[1.702s] [ 87%] [32mBuilding C object CMakeFiles/chat4_interfaces__rosidl_typesupport_fastrtps_c__pyext.dir/rosidl_generator_py/chat4_interfaces/_chat4_interfaces_s.ep.rosidl_typesupport_fastrtps_c.c.o[0m
[1.702s] [ 90%] [32mBuilding C object CMakeFiles/chat4_interfaces__rosidl_typesupport_c__pyext.dir/rosidl_generator_py/chat4_interfaces/_chat4_interfaces_s.ep.rosidl_typesupport_c.c.o[0m
[1.756s] [ 93%] [32m[1mLinking C shared library rosidl_generator_py/chat4_interfaces/chat4_interfaces_s__rosidl_typesupport_c.cpython-310-x86_64-linux-gnu.so[0m
[1.756s] [ 96%] [32m[1mLinking C shared library rosidl_generator_py/chat4_interfaces/chat4_interfaces_s__rosidl_typesupport_introspection_c.cpython-310-x86_64-linux-gnu.so[0m
[1.759s] [100%] [32m[1mLinking C shared library rosidl_generator_py/chat4_interfaces/chat4_interfaces_s__rosidl_typesupport_fastrtps_c.cpython-310-x86_64-linux-gnu.so[0m
[1.783s] [100%] Built target chat4_interfaces__rosidl_typesupport_c__pyext
[1.784s] [100%] Built target chat4_interfaces__rosidl_typesupport_fastrtps_c__pyext
[1.788s] [100%] Built target chat4_interfaces__rosidl_typesupport_introspection_c__pyext
[1.796s] Invoked command in '/home/robot/ros2-learning/chapt4/chapt4_ws/build/chat4_interfaces' returned '0': CMAKE_PREFIX_PATH=/opt/ros/humble /usr/bin/cmake --build /home/robot/ros2-learning/chapt4/chapt4_ws/build/chat4_interfaces -- -j32 -l32
[1.803s] Invoking command in '/home/robot/ros2-learning/chapt4/chapt4_ws/build/chat4_interfaces': CMAKE_PREFIX_PATH=/opt/ros/humble /usr/bin/cmake --install /home/robot/ros2-learning/chapt4/chapt4_ws/build/chat4_interfaces
[1.809s] -- Install configuration: ""
[1.810s] -- Installing: /home/robot/ros2-learning/chapt4/chapt4_ws/install/chat4_interfaces/share/ament_index/resource_index/rosidl_interfaces/chat4_interfaces
[1.810s] -- Installing: /home/robot/ros2-learning/chapt4/chapt4_ws/install/chat4_interfaces/include/chat4_interfaces/chat4_interfaces
[1.810s] -- Installing: /home/robot/ros2-learning/chapt4/chapt4_ws/install/chat4_interfaces/include/chat4_interfaces/chat4_interfaces/msg
[1.810s] -- Installing: /home/robot/ros2-learning/chapt4/chapt4_ws/install/chat4_interfaces/include/chat4_interfaces/chat4_interfaces/msg/rosidl_generator_c__visibility_control.h
[1.810s] -- Installing: /home/robot/ros2-learning/chapt4/chapt4_ws/install/chat4_interfaces/include/chat4_interfaces/chat4_interfaces/srv
[1.810s] -- Installing: /home/robot/ros2-learning/chapt4/chapt4_ws/install/chat4_interfaces/include/chat4_interfaces/chat4_interfaces/srv/face_dector.h
[1.810s] -- Installing: /home/robot/ros2-learning/chapt4/chapt4_ws/install/chat4_interfaces/include/chat4_interfaces/chat4_interfaces/srv/detail
[1.810s] -- Installing: /home/robot/ros2-learning/chapt4/chapt4_ws/install/chat4_interfaces/include/chat4_interfaces/chat4_interfaces/srv/detail/face_dector__struct.h
[1.810s] -- Installing: /home/robot/ros2-learning/chapt4/chapt4_ws/install/chat4_interfaces/include/chat4_interfaces/chat4_interfaces/srv/detail/face_dector__functions.c
[1.810s] -- Installing: /home/robot/ros2-learning/chapt4/chapt4_ws/install/chat4_interfaces/include/chat4_interfaces/chat4_interfaces/srv/detail/face_dector__type_support.h
[1.810s] -- Installing: /home/robot/ros2-learning/chapt4/chapt4_ws/install/chat4_interfaces/include/chat4_interfaces/chat4_interfaces/srv/detail/face_dector__functions.h
[1.810s] -- Installing: /home/robot/ros2-learning/chapt4/chapt4_ws/install/chat4_interfaces/share/chat4_interfaces/environment/library_path.sh
[1.811s] -- Installing: /home/robot/ros2-learning/chapt4/chapt4_ws/install/chat4_interfaces/share/chat4_interfaces/environment/library_path.dsv
[1.811s] -- Installing: /home/robot/ros2-learning/chapt4/chapt4_ws/install/chat4_interfaces/lib/libchat4_interfaces__rosidl_generator_c.so
[1.811s] -- Set runtime path of "/home/robot/ros2-learning/chapt4/chapt4_ws/install/chat4_interfaces/lib/libchat4_interfaces__rosidl_generator_c.so" to ""
[1.811s] -- Up-to-date: /home/robot/ros2-learning/chapt4/chapt4_ws/install/chat4_interfaces/include/chat4_interfaces/chat4_interfaces
[1.811s] -- Up-to-date: /home/robot/ros2-learning/chapt4/chapt4_ws/install/chat4_interfaces/include/chat4_interfaces/chat4_interfaces/msg
[1.811s] -- Installing: /home/robot/ros2-learning/chapt4/chapt4_ws/install/chat4_interfaces/include/chat4_interfaces/chat4_interfaces/msg/rosidl_typesupport_fastrtps_c__visibility_control.h
[1.811s] -- Up-to-date: /home/robot/ros2-learning/chapt4/chapt4_ws/install/chat4_interfaces/include/chat4_interfaces/chat4_interfaces/srv
[1.811s] -- Up-to-date: /home/robot/ros2-learning/chapt4/chapt4_ws/install/chat4_interfaces/include/chat4_interfaces/chat4_interfaces/srv/detail
[1.811s] -- Installing: /home/robot/ros2-learning/chapt4/chapt4_ws/install/chat4_interfaces/include/chat4_interfaces/chat4_interfaces/srv/detail/face_dector__rosidl_typesupport_fastrtps_c.h
[1.811s] -- Installing: /home/robot/ros2-learning/chapt4/chapt4_ws/install/chat4_interfaces/lib/libchat4_interfaces__rosidl_typesupport_fastrtps_c.so
[1.811s] -- Set runtime path of "/home/robot/ros2-learning/chapt4/chapt4_ws/install/chat4_interfaces/lib/libchat4_interfaces__rosidl_typesupport_fastrtps_c.so" to ""
[1.811s] -- Up-to-date: /home/robot/ros2-learning/chapt4/chapt4_ws/install/chat4_interfaces/include/chat4_interfaces/chat4_interfaces
[1.811s] -- Up-to-date: /home/robot/ros2-learning/chapt4/chapt4_ws/install/chat4_interfaces/include/chat4_interfaces/chat4_interfaces/msg
[1.811s] -- Installing: /home/robot/ros2-learning/chapt4/chapt4_ws/install/chat4_interfaces/include/chat4_interfaces/chat4_interfaces/msg/rosidl_generator_cpp__visibility_control.hpp
[1.811s] -- Up-to-date: /home/robot/ros2-learning/chapt4/chapt4_ws/install/chat4_interfaces/include/chat4_interfaces/chat4_interfaces/srv
[1.811s] -- Up-to-date: /home/robot/ros2-learning/chapt4/chapt4_ws/install/chat4_interfaces/include/chat4_interfaces/chat4_interfaces/srv/detail
[1.812s] -- Installing: /home/robot/ros2-learning/chapt4/chapt4_ws/install/chat4_interfaces/include/chat4_interfaces/chat4_interfaces/srv/detail/face_dector__builder.hpp
[1.812s] -- Installing: /home/robot/ros2-learning/chapt4/chapt4_ws/install/chat4_interfaces/include/chat4_interfaces/chat4_interfaces/srv/detail/face_dector__traits.hpp
[1.812s] -- Installing: /home/robot/ros2-learning/chapt4/chapt4_ws/install/chat4_interfaces/include/chat4_interfaces/chat4_interfaces/srv/detail/face_dector__struct.hpp
[1.812s] -- Installing: /home/robot/ros2-learning/chapt4/chapt4_ws/install/chat4_interfaces/include/chat4_interfaces/chat4_interfaces/srv/detail/face_dector__type_support.hpp
[1.812s] -- Installing: /home/robot/ros2-learning/chapt4/chapt4_ws/install/chat4_interfaces/include/chat4_interfaces/chat4_interfaces/srv/face_dector.hpp
[1.812s] -- Up-to-date: /home/robot/ros2-learning/chapt4/chapt4_ws/install/chat4_interfaces/include/chat4_interfaces/chat4_interfaces
[1.812s] -- Up-to-date: /home/robot/ros2-learning/chapt4/chapt4_ws/install/chat4_interfaces/include/chat4_interfaces/chat4_interfaces/msg
[1.812s] -- Installing: /home/robot/ros2-learning/chapt4/chapt4_ws/install/chat4_interfaces/include/chat4_interfaces/chat4_interfaces/msg/rosidl_typesupport_fastrtps_cpp__visibility_control.h
[1.812s] -- Up-to-date: /home/robot/ros2-learning/chapt4/chapt4_ws/install/chat4_interfaces/include/chat4_interfaces/chat4_interfaces/srv
[1.812s] -- Up-to-date: /home/robot/ros2-learning/chapt4/chapt4_ws/install/chat4_interfaces/include/chat4_interfaces/chat4_interfaces/srv/detail
[1.812s] -- Installing: /home/robot/ros2-learning/chapt4/chapt4_ws/install/chat4_interfaces/include/chat4_interfaces/chat4_interfaces/srv/detail/face_dector__rosidl_typesupport_fastrtps_cpp.hpp
[1.812s] -- Installing: /home/robot/ros2-learning/chapt4/chapt4_ws/install/chat4_interfaces/include/chat4_interfaces/chat4_interfaces/srv/detail/dds_fastrtps
[1.812s] -- Installing: /home/robot/ros2-learning/chapt4/chapt4_ws/install/chat4_interfaces/lib/libchat4_interfaces__rosidl_typesupport_fastrtps_cpp.so
[1.812s] -- Set runtime path of "/home/robot/ros2-learning/chapt4/chapt4_ws/install/chat4_interfaces/lib/libchat4_interfaces__rosidl_typesupport_fastrtps_cpp.so" to ""
[1.812s] -- Up-to-date: /home/robot/ros2-learning/chapt4/chapt4_ws/install/chat4_interfaces/include/chat4_interfaces/chat4_interfaces
[1.812s] -- Up-to-date: /home/robot/ros2-learning/chapt4/chapt4_ws/install/chat4_interfaces/include/chat4_interfaces/chat4_interfaces/msg
[1.812s] -- Installing: /home/robot/ros2-learning/chapt4/chapt4_ws/install/chat4_interfaces/include/chat4_interfaces/chat4_interfaces/msg/rosidl_typesupport_introspection_c__visibility_control.h
[1.812s] -- Up-to-date: /home/robot/ros2-learning/chapt4/chapt4_ws/install/chat4_interfaces/include/chat4_interfaces/chat4_interfaces/srv
[1.812s] -- Up-to-date: /home/robot/ros2-learning/chapt4/chapt4_ws/install/chat4_interfaces/include/chat4_interfaces/chat4_interfaces/srv/detail
[1.812s] -- Installing: /home/robot/ros2-learning/chapt4/chapt4_ws/install/chat4_interfaces/include/chat4_interfaces/chat4_interfaces/srv/detail/face_dector__rosidl_typesupport_introspection_c.h
[1.812s] -- Installing: /home/robot/ros2-learning/chapt4/chapt4_ws/install/chat4_interfaces/include/chat4_interfaces/chat4_interfaces/srv/detail/face_dector__type_support.c
[1.812s] -- Installing: /home/robot/ros2-learning/chapt4/chapt4_ws/install/chat4_interfaces/lib/libchat4_interfaces__rosidl_typesupport_introspection_c.so
[1.813s] -- Set runtime path of "/home/robot/ros2-learning/chapt4/chapt4_ws/install/chat4_interfaces/lib/libchat4_interfaces__rosidl_typesupport_introspection_c.so" to ""
[1.813s] -- Installing: /home/robot/ros2-learning/chapt4/chapt4_ws/install/chat4_interfaces/lib/libchat4_interfaces__rosidl_typesupport_c.so
[1.813s] -- Set runtime path of "/home/robot/ros2-learning/chapt4/chapt4_ws/install/chat4_interfaces/lib/libchat4_interfaces__rosidl_typesupport_c.so" to ""
[1.813s] -- Up-to-date: /home/robot/ros2-learning/chapt4/chapt4_ws/install/chat4_interfaces/include/chat4_interfaces/chat4_interfaces
[1.813s] -- Up-to-date: /home/robot/ros2-learning/chapt4/chapt4_ws/install/chat4_interfaces/include/chat4_interfaces/chat4_interfaces/srv
[1.813s] -- Up-to-date: /home/robot/ros2-learning/chapt4/chapt4_ws/install/chat4_interfaces/include/chat4_interfaces/chat4_interfaces/srv/detail
[1.813s] -- Installing: /home/robot/ros2-learning/chapt4/chapt4_ws/install/chat4_interfaces/include/chat4_interfaces/chat4_interfaces/srv/detail/face_dector__rosidl_typesupport_introspection_cpp.hpp
[1.813s] -- Installing: /home/robot/ros2-learning/chapt4/chapt4_ws/install/chat4_interfaces/include/chat4_interfaces/chat4_interfaces/srv/detail/face_dector__type_support.cpp
[1.813s] -- Installing: /home/robot/ros2-learning/chapt4/chapt4_ws/install/chat4_interfaces/lib/libchat4_interfaces__rosidl_typesupport_introspection_cpp.so
[1.813s] -- Set runtime path of "/home/robot/ros2-learning/chapt4/chapt4_ws/install/chat4_interfaces/lib/libchat4_interfaces__rosidl_typesupport_introspection_cpp.so" to ""
[1.813s] -- Installing: /home/robot/ros2-learning/chapt4/chapt4_ws/install/chat4_interfaces/lib/libchat4_interfaces__rosidl_typesupport_cpp.so
[1.813s] -- Set runtime path of "/home/robot/ros2-learning/chapt4/chapt4_ws/install/chat4_interfaces/lib/libchat4_interfaces__rosidl_typesupport_cpp.so" to ""
[1.813s] -- Installing: /home/robot/ros2-learning/chapt4/chapt4_ws/install/chat4_interfaces/share/chat4_interfaces/environment/pythonpath.sh
[1.813s] -- Installing: /home/robot/ros2-learning/chapt4/chapt4_ws/install/chat4_interfaces/share/chat4_interfaces/environment/pythonpath.dsv
[1.813s] -- Installing: /home/robot/ros2-learning/chapt4/chapt4_ws/install/chat4_interfaces/local/lib/python3.10/dist-packages/chat4_interfaces-0.0.0-py3.10.egg-info
[1.813s] -- Installing: /home/robot/ros2-learning/chapt4/chapt4_ws/install/chat4_interfaces/local/lib/python3.10/dist-packages/chat4_interfaces-0.0.0-py3.10.egg-info/top_level.txt
[1.813s] -- Installing: /home/robot/ros2-learning/chapt4/chapt4_ws/install/chat4_interfaces/local/lib/python3.10/dist-packages/chat4_interfaces-0.0.0-py3.10.egg-info/PKG-INFO
[1.813s] -- Installing: /home/robot/ros2-learning/chapt4/chapt4_ws/install/chat4_interfaces/local/lib/python3.10/dist-packages/chat4_interfaces-0.0.0-py3.10.egg-info/SOURCES.txt
[1.813s] -- Installing: /home/robot/ros2-learning/chapt4/chapt4_ws/install/chat4_interfaces/local/lib/python3.10/dist-packages/chat4_interfaces-0.0.0-py3.10.egg-info/dependency_links.txt
[1.813s] -- Installing: /home/robot/ros2-learning/chapt4/chapt4_ws/install/chat4_interfaces/local/lib/python3.10/dist-packages/chat4_interfaces
[1.813s] -- Installing: /home/robot/ros2-learning/chapt4/chapt4_ws/install/chat4_interfaces/local/lib/python3.10/dist-packages/chat4_interfaces/_chat4_interfaces_s.ep.rosidl_typesupport_c.c
[1.813s] -- Installing: /home/robot/ros2-learning/chapt4/chapt4_ws/install/chat4_interfaces/local/lib/python3.10/dist-packages/chat4_interfaces/__init__.py
[1.814s] -- Installing: /home/robot/ros2-learning/chapt4/chapt4_ws/install/chat4_interfaces/local/lib/python3.10/dist-packages/chat4_interfaces/srv
[1.814s] -- Installing: /home/robot/ros2-learning/chapt4/chapt4_ws/install/chat4_interfaces/local/lib/python3.10/dist-packages/chat4_interfaces/srv/_face_dector.py
[1.814s] -- Installing: /home/robot/ros2-learning/chapt4/chapt4_ws/install/chat4_interfaces/local/lib/python3.10/dist-packages/chat4_interfaces/srv/_face_dector_s.c
[1.814s] -- Installing: /home/robot/ros2-learning/chapt4/chapt4_ws/install/chat4_interfaces/local/lib/python3.10/dist-packages/chat4_interfaces/srv/__init__.py
[1.814s] -- Installing: /home/robot/ros2-learning/chapt4/chapt4_ws/install/chat4_interfaces/local/lib/python3.10/dist-packages/chat4_interfaces/libchat4_interfaces__rosidl_generator_py.so
[1.814s] -- Installing: /home/robot/ros2-learning/chapt4/chapt4_ws/install/chat4_interfaces/local/lib/python3.10/dist-packages/chat4_interfaces/chat4_interfaces_s__rosidl_typesupport_introspection_c.cpython-310-x86_64-linux-gnu.so
[1.814s] -- Installing: /home/robot/ros2-learning/chapt4/chapt4_ws/install/chat4_interfaces/local/lib/python3.10/dist-packages/chat4_interfaces/_chat4_interfaces_s.ep.rosidl_typesupport_fastrtps_c.c
[1.814s] -- Installing: /home/robot/ros2-learning/chapt4/chapt4_ws/install/chat4_interfaces/local/lib/python3.10/dist-packages/chat4_interfaces/_chat4_interfaces_s.ep.rosidl_typesupport_introspection_c.c
[1.814s] -- Installing: /home/robot/ros2-learning/chapt4/chapt4_ws/install/chat4_interfaces/local/lib/python3.10/dist-packages/chat4_interfaces/chat4_interfaces_s__rosidl_typesupport_fastrtps_c.cpython-310-x86_64-linux-gnu.so
[1.814s] -- Installing: /home/robot/ros2-learning/chapt4/chapt4_ws/install/chat4_interfaces/local/lib/python3.10/dist-packages/chat4_interfaces/chat4_interfaces_s__rosidl_typesupport_c.cpython-310-x86_64-linux-gnu.so
[1.835s] Listing '/home/robot/ros2-learning/chapt4/chapt4_ws/install/chat4_interfaces/local/lib/python3.10/dist-packages/chat4_interfaces'...
[1.835s] Compiling '/home/robot/ros2-learning/chapt4/chapt4_ws/install/chat4_interfaces/local/lib/python3.10/dist-packages/chat4_interfaces/__init__.py'...
[1.835s] Listing '/home/robot/ros2-learning/chapt4/chapt4_ws/install/chat4_interfaces/local/lib/python3.10/dist-packages/chat4_interfaces/srv'...
[1.835s] Compiling '/home/robot/ros2-learning/chapt4/chapt4_ws/install/chat4_interfaces/local/lib/python3.10/dist-packages/chat4_interfaces/srv/__init__.py'...
[1.835s] Compiling '/home/robot/ros2-learning/chapt4/chapt4_ws/install/chat4_interfaces/local/lib/python3.10/dist-packages/chat4_interfaces/srv/_face_dector.py'...
[1.837s] -- Installing: /home/robot/ros2-learning/chapt4/chapt4_ws/install/chat4_interfaces/local/lib/python3.10/dist-packages/chat4_interfaces/chat4_interfaces_s__rosidl_typesupport_fastrtps_c.cpython-310-x86_64-linux-gnu.so
[1.837s] -- Set runtime path of "/home/robot/ros2-learning/chapt4/chapt4_ws/install/chat4_interfaces/local/lib/python3.10/dist-packages/chat4_interfaces/chat4_interfaces_s__rosidl_typesupport_fastrtps_c.cpython-310-x86_64-linux-gnu.so" to ""
[1.837s] -- Installing: /home/robot/ros2-learning/chapt4/chapt4_ws/install/chat4_interfaces/local/lib/python3.10/dist-packages/chat4_interfaces/chat4_interfaces_s__rosidl_typesupport_introspection_c.cpython-310-x86_64-linux-gnu.so
[1.838s] -- Set runtime path of "/home/robot/ros2-learning/chapt4/chapt4_ws/install/chat4_interfaces/local/lib/python3.10/dist-packages/chat4_interfaces/chat4_interfaces_s__rosidl_typesupport_introspection_c.cpython-310-x86_64-linux-gnu.so" to ""
[1.838s] -- Installing: /home/robot/ros2-learning/chapt4/chapt4_ws/install/chat4_interfaces/local/lib/python3.10/dist-packages/chat4_interfaces/chat4_interfaces_s__rosidl_typesupport_c.cpython-310-x86_64-linux-gnu.so
[1.838s] -- Set runtime path of "/home/robot/ros2-learning/chapt4/chapt4_ws/install/chat4_interfaces/local/lib/python3.10/dist-packages/chat4_interfaces/chat4_interfaces_s__rosidl_typesupport_c.cpython-310-x86_64-linux-gnu.so" to ""
[1.838s] -- Installing: /home/robot/ros2-learning/chapt4/chapt4_ws/install/chat4_interfaces/lib/libchat4_interfaces__rosidl_generator_py.so
[1.838s] -- Set runtime path of "/home/robot/ros2-learning/chapt4/chapt4_ws/install/chat4_interfaces/lib/libchat4_interfaces__rosidl_generator_py.so" to ""
[1.838s] -- Installing: /home/robot/ros2-learning/chapt4/chapt4_ws/install/chat4_interfaces/share/chat4_interfaces/srv/FaceDector.idl
[1.838s] -- Installing: /home/robot/ros2-learning/chapt4/chapt4_ws/install/chat4_interfaces/share/chat4_interfaces/srv/FaceDector.srv
[1.838s] -- Installing: /home/robot/ros2-learning/chapt4/chapt4_ws/install/chat4_interfaces/share/chat4_interfaces/srv/FaceDector_Request.msg
[1.838s] -- Installing: /home/robot/ros2-learning/chapt4/chapt4_ws/install/chat4_interfaces/share/chat4_interfaces/srv/FaceDector_Response.msg
[1.838s] -- Installing: /home/robot/ros2-learning/chapt4/chapt4_ws/install/chat4_interfaces/share/ament_index/resource_index/package_run_dependencies/chat4_interfaces
[1.838s] -- Installing: /home/robot/ros2-learning/chapt4/chapt4_ws/install/chat4_interfaces/share/ament_index/resource_index/parent_prefix_path/chat4_interfaces
[1.838s] -- Installing: /home/robot/ros2-learning/chapt4/chapt4_ws/install/chat4_interfaces/share/chat4_interfaces/environment/ament_prefix_path.sh
[1.838s] -- Installing: /home/robot/ros2-learning/chapt4/chapt4_ws/install/chat4_interfaces/share/chat4_interfaces/environment/ament_prefix_path.dsv
[1.838s] -- Installing: /home/robot/ros2-learning/chapt4/chapt4_ws/install/chat4_interfaces/share/chat4_interfaces/environment/path.sh
[1.838s] -- Installing: /home/robot/ros2-learning/chapt4/chapt4_ws/install/chat4_interfaces/share/chat4_interfaces/environment/path.dsv
[1.838s] -- Installing: /home/robot/ros2-learning/chapt4/chapt4_ws/install/chat4_interfaces/share/chat4_interfaces/local_setup.bash
[1.838s] -- Installing: /home/robot/ros2-learning/chapt4/chapt4_ws/install/chat4_interfaces/share/chat4_interfaces/local_setup.sh
[1.838s] -- Installing: /home/robot/ros2-learning/chapt4/chapt4_ws/install/chat4_interfaces/share/chat4_interfaces/local_setup.zsh
[1.838s] -- Installing: /home/robot/ros2-learning/chapt4/chapt4_ws/install/chat4_interfaces/share/chat4_interfaces/local_setup.dsv
[1.838s] -- Installing: /home/robot/ros2-learning/chapt4/chapt4_ws/install/chat4_interfaces/share/chat4_interfaces/package.dsv
[1.839s] -- Installing: /home/robot/ros2-learning/chapt4/chapt4_ws/install/chat4_interfaces/share/ament_index/resource_index/packages/chat4_interfaces
[1.839s] -- Installing: /home/robot/ros2-learning/chapt4/chapt4_ws/install/chat4_interfaces/share/chat4_interfaces/cmake/export_chat4_interfaces__rosidl_generator_cExport.cmake
[1.839s] -- Installing: /home/robot/ros2-learning/chapt4/chapt4_ws/install/chat4_interfaces/share/chat4_interfaces/cmake/export_chat4_interfaces__rosidl_generator_cExport-noconfig.cmake
[1.839s] -- Installing: /home/robot/ros2-learning/chapt4/chapt4_ws/install/chat4_interfaces/share/chat4_interfaces/cmake/export_chat4_interfaces__rosidl_typesupport_fastrtps_cExport.cmake
[1.839s] -- Installing: /home/robot/ros2-learning/chapt4/chapt4_ws/install/chat4_interfaces/share/chat4_interfaces/cmake/export_chat4_interfaces__rosidl_typesupport_fastrtps_cExport-noconfig.cmake
[1.839s] -- Installing: /home/robot/ros2-learning/chapt4/chapt4_ws/install/chat4_interfaces/share/chat4_interfaces/cmake/export_chat4_interfaces__rosidl_generator_cppExport.cmake
[1.839s] -- Installing: /home/robot/ros2-learning/chapt4/chapt4_ws/install/chat4_interfaces/share/chat4_interfaces/cmake/export_chat4_interfaces__rosidl_typesupport_fastrtps_cppExport.cmake
[1.839s] -- Installing: /home/robot/ros2-learning/chapt4/chapt4_ws/install/chat4_interfaces/share/chat4_interfaces/cmake/export_chat4_interfaces__rosidl_typesupport_fastrtps_cppExport-noconfig.cmake
[1.839s] -- Installing: /home/robot/ros2-learning/chapt4/chapt4_ws/install/chat4_interfaces/share/chat4_interfaces/cmake/chat4_interfaces__rosidl_typesupport_introspection_cExport.cmake
[1.839s] -- Installing: /home/robot/ros2-learning/chapt4/chapt4_ws/install/chat4_interfaces/share/chat4_interfaces/cmake/chat4_interfaces__rosidl_typesupport_introspection_cExport-noconfig.cmake
[1.839s] -- Installing: /home/robot/ros2-learning/chapt4/chapt4_ws/install/chat4_interfaces/share/chat4_interfaces/cmake/chat4_interfaces__rosidl_typesupport_cExport.cmake
[1.839s] -- Installing: /home/robot/ros2-learning/chapt4/chapt4_ws/install/chat4_interfaces/share/chat4_interfaces/cmake/chat4_interfaces__rosidl_typesupport_cExport-noconfig.cmake
[1.839s] -- Installing: /home/robot/ros2-learning/chapt4/chapt4_ws/install/chat4_interfaces/share/chat4_interfaces/cmake/chat4_interfaces__rosidl_typesupport_introspection_cppExport.cmake
[1.839s] -- Installing: /home/robot/ros2-learning/chapt4/chapt4_ws/install/chat4_interfaces/share/chat4_interfaces/cmake/chat4_interfaces__rosidl_typesupport_introspection_cppExport-noconfig.cmake
[1.839s] -- Installing: /home/robot/ros2-learning/chapt4/chapt4_ws/install/chat4_interfaces/share/chat4_interfaces/cmake/chat4_interfaces__rosidl_typesupport_cppExport.cmake
[1.839s] -- Installing: /home/robot/ros2-learning/chapt4/chapt4_ws/install/chat4_interfaces/share/chat4_interfaces/cmake/chat4_interfaces__rosidl_typesupport_cppExport-noconfig.cmake
[1.839s] -- Installing: /home/robot/ros2-learning/chapt4/chapt4_ws/install/chat4_interfaces/share/chat4_interfaces/cmake/export_chat4_interfaces__rosidl_generator_pyExport.cmake
[1.839s] -- Installing: /home/robot/ros2-learning/chapt4/chapt4_ws/install/chat4_interfaces/share/chat4_interfaces/cmake/export_chat4_interfaces__rosidl_generator_pyExport-noconfig.cmake
[1.839s] -- Installing: /home/robot/ros2-learning/chapt4/chapt4_ws/install/chat4_interfaces/share/chat4_interfaces/cmake/rosidl_cmake-extras.cmake
[1.839s] -- Installing: /home/robot/ros2-learning/chapt4/chapt4_ws/install/chat4_interfaces/share/chat4_interfaces/cmake/ament_cmake_export_dependencies-extras.cmake
[1.839s] -- Installing: /home/robot/ros2-learning/chapt4/chapt4_ws/install/chat4_interfaces/share/chat4_interfaces/cmake/ament_cmake_export_include_directories-extras.cmake
[1.839s] -- Installing: /home/robot/ros2-learning/chapt4/chapt4_ws/install/chat4_interfaces/share/chat4_interfaces/cmake/ament_cmake_export_libraries-extras.cmake
[1.839s] -- Installing: /home/robot/ros2-learning/chapt4/chapt4_ws/install/chat4_interfaces/share/chat4_interfaces/cmake/ament_cmake_export_targets-extras.cmake
[1.839s] -- Installing: /home/robot/ros2-learning/chapt4/chapt4_ws/install/chat4_interfaces/share/chat4_interfaces/cmake/rosidl_cmake_export_typesupport_targets-extras.cmake
[1.839s] -- Installing: /home/robot/ros2-learning/chapt4/chapt4_ws/install/chat4_interfaces/share/chat4_interfaces/cmake/rosidl_cmake_export_typesupport_libraries-extras.cmake
[1.839s] -- Installing: /home/robot/ros2-learning/chapt4/chapt4_ws/install/chat4_interfaces/share/chat4_interfaces/cmake/chat4_interfacesConfig.cmake
[1.839s] -- Installing: /home/robot/ros2-learning/chapt4/chapt4_ws/install/chat4_interfaces/share/chat4_interfaces/cmake/chat4_interfacesConfig-version.cmake
[1.839s] -- Installing: /home/robot/ros2-learning/chapt4/chapt4_ws/install/chat4_interfaces/share/chat4_interfaces/package.xml
[1.841s] Invoked command in '/home/robot/ros2-learning/chapt4/chapt4_ws/build/chat4_interfaces' returned '0': CMAKE_PREFIX_PATH=/opt/ros/humble /usr/bin/cmake --install /home/robot/ros2-learning/chapt4/chapt4_ws/build/chat4_interfaces
