[0.005s] Invoking command in '/home/robot/ros2-learning/chapt2/chapt2_ws/build/demo_cpp_pkg': CMAKE_PREFIX_PATH=/opt/ros/humble /usr/bin/cmake --build /home/robot/ros2-learning/chapt2/chapt2_ws/build/demo_cpp_pkg -- -j32 -l32
[0.035s] [35m[1mConsolidate compiler generated dependencies of target person_node[0m
[0.048s] [ 50%] Built target cpp_node
[0.053s] [100%] Built target person_node
[0.064s] Invoked command in '/home/robot/ros2-learning/chapt2/chapt2_ws/build/demo_cpp_pkg' returned '0': CMAKE_PREFIX_PATH=/opt/ros/humble /usr/bin/cmake --build /home/robot/ros2-learning/chapt2/chapt2_ws/build/demo_cpp_pkg -- -j32 -l32
[0.073s] Invoking command in '/home/robot/ros2-learning/chapt2/chapt2_ws/build/demo_cpp_pkg': CMAKE_PREFIX_PATH=/opt/ros/humble /usr/bin/cmake --install /home/robot/ros2-learning/chapt2/chapt2_ws/build/demo_cpp_pkg
[0.081s] -- Install configuration: ""
[0.081s] -- Up-to-date: /home/robot/ros2-learning/chapt2/chapt2_ws/install/demo_cpp_pkg/lib/demo_cpp_pkg/cpp_node
[0.081s] -- Up-to-date: /home/robot/ros2-learning/chapt2/chapt2_ws/install/demo_cpp_pkg/lib/demo_cpp_pkg/person_node
[0.081s] -- Up-to-date: /home/robot/ros2-learning/chapt2/chapt2_ws/install/demo_cpp_pkg/share/ament_index/resource_index/package_run_dependencies/demo_cpp_pkg
[0.082s] -- Up-to-date: /home/robot/ros2-learning/chapt2/chapt2_ws/install/demo_cpp_pkg/share/ament_index/resource_index/parent_prefix_path/demo_cpp_pkg
[0.082s] -- Up-to-date: /home/robot/ros2-learning/chapt2/chapt2_ws/install/demo_cpp_pkg/share/demo_cpp_pkg/environment/ament_prefix_path.sh
[0.082s] -- Up-to-date: /home/robot/ros2-learning/chapt2/chapt2_ws/install/demo_cpp_pkg/share/demo_cpp_pkg/environment/ament_prefix_path.dsv
[0.082s] -- Up-to-date: /home/robot/ros2-learning/chapt2/chapt2_ws/install/demo_cpp_pkg/share/demo_cpp_pkg/environment/path.sh
[0.082s] -- Up-to-date: /home/robot/ros2-learning/chapt2/chapt2_ws/install/demo_cpp_pkg/share/demo_cpp_pkg/environment/path.dsv
[0.082s] -- Up-to-date: /home/robot/ros2-learning/chapt2/chapt2_ws/install/demo_cpp_pkg/share/demo_cpp_pkg/local_setup.bash
[0.082s] -- Up-to-date: /home/robot/ros2-learning/chapt2/chapt2_ws/install/demo_cpp_pkg/share/demo_cpp_pkg/local_setup.sh
[0.082s] -- Up-to-date: /home/robot/ros2-learning/chapt2/chapt2_ws/install/demo_cpp_pkg/share/demo_cpp_pkg/local_setup.zsh
[0.082s] -- Up-to-date: /home/robot/ros2-learning/chapt2/chapt2_ws/install/demo_cpp_pkg/share/demo_cpp_pkg/local_setup.dsv
[0.083s] -- Installing: /home/robot/ros2-learning/chapt2/chapt2_ws/install/demo_cpp_pkg/share/demo_cpp_pkg/package.dsv
[0.083s] -- Up-to-date: /home/robot/ros2-learning/chapt2/chapt2_ws/install/demo_cpp_pkg/share/ament_index/resource_index/packages/demo_cpp_pkg
[0.084s] -- Up-to-date: /home/robot/ros2-learning/chapt2/chapt2_ws/install/demo_cpp_pkg/share/demo_cpp_pkg/cmake/demo_cpp_pkgConfig.cmake
[0.084s] -- Up-to-date: /home/robot/ros2-learning/chapt2/chapt2_ws/install/demo_cpp_pkg/share/demo_cpp_pkg/cmake/demo_cpp_pkgConfig-version.cmake
[0.084s] -- Up-to-date: /home/robot/ros2-learning/chapt2/chapt2_ws/install/demo_cpp_pkg/share/demo_cpp_pkg/package.xml
[0.085s] Invoked command in '/home/robot/ros2-learning/chapt2/chapt2_ws/build/demo_cpp_pkg' returned '0': CMAKE_PREFIX_PATH=/opt/ros/humble /usr/bin/cmake --install /home/robot/ros2-learning/chapt2/chapt2_ws/build/demo_cpp_pkg
