[0.296s] Invoking command in '/home/robot/ros2-learning/chapt4/chapt4_ws/src/demo_python_service': PYTHONPATH=/home/robot/ros2-learning/chapt4/chapt4_ws/build/demo_python_service/prefix_override:/usr/lib/python3/dist-packages/colcon_core/task/python/colcon_distutils_commands:/home/robot/ros2-learning/chapt4/chapt4_ws/install/demo_python_service/lib/python3.10/site-packages:${PYTHONPATH} /usr/bin/python3 -W ignore:setup.py install is deprecated -W ignore:easy_install command is deprecated setup.py egg_info --egg-base ../../build/demo_python_service build --build-base /home/robot/ros2-learning/chapt4/chapt4_ws/build/demo_python_service/build install --record /home/robot/ros2-learning/chapt4/chapt4_ws/build/demo_python_service/install.log --single-version-externally-managed install_data
[0.405s] running egg_info
[0.405s] writing ../../build/demo_python_service/demo_python_service.egg-info/PKG-INFO
[0.405s] writing dependency_links to ../../build/demo_python_service/demo_python_service.egg-info/dependency_links.txt
[0.405s] writing entry points to ../../build/demo_python_service/demo_python_service.egg-info/entry_points.txt
[0.405s] writing requirements to ../../build/demo_python_service/demo_python_service.egg-info/requires.txt
[0.405s] writing top-level names to ../../build/demo_python_service/demo_python_service.egg-info/top_level.txt
[0.406s] reading manifest file '../../build/demo_python_service/demo_python_service.egg-info/SOURCES.txt'
[0.406s] adding license file 'LICENSE'
[0.406s] writing manifest file '../../build/demo_python_service/demo_python_service.egg-info/SOURCES.txt'
[0.406s] running build
[0.406s] running build_py
[0.406s] running install
[0.406s] running install_lib
[0.407s] running install_data
[0.407s] creating /home/robot/ros2-learning/chapt4/chapt4_ws/install/demo_python_service/share/demo_python_service/resource
[0.407s] copying resource/default.jpg -> /home/robot/ros2-learning/chapt4/chapt4_ws/install/demo_python_service/share/demo_python_service/resource
[0.407s] running install_egg_info
[0.408s] removing '/home/robot/ros2-learning/chapt4/chapt4_ws/install/demo_python_service/lib/python3.10/site-packages/demo_python_service-0.0.0-py3.10.egg-info' (and everything under it)
[0.408s] Copying ../../build/demo_python_service/demo_python_service.egg-info to /home/robot/ros2-learning/chapt4/chapt4_ws/install/demo_python_service/lib/python3.10/site-packages/demo_python_service-0.0.0-py3.10.egg-info
[0.408s] running install_scripts
[0.419s] writing list of installed files to '/home/robot/ros2-learning/chapt4/chapt4_ws/build/demo_python_service/install.log'
[0.433s] Invoked command in '/home/robot/ros2-learning/chapt4/chapt4_ws/src/demo_python_service' returned '0': PYTHONPATH=/home/robot/ros2-learning/chapt4/chapt4_ws/build/demo_python_service/prefix_override:/usr/lib/python3/dist-packages/colcon_core/task/python/colcon_distutils_commands:/home/robot/ros2-learning/chapt4/chapt4_ws/install/demo_python_service/lib/python3.10/site-packages:${PYTHONPATH} /usr/bin/python3 -W ignore:setup.py install is deprecated -W ignore:easy_install command is deprecated setup.py egg_info --egg-base ../../build/demo_python_service build --build-base /home/robot/ros2-learning/chapt4/chapt4_ws/build/demo_python_service/build install --record /home/robot/ros2-learning/chapt4/chapt4_ws/build/demo_python_service/install.log --single-version-externally-managed install_data
