[0.047s] DEBUG:colcon:Command line arguments: ['/usr/bin/colcon', 'build']
[0.048s] DEBUG:colcon:Parsed command line arguments: Namespace(log_base=None, log_level=None, verb_name='build', build_base='build', install_base='install', merge_install=False, symlink_install=False, test_result_base=None, continue_on_error=False, executor='parallel', parallel_workers=32, event_handlers=None, ignore_user_meta=False, metas=['./colcon.meta'], base_paths=['.'], packages_ignore=None, packages_ignore_regex=None, paths=None, packages_up_to=None, packages_up_to_regex=None, packages_above=None, packages_above_and_dependencies=None, packages_above_depth=None, packages_select_by_dep=None, packages_skip_by_dep=None, packages_skip_up_to=None, packages_select_build_failed=False, packages_skip_build_finished=False, packages_select_test_failures=False, packages_skip_test_passed=False, packages_select=None, packages_skip=None, packages_select_regex=None, packages_skip_regex=None, packages_start=None, packages_end=None, allow_overriding=[], cmake_args=None, cmake_target=None, cmake_target_skip_unavailable=False, cmake_clean_cache=False, cmake_clean_first=False, cmake_force_configure=False, ament_cmake_args=None, catkin_cmake_args=None, catkin_skip_building_tests=False, verb_parser=<colcon_defaults.argument_parser.defaults.DefaultArgumentsDecorator object at 0x7042fd46ce20>, verb_extension=<colcon_core.verb.build.BuildVerb object at 0x7042fd5e59f0>, main=<bound method BuildVerb.main of <colcon_core.verb.build.BuildVerb object at 0x7042fd5e59f0>>)
[0.123s] Level 1:colcon.colcon_core.package_discovery:discover_packages(colcon_meta) check parameters
[0.124s] Level 1:colcon.colcon_core.package_discovery:discover_packages(recursive) check parameters
[0.124s] Level 1:colcon.colcon_core.package_discovery:discover_packages(ignore) check parameters
[0.124s] Level 1:colcon.colcon_core.package_discovery:discover_packages(path) check parameters
[0.124s] Level 1:colcon.colcon_core.package_discovery:discover_packages(colcon_meta) discover
[0.124s] Level 1:colcon.colcon_core.package_discovery:discover_packages(recursive) discover
[0.124s] INFO:colcon.colcon_core.package_discovery:Crawling recursively for packages in '/home/robot/ros2-learning/chapt4/chapt4_ws'
[0.124s] Level 1:colcon.colcon_core.package_identification:_identify(.) by extensions ['ignore', 'ignore_ament_install']
[0.124s] Level 1:colcon.colcon_core.package_identification:_identify(.) by extension 'ignore'
[0.124s] Level 1:colcon.colcon_core.package_identification:_identify(.) by extension 'ignore_ament_install'
[0.124s] Level 1:colcon.colcon_core.package_identification:_identify(.) by extensions ['colcon_pkg']
[0.124s] Level 1:colcon.colcon_core.package_identification:_identify(.) by extension 'colcon_pkg'
[0.124s] Level 1:colcon.colcon_core.package_identification:_identify(.) by extensions ['colcon_meta']
[0.124s] Level 1:colcon.colcon_core.package_identification:_identify(.) by extension 'colcon_meta'
[0.124s] Level 1:colcon.colcon_core.package_identification:_identify(.) by extensions ['ros']
[0.124s] Level 1:colcon.colcon_core.package_identification:_identify(.) by extension 'ros'
[0.130s] Level 1:colcon.colcon_core.package_identification:_identify(.) by extensions ['cmake', 'python']
[0.130s] Level 1:colcon.colcon_core.package_identification:_identify(.) by extension 'cmake'
[0.130s] Level 1:colcon.colcon_core.package_identification:_identify(.) by extension 'python'
[0.130s] Level 1:colcon.colcon_core.package_identification:_identify(.) by extensions ['python_setup_py']
[0.130s] Level 1:colcon.colcon_core.package_identification:_identify(.) by extension 'python_setup_py'
[0.130s] Level 1:colcon.colcon_core.package_identification:_identify(build) by extensions ['ignore', 'ignore_ament_install']
[0.130s] Level 1:colcon.colcon_core.package_identification:_identify(build) by extension 'ignore'
[0.130s] Level 1:colcon.colcon_core.package_identification:_identify(build) ignored
[0.130s] Level 1:colcon.colcon_core.package_identification:_identify(install) by extensions ['ignore', 'ignore_ament_install']
[0.130s] Level 1:colcon.colcon_core.package_identification:_identify(install) by extension 'ignore'
[0.130s] Level 1:colcon.colcon_core.package_identification:_identify(install) ignored
[0.130s] Level 1:colcon.colcon_core.package_identification:_identify(log) by extensions ['ignore', 'ignore_ament_install']
[0.130s] Level 1:colcon.colcon_core.package_identification:_identify(log) by extension 'ignore'
[0.130s] Level 1:colcon.colcon_core.package_identification:_identify(log) ignored
[0.130s] Level 1:colcon.colcon_core.package_identification:_identify(src) by extensions ['ignore', 'ignore_ament_install']
[0.130s] Level 1:colcon.colcon_core.package_identification:_identify(src) by extension 'ignore'
[0.130s] Level 1:colcon.colcon_core.package_identification:_identify(src) by extension 'ignore_ament_install'
[0.130s] Level 1:colcon.colcon_core.package_identification:_identify(src) by extensions ['colcon_pkg']
[0.130s] Level 1:colcon.colcon_core.package_identification:_identify(src) by extension 'colcon_pkg'
[0.130s] Level 1:colcon.colcon_core.package_identification:_identify(src) by extensions ['colcon_meta']
[0.130s] Level 1:colcon.colcon_core.package_identification:_identify(src) by extension 'colcon_meta'
[0.130s] Level 1:colcon.colcon_core.package_identification:_identify(src) by extensions ['ros']
[0.131s] Level 1:colcon.colcon_core.package_identification:_identify(src) by extension 'ros'
[0.131s] Level 1:colcon.colcon_core.package_identification:_identify(src) by extensions ['cmake', 'python']
[0.131s] Level 1:colcon.colcon_core.package_identification:_identify(src) by extension 'cmake'
[0.131s] Level 1:colcon.colcon_core.package_identification:_identify(src) by extension 'python'
[0.131s] Level 1:colcon.colcon_core.package_identification:_identify(src) by extensions ['python_setup_py']
[0.131s] Level 1:colcon.colcon_core.package_identification:_identify(src) by extension 'python_setup_py'
[0.131s] Level 1:colcon.colcon_core.package_identification:_identify(src/chat4_interfaces) by extensions ['ignore', 'ignore_ament_install']
[0.131s] Level 1:colcon.colcon_core.package_identification:_identify(src/chat4_interfaces) by extension 'ignore'
[0.131s] Level 1:colcon.colcon_core.package_identification:_identify(src/chat4_interfaces) by extension 'ignore_ament_install'
[0.131s] Level 1:colcon.colcon_core.package_identification:_identify(src/chat4_interfaces) by extensions ['colcon_pkg']
[0.131s] Level 1:colcon.colcon_core.package_identification:_identify(src/chat4_interfaces) by extension 'colcon_pkg'
[0.131s] Level 1:colcon.colcon_core.package_identification:_identify(src/chat4_interfaces) by extensions ['colcon_meta']
[0.131s] Level 1:colcon.colcon_core.package_identification:_identify(src/chat4_interfaces) by extension 'colcon_meta'
[0.131s] Level 1:colcon.colcon_core.package_identification:_identify(src/chat4_interfaces) by extensions ['ros']
[0.131s] Level 1:colcon.colcon_core.package_identification:_identify(src/chat4_interfaces) by extension 'ros'
[0.132s] DEBUG:colcon.colcon_core.package_identification:Package 'src/chat4_interfaces' with type 'ros.ament_cmake' and name 'chat4_interfaces'
[0.132s] Level 1:colcon.colcon_core.package_identification:_identify(src/demo_python_service) by extensions ['ignore', 'ignore_ament_install']
[0.132s] Level 1:colcon.colcon_core.package_identification:_identify(src/demo_python_service) by extension 'ignore'
[0.132s] Level 1:colcon.colcon_core.package_identification:_identify(src/demo_python_service) by extension 'ignore_ament_install'
[0.132s] Level 1:colcon.colcon_core.package_identification:_identify(src/demo_python_service) by extensions ['colcon_pkg']
[0.132s] Level 1:colcon.colcon_core.package_identification:_identify(src/demo_python_service) by extension 'colcon_pkg'
[0.132s] Level 1:colcon.colcon_core.package_identification:_identify(src/demo_python_service) by extensions ['colcon_meta']
[0.132s] Level 1:colcon.colcon_core.package_identification:_identify(src/demo_python_service) by extension 'colcon_meta'
[0.132s] Level 1:colcon.colcon_core.package_identification:_identify(src/demo_python_service) by extensions ['ros']
[0.132s] Level 1:colcon.colcon_core.package_identification:_identify(src/demo_python_service) by extension 'ros'
[0.132s] DEBUG:colcon.colcon_core.package_identification:Package 'src/demo_python_service' with type 'ros.ament_python' and name 'demo_python_service'
[0.132s] Level 1:colcon.colcon_core.package_discovery:discover_packages(recursive) using defaults
[0.139s] Level 1:colcon.colcon_core.package_discovery:discover_packages(ignore) discover
[0.139s] Level 1:colcon.colcon_core.package_discovery:discover_packages(ignore) using defaults
[0.139s] Level 1:colcon.colcon_core.package_discovery:discover_packages(path) discover
[0.139s] Level 1:colcon.colcon_core.package_discovery:discover_packages(path) using defaults
[0.149s] Level 1:colcon.colcon_core.package_discovery:discover_packages(prefix_path) check parameters
[0.149s] Level 1:colcon.colcon_core.package_discovery:discover_packages(prefix_path) discover
[0.150s] DEBUG:colcon.colcon_installed_package_information.package_discovery:Found 2 installed packages in /home/robot/ros2-learning/chapt4/chapt4_ws/install
[0.150s] DEBUG:colcon.colcon_installed_package_information.package_discovery:Found 271 installed packages in /opt/ros/humble
[0.151s] Level 1:colcon.colcon_core.package_discovery:discover_packages(prefix_path) using defaults
[0.166s] Level 5:colcon.colcon_core.verb:set package 'chat4_interfaces' build argument 'cmake_args' from command line to 'None'
[0.166s] Level 5:colcon.colcon_core.verb:set package 'chat4_interfaces' build argument 'cmake_target' from command line to 'None'
[0.166s] Level 5:colcon.colcon_core.verb:set package 'chat4_interfaces' build argument 'cmake_target_skip_unavailable' from command line to 'False'
[0.166s] Level 5:colcon.colcon_core.verb:set package 'chat4_interfaces' build argument 'cmake_clean_cache' from command line to 'False'
[0.166s] Level 5:colcon.colcon_core.verb:set package 'chat4_interfaces' build argument 'cmake_clean_first' from command line to 'False'
[0.166s] Level 5:colcon.colcon_core.verb:set package 'chat4_interfaces' build argument 'cmake_force_configure' from command line to 'False'
[0.166s] Level 5:colcon.colcon_core.verb:set package 'chat4_interfaces' build argument 'ament_cmake_args' from command line to 'None'
[0.166s] Level 5:colcon.colcon_core.verb:set package 'chat4_interfaces' build argument 'catkin_cmake_args' from command line to 'None'
[0.166s] Level 5:colcon.colcon_core.verb:set package 'chat4_interfaces' build argument 'catkin_skip_building_tests' from command line to 'False'
[0.166s] DEBUG:colcon.colcon_core.verb:Building package 'chat4_interfaces' with the following arguments: {'ament_cmake_args': None, 'build_base': '/home/robot/ros2-learning/chapt4/chapt4_ws/build/chat4_interfaces', 'catkin_cmake_args': None, 'catkin_skip_building_tests': False, 'cmake_args': None, 'cmake_clean_cache': False, 'cmake_clean_first': False, 'cmake_force_configure': False, 'cmake_target': None, 'cmake_target_skip_unavailable': False, 'install_base': '/home/robot/ros2-learning/chapt4/chapt4_ws/install/chat4_interfaces', 'merge_install': False, 'path': '/home/robot/ros2-learning/chapt4/chapt4_ws/src/chat4_interfaces', 'symlink_install': False, 'test_result_base': None}
[0.166s] Level 5:colcon.colcon_core.verb:set package 'demo_python_service' build argument 'cmake_args' from command line to 'None'
[0.166s] Level 5:colcon.colcon_core.verb:set package 'demo_python_service' build argument 'cmake_target' from command line to 'None'
[0.166s] Level 5:colcon.colcon_core.verb:set package 'demo_python_service' build argument 'cmake_target_skip_unavailable' from command line to 'False'
[0.166s] Level 5:colcon.colcon_core.verb:set package 'demo_python_service' build argument 'cmake_clean_cache' from command line to 'False'
[0.166s] Level 5:colcon.colcon_core.verb:set package 'demo_python_service' build argument 'cmake_clean_first' from command line to 'False'
[0.166s] Level 5:colcon.colcon_core.verb:set package 'demo_python_service' build argument 'cmake_force_configure' from command line to 'False'
[0.166s] Level 5:colcon.colcon_core.verb:set package 'demo_python_service' build argument 'ament_cmake_args' from command line to 'None'
[0.166s] Level 5:colcon.colcon_core.verb:set package 'demo_python_service' build argument 'catkin_cmake_args' from command line to 'None'
[0.166s] Level 5:colcon.colcon_core.verb:set package 'demo_python_service' build argument 'catkin_skip_building_tests' from command line to 'False'
[0.166s] DEBUG:colcon.colcon_core.verb:Building package 'demo_python_service' with the following arguments: {'ament_cmake_args': None, 'build_base': '/home/robot/ros2-learning/chapt4/chapt4_ws/build/demo_python_service', 'catkin_cmake_args': None, 'catkin_skip_building_tests': False, 'cmake_args': None, 'cmake_clean_cache': False, 'cmake_clean_first': False, 'cmake_force_configure': False, 'cmake_target': None, 'cmake_target_skip_unavailable': False, 'install_base': '/home/robot/ros2-learning/chapt4/chapt4_ws/install/demo_python_service', 'merge_install': False, 'path': '/home/robot/ros2-learning/chapt4/chapt4_ws/src/demo_python_service', 'symlink_install': False, 'test_result_base': None}
[0.166s] INFO:colcon.colcon_core.executor:Executing jobs using 'parallel' executor
[0.167s] DEBUG:colcon.colcon_parallel_executor.executor.parallel:run_until_complete
[0.167s] INFO:colcon.colcon_ros.task.ament_cmake.build:Building ROS package in '/home/robot/ros2-learning/chapt4/chapt4_ws/src/chat4_interfaces' with build type 'ament_cmake'
[0.167s] INFO:colcon.colcon_cmake.task.cmake.build:Building CMake package in '/home/robot/ros2-learning/chapt4/chapt4_ws/src/chat4_interfaces'
[0.168s] INFO:colcon.colcon_core.plugin_system:Skipping extension 'colcon_core.shell.bat': Not used on non-Windows systems
[0.168s] INFO:colcon.colcon_core.shell:Skip shell extension 'powershell' for command environment: Not usable outside of PowerShell
[0.168s] DEBUG:colcon.colcon_core.shell:Skip shell extension 'dsv' for command environment
[0.170s] INFO:colcon.colcon_ros.task.ament_python.build:Building ROS package in '/home/robot/ros2-learning/chapt4/chapt4_ws/src/demo_python_service' with build type 'ament_python'
[0.170s] Level 1:colcon.colcon_core.shell:create_environment_hook('demo_python_service', 'ament_prefix_path')
[0.170s] INFO:colcon.colcon_core.shell:Creating environment hook '/home/robot/ros2-learning/chapt4/chapt4_ws/install/demo_python_service/share/demo_python_service/hook/ament_prefix_path.ps1'
[0.171s] INFO:colcon.colcon_core.shell:Creating environment descriptor '/home/robot/ros2-learning/chapt4/chapt4_ws/install/demo_python_service/share/demo_python_service/hook/ament_prefix_path.dsv'
[0.171s] INFO:colcon.colcon_core.shell:Creating environment hook '/home/robot/ros2-learning/chapt4/chapt4_ws/install/demo_python_service/share/demo_python_service/hook/ament_prefix_path.sh'
[0.171s] INFO:colcon.colcon_core.shell:Skip shell extension 'powershell' for command environment: Not usable outside of PowerShell
[0.171s] DEBUG:colcon.colcon_core.shell:Skip shell extension 'dsv' for command environment
[0.176s] DEBUG:colcon.colcon_core.event_handler.log_command:Invoking command in '/home/robot/ros2-learning/chapt4/chapt4_ws/build/chat4_interfaces': CMAKE_PREFIX_PATH=${CMAKE_PREFIX_PATH}:/opt/ros/humble /usr/bin/cmake --build /home/robot/ros2-learning/chapt4/chapt4_ws/build/chat4_interfaces -- -j32 -l32
[0.299s] INFO:colcon.colcon_core.task.python.build:Building Python package in '/home/robot/ros2-learning/chapt4/chapt4_ws/src/demo_python_service'
[0.299s] INFO:colcon.colcon_core.shell:Skip shell extension 'powershell' for command environment: Not usable outside of PowerShell
[0.299s] DEBUG:colcon.colcon_core.shell:Skip shell extension 'dsv' for command environment
[0.482s] DEBUG:colcon.colcon_core.event_handler.log_command:Invoking command in '/home/robot/ros2-learning/chapt4/chapt4_ws/src/demo_python_service': PYTHONPATH=/home/robot/ros2-learning/chapt4/chapt4_ws/build/demo_python_service/prefix_override:/usr/lib/python3/dist-packages/colcon_core/task/python/colcon_distutils_commands:/home/robot/ros2-learning/chapt4/chapt4_ws/install/demo_python_service/lib/python3.10/site-packages:${PYTHONPATH} /usr/bin/python3 -W ignore:setup.py install is deprecated -W ignore:easy_install command is deprecated setup.py egg_info --egg-base ../../build/demo_python_service build --build-base /home/robot/ros2-learning/chapt4/chapt4_ws/build/demo_python_service/build install --record /home/robot/ros2-learning/chapt4/chapt4_ws/build/demo_python_service/install.log --single-version-externally-managed install_data
[0.630s] DEBUG:colcon.colcon_core.event_handler.log_command:Invoked command in '/home/robot/ros2-learning/chapt4/chapt4_ws/src/demo_python_service' returned '0': PYTHONPATH=/home/robot/ros2-learning/chapt4/chapt4_ws/build/demo_python_service/prefix_override:/usr/lib/python3/dist-packages/colcon_core/task/python/colcon_distutils_commands:/home/robot/ros2-learning/chapt4/chapt4_ws/install/demo_python_service/lib/python3.10/site-packages:${PYTHONPATH} /usr/bin/python3 -W ignore:setup.py install is deprecated -W ignore:easy_install command is deprecated setup.py egg_info --egg-base ../../build/demo_python_service build --build-base /home/robot/ros2-learning/chapt4/chapt4_ws/build/demo_python_service/build install --record /home/robot/ros2-learning/chapt4/chapt4_ws/build/demo_python_service/install.log --single-version-externally-managed install_data
[0.631s] Level 1:colcon.colcon_core.environment:checking '/home/robot/ros2-learning/chapt4/chapt4_ws/install/demo_python_service' for CMake module files
[0.631s] Level 1:colcon.colcon_core.environment:checking '/home/robot/ros2-learning/chapt4/chapt4_ws/install/demo_python_service' for CMake config files
[0.631s] Level 1:colcon.colcon_core.environment:checking '/home/robot/ros2-learning/chapt4/chapt4_ws/install/demo_python_service/lib'
[0.631s] Level 1:colcon.colcon_core.environment:checking '/home/robot/ros2-learning/chapt4/chapt4_ws/install/demo_python_service/bin'
[0.631s] Level 1:colcon.colcon_core.environment:checking '/home/robot/ros2-learning/chapt4/chapt4_ws/install/demo_python_service/lib/pkgconfig/demo_python_service.pc'
[0.632s] Level 1:colcon.colcon_core.environment:checking '/home/robot/ros2-learning/chapt4/chapt4_ws/install/demo_python_service/lib/python3.10/site-packages'
[0.632s] Level 1:colcon.colcon_core.shell:create_environment_hook('demo_python_service', 'pythonpath')
[0.632s] INFO:colcon.colcon_core.shell:Creating environment hook '/home/robot/ros2-learning/chapt4/chapt4_ws/install/demo_python_service/share/demo_python_service/hook/pythonpath.ps1'
[0.632s] INFO:colcon.colcon_core.shell:Creating environment descriptor '/home/robot/ros2-learning/chapt4/chapt4_ws/install/demo_python_service/share/demo_python_service/hook/pythonpath.dsv'
[0.632s] INFO:colcon.colcon_core.shell:Creating environment hook '/home/robot/ros2-learning/chapt4/chapt4_ws/install/demo_python_service/share/demo_python_service/hook/pythonpath.sh'
[0.632s] Level 1:colcon.colcon_core.environment:checking '/home/robot/ros2-learning/chapt4/chapt4_ws/install/demo_python_service/bin'
[0.632s] Level 1:colcon.colcon_core.environment:create_environment_scripts_only(demo_python_service)
[0.633s] INFO:colcon.colcon_core.shell:Creating package script '/home/robot/ros2-learning/chapt4/chapt4_ws/install/demo_python_service/share/demo_python_service/package.ps1'
[0.633s] INFO:colcon.colcon_core.shell:Creating package descriptor '/home/robot/ros2-learning/chapt4/chapt4_ws/install/demo_python_service/share/demo_python_service/package.dsv'
[0.633s] INFO:colcon.colcon_core.shell:Creating package script '/home/robot/ros2-learning/chapt4/chapt4_ws/install/demo_python_service/share/demo_python_service/package.sh'
[0.633s] INFO:colcon.colcon_core.shell:Creating package script '/home/robot/ros2-learning/chapt4/chapt4_ws/install/demo_python_service/share/demo_python_service/package.bash'
[0.634s] INFO:colcon.colcon_core.shell:Creating package script '/home/robot/ros2-learning/chapt4/chapt4_ws/install/demo_python_service/share/demo_python_service/package.zsh'
[0.634s] Level 1:colcon.colcon_core.environment:create_file_with_runtime_dependencies(/home/robot/ros2-learning/chapt4/chapt4_ws/install/demo_python_service/share/colcon-core/packages/demo_python_service)
[2.169s] DEBUG:colcon.colcon_core.event_handler.log_command:Invoked command in '/home/robot/ros2-learning/chapt4/chapt4_ws/build/chat4_interfaces' returned '0': CMAKE_PREFIX_PATH=${CMAKE_PREFIX_PATH}:/opt/ros/humble /usr/bin/cmake --build /home/robot/ros2-learning/chapt4/chapt4_ws/build/chat4_interfaces -- -j32 -l32
[2.176s] DEBUG:colcon.colcon_core.event_handler.log_command:Invoking command in '/home/robot/ros2-learning/chapt4/chapt4_ws/build/chat4_interfaces': CMAKE_PREFIX_PATH=${CMAKE_PREFIX_PATH}:/opt/ros/humble /usr/bin/cmake --install /home/robot/ros2-learning/chapt4/chapt4_ws/build/chat4_interfaces
[2.214s] Level 1:colcon.colcon_core.environment:create_environment_scripts_only(chat4_interfaces)
[2.214s] Level 1:colcon.colcon_core.environment:checking '/home/robot/ros2-learning/chapt4/chapt4_ws/install/chat4_interfaces' for CMake module files
[2.214s] DEBUG:colcon.colcon_core.event_handler.log_command:Invoked command in '/home/robot/ros2-learning/chapt4/chapt4_ws/build/chat4_interfaces' returned '0': CMAKE_PREFIX_PATH=${CMAKE_PREFIX_PATH}:/opt/ros/humble /usr/bin/cmake --install /home/robot/ros2-learning/chapt4/chapt4_ws/build/chat4_interfaces
[2.214s] Level 1:colcon.colcon_core.environment:checking '/home/robot/ros2-learning/chapt4/chapt4_ws/install/chat4_interfaces' for CMake config files
[2.215s] Level 1:colcon.colcon_core.shell:create_environment_hook('chat4_interfaces', 'cmake_prefix_path')
[2.215s] INFO:colcon.colcon_core.shell:Creating environment hook '/home/robot/ros2-learning/chapt4/chapt4_ws/install/chat4_interfaces/share/chat4_interfaces/hook/cmake_prefix_path.ps1'
[2.215s] INFO:colcon.colcon_core.shell:Creating environment descriptor '/home/robot/ros2-learning/chapt4/chapt4_ws/install/chat4_interfaces/share/chat4_interfaces/hook/cmake_prefix_path.dsv'
[2.215s] INFO:colcon.colcon_core.shell:Creating environment hook '/home/robot/ros2-learning/chapt4/chapt4_ws/install/chat4_interfaces/share/chat4_interfaces/hook/cmake_prefix_path.sh'
[2.215s] Level 1:colcon.colcon_core.environment:checking '/home/robot/ros2-learning/chapt4/chapt4_ws/install/chat4_interfaces/lib'
[2.215s] Level 1:colcon.colcon_core.shell:create_environment_hook('chat4_interfaces', 'ld_library_path_lib')
[2.216s] INFO:colcon.colcon_core.shell:Creating environment hook '/home/robot/ros2-learning/chapt4/chapt4_ws/install/chat4_interfaces/share/chat4_interfaces/hook/ld_library_path_lib.ps1'
[2.216s] INFO:colcon.colcon_core.shell:Creating environment descriptor '/home/robot/ros2-learning/chapt4/chapt4_ws/install/chat4_interfaces/share/chat4_interfaces/hook/ld_library_path_lib.dsv'
[2.216s] INFO:colcon.colcon_core.shell:Creating environment hook '/home/robot/ros2-learning/chapt4/chapt4_ws/install/chat4_interfaces/share/chat4_interfaces/hook/ld_library_path_lib.sh'
[2.216s] Level 1:colcon.colcon_core.environment:checking '/home/robot/ros2-learning/chapt4/chapt4_ws/install/chat4_interfaces/bin'
[2.216s] Level 1:colcon.colcon_core.environment:checking '/home/robot/ros2-learning/chapt4/chapt4_ws/install/chat4_interfaces/lib/pkgconfig/chat4_interfaces.pc'
[2.216s] Level 1:colcon.colcon_core.environment:checking '/home/robot/ros2-learning/chapt4/chapt4_ws/install/chat4_interfaces/lib/python3.10/site-packages'
[2.216s] Level 1:colcon.colcon_core.environment:checking '/home/robot/ros2-learning/chapt4/chapt4_ws/install/chat4_interfaces/bin'
[2.216s] INFO:colcon.colcon_core.shell:Creating package script '/home/robot/ros2-learning/chapt4/chapt4_ws/install/chat4_interfaces/share/chat4_interfaces/package.ps1'
[2.217s] INFO:colcon.colcon_core.shell:Creating package descriptor '/home/robot/ros2-learning/chapt4/chapt4_ws/install/chat4_interfaces/share/chat4_interfaces/package.dsv'
[2.217s] INFO:colcon.colcon_core.shell:Creating package script '/home/robot/ros2-learning/chapt4/chapt4_ws/install/chat4_interfaces/share/chat4_interfaces/package.sh'
[2.217s] INFO:colcon.colcon_core.shell:Creating package script '/home/robot/ros2-learning/chapt4/chapt4_ws/install/chat4_interfaces/share/chat4_interfaces/package.bash'
[2.217s] INFO:colcon.colcon_core.shell:Creating package script '/home/robot/ros2-learning/chapt4/chapt4_ws/install/chat4_interfaces/share/chat4_interfaces/package.zsh'
[2.217s] Level 1:colcon.colcon_core.environment:create_file_with_runtime_dependencies(/home/robot/ros2-learning/chapt4/chapt4_ws/install/chat4_interfaces/share/colcon-core/packages/chat4_interfaces)
[2.217s] Level 1:colcon.colcon_core.environment:create_environment_scripts_only(chat4_interfaces)
[2.218s] Level 1:colcon.colcon_core.environment:checking '/home/robot/ros2-learning/chapt4/chapt4_ws/install/chat4_interfaces' for CMake module files
[2.218s] Level 1:colcon.colcon_core.environment:checking '/home/robot/ros2-learning/chapt4/chapt4_ws/install/chat4_interfaces' for CMake config files
[2.218s] Level 1:colcon.colcon_core.shell:create_environment_hook('chat4_interfaces', 'cmake_prefix_path')
[2.218s] INFO:colcon.colcon_core.shell:Creating environment hook '/home/robot/ros2-learning/chapt4/chapt4_ws/install/chat4_interfaces/share/chat4_interfaces/hook/cmake_prefix_path.ps1'
[2.218s] INFO:colcon.colcon_core.shell:Creating environment descriptor '/home/robot/ros2-learning/chapt4/chapt4_ws/install/chat4_interfaces/share/chat4_interfaces/hook/cmake_prefix_path.dsv'
[2.218s] INFO:colcon.colcon_core.shell:Creating environment hook '/home/robot/ros2-learning/chapt4/chapt4_ws/install/chat4_interfaces/share/chat4_interfaces/hook/cmake_prefix_path.sh'
[2.219s] Level 1:colcon.colcon_core.environment:checking '/home/robot/ros2-learning/chapt4/chapt4_ws/install/chat4_interfaces/lib'
[2.219s] Level 1:colcon.colcon_core.shell:create_environment_hook('chat4_interfaces', 'ld_library_path_lib')
[2.219s] INFO:colcon.colcon_core.shell:Creating environment hook '/home/robot/ros2-learning/chapt4/chapt4_ws/install/chat4_interfaces/share/chat4_interfaces/hook/ld_library_path_lib.ps1'
[2.219s] INFO:colcon.colcon_core.shell:Creating environment descriptor '/home/robot/ros2-learning/chapt4/chapt4_ws/install/chat4_interfaces/share/chat4_interfaces/hook/ld_library_path_lib.dsv'
[2.219s] INFO:colcon.colcon_core.shell:Creating environment hook '/home/robot/ros2-learning/chapt4/chapt4_ws/install/chat4_interfaces/share/chat4_interfaces/hook/ld_library_path_lib.sh'
[2.219s] Level 1:colcon.colcon_core.environment:checking '/home/robot/ros2-learning/chapt4/chapt4_ws/install/chat4_interfaces/bin'
[2.219s] Level 1:colcon.colcon_core.environment:checking '/home/robot/ros2-learning/chapt4/chapt4_ws/install/chat4_interfaces/lib/pkgconfig/chat4_interfaces.pc'
[2.219s] Level 1:colcon.colcon_core.environment:checking '/home/robot/ros2-learning/chapt4/chapt4_ws/install/chat4_interfaces/lib/python3.10/site-packages'
[2.219s] Level 1:colcon.colcon_core.environment:checking '/home/robot/ros2-learning/chapt4/chapt4_ws/install/chat4_interfaces/bin'
[2.219s] INFO:colcon.colcon_core.shell:Creating package script '/home/robot/ros2-learning/chapt4/chapt4_ws/install/chat4_interfaces/share/chat4_interfaces/package.ps1'
[2.220s] INFO:colcon.colcon_core.shell:Creating package descriptor '/home/robot/ros2-learning/chapt4/chapt4_ws/install/chat4_interfaces/share/chat4_interfaces/package.dsv'
[2.220s] INFO:colcon.colcon_core.shell:Creating package script '/home/robot/ros2-learning/chapt4/chapt4_ws/install/chat4_interfaces/share/chat4_interfaces/package.sh'
[2.220s] INFO:colcon.colcon_core.shell:Creating package script '/home/robot/ros2-learning/chapt4/chapt4_ws/install/chat4_interfaces/share/chat4_interfaces/package.bash'
[2.220s] INFO:colcon.colcon_core.shell:Creating package script '/home/robot/ros2-learning/chapt4/chapt4_ws/install/chat4_interfaces/share/chat4_interfaces/package.zsh'
[2.220s] Level 1:colcon.colcon_core.environment:create_file_with_runtime_dependencies(/home/robot/ros2-learning/chapt4/chapt4_ws/install/chat4_interfaces/share/colcon-core/packages/chat4_interfaces)
[2.220s] DEBUG:colcon.colcon_parallel_executor.executor.parallel:closing loop
[2.221s] DEBUG:colcon.colcon_parallel_executor.executor.parallel:loop closed
[2.221s] DEBUG:colcon.colcon_parallel_executor.executor.parallel:run_until_complete finished with '0'
[2.221s] DEBUG:colcon.colcon_core.event_reactor:joining thread
[2.224s] INFO:colcon.colcon_core.plugin_system:Skipping extension 'colcon_notification.desktop_notification.terminal_notifier': Not used on non-Darwin systems
[2.224s] INFO:colcon.colcon_core.plugin_system:Skipping extension 'colcon_notification.desktop_notification.win32': Not used on non-Windows systems
[2.224s] INFO:colcon.colcon_notification.desktop_notification:Sending desktop notification using 'notify2'
[2.235s] DEBUG:colcon.colcon_core.event_reactor:joined thread
[2.235s] INFO:colcon.colcon_core.shell:Creating prefix script '/home/robot/ros2-learning/chapt4/chapt4_ws/install/local_setup.ps1'
[2.236s] INFO:colcon.colcon_core.shell:Creating prefix util module '/home/robot/ros2-learning/chapt4/chapt4_ws/install/_local_setup_util_ps1.py'
[2.237s] INFO:colcon.colcon_core.shell:Creating prefix chain script '/home/robot/ros2-learning/chapt4/chapt4_ws/install/setup.ps1'
[2.238s] INFO:colcon.colcon_core.shell:Creating prefix script '/home/robot/ros2-learning/chapt4/chapt4_ws/install/local_setup.sh'
[2.238s] INFO:colcon.colcon_core.shell:Creating prefix util module '/home/robot/ros2-learning/chapt4/chapt4_ws/install/_local_setup_util_sh.py'
[2.238s] INFO:colcon.colcon_core.shell:Creating prefix chain script '/home/robot/ros2-learning/chapt4/chapt4_ws/install/setup.sh'
[2.239s] INFO:colcon.colcon_core.shell:Creating prefix script '/home/robot/ros2-learning/chapt4/chapt4_ws/install/local_setup.bash'
[2.239s] INFO:colcon.colcon_core.shell:Creating prefix chain script '/home/robot/ros2-learning/chapt4/chapt4_ws/install/setup.bash'
[2.240s] INFO:colcon.colcon_core.shell:Creating prefix script '/home/robot/ros2-learning/chapt4/chapt4_ws/install/local_setup.zsh'
[2.240s] INFO:colcon.colcon_core.shell:Creating prefix chain script '/home/robot/ros2-learning/chapt4/chapt4_ws/install/setup.zsh'
