[0.271s] Invoking command in '/home/robot/ros2-learning/chapt3/topic_ws/src/demo_pyhton_topic': PYTHONPATH=/home/robot/ros2-learning/chapt3/topic_ws/build/demo_pyhton_topic/prefix_override:/usr/lib/python3/dist-packages/colcon_core/task/python/colcon_distutils_commands:/home/robot/ros2-learning/chapt3/topic_ws/install/demo_pyhton_topic/lib/python3.10/site-packages:${PYTHONPATH} /usr/bin/python3 -W ignore:setup.py install is deprecated -W ignore:easy_install command is deprecated setup.py egg_info --egg-base ../../build/demo_pyhton_topic build --build-base /home/robot/ros2-learning/chapt3/topic_ws/build/demo_pyhton_topic/build install --record /home/robot/ros2-learning/chapt3/topic_ws/build/demo_pyhton_topic/install.log --single-version-externally-managed install_data
[0.373s] running egg_info
[0.373s] creating ../../build/demo_pyhton_topic/demo_pyhton_topic.egg-info
[0.373s] writing ../../build/demo_pyhton_topic/demo_pyhton_topic.egg-info/PKG-INFO
[0.374s] writing dependency_links to ../../build/demo_pyhton_topic/demo_pyhton_topic.egg-info/dependency_links.txt
[0.374s] writing entry points to ../../build/demo_pyhton_topic/demo_pyhton_topic.egg-info/entry_points.txt
[0.374s] writing requirements to ../../build/demo_pyhton_topic/demo_pyhton_topic.egg-info/requires.txt
[0.374s] writing top-level names to ../../build/demo_pyhton_topic/demo_pyhton_topic.egg-info/top_level.txt
[0.374s] writing manifest file '../../build/demo_pyhton_topic/demo_pyhton_topic.egg-info/SOURCES.txt'
[0.374s] reading manifest file '../../build/demo_pyhton_topic/demo_pyhton_topic.egg-info/SOURCES.txt'
[0.374s] adding license file 'LICENSE'
[0.374s] writing manifest file '../../build/demo_pyhton_topic/demo_pyhton_topic.egg-info/SOURCES.txt'
[0.374s] running build
[0.375s] running build_py
[0.375s] creating /home/robot/ros2-learning/chapt3/topic_ws/build/demo_pyhton_topic/build
[0.375s] creating /home/robot/ros2-learning/chapt3/topic_ws/build/demo_pyhton_topic/build/lib
[0.375s] creating /home/robot/ros2-learning/chapt3/topic_ws/build/demo_pyhton_topic/build/lib/demo_pyhton_topic
[0.375s] copying demo_pyhton_topic/__init__.py -> /home/robot/ros2-learning/chapt3/topic_ws/build/demo_pyhton_topic/build/lib/demo_pyhton_topic
[0.375s] running install
[0.375s] running install_lib
[0.375s] creating /home/robot/ros2-learning/chapt3/topic_ws/install/demo_pyhton_topic/lib/python3.10/site-packages/demo_pyhton_topic
[0.375s] copying /home/robot/ros2-learning/chapt3/topic_ws/build/demo_pyhton_topic/build/lib/demo_pyhton_topic/__init__.py -> /home/robot/ros2-learning/chapt3/topic_ws/install/demo_pyhton_topic/lib/python3.10/site-packages/demo_pyhton_topic
[0.376s] byte-compiling /home/robot/ros2-learning/chapt3/topic_ws/install/demo_pyhton_topic/lib/python3.10/site-packages/demo_pyhton_topic/__init__.py to __init__.cpython-310.pyc
[0.376s] running install_data
[0.376s] creating /home/robot/ros2-learning/chapt3/topic_ws/install/demo_pyhton_topic/share/ament_index
[0.376s] creating /home/robot/ros2-learning/chapt3/topic_ws/install/demo_pyhton_topic/share/ament_index/resource_index
[0.376s] creating /home/robot/ros2-learning/chapt3/topic_ws/install/demo_pyhton_topic/share/ament_index/resource_index/packages
[0.376s] copying resource/demo_pyhton_topic -> /home/robot/ros2-learning/chapt3/topic_ws/install/demo_pyhton_topic/share/ament_index/resource_index/packages
[0.377s] copying package.xml -> /home/robot/ros2-learning/chapt3/topic_ws/install/demo_pyhton_topic/share/demo_pyhton_topic
[0.377s] running install_egg_info
[0.377s] Copying ../../build/demo_pyhton_topic/demo_pyhton_topic.egg-info to /home/robot/ros2-learning/chapt3/topic_ws/install/demo_pyhton_topic/lib/python3.10/site-packages/demo_pyhton_topic-0.0.0-py3.10.egg-info
[0.377s] running install_scripts
[0.386s] writing list of installed files to '/home/robot/ros2-learning/chapt3/topic_ws/build/demo_pyhton_topic/install.log'
[0.396s] Invoked command in '/home/robot/ros2-learning/chapt3/topic_ws/src/demo_pyhton_topic' returned '0': PYTHONPATH=/home/robot/ros2-learning/chapt3/topic_ws/build/demo_pyhton_topic/prefix_override:/usr/lib/python3/dist-packages/colcon_core/task/python/colcon_distutils_commands:/home/robot/ros2-learning/chapt3/topic_ws/install/demo_pyhton_topic/lib/python3.10/site-packages:${PYTHONPATH} /usr/bin/python3 -W ignore:setup.py install is deprecated -W ignore:easy_install command is deprecated setup.py egg_info --egg-base ../../build/demo_pyhton_topic build --build-base /home/robot/ros2-learning/chapt3/topic_ws/build/demo_pyhton_topic/build install --record /home/robot/ros2-learning/chapt3/topic_ws/build/demo_pyhton_topic/install.log --single-version-externally-managed install_data
