[0.008s] Invoking command in '/home/robot/ros2-learning/chapt4/chapt4_ws/build/chat4_interfaces': CMAKE_PREFIX_PATH=${CMAKE_PREFIX_PATH}:/opt/ros/humble /usr/bin/cmake --build /home/robot/ros2-learning/chapt4/chapt4_ws/build/chat4_interfaces -- -j32 -l32
[0.042s] [  3%] Built target chat4_interfaces__cpp
[0.043s] [ 12%] Built target chat4_interfaces__rosidl_generator_c
[0.048s] [ 12%] Built target ament_cmake_python_copy_chat4_interfaces
[0.057s] [ 22%] Built target chat4_interfaces__rosidl_typesupport_cpp
[0.058s] [ 32%] Built target chat4_interfaces__rosidl_typesupport_fastrtps_c
[0.058s] [ 51%] Built target chat4_interfaces__rosidl_typesupport_introspection_cpp
[0.058s] [ 51%] Built target chat4_interfaces__rosidl_typesupport_fastrtps_cpp
[0.058s] [ 70%] Built target chat4_interfaces__rosidl_typesupport_introspection_c
[0.058s] [ 70%] Built target chat4_interfaces__rosidl_typesupport_c
[0.073s] [ 70%] Built target chat4_interfaces
[0.089s] [ 74%] Built target chat4_interfaces__py
[0.106s] [ 80%] Built target chat4_interfaces__rosidl_generator_py
[0.125s] [100%] Built target chat4_interfaces__rosidl_typesupport_c__pyext
[0.125s] [100%] Built target chat4_interfaces__rosidl_typesupport_fastrtps_c__pyext
[0.125s] [100%] Built target chat4_interfaces__rosidl_typesupport_introspection_c__pyext
[0.172s] running egg_info
[0.172s] writing chat4_interfaces.egg-info/PKG-INFO
[0.172s] writing dependency_links to chat4_interfaces.egg-info/dependency_links.txt
[0.172s] writing top-level names to chat4_interfaces.egg-info/top_level.txt
[0.173s] reading manifest file 'chat4_interfaces.egg-info/SOURCES.txt'
[0.173s] writing manifest file 'chat4_interfaces.egg-info/SOURCES.txt'
[0.191s] [100%] Built target ament_cmake_python_build_chat4_interfaces_egg
[0.201s] Invoked command in '/home/robot/ros2-learning/chapt4/chapt4_ws/build/chat4_interfaces' returned '0': CMAKE_PREFIX_PATH=${CMAKE_PREFIX_PATH}:/opt/ros/humble /usr/bin/cmake --build /home/robot/ros2-learning/chapt4/chapt4_ws/build/chat4_interfaces -- -j32 -l32
[0.207s] Invoking command in '/home/robot/ros2-learning/chapt4/chapt4_ws/build/chat4_interfaces': CMAKE_PREFIX_PATH=${CMAKE_PREFIX_PATH}:/opt/ros/humble /usr/bin/cmake --install /home/robot/ros2-learning/chapt4/chapt4_ws/build/chat4_interfaces
[0.214s] -- Install configuration: ""
[0.214s] -- Up-to-date: /home/robot/ros2-learning/chapt4/chapt4_ws/install/chat4_interfaces/share/ament_index/resource_index/rosidl_interfaces/chat4_interfaces
[0.214s] -- Up-to-date: /home/robot/ros2-learning/chapt4/chapt4_ws/install/chat4_interfaces/include/chat4_interfaces/chat4_interfaces
[0.215s] -- Up-to-date: /home/robot/ros2-learning/chapt4/chapt4_ws/install/chat4_interfaces/include/chat4_interfaces/chat4_interfaces/msg
[0.215s] -- Up-to-date: /home/robot/ros2-learning/chapt4/chapt4_ws/install/chat4_interfaces/include/chat4_interfaces/chat4_interfaces/msg/rosidl_generator_c__visibility_control.h
[0.215s] -- Up-to-date: /home/robot/ros2-learning/chapt4/chapt4_ws/install/chat4_interfaces/include/chat4_interfaces/chat4_interfaces/srv
[0.215s] -- Up-to-date: /home/robot/ros2-learning/chapt4/chapt4_ws/install/chat4_interfaces/include/chat4_interfaces/chat4_interfaces/srv/face_dector.h
[0.215s] -- Up-to-date: /home/robot/ros2-learning/chapt4/chapt4_ws/install/chat4_interfaces/include/chat4_interfaces/chat4_interfaces/srv/detail
[0.215s] -- Up-to-date: /home/robot/ros2-learning/chapt4/chapt4_ws/install/chat4_interfaces/include/chat4_interfaces/chat4_interfaces/srv/detail/face_dector__struct.h
[0.215s] -- Up-to-date: /home/robot/ros2-learning/chapt4/chapt4_ws/install/chat4_interfaces/include/chat4_interfaces/chat4_interfaces/srv/detail/face_dector__functions.c
[0.215s] -- Up-to-date: /home/robot/ros2-learning/chapt4/chapt4_ws/install/chat4_interfaces/include/chat4_interfaces/chat4_interfaces/srv/detail/face_dector__type_support.h
[0.215s] -- Up-to-date: /home/robot/ros2-learning/chapt4/chapt4_ws/install/chat4_interfaces/include/chat4_interfaces/chat4_interfaces/srv/detail/face_dector__functions.h
[0.215s] -- Up-to-date: /home/robot/ros2-learning/chapt4/chapt4_ws/install/chat4_interfaces/share/chat4_interfaces/environment/library_path.sh
[0.215s] -- Up-to-date: /home/robot/ros2-learning/chapt4/chapt4_ws/install/chat4_interfaces/share/chat4_interfaces/environment/library_path.dsv
[0.216s] -- Up-to-date: /home/robot/ros2-learning/chapt4/chapt4_ws/install/chat4_interfaces/lib/libchat4_interfaces__rosidl_generator_c.so
[0.216s] -- Up-to-date: /home/robot/ros2-learning/chapt4/chapt4_ws/install/chat4_interfaces/include/chat4_interfaces/chat4_interfaces
[0.216s] -- Up-to-date: /home/robot/ros2-learning/chapt4/chapt4_ws/install/chat4_interfaces/include/chat4_interfaces/chat4_interfaces/msg
[0.216s] -- Up-to-date: /home/robot/ros2-learning/chapt4/chapt4_ws/install/chat4_interfaces/include/chat4_interfaces/chat4_interfaces/msg/rosidl_typesupport_fastrtps_c__visibility_control.h
[0.216s] -- Up-to-date: /home/robot/ros2-learning/chapt4/chapt4_ws/install/chat4_interfaces/include/chat4_interfaces/chat4_interfaces/srv
[0.216s] -- Up-to-date: /home/robot/ros2-learning/chapt4/chapt4_ws/install/chat4_interfaces/include/chat4_interfaces/chat4_interfaces/srv/detail
[0.216s] -- Up-to-date: /home/robot/ros2-learning/chapt4/chapt4_ws/install/chat4_interfaces/include/chat4_interfaces/chat4_interfaces/srv/detail/face_dector__rosidl_typesupport_fastrtps_c.h
[0.216s] -- Up-to-date: /home/robot/ros2-learning/chapt4/chapt4_ws/install/chat4_interfaces/lib/libchat4_interfaces__rosidl_typesupport_fastrtps_c.so
[0.216s] -- Up-to-date: /home/robot/ros2-learning/chapt4/chapt4_ws/install/chat4_interfaces/include/chat4_interfaces/chat4_interfaces
[0.216s] -- Up-to-date: /home/robot/ros2-learning/chapt4/chapt4_ws/install/chat4_interfaces/include/chat4_interfaces/chat4_interfaces/msg
[0.216s] -- Up-to-date: /home/robot/ros2-learning/chapt4/chapt4_ws/install/chat4_interfaces/include/chat4_interfaces/chat4_interfaces/msg/rosidl_generator_cpp__visibility_control.hpp
[0.216s] -- Up-to-date: /home/robot/ros2-learning/chapt4/chapt4_ws/install/chat4_interfaces/include/chat4_interfaces/chat4_interfaces/srv
[0.216s] -- Up-to-date: /home/robot/ros2-learning/chapt4/chapt4_ws/install/chat4_interfaces/include/chat4_interfaces/chat4_interfaces/srv/detail
[0.216s] -- Up-to-date: /home/robot/ros2-learning/chapt4/chapt4_ws/install/chat4_interfaces/include/chat4_interfaces/chat4_interfaces/srv/detail/face_dector__builder.hpp
[0.216s] -- Up-to-date: /home/robot/ros2-learning/chapt4/chapt4_ws/install/chat4_interfaces/include/chat4_interfaces/chat4_interfaces/srv/detail/face_dector__traits.hpp
[0.216s] -- Up-to-date: /home/robot/ros2-learning/chapt4/chapt4_ws/install/chat4_interfaces/include/chat4_interfaces/chat4_interfaces/srv/detail/face_dector__struct.hpp
[0.216s] -- Up-to-date: /home/robot/ros2-learning/chapt4/chapt4_ws/install/chat4_interfaces/include/chat4_interfaces/chat4_interfaces/srv/detail/face_dector__type_support.hpp
[0.216s] -- Up-to-date: /home/robot/ros2-learning/chapt4/chapt4_ws/install/chat4_interfaces/include/chat4_interfaces/chat4_interfaces/srv/face_dector.hpp
[0.216s] -- Up-to-date: /home/robot/ros2-learning/chapt4/chapt4_ws/install/chat4_interfaces/include/chat4_interfaces/chat4_interfaces
[0.217s] -- Up-to-date: /home/robot/ros2-learning/chapt4/chapt4_ws/install/chat4_interfaces/include/chat4_interfaces/chat4_interfaces/msg
[0.217s] -- Up-to-date: /home/robot/ros2-learning/chapt4/chapt4_ws/install/chat4_interfaces/include/chat4_interfaces/chat4_interfaces/msg/rosidl_typesupport_fastrtps_cpp__visibility_control.h
[0.217s] -- Up-to-date: /home/robot/ros2-learning/chapt4/chapt4_ws/install/chat4_interfaces/include/chat4_interfaces/chat4_interfaces/srv
[0.217s] -- Up-to-date: /home/robot/ros2-learning/chapt4/chapt4_ws/install/chat4_interfaces/include/chat4_interfaces/chat4_interfaces/srv/detail
[0.217s] -- Up-to-date: /home/robot/ros2-learning/chapt4/chapt4_ws/install/chat4_interfaces/include/chat4_interfaces/chat4_interfaces/srv/detail/face_dector__rosidl_typesupport_fastrtps_cpp.hpp
[0.217s] -- Up-to-date: /home/robot/ros2-learning/chapt4/chapt4_ws/install/chat4_interfaces/include/chat4_interfaces/chat4_interfaces/srv/detail/dds_fastrtps
[0.217s] -- Up-to-date: /home/robot/ros2-learning/chapt4/chapt4_ws/install/chat4_interfaces/lib/libchat4_interfaces__rosidl_typesupport_fastrtps_cpp.so
[0.217s] -- Up-to-date: /home/robot/ros2-learning/chapt4/chapt4_ws/install/chat4_interfaces/include/chat4_interfaces/chat4_interfaces
[0.217s] -- Up-to-date: /home/robot/ros2-learning/chapt4/chapt4_ws/install/chat4_interfaces/include/chat4_interfaces/chat4_interfaces/msg
[0.217s] -- Up-to-date: /home/robot/ros2-learning/chapt4/chapt4_ws/install/chat4_interfaces/include/chat4_interfaces/chat4_interfaces/msg/rosidl_typesupport_introspection_c__visibility_control.h
[0.217s] -- Up-to-date: /home/robot/ros2-learning/chapt4/chapt4_ws/install/chat4_interfaces/include/chat4_interfaces/chat4_interfaces/srv
[0.217s] -- Up-to-date: /home/robot/ros2-learning/chapt4/chapt4_ws/install/chat4_interfaces/include/chat4_interfaces/chat4_interfaces/srv/detail
[0.217s] -- Up-to-date: /home/robot/ros2-learning/chapt4/chapt4_ws/install/chat4_interfaces/include/chat4_interfaces/chat4_interfaces/srv/detail/face_dector__rosidl_typesupport_introspection_c.h
[0.217s] -- Up-to-date: /home/robot/ros2-learning/chapt4/chapt4_ws/install/chat4_interfaces/include/chat4_interfaces/chat4_interfaces/srv/detail/face_dector__type_support.c
[0.217s] -- Up-to-date: /home/robot/ros2-learning/chapt4/chapt4_ws/install/chat4_interfaces/lib/libchat4_interfaces__rosidl_typesupport_introspection_c.so
[0.217s] -- Up-to-date: /home/robot/ros2-learning/chapt4/chapt4_ws/install/chat4_interfaces/lib/libchat4_interfaces__rosidl_typesupport_c.so
[0.217s] -- Up-to-date: /home/robot/ros2-learning/chapt4/chapt4_ws/install/chat4_interfaces/include/chat4_interfaces/chat4_interfaces
[0.217s] -- Up-to-date: /home/robot/ros2-learning/chapt4/chapt4_ws/install/chat4_interfaces/include/chat4_interfaces/chat4_interfaces/srv
[0.217s] -- Up-to-date: /home/robot/ros2-learning/chapt4/chapt4_ws/install/chat4_interfaces/include/chat4_interfaces/chat4_interfaces/srv/detail
[0.217s] -- Up-to-date: /home/robot/ros2-learning/chapt4/chapt4_ws/install/chat4_interfaces/include/chat4_interfaces/chat4_interfaces/srv/detail/face_dector__rosidl_typesupport_introspection_cpp.hpp
[0.217s] -- Up-to-date: /home/robot/ros2-learning/chapt4/chapt4_ws/install/chat4_interfaces/include/chat4_interfaces/chat4_interfaces/srv/detail/face_dector__type_support.cpp
[0.217s] -- Up-to-date: /home/robot/ros2-learning/chapt4/chapt4_ws/install/chat4_interfaces/lib/libchat4_interfaces__rosidl_typesupport_introspection_cpp.so
[0.217s] -- Up-to-date: /home/robot/ros2-learning/chapt4/chapt4_ws/install/chat4_interfaces/lib/libchat4_interfaces__rosidl_typesupport_cpp.so
[0.217s] -- Up-to-date: /home/robot/ros2-learning/chapt4/chapt4_ws/install/chat4_interfaces/share/chat4_interfaces/environment/pythonpath.sh
[0.217s] -- Up-to-date: /home/robot/ros2-learning/chapt4/chapt4_ws/install/chat4_interfaces/share/chat4_interfaces/environment/pythonpath.dsv
[0.217s] -- Up-to-date: /home/robot/ros2-learning/chapt4/chapt4_ws/install/chat4_interfaces/local/lib/python3.10/dist-packages/chat4_interfaces-0.0.0-py3.10.egg-info
[0.217s] -- Installing: /home/robot/ros2-learning/chapt4/chapt4_ws/install/chat4_interfaces/local/lib/python3.10/dist-packages/chat4_interfaces-0.0.0-py3.10.egg-info/top_level.txt
[0.217s] -- Installing: /home/robot/ros2-learning/chapt4/chapt4_ws/install/chat4_interfaces/local/lib/python3.10/dist-packages/chat4_interfaces-0.0.0-py3.10.egg-info/PKG-INFO
[0.217s] -- Installing: /home/robot/ros2-learning/chapt4/chapt4_ws/install/chat4_interfaces/local/lib/python3.10/dist-packages/chat4_interfaces-0.0.0-py3.10.egg-info/SOURCES.txt
[0.217s] -- Installing: /home/robot/ros2-learning/chapt4/chapt4_ws/install/chat4_interfaces/local/lib/python3.10/dist-packages/chat4_interfaces-0.0.0-py3.10.egg-info/dependency_links.txt
[0.217s] -- Up-to-date: /home/robot/ros2-learning/chapt4/chapt4_ws/install/chat4_interfaces/local/lib/python3.10/dist-packages/chat4_interfaces
[0.217s] -- Up-to-date: /home/robot/ros2-learning/chapt4/chapt4_ws/install/chat4_interfaces/local/lib/python3.10/dist-packages/chat4_interfaces/_chat4_interfaces_s.ep.rosidl_typesupport_c.c
[0.217s] -- Up-to-date: /home/robot/ros2-learning/chapt4/chapt4_ws/install/chat4_interfaces/local/lib/python3.10/dist-packages/chat4_interfaces/__init__.py
[0.217s] -- Up-to-date: /home/robot/ros2-learning/chapt4/chapt4_ws/install/chat4_interfaces/local/lib/python3.10/dist-packages/chat4_interfaces/srv
[0.217s] -- Up-to-date: /home/robot/ros2-learning/chapt4/chapt4_ws/install/chat4_interfaces/local/lib/python3.10/dist-packages/chat4_interfaces/srv/_face_dector.py
[0.217s] -- Up-to-date: /home/robot/ros2-learning/chapt4/chapt4_ws/install/chat4_interfaces/local/lib/python3.10/dist-packages/chat4_interfaces/srv/_face_dector_s.c
[0.217s] -- Up-to-date: /home/robot/ros2-learning/chapt4/chapt4_ws/install/chat4_interfaces/local/lib/python3.10/dist-packages/chat4_interfaces/srv/__init__.py
[0.217s] -- Up-to-date: /home/robot/ros2-learning/chapt4/chapt4_ws/install/chat4_interfaces/local/lib/python3.10/dist-packages/chat4_interfaces/libchat4_interfaces__rosidl_generator_py.so
[0.217s] -- Up-to-date: /home/robot/ros2-learning/chapt4/chapt4_ws/install/chat4_interfaces/local/lib/python3.10/dist-packages/chat4_interfaces/chat4_interfaces_s__rosidl_typesupport_introspection_c.cpython-310-x86_64-linux-gnu.so
[0.217s] -- Up-to-date: /home/robot/ros2-learning/chapt4/chapt4_ws/install/chat4_interfaces/local/lib/python3.10/dist-packages/chat4_interfaces/_chat4_interfaces_s.ep.rosidl_typesupport_fastrtps_c.c
[0.217s] -- Up-to-date: /home/robot/ros2-learning/chapt4/chapt4_ws/install/chat4_interfaces/local/lib/python3.10/dist-packages/chat4_interfaces/_chat4_interfaces_s.ep.rosidl_typesupport_introspection_c.c
[0.217s] -- Up-to-date: /home/robot/ros2-learning/chapt4/chapt4_ws/install/chat4_interfaces/local/lib/python3.10/dist-packages/chat4_interfaces/chat4_interfaces_s__rosidl_typesupport_fastrtps_c.cpython-310-x86_64-linux-gnu.so
[0.217s] -- Up-to-date: /home/robot/ros2-learning/chapt4/chapt4_ws/install/chat4_interfaces/local/lib/python3.10/dist-packages/chat4_interfaces/chat4_interfaces_s__rosidl_typesupport_c.cpython-310-x86_64-linux-gnu.so
[0.233s] Listing '/home/robot/ros2-learning/chapt4/chapt4_ws/install/chat4_interfaces/local/lib/python3.10/dist-packages/chat4_interfaces'...
[0.233s] Listing '/home/robot/ros2-learning/chapt4/chapt4_ws/install/chat4_interfaces/local/lib/python3.10/dist-packages/chat4_interfaces/srv'...
[0.236s] -- Up-to-date: /home/robot/ros2-learning/chapt4/chapt4_ws/install/chat4_interfaces/local/lib/python3.10/dist-packages/chat4_interfaces/chat4_interfaces_s__rosidl_typesupport_fastrtps_c.cpython-310-x86_64-linux-gnu.so
[0.236s] -- Up-to-date: /home/robot/ros2-learning/chapt4/chapt4_ws/install/chat4_interfaces/local/lib/python3.10/dist-packages/chat4_interfaces/chat4_interfaces_s__rosidl_typesupport_introspection_c.cpython-310-x86_64-linux-gnu.so
[0.236s] -- Up-to-date: /home/robot/ros2-learning/chapt4/chapt4_ws/install/chat4_interfaces/local/lib/python3.10/dist-packages/chat4_interfaces/chat4_interfaces_s__rosidl_typesupport_c.cpython-310-x86_64-linux-gnu.so
[0.236s] -- Up-to-date: /home/robot/ros2-learning/chapt4/chapt4_ws/install/chat4_interfaces/lib/libchat4_interfaces__rosidl_generator_py.so
[0.236s] -- Up-to-date: /home/robot/ros2-learning/chapt4/chapt4_ws/install/chat4_interfaces/share/chat4_interfaces/srv/FaceDector.idl
[0.236s] -- Up-to-date: /home/robot/ros2-learning/chapt4/chapt4_ws/install/chat4_interfaces/share/chat4_interfaces/srv/FaceDector.srv
[0.236s] -- Up-to-date: /home/robot/ros2-learning/chapt4/chapt4_ws/install/chat4_interfaces/share/chat4_interfaces/srv/FaceDector_Request.msg
[0.236s] -- Up-to-date: /home/robot/ros2-learning/chapt4/chapt4_ws/install/chat4_interfaces/share/chat4_interfaces/srv/FaceDector_Response.msg
[0.236s] -- Up-to-date: /home/robot/ros2-learning/chapt4/chapt4_ws/install/chat4_interfaces/share/ament_index/resource_index/package_run_dependencies/chat4_interfaces
[0.236s] -- Up-to-date: /home/robot/ros2-learning/chapt4/chapt4_ws/install/chat4_interfaces/share/ament_index/resource_index/parent_prefix_path/chat4_interfaces
[0.236s] -- Up-to-date: /home/robot/ros2-learning/chapt4/chapt4_ws/install/chat4_interfaces/share/chat4_interfaces/environment/ament_prefix_path.sh
[0.236s] -- Up-to-date: /home/robot/ros2-learning/chapt4/chapt4_ws/install/chat4_interfaces/share/chat4_interfaces/environment/ament_prefix_path.dsv
[0.236s] -- Up-to-date: /home/robot/ros2-learning/chapt4/chapt4_ws/install/chat4_interfaces/share/chat4_interfaces/environment/path.sh
[0.236s] -- Up-to-date: /home/robot/ros2-learning/chapt4/chapt4_ws/install/chat4_interfaces/share/chat4_interfaces/environment/path.dsv
[0.236s] -- Up-to-date: /home/robot/ros2-learning/chapt4/chapt4_ws/install/chat4_interfaces/share/chat4_interfaces/local_setup.bash
[0.236s] -- Up-to-date: /home/robot/ros2-learning/chapt4/chapt4_ws/install/chat4_interfaces/share/chat4_interfaces/local_setup.sh
[0.236s] -- Up-to-date: /home/robot/ros2-learning/chapt4/chapt4_ws/install/chat4_interfaces/share/chat4_interfaces/local_setup.zsh
[0.236s] -- Up-to-date: /home/robot/ros2-learning/chapt4/chapt4_ws/install/chat4_interfaces/share/chat4_interfaces/local_setup.dsv
[0.236s] -- Installing: /home/robot/ros2-learning/chapt4/chapt4_ws/install/chat4_interfaces/share/chat4_interfaces/package.dsv
[0.236s] -- Up-to-date: /home/robot/ros2-learning/chapt4/chapt4_ws/install/chat4_interfaces/share/ament_index/resource_index/packages/chat4_interfaces
[0.237s] -- Up-to-date: /home/robot/ros2-learning/chapt4/chapt4_ws/install/chat4_interfaces/share/chat4_interfaces/cmake/export_chat4_interfaces__rosidl_generator_cExport.cmake
[0.237s] -- Up-to-date: /home/robot/ros2-learning/chapt4/chapt4_ws/install/chat4_interfaces/share/chat4_interfaces/cmake/export_chat4_interfaces__rosidl_generator_cExport-noconfig.cmake
[0.237s] -- Up-to-date: /home/robot/ros2-learning/chapt4/chapt4_ws/install/chat4_interfaces/share/chat4_interfaces/cmake/export_chat4_interfaces__rosidl_typesupport_fastrtps_cExport.cmake
[0.237s] -- Up-to-date: /home/robot/ros2-learning/chapt4/chapt4_ws/install/chat4_interfaces/share/chat4_interfaces/cmake/export_chat4_interfaces__rosidl_typesupport_fastrtps_cExport-noconfig.cmake
[0.237s] -- Up-to-date: /home/robot/ros2-learning/chapt4/chapt4_ws/install/chat4_interfaces/share/chat4_interfaces/cmake/export_chat4_interfaces__rosidl_generator_cppExport.cmake
[0.237s] -- Up-to-date: /home/robot/ros2-learning/chapt4/chapt4_ws/install/chat4_interfaces/share/chat4_interfaces/cmake/export_chat4_interfaces__rosidl_typesupport_fastrtps_cppExport.cmake
[0.237s] -- Up-to-date: /home/robot/ros2-learning/chapt4/chapt4_ws/install/chat4_interfaces/share/chat4_interfaces/cmake/export_chat4_interfaces__rosidl_typesupport_fastrtps_cppExport-noconfig.cmake
[0.237s] -- Up-to-date: /home/robot/ros2-learning/chapt4/chapt4_ws/install/chat4_interfaces/share/chat4_interfaces/cmake/chat4_interfaces__rosidl_typesupport_introspection_cExport.cmake
[0.237s] -- Up-to-date: /home/robot/ros2-learning/chapt4/chapt4_ws/install/chat4_interfaces/share/chat4_interfaces/cmake/chat4_interfaces__rosidl_typesupport_introspection_cExport-noconfig.cmake
[0.237s] -- Up-to-date: /home/robot/ros2-learning/chapt4/chapt4_ws/install/chat4_interfaces/share/chat4_interfaces/cmake/chat4_interfaces__rosidl_typesupport_cExport.cmake
[0.237s] -- Up-to-date: /home/robot/ros2-learning/chapt4/chapt4_ws/install/chat4_interfaces/share/chat4_interfaces/cmake/chat4_interfaces__rosidl_typesupport_cExport-noconfig.cmake
[0.237s] -- Up-to-date: /home/robot/ros2-learning/chapt4/chapt4_ws/install/chat4_interfaces/share/chat4_interfaces/cmake/chat4_interfaces__rosidl_typesupport_introspection_cppExport.cmake
[0.237s] -- Up-to-date: /home/robot/ros2-learning/chapt4/chapt4_ws/install/chat4_interfaces/share/chat4_interfaces/cmake/chat4_interfaces__rosidl_typesupport_introspection_cppExport-noconfig.cmake
[0.237s] -- Up-to-date: /home/robot/ros2-learning/chapt4/chapt4_ws/install/chat4_interfaces/share/chat4_interfaces/cmake/chat4_interfaces__rosidl_typesupport_cppExport.cmake
[0.237s] -- Up-to-date: /home/robot/ros2-learning/chapt4/chapt4_ws/install/chat4_interfaces/share/chat4_interfaces/cmake/chat4_interfaces__rosidl_typesupport_cppExport-noconfig.cmake
[0.237s] -- Up-to-date: /home/robot/ros2-learning/chapt4/chapt4_ws/install/chat4_interfaces/share/chat4_interfaces/cmake/export_chat4_interfaces__rosidl_generator_pyExport.cmake
[0.237s] -- Up-to-date: /home/robot/ros2-learning/chapt4/chapt4_ws/install/chat4_interfaces/share/chat4_interfaces/cmake/export_chat4_interfaces__rosidl_generator_pyExport-noconfig.cmake
[0.237s] -- Up-to-date: /home/robot/ros2-learning/chapt4/chapt4_ws/install/chat4_interfaces/share/chat4_interfaces/cmake/rosidl_cmake-extras.cmake
[0.237s] -- Up-to-date: /home/robot/ros2-learning/chapt4/chapt4_ws/install/chat4_interfaces/share/chat4_interfaces/cmake/ament_cmake_export_dependencies-extras.cmake
[0.237s] -- Up-to-date: /home/robot/ros2-learning/chapt4/chapt4_ws/install/chat4_interfaces/share/chat4_interfaces/cmake/ament_cmake_export_include_directories-extras.cmake
[0.237s] -- Up-to-date: /home/robot/ros2-learning/chapt4/chapt4_ws/install/chat4_interfaces/share/chat4_interfaces/cmake/ament_cmake_export_libraries-extras.cmake
[0.237s] -- Up-to-date: /home/robot/ros2-learning/chapt4/chapt4_ws/install/chat4_interfaces/share/chat4_interfaces/cmake/ament_cmake_export_targets-extras.cmake
[0.237s] -- Up-to-date: /home/robot/ros2-learning/chapt4/chapt4_ws/install/chat4_interfaces/share/chat4_interfaces/cmake/rosidl_cmake_export_typesupport_targets-extras.cmake
[0.237s] -- Up-to-date: /home/robot/ros2-learning/chapt4/chapt4_ws/install/chat4_interfaces/share/chat4_interfaces/cmake/rosidl_cmake_export_typesupport_libraries-extras.cmake
[0.237s] -- Up-to-date: /home/robot/ros2-learning/chapt4/chapt4_ws/install/chat4_interfaces/share/chat4_interfaces/cmake/chat4_interfacesConfig.cmake
[0.237s] -- Up-to-date: /home/robot/ros2-learning/chapt4/chapt4_ws/install/chat4_interfaces/share/chat4_interfaces/cmake/chat4_interfacesConfig-version.cmake
[0.237s] -- Up-to-date: /home/robot/ros2-learning/chapt4/chapt4_ws/install/chat4_interfaces/share/chat4_interfaces/package.xml
[0.238s] Invoked command in '/home/robot/ros2-learning/chapt4/chapt4_ws/build/chat4_interfaces' returned '0': CMAKE_PREFIX_PATH=${CMAKE_PREFIX_PATH}:/opt/ros/humble /usr/bin/cmake --install /home/robot/ros2-learning/chapt4/chapt4_ws/build/chat4_interfaces
