[0.303s] Invoking command in '/home/robot/ros2-learning/chapt2/chapt2_ws/src/demo_python_pkg': PYTHONPATH=/home/robot/ros2-learning/chapt2/chapt2_ws/build/demo_python_pkg/prefix_override:/usr/lib/python3/dist-packages/colcon_core/task/python/colcon_distutils_commands:/home/robot/ros2-learning/chapt2/chapt2_ws/install/demo_python_pkg/lib/python3.10/site-packages:${PYTHONPATH} /usr/bin/python3 -W ignore:setup.py install is deprecated -W ignore:easy_install command is deprecated setup.py egg_info --egg-base ../../build/demo_python_pkg build --build-base /home/robot/ros2-learning/chapt2/chapt2_ws/build/demo_python_pkg/build install --record /home/robot/ros2-learning/chapt2/chapt2_ws/build/demo_python_pkg/install.log --single-version-externally-managed install_data
[0.402s] running egg_info
[0.403s] writing ../../build/demo_python_pkg/demo_python_pkg.egg-info/PKG-INFO
[0.403s] writing dependency_links to ../../build/demo_python_pkg/demo_python_pkg.egg-info/dependency_links.txt
[0.403s] writing entry points to ../../build/demo_python_pkg/demo_python_pkg.egg-info/entry_points.txt
[0.403s] writing requirements to ../../build/demo_python_pkg/demo_python_pkg.egg-info/requires.txt
[0.403s] writing top-level names to ../../build/demo_python_pkg/demo_python_pkg.egg-info/top_level.txt
[0.404s] reading manifest file '../../build/demo_python_pkg/demo_python_pkg.egg-info/SOURCES.txt'
[0.404s] adding license file 'LICENSE'
[0.404s] writing manifest file '../../build/demo_python_pkg/demo_python_pkg.egg-info/SOURCES.txt'
[0.404s] running build
[0.404s] running build_py
[0.404s] copying demo_python_pkg/person_node.py -> /home/robot/ros2-learning/chapt2/chapt2_ws/build/demo_python_pkg/build/lib/demo_python_pkg
[0.404s] copying demo_python_pkg/writer_node.py -> /home/robot/ros2-learning/chapt2/chapt2_ws/build/demo_python_pkg/build/lib/demo_python_pkg
[0.404s] running install
[0.404s] running install_lib
[0.405s] copying /home/robot/ros2-learning/chapt2/chapt2_ws/build/demo_python_pkg/build/lib/demo_python_pkg/person_node.py -> /home/robot/ros2-learning/chapt2/chapt2_ws/install/demo_python_pkg/lib/python3.10/site-packages/demo_python_pkg
[0.405s] copying /home/robot/ros2-learning/chapt2/chapt2_ws/build/demo_python_pkg/build/lib/demo_python_pkg/writer_node.py -> /home/robot/ros2-learning/chapt2/chapt2_ws/install/demo_python_pkg/lib/python3.10/site-packages/demo_python_pkg
[0.405s] byte-compiling /home/robot/ros2-learning/chapt2/chapt2_ws/install/demo_python_pkg/lib/python3.10/site-packages/demo_python_pkg/person_node.py to person_node.cpython-310.pyc
[0.405s] byte-compiling /home/robot/ros2-learning/chapt2/chapt2_ws/install/demo_python_pkg/lib/python3.10/site-packages/demo_python_pkg/writer_node.py to writer_node.cpython-310.pyc
[0.405s] running install_data
[0.405s] running install_egg_info
[0.406s] removing '/home/robot/ros2-learning/chapt2/chapt2_ws/install/demo_python_pkg/lib/python3.10/site-packages/demo_python_pkg-0.0.0-py3.10.egg-info' (and everything under it)
[0.406s] Copying ../../build/demo_python_pkg/demo_python_pkg.egg-info to /home/robot/ros2-learning/chapt2/chapt2_ws/install/demo_python_pkg/lib/python3.10/site-packages/demo_python_pkg-0.0.0-py3.10.egg-info
[0.406s] running install_scripts
[0.416s] Installing person_node script to /home/robot/ros2-learning/chapt2/chapt2_ws/install/demo_python_pkg/lib/demo_python_pkg
[0.416s] Installing python_node script to /home/robot/ros2-learning/chapt2/chapt2_ws/install/demo_python_pkg/lib/demo_python_pkg
[0.416s] Installing writer_node script to /home/robot/ros2-learning/chapt2/chapt2_ws/install/demo_python_pkg/lib/demo_python_pkg
[0.416s] writing list of installed files to '/home/robot/ros2-learning/chapt2/chapt2_ws/build/demo_python_pkg/install.log'
[0.425s] Invoked command in '/home/robot/ros2-learning/chapt2/chapt2_ws/src/demo_python_pkg' returned '0': PYTHONPATH=/home/robot/ros2-learning/chapt2/chapt2_ws/build/demo_python_pkg/prefix_override:/usr/lib/python3/dist-packages/colcon_core/task/python/colcon_distutils_commands:/home/robot/ros2-learning/chapt2/chapt2_ws/install/demo_python_pkg/lib/python3.10/site-packages:${PYTHONPATH} /usr/bin/python3 -W ignore:setup.py install is deprecated -W ignore:easy_install command is deprecated setup.py egg_info --egg-base ../../build/demo_python_pkg build --build-base /home/robot/ros2-learning/chapt2/chapt2_ws/build/demo_python_pkg/build install --record /home/robot/ros2-learning/chapt2/chapt2_ws/build/demo_python_pkg/install.log --single-version-externally-managed install_data
