[0.005s] Invoking command in '/home/robot/ros2-learning/chapt3/topic_practice_ws/build/status_interface': CMAKE_PREFIX_PATH=${CMAKE_PREFIX_PATH}:/home/robot/ros2-learning/chapt3/topic_practice_ws/install/status_publisher:/opt/ros/humble /usr/bin/cmake --build /home/robot/ros2-learning/chapt3/topic_practice_ws/build/status_interface -- -j32 -l32
[0.046s] [  3%] Built target status_interface__cpp
[0.047s] [ 12%] Built target status_interface__rosidl_generator_c
[0.053s] [ 12%] Built target ament_cmake_python_copy_status_interface
[0.066s] [ 22%] Built target status_interface__rosidl_typesupport_cpp
[0.066s] [ 32%] Built target status_interface__rosidl_typesupport_fastrtps_cpp
[0.069s] [ 41%] Built target status_interface__rosidl_typesupport_introspection_cpp
[0.072s] [ 51%] Built target status_interface__rosidl_typesupport_c
[0.072s] [ 61%] Built target status_interface__rosidl_typesupport_fastrtps_c
[0.073s] [ 70%] Built target status_interface__rosidl_typesupport_introspection_c
[0.086s] [ 70%] Built target status_interface
[0.098s] [ 74%] Built target status_interface__py
[0.113s] [ 80%] Built target status_interface__rosidl_generator_py
[0.126s] [ 87%] Built target status_interface__rosidl_typesupport_fastrtps_c__pyext
[0.128s] [ 93%] Built target status_interface__rosidl_typesupport_introspection_c__pyext
[0.128s] [100%] Built target status_interface__rosidl_typesupport_c__pyext
[0.174s] running egg_info
[0.174s] writing status_interface.egg-info/PKG-INFO
[0.174s] writing dependency_links to status_interface.egg-info/dependency_links.txt
[0.174s] writing top-level names to status_interface.egg-info/top_level.txt
[0.175s] reading manifest file 'status_interface.egg-info/SOURCES.txt'
[0.175s] writing manifest file 'status_interface.egg-info/SOURCES.txt'
[0.189s] [100%] Built target ament_cmake_python_build_status_interface_egg
[0.198s] Invoked command in '/home/robot/ros2-learning/chapt3/topic_practice_ws/build/status_interface' returned '0': CMAKE_PREFIX_PATH=${CMAKE_PREFIX_PATH}:/home/robot/ros2-learning/chapt3/topic_practice_ws/install/status_publisher:/opt/ros/humble /usr/bin/cmake --build /home/robot/ros2-learning/chapt3/topic_practice_ws/build/status_interface -- -j32 -l32
[0.204s] Invoking command in '/home/robot/ros2-learning/chapt3/topic_practice_ws/build/status_interface': CMAKE_PREFIX_PATH=${CMAKE_PREFIX_PATH}:/home/robot/ros2-learning/chapt3/topic_practice_ws/install/status_publisher:/opt/ros/humble /usr/bin/cmake --install /home/robot/ros2-learning/chapt3/topic_practice_ws/build/status_interface
[0.211s] -- Install configuration: ""
[0.212s] -- Up-to-date: /home/robot/ros2-learning/chapt3/topic_practice_ws/install/status_interface/share/ament_index/resource_index/rosidl_interfaces/status_interface
[0.212s] -- Up-to-date: /home/robot/ros2-learning/chapt3/topic_practice_ws/install/status_interface/include/status_interface/status_interface
[0.212s] -- Up-to-date: /home/robot/ros2-learning/chapt3/topic_practice_ws/install/status_interface/include/status_interface/status_interface/msg
[0.212s] -- Up-to-date: /home/robot/ros2-learning/chapt3/topic_practice_ws/install/status_interface/include/status_interface/status_interface/msg/detail
[0.212s] -- Up-to-date: /home/robot/ros2-learning/chapt3/topic_practice_ws/install/status_interface/include/status_interface/status_interface/msg/detail/system_status__functions.h
[0.212s] -- Up-to-date: /home/robot/ros2-learning/chapt3/topic_practice_ws/install/status_interface/include/status_interface/status_interface/msg/detail/system_status__functions.c
[0.212s] -- Up-to-date: /home/robot/ros2-learning/chapt3/topic_practice_ws/install/status_interface/include/status_interface/status_interface/msg/detail/system_status__type_support.h
[0.213s] -- Up-to-date: /home/robot/ros2-learning/chapt3/topic_practice_ws/install/status_interface/include/status_interface/status_interface/msg/detail/system_status__struct.h
[0.213s] -- Up-to-date: /home/robot/ros2-learning/chapt3/topic_practice_ws/install/status_interface/include/status_interface/status_interface/msg/system_status.h
[0.213s] -- Up-to-date: /home/robot/ros2-learning/chapt3/topic_practice_ws/install/status_interface/include/status_interface/status_interface/msg/rosidl_generator_c__visibility_control.h
[0.213s] -- Up-to-date: /home/robot/ros2-learning/chapt3/topic_practice_ws/install/status_interface/share/status_interface/environment/library_path.sh
[0.213s] -- Up-to-date: /home/robot/ros2-learning/chapt3/topic_practice_ws/install/status_interface/share/status_interface/environment/library_path.dsv
[0.213s] -- Up-to-date: /home/robot/ros2-learning/chapt3/topic_practice_ws/install/status_interface/lib/libstatus_interface__rosidl_generator_c.so
[0.213s] -- Up-to-date: /home/robot/ros2-learning/chapt3/topic_practice_ws/install/status_interface/include/status_interface/status_interface
[0.214s] -- Up-to-date: /home/robot/ros2-learning/chapt3/topic_practice_ws/install/status_interface/include/status_interface/status_interface/msg
[0.214s] -- Up-to-date: /home/robot/ros2-learning/chapt3/topic_practice_ws/install/status_interface/include/status_interface/status_interface/msg/detail
[0.214s] -- Up-to-date: /home/robot/ros2-learning/chapt3/topic_practice_ws/install/status_interface/include/status_interface/status_interface/msg/detail/system_status__rosidl_typesupport_fastrtps_c.h
[0.214s] -- Up-to-date: /home/robot/ros2-learning/chapt3/topic_practice_ws/install/status_interface/include/status_interface/status_interface/msg/rosidl_typesupport_fastrtps_c__visibility_control.h
[0.214s] -- Up-to-date: /home/robot/ros2-learning/chapt3/topic_practice_ws/install/status_interface/lib/libstatus_interface__rosidl_typesupport_fastrtps_c.so
[0.214s] -- Up-to-date: /home/robot/ros2-learning/chapt3/topic_practice_ws/install/status_interface/include/status_interface/status_interface
[0.214s] -- Up-to-date: /home/robot/ros2-learning/chapt3/topic_practice_ws/install/status_interface/include/status_interface/status_interface/msg
[0.214s] -- Up-to-date: /home/robot/ros2-learning/chapt3/topic_practice_ws/install/status_interface/include/status_interface/status_interface/msg/rosidl_generator_cpp__visibility_control.hpp
[0.214s] -- Up-to-date: /home/robot/ros2-learning/chapt3/topic_practice_ws/install/status_interface/include/status_interface/status_interface/msg/detail
[0.214s] -- Up-to-date: /home/robot/ros2-learning/chapt3/topic_practice_ws/install/status_interface/include/status_interface/status_interface/msg/detail/system_status__type_support.hpp
[0.214s] -- Up-to-date: /home/robot/ros2-learning/chapt3/topic_practice_ws/install/status_interface/include/status_interface/status_interface/msg/detail/system_status__traits.hpp
[0.214s] -- Up-to-date: /home/robot/ros2-learning/chapt3/topic_practice_ws/install/status_interface/include/status_interface/status_interface/msg/detail/system_status__builder.hpp
[0.214s] -- Up-to-date: /home/robot/ros2-learning/chapt3/topic_practice_ws/install/status_interface/include/status_interface/status_interface/msg/detail/system_status__struct.hpp
[0.214s] -- Up-to-date: /home/robot/ros2-learning/chapt3/topic_practice_ws/install/status_interface/include/status_interface/status_interface/msg/system_status.hpp
[0.214s] -- Up-to-date: /home/robot/ros2-learning/chapt3/topic_practice_ws/install/status_interface/include/status_interface/status_interface
[0.215s] -- Up-to-date: /home/robot/ros2-learning/chapt3/topic_practice_ws/install/status_interface/include/status_interface/status_interface/msg
[0.215s] -- Up-to-date: /home/robot/ros2-learning/chapt3/topic_practice_ws/install/status_interface/include/status_interface/status_interface/msg/rosidl_typesupport_fastrtps_cpp__visibility_control.h
[0.215s] -- Up-to-date: /home/robot/ros2-learning/chapt3/topic_practice_ws/install/status_interface/include/status_interface/status_interface/msg/detail
[0.215s] -- Up-to-date: /home/robot/ros2-learning/chapt3/topic_practice_ws/install/status_interface/include/status_interface/status_interface/msg/detail/system_status__rosidl_typesupport_fastrtps_cpp.hpp
[0.215s] -- Up-to-date: /home/robot/ros2-learning/chapt3/topic_practice_ws/install/status_interface/include/status_interface/status_interface/msg/detail/dds_fastrtps
[0.215s] -- Up-to-date: /home/robot/ros2-learning/chapt3/topic_practice_ws/install/status_interface/lib/libstatus_interface__rosidl_typesupport_fastrtps_cpp.so
[0.215s] -- Up-to-date: /home/robot/ros2-learning/chapt3/topic_practice_ws/install/status_interface/include/status_interface/status_interface
[0.215s] -- Up-to-date: /home/robot/ros2-learning/chapt3/topic_practice_ws/install/status_interface/include/status_interface/status_interface/msg
[0.215s] -- Up-to-date: /home/robot/ros2-learning/chapt3/topic_practice_ws/install/status_interface/include/status_interface/status_interface/msg/detail
[0.215s] -- Up-to-date: /home/robot/ros2-learning/chapt3/topic_practice_ws/install/status_interface/include/status_interface/status_interface/msg/detail/system_status__type_support.c
[0.215s] -- Up-to-date: /home/robot/ros2-learning/chapt3/topic_practice_ws/install/status_interface/include/status_interface/status_interface/msg/detail/system_status__rosidl_typesupport_introspection_c.h
[0.215s] -- Up-to-date: /home/robot/ros2-learning/chapt3/topic_practice_ws/install/status_interface/include/status_interface/status_interface/msg/rosidl_typesupport_introspection_c__visibility_control.h
[0.215s] -- Up-to-date: /home/robot/ros2-learning/chapt3/topic_practice_ws/install/status_interface/lib/libstatus_interface__rosidl_typesupport_introspection_c.so
[0.215s] -- Up-to-date: /home/robot/ros2-learning/chapt3/topic_practice_ws/install/status_interface/lib/libstatus_interface__rosidl_typesupport_c.so
[0.215s] -- Up-to-date: /home/robot/ros2-learning/chapt3/topic_practice_ws/install/status_interface/include/status_interface/status_interface
[0.215s] -- Up-to-date: /home/robot/ros2-learning/chapt3/topic_practice_ws/install/status_interface/include/status_interface/status_interface/msg
[0.215s] -- Up-to-date: /home/robot/ros2-learning/chapt3/topic_practice_ws/install/status_interface/include/status_interface/status_interface/msg/detail
[0.215s] -- Up-to-date: /home/robot/ros2-learning/chapt3/topic_practice_ws/install/status_interface/include/status_interface/status_interface/msg/detail/system_status__rosidl_typesupport_introspection_cpp.hpp
[0.215s] -- Up-to-date: /home/robot/ros2-learning/chapt3/topic_practice_ws/install/status_interface/include/status_interface/status_interface/msg/detail/system_status__type_support.cpp
[0.215s] -- Up-to-date: /home/robot/ros2-learning/chapt3/topic_practice_ws/install/status_interface/lib/libstatus_interface__rosidl_typesupport_introspection_cpp.so
[0.215s] -- Up-to-date: /home/robot/ros2-learning/chapt3/topic_practice_ws/install/status_interface/lib/libstatus_interface__rosidl_typesupport_cpp.so
[0.215s] -- Up-to-date: /home/robot/ros2-learning/chapt3/topic_practice_ws/install/status_interface/share/status_interface/environment/pythonpath.sh
[0.215s] -- Up-to-date: /home/robot/ros2-learning/chapt3/topic_practice_ws/install/status_interface/share/status_interface/environment/pythonpath.dsv
[0.216s] -- Up-to-date: /home/robot/ros2-learning/chapt3/topic_practice_ws/install/status_interface/local/lib/python3.10/dist-packages/status_interface-0.0.0-py3.10.egg-info
[0.216s] -- Installing: /home/robot/ros2-learning/chapt3/topic_practice_ws/install/status_interface/local/lib/python3.10/dist-packages/status_interface-0.0.0-py3.10.egg-info/top_level.txt
[0.216s] -- Installing: /home/robot/ros2-learning/chapt3/topic_practice_ws/install/status_interface/local/lib/python3.10/dist-packages/status_interface-0.0.0-py3.10.egg-info/PKG-INFO
[0.216s] -- Installing: /home/robot/ros2-learning/chapt3/topic_practice_ws/install/status_interface/local/lib/python3.10/dist-packages/status_interface-0.0.0-py3.10.egg-info/SOURCES.txt
[0.216s] -- Installing: /home/robot/ros2-learning/chapt3/topic_practice_ws/install/status_interface/local/lib/python3.10/dist-packages/status_interface-0.0.0-py3.10.egg-info/dependency_links.txt
[0.216s] -- Up-to-date: /home/robot/ros2-learning/chapt3/topic_practice_ws/install/status_interface/local/lib/python3.10/dist-packages/status_interface
[0.216s] -- Up-to-date: /home/robot/ros2-learning/chapt3/topic_practice_ws/install/status_interface/local/lib/python3.10/dist-packages/status_interface/_status_interface_s.ep.rosidl_typesupport_introspection_c.c
[0.216s] -- Up-to-date: /home/robot/ros2-learning/chapt3/topic_practice_ws/install/status_interface/local/lib/python3.10/dist-packages/status_interface/status_interface_s__rosidl_typesupport_introspection_c.cpython-310-x86_64-linux-gnu.so
[0.216s] -- Up-to-date: /home/robot/ros2-learning/chapt3/topic_practice_ws/install/status_interface/local/lib/python3.10/dist-packages/status_interface/status_interface_s__rosidl_typesupport_fastrtps_c.cpython-310-x86_64-linux-gnu.so
[0.216s] -- Up-to-date: /home/robot/ros2-learning/chapt3/topic_practice_ws/install/status_interface/local/lib/python3.10/dist-packages/status_interface/msg
[0.216s] -- Up-to-date: /home/robot/ros2-learning/chapt3/topic_practice_ws/install/status_interface/local/lib/python3.10/dist-packages/status_interface/msg/__init__.py
[0.216s] -- Up-to-date: /home/robot/ros2-learning/chapt3/topic_practice_ws/install/status_interface/local/lib/python3.10/dist-packages/status_interface/msg/_system_status.py
[0.216s] -- Up-to-date: /home/robot/ros2-learning/chapt3/topic_practice_ws/install/status_interface/local/lib/python3.10/dist-packages/status_interface/msg/_system_status_s.c
[0.216s] -- Up-to-date: /home/robot/ros2-learning/chapt3/topic_practice_ws/install/status_interface/local/lib/python3.10/dist-packages/status_interface/__init__.py
[0.216s] -- Up-to-date: /home/robot/ros2-learning/chapt3/topic_practice_ws/install/status_interface/local/lib/python3.10/dist-packages/status_interface/libstatus_interface__rosidl_generator_py.so
[0.216s] -- Up-to-date: /home/robot/ros2-learning/chapt3/topic_practice_ws/install/status_interface/local/lib/python3.10/dist-packages/status_interface/status_interface_s__rosidl_typesupport_c.cpython-310-x86_64-linux-gnu.so
[0.216s] -- Up-to-date: /home/robot/ros2-learning/chapt3/topic_practice_ws/install/status_interface/local/lib/python3.10/dist-packages/status_interface/_status_interface_s.ep.rosidl_typesupport_c.c
[0.216s] -- Up-to-date: /home/robot/ros2-learning/chapt3/topic_practice_ws/install/status_interface/local/lib/python3.10/dist-packages/status_interface/_status_interface_s.ep.rosidl_typesupport_fastrtps_c.c
[0.235s] Listing '/home/robot/ros2-learning/chapt3/topic_practice_ws/install/status_interface/local/lib/python3.10/dist-packages/status_interface'...
[0.235s] Listing '/home/robot/ros2-learning/chapt3/topic_practice_ws/install/status_interface/local/lib/python3.10/dist-packages/status_interface/msg'...
[0.237s] -- Up-to-date: /home/robot/ros2-learning/chapt3/topic_practice_ws/install/status_interface/local/lib/python3.10/dist-packages/status_interface/status_interface_s__rosidl_typesupport_fastrtps_c.cpython-310-x86_64-linux-gnu.so
[0.237s] -- Up-to-date: /home/robot/ros2-learning/chapt3/topic_practice_ws/install/status_interface/local/lib/python3.10/dist-packages/status_interface/status_interface_s__rosidl_typesupport_introspection_c.cpython-310-x86_64-linux-gnu.so
[0.237s] -- Up-to-date: /home/robot/ros2-learning/chapt3/topic_practice_ws/install/status_interface/local/lib/python3.10/dist-packages/status_interface/status_interface_s__rosidl_typesupport_c.cpython-310-x86_64-linux-gnu.so
[0.237s] -- Up-to-date: /home/robot/ros2-learning/chapt3/topic_practice_ws/install/status_interface/lib/libstatus_interface__rosidl_generator_py.so
[0.237s] -- Up-to-date: /home/robot/ros2-learning/chapt3/topic_practice_ws/install/status_interface/share/status_interface/msg/SystemStatus.idl
[0.237s] -- Up-to-date: /home/robot/ros2-learning/chapt3/topic_practice_ws/install/status_interface/share/status_interface/msg/SystemStatus.msg
[0.237s] -- Up-to-date: /home/robot/ros2-learning/chapt3/topic_practice_ws/install/status_interface/share/ament_index/resource_index/package_run_dependencies/status_interface
[0.237s] -- Up-to-date: /home/robot/ros2-learning/chapt3/topic_practice_ws/install/status_interface/share/ament_index/resource_index/parent_prefix_path/status_interface
[0.237s] -- Up-to-date: /home/robot/ros2-learning/chapt3/topic_practice_ws/install/status_interface/share/status_interface/environment/ament_prefix_path.sh
[0.237s] -- Up-to-date: /home/robot/ros2-learning/chapt3/topic_practice_ws/install/status_interface/share/status_interface/environment/ament_prefix_path.dsv
[0.237s] -- Up-to-date: /home/robot/ros2-learning/chapt3/topic_practice_ws/install/status_interface/share/status_interface/environment/path.sh
[0.237s] -- Up-to-date: /home/robot/ros2-learning/chapt3/topic_practice_ws/install/status_interface/share/status_interface/environment/path.dsv
[0.237s] -- Up-to-date: /home/robot/ros2-learning/chapt3/topic_practice_ws/install/status_interface/share/status_interface/local_setup.bash
[0.237s] -- Up-to-date: /home/robot/ros2-learning/chapt3/topic_practice_ws/install/status_interface/share/status_interface/local_setup.sh
[0.237s] -- Up-to-date: /home/robot/ros2-learning/chapt3/topic_practice_ws/install/status_interface/share/status_interface/local_setup.zsh
[0.237s] -- Up-to-date: /home/robot/ros2-learning/chapt3/topic_practice_ws/install/status_interface/share/status_interface/local_setup.dsv
[0.237s] -- Installing: /home/robot/ros2-learning/chapt3/topic_practice_ws/install/status_interface/share/status_interface/package.dsv
[0.238s] -- Up-to-date: /home/robot/ros2-learning/chapt3/topic_practice_ws/install/status_interface/share/ament_index/resource_index/packages/status_interface
[0.238s] -- Up-to-date: /home/robot/ros2-learning/chapt3/topic_practice_ws/install/status_interface/share/status_interface/cmake/export_status_interface__rosidl_generator_cExport.cmake
[0.238s] -- Up-to-date: /home/robot/ros2-learning/chapt3/topic_practice_ws/install/status_interface/share/status_interface/cmake/export_status_interface__rosidl_generator_cExport-noconfig.cmake
[0.238s] -- Up-to-date: /home/robot/ros2-learning/chapt3/topic_practice_ws/install/status_interface/share/status_interface/cmake/export_status_interface__rosidl_typesupport_fastrtps_cExport.cmake
[0.238s] -- Up-to-date: /home/robot/ros2-learning/chapt3/topic_practice_ws/install/status_interface/share/status_interface/cmake/export_status_interface__rosidl_typesupport_fastrtps_cExport-noconfig.cmake
[0.238s] -- Up-to-date: /home/robot/ros2-learning/chapt3/topic_practice_ws/install/status_interface/share/status_interface/cmake/export_status_interface__rosidl_generator_cppExport.cmake
[0.238s] -- Up-to-date: /home/robot/ros2-learning/chapt3/topic_practice_ws/install/status_interface/share/status_interface/cmake/export_status_interface__rosidl_typesupport_fastrtps_cppExport.cmake
[0.238s] -- Up-to-date: /home/robot/ros2-learning/chapt3/topic_practice_ws/install/status_interface/share/status_interface/cmake/export_status_interface__rosidl_typesupport_fastrtps_cppExport-noconfig.cmake
[0.238s] -- Up-to-date: /home/robot/ros2-learning/chapt3/topic_practice_ws/install/status_interface/share/status_interface/cmake/status_interface__rosidl_typesupport_introspection_cExport.cmake
[0.238s] -- Up-to-date: /home/robot/ros2-learning/chapt3/topic_practice_ws/install/status_interface/share/status_interface/cmake/status_interface__rosidl_typesupport_introspection_cExport-noconfig.cmake
[0.238s] -- Up-to-date: /home/robot/ros2-learning/chapt3/topic_practice_ws/install/status_interface/share/status_interface/cmake/status_interface__rosidl_typesupport_cExport.cmake
[0.238s] -- Up-to-date: /home/robot/ros2-learning/chapt3/topic_practice_ws/install/status_interface/share/status_interface/cmake/status_interface__rosidl_typesupport_cExport-noconfig.cmake
[0.238s] -- Up-to-date: /home/robot/ros2-learning/chapt3/topic_practice_ws/install/status_interface/share/status_interface/cmake/status_interface__rosidl_typesupport_introspection_cppExport.cmake
[0.238s] -- Up-to-date: /home/robot/ros2-learning/chapt3/topic_practice_ws/install/status_interface/share/status_interface/cmake/status_interface__rosidl_typesupport_introspection_cppExport-noconfig.cmake
[0.238s] -- Up-to-date: /home/robot/ros2-learning/chapt3/topic_practice_ws/install/status_interface/share/status_interface/cmake/status_interface__rosidl_typesupport_cppExport.cmake
[0.238s] -- Up-to-date: /home/robot/ros2-learning/chapt3/topic_practice_ws/install/status_interface/share/status_interface/cmake/status_interface__rosidl_typesupport_cppExport-noconfig.cmake
[0.238s] -- Up-to-date: /home/robot/ros2-learning/chapt3/topic_practice_ws/install/status_interface/share/status_interface/cmake/export_status_interface__rosidl_generator_pyExport.cmake
[0.238s] -- Up-to-date: /home/robot/ros2-learning/chapt3/topic_practice_ws/install/status_interface/share/status_interface/cmake/export_status_interface__rosidl_generator_pyExport-noconfig.cmake
[0.238s] -- Up-to-date: /home/robot/ros2-learning/chapt3/topic_practice_ws/install/status_interface/share/status_interface/cmake/rosidl_cmake-extras.cmake
[0.238s] -- Up-to-date: /home/robot/ros2-learning/chapt3/topic_practice_ws/install/status_interface/share/status_interface/cmake/ament_cmake_export_dependencies-extras.cmake
[0.238s] -- Up-to-date: /home/robot/ros2-learning/chapt3/topic_practice_ws/install/status_interface/share/status_interface/cmake/ament_cmake_export_include_directories-extras.cmake
[0.238s] -- Up-to-date: /home/robot/ros2-learning/chapt3/topic_practice_ws/install/status_interface/share/status_interface/cmake/ament_cmake_export_libraries-extras.cmake
[0.238s] -- Up-to-date: /home/robot/ros2-learning/chapt3/topic_practice_ws/install/status_interface/share/status_interface/cmake/ament_cmake_export_targets-extras.cmake
[0.238s] -- Up-to-date: /home/robot/ros2-learning/chapt3/topic_practice_ws/install/status_interface/share/status_interface/cmake/rosidl_cmake_export_typesupport_targets-extras.cmake
[0.238s] -- Up-to-date: /home/robot/ros2-learning/chapt3/topic_practice_ws/install/status_interface/share/status_interface/cmake/rosidl_cmake_export_typesupport_libraries-extras.cmake
[0.238s] -- Up-to-date: /home/robot/ros2-learning/chapt3/topic_practice_ws/install/status_interface/share/status_interface/cmake/status_interfaceConfig.cmake
[0.238s] -- Up-to-date: /home/robot/ros2-learning/chapt3/topic_practice_ws/install/status_interface/share/status_interface/cmake/status_interfaceConfig-version.cmake
[0.238s] -- Up-to-date: /home/robot/ros2-learning/chapt3/topic_practice_ws/install/status_interface/share/status_interface/package.xml
[0.239s] Invoked command in '/home/robot/ros2-learning/chapt3/topic_practice_ws/build/status_interface' returned '0': CMAKE_PREFIX_PATH=${CMAKE_PREFIX_PATH}:/home/robot/ros2-learning/chapt3/topic_practice_ws/install/status_publisher:/opt/ros/humble /usr/bin/cmake --install /home/robot/ros2-learning/chapt3/topic_practice_ws/build/status_interface
