[0.287s] Invoking command in '/home/robot/ros2-learning/chapt3/topic_practice_ws/src/status_publisher': AMENT_PREFIX_PATH=/home/robot/ros2-learning/chapt3/topic_practice_ws/install/status_interface:${AMENT_PREFIX_PATH} CMAKE_PREFIX_PATH=/home/robot/ros2-learning/chapt3/topic_practice_ws/install/status_interface LD_LIBRARY_PATH=/home/robot/ros2-learning/chapt3/topic_practice_ws/install/status_interface/lib:${LD_LIBRARY_PATH} PYTHONPATH=/home/robot/ros2-learning/chapt3/topic_practice_ws/build/status_publisher/prefix_override:/usr/lib/python3/dist-packages/colcon_core/task/python/colcon_distutils_commands:/home/robot/ros2-learning/chapt3/topic_practice_ws/install/status_publisher/lib/python3.10/site-packages:/home/robot/ros2-learning/chapt3/topic_practice_ws/install/status_interface/local/lib/python3.10/dist-packages:${PYTHONPATH} /usr/bin/python3 -W ignore:setup.py install is deprecated -W ignore:easy_install command is deprecated setup.py egg_info --egg-base ../../build/status_publisher build --build-base /home/robot/ros2-learning/chapt3/topic_practice_ws/build/status_publisher/build install --record /home/robot/ros2-learning/chapt3/topic_practice_ws/build/status_publisher/install.log --single-version-externally-managed install_data
[0.396s] running egg_info
[0.396s] writing ../../build/status_publisher/status_publisher.egg-info/PKG-INFO
[0.396s] writing dependency_links to ../../build/status_publisher/status_publisher.egg-info/dependency_links.txt
[0.396s] writing entry points to ../../build/status_publisher/status_publisher.egg-info/entry_points.txt
[0.396s] writing requirements to ../../build/status_publisher/status_publisher.egg-info/requires.txt
[0.396s] writing top-level names to ../../build/status_publisher/status_publisher.egg-info/top_level.txt
[0.397s] reading manifest file '../../build/status_publisher/status_publisher.egg-info/SOURCES.txt'
[0.397s] adding license file 'LICENSE'
[0.397s] writing manifest file '../../build/status_publisher/status_publisher.egg-info/SOURCES.txt'
[0.397s] running build
[0.397s] running build_py
[0.397s] running install
[0.397s] running install_lib
[0.398s] running install_data
[0.398s] running install_egg_info
[0.399s] removing '/home/robot/ros2-learning/chapt3/topic_practice_ws/install/status_publisher/lib/python3.10/site-packages/status_publisher-0.0.0-py3.10.egg-info' (and everything under it)
[0.399s] Copying ../../build/status_publisher/status_publisher.egg-info to /home/robot/ros2-learning/chapt3/topic_practice_ws/install/status_publisher/lib/python3.10/site-packages/status_publisher-0.0.0-py3.10.egg-info
[0.399s] running install_scripts
[0.409s] Installing sys_status_pub script to /home/robot/ros2-learning/chapt3/topic_practice_ws/install/status_publisher/lib/status_publisher
[0.409s] writing list of installed files to '/home/robot/ros2-learning/chapt3/topic_practice_ws/build/status_publisher/install.log'
[0.420s] Invoked command in '/home/robot/ros2-learning/chapt3/topic_practice_ws/src/status_publisher' returned '0': AMENT_PREFIX_PATH=/home/robot/ros2-learning/chapt3/topic_practice_ws/install/status_interface:${AMENT_PREFIX_PATH} CMAKE_PREFIX_PATH=/home/robot/ros2-learning/chapt3/topic_practice_ws/install/status_interface LD_LIBRARY_PATH=/home/robot/ros2-learning/chapt3/topic_practice_ws/install/status_interface/lib:${LD_LIBRARY_PATH} PYTHONPATH=/home/robot/ros2-learning/chapt3/topic_practice_ws/build/status_publisher/prefix_override:/usr/lib/python3/dist-packages/colcon_core/task/python/colcon_distutils_commands:/home/robot/ros2-learning/chapt3/topic_practice_ws/install/status_publisher/lib/python3.10/site-packages:/home/robot/ros2-learning/chapt3/topic_practice_ws/install/status_interface/local/lib/python3.10/dist-packages:${PYTHONPATH} /usr/bin/python3 -W ignore:setup.py install is deprecated -W ignore:easy_install command is deprecated setup.py egg_info --egg-base ../../build/status_publisher build --build-base /home/robot/ros2-learning/chapt3/topic_practice_ws/build/status_publisher/build install --record /home/robot/ros2-learning/chapt3/topic_practice_ws/build/status_publisher/install.log --single-version-externally-managed install_data
