[  3%] Built target chat4_interfaces__cpp
[ 12%] Built target chat4_interfaces__rosidl_generator_c
[ 12%] Built target ament_cmake_python_copy_chat4_interfaces
[ 22%] Built target chat4_interfaces__rosidl_typesupport_cpp
[ 32%] Built target chat4_interfaces__rosidl_typesupport_c
[ 41%] Built target chat4_interfaces__rosidl_typesupport_fastrtps_cpp
[ 51%] Built target chat4_interfaces__rosidl_typesupport_fastrtps_c
[ 61%] Built target chat4_interfaces__rosidl_typesupport_introspection_cpp
[ 70%] Built target chat4_interfaces__rosidl_typesupport_introspection_c
[ 70%] Built target chat4_interfaces
[ 74%] Built target chat4_interfaces__py
[ 80%] Built target chat4_interfaces__rosidl_generator_py
[ 87%] Built target chat4_interfaces__rosidl_typesupport_fastrtps_c__pyext
[ 93%] Built target chat4_interfaces__rosidl_typesupport_introspection_c__pyext
[100%] Built target chat4_interfaces__rosidl_typesupport_c__pyext
running egg_info
writing chat4_interfaces.egg-info/PKG-INFO
writing dependency_links to chat4_interfaces.egg-info/dependency_links.txt
writing top-level names to chat4_interfaces.egg-info/top_level.txt
reading manifest file 'chat4_interfaces.egg-info/SOURCES.txt'
writing manifest file 'chat4_interfaces.egg-info/SOURCES.txt'
[100%] Built target ament_cmake_python_build_chat4_interfaces_egg
-- Install configuration: ""
-- Up-to-date: /home/robot/ros2-learning/chapt4/chapt4_ws/install/chat4_interfaces/share/ament_index/resource_index/rosidl_interfaces/chat4_interfaces
-- Up-to-date: /home/robot/ros2-learning/chapt4/chapt4_ws/install/chat4_interfaces/include/chat4_interfaces/chat4_interfaces
-- Up-to-date: /home/robot/ros2-learning/chapt4/chapt4_ws/install/chat4_interfaces/include/chat4_interfaces/chat4_interfaces/msg
-- Up-to-date: /home/robot/ros2-learning/chapt4/chapt4_ws/install/chat4_interfaces/include/chat4_interfaces/chat4_interfaces/msg/rosidl_generator_c__visibility_control.h
-- Up-to-date: /home/robot/ros2-learning/chapt4/chapt4_ws/install/chat4_interfaces/include/chat4_interfaces/chat4_interfaces/srv
-- Up-to-date: /home/robot/ros2-learning/chapt4/chapt4_ws/install/chat4_interfaces/include/chat4_interfaces/chat4_interfaces/srv/face_dector.h
-- Up-to-date: /home/robot/ros2-learning/chapt4/chapt4_ws/install/chat4_interfaces/include/chat4_interfaces/chat4_interfaces/srv/detail
-- Up-to-date: /home/robot/ros2-learning/chapt4/chapt4_ws/install/chat4_interfaces/include/chat4_interfaces/chat4_interfaces/srv/detail/face_dector__struct.h
-- Up-to-date: /home/robot/ros2-learning/chapt4/chapt4_ws/install/chat4_interfaces/include/chat4_interfaces/chat4_interfaces/srv/detail/face_dector__functions.c
-- Up-to-date: /home/robot/ros2-learning/chapt4/chapt4_ws/install/chat4_interfaces/include/chat4_interfaces/chat4_interfaces/srv/detail/face_dector__type_support.h
-- Up-to-date: /home/robot/ros2-learning/chapt4/chapt4_ws/install/chat4_interfaces/include/chat4_interfaces/chat4_interfaces/srv/detail/face_detector__type_support.h
-- Up-to-date: /home/robot/ros2-learning/chapt4/chapt4_ws/install/chat4_interfaces/include/chat4_interfaces/chat4_interfaces/srv/detail/face_detector__functions.h
-- Up-to-date: /home/robot/ros2-learning/chapt4/chapt4_ws/install/chat4_interfaces/include/chat4_interfaces/chat4_interfaces/srv/detail/face_dector__functions.h
-- Up-to-date: /home/robot/ros2-learning/chapt4/chapt4_ws/install/chat4_interfaces/include/chat4_interfaces/chat4_interfaces/srv/detail/face_detector__functions.c
-- Up-to-date: /home/robot/ros2-learning/chapt4/chapt4_ws/install/chat4_interfaces/include/chat4_interfaces/chat4_interfaces/srv/detail/face_detector__struct.h
-- Up-to-date: /home/robot/ros2-learning/chapt4/chapt4_ws/install/chat4_interfaces/include/chat4_interfaces/chat4_interfaces/srv/face_detector.h
-- Up-to-date: /home/robot/ros2-learning/chapt4/chapt4_ws/install/chat4_interfaces/share/chat4_interfaces/environment/library_path.sh
-- Up-to-date: /home/robot/ros2-learning/chapt4/chapt4_ws/install/chat4_interfaces/share/chat4_interfaces/environment/library_path.dsv
-- Up-to-date: /home/robot/ros2-learning/chapt4/chapt4_ws/install/chat4_interfaces/lib/libchat4_interfaces__rosidl_generator_c.so
-- Up-to-date: /home/robot/ros2-learning/chapt4/chapt4_ws/install/chat4_interfaces/include/chat4_interfaces/chat4_interfaces
-- Up-to-date: /home/robot/ros2-learning/chapt4/chapt4_ws/install/chat4_interfaces/include/chat4_interfaces/chat4_interfaces/msg
-- Up-to-date: /home/robot/ros2-learning/chapt4/chapt4_ws/install/chat4_interfaces/include/chat4_interfaces/chat4_interfaces/msg/rosidl_typesupport_fastrtps_c__visibility_control.h
-- Up-to-date: /home/robot/ros2-learning/chapt4/chapt4_ws/install/chat4_interfaces/include/chat4_interfaces/chat4_interfaces/srv
-- Up-to-date: /home/robot/ros2-learning/chapt4/chapt4_ws/install/chat4_interfaces/include/chat4_interfaces/chat4_interfaces/srv/detail
-- Up-to-date: /home/robot/ros2-learning/chapt4/chapt4_ws/install/chat4_interfaces/include/chat4_interfaces/chat4_interfaces/srv/detail/face_detector__rosidl_typesupport_fastrtps_c.h
-- Up-to-date: /home/robot/ros2-learning/chapt4/chapt4_ws/install/chat4_interfaces/include/chat4_interfaces/chat4_interfaces/srv/detail/face_dector__rosidl_typesupport_fastrtps_c.h
-- Up-to-date: /home/robot/ros2-learning/chapt4/chapt4_ws/install/chat4_interfaces/lib/libchat4_interfaces__rosidl_typesupport_fastrtps_c.so
-- Up-to-date: /home/robot/ros2-learning/chapt4/chapt4_ws/install/chat4_interfaces/include/chat4_interfaces/chat4_interfaces
-- Up-to-date: /home/robot/ros2-learning/chapt4/chapt4_ws/install/chat4_interfaces/include/chat4_interfaces/chat4_interfaces/msg
-- Up-to-date: /home/robot/ros2-learning/chapt4/chapt4_ws/install/chat4_interfaces/include/chat4_interfaces/chat4_interfaces/msg/rosidl_generator_cpp__visibility_control.hpp
-- Up-to-date: /home/robot/ros2-learning/chapt4/chapt4_ws/install/chat4_interfaces/include/chat4_interfaces/chat4_interfaces/srv
-- Up-to-date: /home/robot/ros2-learning/chapt4/chapt4_ws/install/chat4_interfaces/include/chat4_interfaces/chat4_interfaces/srv/detail
-- Up-to-date: /home/robot/ros2-learning/chapt4/chapt4_ws/install/chat4_interfaces/include/chat4_interfaces/chat4_interfaces/srv/detail/face_dector__builder.hpp
-- Up-to-date: /home/robot/ros2-learning/chapt4/chapt4_ws/install/chat4_interfaces/include/chat4_interfaces/chat4_interfaces/srv/detail/face_detector__type_support.hpp
-- Up-to-date: /home/robot/ros2-learning/chapt4/chapt4_ws/install/chat4_interfaces/include/chat4_interfaces/chat4_interfaces/srv/detail/face_detector__builder.hpp
-- Up-to-date: /home/robot/ros2-learning/chapt4/chapt4_ws/install/chat4_interfaces/include/chat4_interfaces/chat4_interfaces/srv/detail/face_dector__traits.hpp
-- Up-to-date: /home/robot/ros2-learning/chapt4/chapt4_ws/install/chat4_interfaces/include/chat4_interfaces/chat4_interfaces/srv/detail/face_detector__struct.hpp
-- Up-to-date: /home/robot/ros2-learning/chapt4/chapt4_ws/install/chat4_interfaces/include/chat4_interfaces/chat4_interfaces/srv/detail/face_dector__struct.hpp
-- Up-to-date: /home/robot/ros2-learning/chapt4/chapt4_ws/install/chat4_interfaces/include/chat4_interfaces/chat4_interfaces/srv/detail/face_detector__traits.hpp
-- Up-to-date: /home/robot/ros2-learning/chapt4/chapt4_ws/install/chat4_interfaces/include/chat4_interfaces/chat4_interfaces/srv/detail/face_dector__type_support.hpp
-- Up-to-date: /home/robot/ros2-learning/chapt4/chapt4_ws/install/chat4_interfaces/include/chat4_interfaces/chat4_interfaces/srv/face_detector.hpp
-- Up-to-date: /home/robot/ros2-learning/chapt4/chapt4_ws/install/chat4_interfaces/include/chat4_interfaces/chat4_interfaces/srv/face_dector.hpp
-- Up-to-date: /home/robot/ros2-learning/chapt4/chapt4_ws/install/chat4_interfaces/include/chat4_interfaces/chat4_interfaces
-- Up-to-date: /home/robot/ros2-learning/chapt4/chapt4_ws/install/chat4_interfaces/include/chat4_interfaces/chat4_interfaces/msg
-- Up-to-date: /home/robot/ros2-learning/chapt4/chapt4_ws/install/chat4_interfaces/include/chat4_interfaces/chat4_interfaces/msg/rosidl_typesupport_fastrtps_cpp__visibility_control.h
-- Up-to-date: /home/robot/ros2-learning/chapt4/chapt4_ws/install/chat4_interfaces/include/chat4_interfaces/chat4_interfaces/srv
-- Up-to-date: /home/robot/ros2-learning/chapt4/chapt4_ws/install/chat4_interfaces/include/chat4_interfaces/chat4_interfaces/srv/detail
-- Up-to-date: /home/robot/ros2-learning/chapt4/chapt4_ws/install/chat4_interfaces/include/chat4_interfaces/chat4_interfaces/srv/detail/face_detector__rosidl_typesupport_fastrtps_cpp.hpp
-- Up-to-date: /home/robot/ros2-learning/chapt4/chapt4_ws/install/chat4_interfaces/include/chat4_interfaces/chat4_interfaces/srv/detail/face_dector__rosidl_typesupport_fastrtps_cpp.hpp
-- Up-to-date: /home/robot/ros2-learning/chapt4/chapt4_ws/install/chat4_interfaces/include/chat4_interfaces/chat4_interfaces/srv/detail/dds_fastrtps
-- Up-to-date: /home/robot/ros2-learning/chapt4/chapt4_ws/install/chat4_interfaces/lib/libchat4_interfaces__rosidl_typesupport_fastrtps_cpp.so
-- Up-to-date: /home/robot/ros2-learning/chapt4/chapt4_ws/install/chat4_interfaces/include/chat4_interfaces/chat4_interfaces
-- Up-to-date: /home/robot/ros2-learning/chapt4/chapt4_ws/install/chat4_interfaces/include/chat4_interfaces/chat4_interfaces/msg
-- Up-to-date: /home/robot/ros2-learning/chapt4/chapt4_ws/install/chat4_interfaces/include/chat4_interfaces/chat4_interfaces/msg/rosidl_typesupport_introspection_c__visibility_control.h
-- Up-to-date: /home/robot/ros2-learning/chapt4/chapt4_ws/install/chat4_interfaces/include/chat4_interfaces/chat4_interfaces/srv
-- Up-to-date: /home/robot/ros2-learning/chapt4/chapt4_ws/install/chat4_interfaces/include/chat4_interfaces/chat4_interfaces/srv/detail
-- Up-to-date: /home/robot/ros2-learning/chapt4/chapt4_ws/install/chat4_interfaces/include/chat4_interfaces/chat4_interfaces/srv/detail/face_detector__type_support.c
-- Up-to-date: /home/robot/ros2-learning/chapt4/chapt4_ws/install/chat4_interfaces/include/chat4_interfaces/chat4_interfaces/srv/detail/face_detector__rosidl_typesupport_introspection_c.h
-- Up-to-date: /home/robot/ros2-learning/chapt4/chapt4_ws/install/chat4_interfaces/include/chat4_interfaces/chat4_interfaces/srv/detail/face_dector__rosidl_typesupport_introspection_c.h
-- Up-to-date: /home/robot/ros2-learning/chapt4/chapt4_ws/install/chat4_interfaces/include/chat4_interfaces/chat4_interfaces/srv/detail/face_dector__type_support.c
-- Up-to-date: /home/robot/ros2-learning/chapt4/chapt4_ws/install/chat4_interfaces/lib/libchat4_interfaces__rosidl_typesupport_introspection_c.so
-- Up-to-date: /home/robot/ros2-learning/chapt4/chapt4_ws/install/chat4_interfaces/lib/libchat4_interfaces__rosidl_typesupport_c.so
-- Up-to-date: /home/robot/ros2-learning/chapt4/chapt4_ws/install/chat4_interfaces/include/chat4_interfaces/chat4_interfaces
-- Up-to-date: /home/robot/ros2-learning/chapt4/chapt4_ws/install/chat4_interfaces/include/chat4_interfaces/chat4_interfaces/srv
-- Up-to-date: /home/robot/ros2-learning/chapt4/chapt4_ws/install/chat4_interfaces/include/chat4_interfaces/chat4_interfaces/srv/detail
-- Up-to-date: /home/robot/ros2-learning/chapt4/chapt4_ws/install/chat4_interfaces/include/chat4_interfaces/chat4_interfaces/srv/detail/face_dector__rosidl_typesupport_introspection_cpp.hpp
-- Up-to-date: /home/robot/ros2-learning/chapt4/chapt4_ws/install/chat4_interfaces/include/chat4_interfaces/chat4_interfaces/srv/detail/face_detector__type_support.cpp
-- Up-to-date: /home/robot/ros2-learning/chapt4/chapt4_ws/install/chat4_interfaces/include/chat4_interfaces/chat4_interfaces/srv/detail/face_dector__type_support.cpp
-- Up-to-date: /home/robot/ros2-learning/chapt4/chapt4_ws/install/chat4_interfaces/include/chat4_interfaces/chat4_interfaces/srv/detail/face_detector__rosidl_typesupport_introspection_cpp.hpp
-- Up-to-date: /home/robot/ros2-learning/chapt4/chapt4_ws/install/chat4_interfaces/lib/libchat4_interfaces__rosidl_typesupport_introspection_cpp.so
-- Up-to-date: /home/robot/ros2-learning/chapt4/chapt4_ws/install/chat4_interfaces/lib/libchat4_interfaces__rosidl_typesupport_cpp.so
-- Up-to-date: /home/robot/ros2-learning/chapt4/chapt4_ws/install/chat4_interfaces/share/chat4_interfaces/environment/pythonpath.sh
-- Up-to-date: /home/robot/ros2-learning/chapt4/chapt4_ws/install/chat4_interfaces/share/chat4_interfaces/environment/pythonpath.dsv
-- Up-to-date: /home/robot/ros2-learning/chapt4/chapt4_ws/install/chat4_interfaces/local/lib/python3.10/dist-packages/chat4_interfaces-0.0.0-py3.10.egg-info
-- Installing: /home/robot/ros2-learning/chapt4/chapt4_ws/install/chat4_interfaces/local/lib/python3.10/dist-packages/chat4_interfaces-0.0.0-py3.10.egg-info/top_level.txt
-- Installing: /home/robot/ros2-learning/chapt4/chapt4_ws/install/chat4_interfaces/local/lib/python3.10/dist-packages/chat4_interfaces-0.0.0-py3.10.egg-info/PKG-INFO
-- Installing: /home/robot/ros2-learning/chapt4/chapt4_ws/install/chat4_interfaces/local/lib/python3.10/dist-packages/chat4_interfaces-0.0.0-py3.10.egg-info/SOURCES.txt
-- Installing: /home/robot/ros2-learning/chapt4/chapt4_ws/install/chat4_interfaces/local/lib/python3.10/dist-packages/chat4_interfaces-0.0.0-py3.10.egg-info/dependency_links.txt
-- Up-to-date: /home/robot/ros2-learning/chapt4/chapt4_ws/install/chat4_interfaces/local/lib/python3.10/dist-packages/chat4_interfaces
-- Up-to-date: /home/robot/ros2-learning/chapt4/chapt4_ws/install/chat4_interfaces/local/lib/python3.10/dist-packages/chat4_interfaces/_chat4_interfaces_s.ep.rosidl_typesupport_c.c
-- Up-to-date: /home/robot/ros2-learning/chapt4/chapt4_ws/install/chat4_interfaces/local/lib/python3.10/dist-packages/chat4_interfaces/__init__.py
-- Up-to-date: /home/robot/ros2-learning/chapt4/chapt4_ws/install/chat4_interfaces/local/lib/python3.10/dist-packages/chat4_interfaces/srv
-- Up-to-date: /home/robot/ros2-learning/chapt4/chapt4_ws/install/chat4_interfaces/local/lib/python3.10/dist-packages/chat4_interfaces/srv/_face_dector.py
-- Up-to-date: /home/robot/ros2-learning/chapt4/chapt4_ws/install/chat4_interfaces/local/lib/python3.10/dist-packages/chat4_interfaces/srv/_face_dector_s.c
-- Up-to-date: /home/robot/ros2-learning/chapt4/chapt4_ws/install/chat4_interfaces/local/lib/python3.10/dist-packages/chat4_interfaces/srv/__init__.py
-- Up-to-date: /home/robot/ros2-learning/chapt4/chapt4_ws/install/chat4_interfaces/local/lib/python3.10/dist-packages/chat4_interfaces/srv/_face_detector.py
-- Up-to-date: /home/robot/ros2-learning/chapt4/chapt4_ws/install/chat4_interfaces/local/lib/python3.10/dist-packages/chat4_interfaces/srv/_face_detector_s.c
-- Up-to-date: /home/robot/ros2-learning/chapt4/chapt4_ws/install/chat4_interfaces/local/lib/python3.10/dist-packages/chat4_interfaces/libchat4_interfaces__rosidl_generator_py.so
-- Up-to-date: /home/robot/ros2-learning/chapt4/chapt4_ws/install/chat4_interfaces/local/lib/python3.10/dist-packages/chat4_interfaces/chat4_interfaces_s__rosidl_typesupport_introspection_c.cpython-310-x86_64-linux-gnu.so
-- Up-to-date: /home/robot/ros2-learning/chapt4/chapt4_ws/install/chat4_interfaces/local/lib/python3.10/dist-packages/chat4_interfaces/_chat4_interfaces_s.ep.rosidl_typesupport_fastrtps_c.c
-- Up-to-date: /home/robot/ros2-learning/chapt4/chapt4_ws/install/chat4_interfaces/local/lib/python3.10/dist-packages/chat4_interfaces/_chat4_interfaces_s.ep.rosidl_typesupport_introspection_c.c
-- Up-to-date: /home/robot/ros2-learning/chapt4/chapt4_ws/install/chat4_interfaces/local/lib/python3.10/dist-packages/chat4_interfaces/chat4_interfaces_s__rosidl_typesupport_fastrtps_c.cpython-310-x86_64-linux-gnu.so
-- Up-to-date: /home/robot/ros2-learning/chapt4/chapt4_ws/install/chat4_interfaces/local/lib/python3.10/dist-packages/chat4_interfaces/chat4_interfaces_s__rosidl_typesupport_c.cpython-310-x86_64-linux-gnu.so
Listing '/home/robot/ros2-learning/chapt4/chapt4_ws/install/chat4_interfaces/local/lib/python3.10/dist-packages/chat4_interfaces'...
Listing '/home/robot/ros2-learning/chapt4/chapt4_ws/install/chat4_interfaces/local/lib/python3.10/dist-packages/chat4_interfaces/srv'...
-- Up-to-date: /home/robot/ros2-learning/chapt4/chapt4_ws/install/chat4_interfaces/local/lib/python3.10/dist-packages/chat4_interfaces/chat4_interfaces_s__rosidl_typesupport_fastrtps_c.cpython-310-x86_64-linux-gnu.so
-- Up-to-date: /home/robot/ros2-learning/chapt4/chapt4_ws/install/chat4_interfaces/local/lib/python3.10/dist-packages/chat4_interfaces/chat4_interfaces_s__rosidl_typesupport_introspection_c.cpython-310-x86_64-linux-gnu.so
-- Up-to-date: /home/robot/ros2-learning/chapt4/chapt4_ws/install/chat4_interfaces/local/lib/python3.10/dist-packages/chat4_interfaces/chat4_interfaces_s__rosidl_typesupport_c.cpython-310-x86_64-linux-gnu.so
-- Up-to-date: /home/robot/ros2-learning/chapt4/chapt4_ws/install/chat4_interfaces/lib/libchat4_interfaces__rosidl_generator_py.so
-- Up-to-date: /home/robot/ros2-learning/chapt4/chapt4_ws/install/chat4_interfaces/share/chat4_interfaces/srv/FaceDetector.idl
-- Up-to-date: /home/robot/ros2-learning/chapt4/chapt4_ws/install/chat4_interfaces/share/chat4_interfaces/srv/FaceDetector.srv
-- Up-to-date: /home/robot/ros2-learning/chapt4/chapt4_ws/install/chat4_interfaces/share/chat4_interfaces/srv/FaceDetector_Request.msg
-- Up-to-date: /home/robot/ros2-learning/chapt4/chapt4_ws/install/chat4_interfaces/share/chat4_interfaces/srv/FaceDetector_Response.msg
-- Up-to-date: /home/robot/ros2-learning/chapt4/chapt4_ws/install/chat4_interfaces/share/ament_index/resource_index/package_run_dependencies/chat4_interfaces
-- Up-to-date: /home/robot/ros2-learning/chapt4/chapt4_ws/install/chat4_interfaces/share/ament_index/resource_index/parent_prefix_path/chat4_interfaces
-- Up-to-date: /home/robot/ros2-learning/chapt4/chapt4_ws/install/chat4_interfaces/share/chat4_interfaces/environment/ament_prefix_path.sh
-- Up-to-date: /home/robot/ros2-learning/chapt4/chapt4_ws/install/chat4_interfaces/share/chat4_interfaces/environment/ament_prefix_path.dsv
-- Up-to-date: /home/robot/ros2-learning/chapt4/chapt4_ws/install/chat4_interfaces/share/chat4_interfaces/environment/path.sh
-- Up-to-date: /home/robot/ros2-learning/chapt4/chapt4_ws/install/chat4_interfaces/share/chat4_interfaces/environment/path.dsv
-- Up-to-date: /home/robot/ros2-learning/chapt4/chapt4_ws/install/chat4_interfaces/share/chat4_interfaces/local_setup.bash
-- Up-to-date: /home/robot/ros2-learning/chapt4/chapt4_ws/install/chat4_interfaces/share/chat4_interfaces/local_setup.sh
-- Up-to-date: /home/robot/ros2-learning/chapt4/chapt4_ws/install/chat4_interfaces/share/chat4_interfaces/local_setup.zsh
-- Up-to-date: /home/robot/ros2-learning/chapt4/chapt4_ws/install/chat4_interfaces/share/chat4_interfaces/local_setup.dsv
-- Installing: /home/robot/ros2-learning/chapt4/chapt4_ws/install/chat4_interfaces/share/chat4_interfaces/package.dsv
-- Up-to-date: /home/robot/ros2-learning/chapt4/chapt4_ws/install/chat4_interfaces/share/ament_index/resource_index/packages/chat4_interfaces
-- Up-to-date: /home/robot/ros2-learning/chapt4/chapt4_ws/install/chat4_interfaces/share/chat4_interfaces/cmake/export_chat4_interfaces__rosidl_generator_cExport.cmake
-- Up-to-date: /home/robot/ros2-learning/chapt4/chapt4_ws/install/chat4_interfaces/share/chat4_interfaces/cmake/export_chat4_interfaces__rosidl_generator_cExport-noconfig.cmake
-- Up-to-date: /home/robot/ros2-learning/chapt4/chapt4_ws/install/chat4_interfaces/share/chat4_interfaces/cmake/export_chat4_interfaces__rosidl_typesupport_fastrtps_cExport.cmake
-- Up-to-date: /home/robot/ros2-learning/chapt4/chapt4_ws/install/chat4_interfaces/share/chat4_interfaces/cmake/export_chat4_interfaces__rosidl_typesupport_fastrtps_cExport-noconfig.cmake
-- Up-to-date: /home/robot/ros2-learning/chapt4/chapt4_ws/install/chat4_interfaces/share/chat4_interfaces/cmake/export_chat4_interfaces__rosidl_generator_cppExport.cmake
-- Up-to-date: /home/robot/ros2-learning/chapt4/chapt4_ws/install/chat4_interfaces/share/chat4_interfaces/cmake/export_chat4_interfaces__rosidl_typesupport_fastrtps_cppExport.cmake
-- Up-to-date: /home/robot/ros2-learning/chapt4/chapt4_ws/install/chat4_interfaces/share/chat4_interfaces/cmake/export_chat4_interfaces__rosidl_typesupport_fastrtps_cppExport-noconfig.cmake
-- Up-to-date: /home/robot/ros2-learning/chapt4/chapt4_ws/install/chat4_interfaces/share/chat4_interfaces/cmake/chat4_interfaces__rosidl_typesupport_introspection_cExport.cmake
-- Up-to-date: /home/robot/ros2-learning/chapt4/chapt4_ws/install/chat4_interfaces/share/chat4_interfaces/cmake/chat4_interfaces__rosidl_typesupport_introspection_cExport-noconfig.cmake
-- Up-to-date: /home/robot/ros2-learning/chapt4/chapt4_ws/install/chat4_interfaces/share/chat4_interfaces/cmake/chat4_interfaces__rosidl_typesupport_cExport.cmake
-- Up-to-date: /home/robot/ros2-learning/chapt4/chapt4_ws/install/chat4_interfaces/share/chat4_interfaces/cmake/chat4_interfaces__rosidl_typesupport_cExport-noconfig.cmake
-- Up-to-date: /home/robot/ros2-learning/chapt4/chapt4_ws/install/chat4_interfaces/share/chat4_interfaces/cmake/chat4_interfaces__rosidl_typesupport_introspection_cppExport.cmake
-- Up-to-date: /home/robot/ros2-learning/chapt4/chapt4_ws/install/chat4_interfaces/share/chat4_interfaces/cmake/chat4_interfaces__rosidl_typesupport_introspection_cppExport-noconfig.cmake
-- Up-to-date: /home/robot/ros2-learning/chapt4/chapt4_ws/install/chat4_interfaces/share/chat4_interfaces/cmake/chat4_interfaces__rosidl_typesupport_cppExport.cmake
-- Up-to-date: /home/robot/ros2-learning/chapt4/chapt4_ws/install/chat4_interfaces/share/chat4_interfaces/cmake/chat4_interfaces__rosidl_typesupport_cppExport-noconfig.cmake
-- Up-to-date: /home/robot/ros2-learning/chapt4/chapt4_ws/install/chat4_interfaces/share/chat4_interfaces/cmake/export_chat4_interfaces__rosidl_generator_pyExport.cmake
-- Up-to-date: /home/robot/ros2-learning/chapt4/chapt4_ws/install/chat4_interfaces/share/chat4_interfaces/cmake/export_chat4_interfaces__rosidl_generator_pyExport-noconfig.cmake
-- Up-to-date: /home/robot/ros2-learning/chapt4/chapt4_ws/install/chat4_interfaces/share/chat4_interfaces/cmake/rosidl_cmake-extras.cmake
-- Up-to-date: /home/robot/ros2-learning/chapt4/chapt4_ws/install/chat4_interfaces/share/chat4_interfaces/cmake/ament_cmake_export_dependencies-extras.cmake
-- Up-to-date: /home/robot/ros2-learning/chapt4/chapt4_ws/install/chat4_interfaces/share/chat4_interfaces/cmake/ament_cmake_export_include_directories-extras.cmake
-- Up-to-date: /home/robot/ros2-learning/chapt4/chapt4_ws/install/chat4_interfaces/share/chat4_interfaces/cmake/ament_cmake_export_libraries-extras.cmake
-- Up-to-date: /home/robot/ros2-learning/chapt4/chapt4_ws/install/chat4_interfaces/share/chat4_interfaces/cmake/ament_cmake_export_targets-extras.cmake
-- Up-to-date: /home/robot/ros2-learning/chapt4/chapt4_ws/install/chat4_interfaces/share/chat4_interfaces/cmake/rosidl_cmake_export_typesupport_targets-extras.cmake
-- Up-to-date: /home/robot/ros2-learning/chapt4/chapt4_ws/install/chat4_interfaces/share/chat4_interfaces/cmake/rosidl_cmake_export_typesupport_libraries-extras.cmake
-- Up-to-date: /home/robot/ros2-learning/chapt4/chapt4_ws/install/chat4_interfaces/share/chat4_interfaces/cmake/chat4_interfacesConfig.cmake
-- Up-to-date: /home/robot/ros2-learning/chapt4/chapt4_ws/install/chat4_interfaces/share/chat4_interfaces/cmake/chat4_interfacesConfig-version.cmake
-- Up-to-date: /home/robot/ros2-learning/chapt4/chapt4_ws/install/chat4_interfaces/share/chat4_interfaces/package.xml
