[0.005s] Invoking command in '/home/robot/ros2-learning/chapt3/topic_practice_ws/build/status_display': CMAKE_PREFIX_PATH=/home/robot/ros2-learning/chapt3/topic_practice_ws/install/status_interface:/home/robot/ros2-learning/chapt3/topic_practice_ws/install/status_display:/home/robot/ros2-learning/chapt3/topic_practice_ws/install/status_publisher:/opt/ros/humble /usr/bin/cmake --build /home/robot/ros2-learning/chapt3/topic_practice_ws/build/status_display -- -j32 -l32
[0.027s] -- Found ament_cmake: 1.3.11 (/opt/ros/humble/share/ament_cmake/cmake)
[0.092s] -- Found rclcpp: 16.0.12 (/opt/ros/humble/share/rclcpp/cmake)
[0.104s] -- Found rosidl_generator_c: 3.1.6 (/opt/ros/humble/share/rosidl_generator_c/cmake)
[0.106s] -- Found rosidl_adapter: 3.1.6 (/opt/ros/humble/share/rosidl_adapter/cmake)
[0.108s] -- Found rosidl_generator_cpp: 3.1.6 (/opt/ros/humble/share/rosidl_generator_cpp/cmake)
[0.112s] -- Using all available rosidl_typesupport_c: rosidl_typesupport_fastrtps_c;rosidl_typesupport_introspection_c
[0.117s] -- Using all available rosidl_typesupport_cpp: rosidl_typesupport_fastrtps_cpp;rosidl_typesupport_introspection_cpp
[0.132s] -- Found rmw_implementation_cmake: 6.1.2 (/opt/ros/humble/share/rmw_implementation_cmake/cmake)
[0.132s] -- Found rmw_fastrtps_cpp: 6.2.7 (/opt/ros/humble/share/rmw_fastrtps_cpp/cmake)
[0.184s] -- Using RMW implementation 'rmw_fastrtps_cpp' as default
[0.205s] -- Found status_interface: 0.0.0 (/home/robot/ros2-learning/chapt3/topic_practice_ws/install/status_interface/share/status_interface/cmake)
[0.214s] -- Found ament_lint_auto: 0.12.12 (/opt/ros/humble/share/ament_lint_auto/cmake)
[0.250s] -- Added test 'cppcheck' to perform static code analysis on C / C++ code
[0.250s] -- Configured cppcheck include dirs: 
[0.250s] -- Configured cppcheck exclude dirs and/or files: 
[0.250s] -- Added test 'lint_cmake' to check CMake code style
[0.250s] -- Added test 'uncrustify' to check C / C++ code style
[0.250s] -- Configured uncrustify additional arguments: 
[0.251s] -- Added test 'xmllint' to check XML markup files
[0.251s] -- Configuring done
[0.255s] -- Generating done
[0.257s] -- Build files have been written to: /home/robot/ros2-learning/chapt3/topic_practice_ws/build/status_display
[0.282s] [ 50%] [32mBuilding CXX object CMakeFiles/sys_status_display.dir/src/sys_status_display.cpp.o[0m
[3.982s] [100%] [32m[1mLinking CXX executable sys_status_display[0m
[4.330s] [100%] Built target sys_status_display
[4.339s] Invoked command in '/home/robot/ros2-learning/chapt3/topic_practice_ws/build/status_display' returned '0': CMAKE_PREFIX_PATH=/home/robot/ros2-learning/chapt3/topic_practice_ws/install/status_interface:/home/robot/ros2-learning/chapt3/topic_practice_ws/install/status_display:/home/robot/ros2-learning/chapt3/topic_practice_ws/install/status_publisher:/opt/ros/humble /usr/bin/cmake --build /home/robot/ros2-learning/chapt3/topic_practice_ws/build/status_display -- -j32 -l32
[4.339s] Invoking command in '/home/robot/ros2-learning/chapt3/topic_practice_ws/build/status_display': CMAKE_PREFIX_PATH=/home/robot/ros2-learning/chapt3/topic_practice_ws/install/status_interface:/home/robot/ros2-learning/chapt3/topic_practice_ws/install/status_display:/home/robot/ros2-learning/chapt3/topic_practice_ws/install/status_publisher:/opt/ros/humble /usr/bin/cmake --install /home/robot/ros2-learning/chapt3/topic_practice_ws/build/status_display
[4.342s] -- Install configuration: ""
[4.342s] -- Installing: /home/robot/ros2-learning/chapt3/topic_practice_ws/install/status_display/lib/status_display/sys_status_display
[4.343s] -- Set runtime path of "/home/robot/ros2-learning/chapt3/topic_practice_ws/install/status_display/lib/status_display/sys_status_display" to ""
[4.344s] -- Up-to-date: /home/robot/ros2-learning/chapt3/topic_practice_ws/install/status_display/share/ament_index/resource_index/package_run_dependencies/status_display
[4.344s] -- Installing: /home/robot/ros2-learning/chapt3/topic_practice_ws/install/status_display/share/ament_index/resource_index/parent_prefix_path/status_display
[4.344s] -- Up-to-date: /home/robot/ros2-learning/chapt3/topic_practice_ws/install/status_display/share/status_display/environment/ament_prefix_path.sh
[4.344s] -- Installing: /home/robot/ros2-learning/chapt3/topic_practice_ws/install/status_display/share/status_display/environment/ament_prefix_path.dsv
[4.344s] -- Up-to-date: /home/robot/ros2-learning/chapt3/topic_practice_ws/install/status_display/share/status_display/environment/path.sh
[4.344s] -- Installing: /home/robot/ros2-learning/chapt3/topic_practice_ws/install/status_display/share/status_display/environment/path.dsv
[4.344s] -- Up-to-date: /home/robot/ros2-learning/chapt3/topic_practice_ws/install/status_display/share/status_display/local_setup.bash
[4.344s] -- Up-to-date: /home/robot/ros2-learning/chapt3/topic_practice_ws/install/status_display/share/status_display/local_setup.sh
[4.344s] -- Up-to-date: /home/robot/ros2-learning/chapt3/topic_practice_ws/install/status_display/share/status_display/local_setup.zsh
[4.344s] -- Installing: /home/robot/ros2-learning/chapt3/topic_practice_ws/install/status_display/share/status_display/local_setup.dsv
[4.344s] -- Installing: /home/robot/ros2-learning/chapt3/topic_practice_ws/install/status_display/share/status_display/package.dsv
[4.344s] -- Up-to-date: /home/robot/ros2-learning/chapt3/topic_practice_ws/install/status_display/share/ament_index/resource_index/packages/status_display
[4.344s] -- Up-to-date: /home/robot/ros2-learning/chapt3/topic_practice_ws/install/status_display/share/status_display/cmake/status_displayConfig.cmake
[4.344s] -- Up-to-date: /home/robot/ros2-learning/chapt3/topic_practice_ws/install/status_display/share/status_display/cmake/status_displayConfig-version.cmake
[4.344s] -- Up-to-date: /home/robot/ros2-learning/chapt3/topic_practice_ws/install/status_display/share/status_display/package.xml
[4.345s] Invoked command in '/home/robot/ros2-learning/chapt3/topic_practice_ws/build/status_display' returned '0': CMAKE_PREFIX_PATH=/home/robot/ros2-learning/chapt3/topic_practice_ws/install/status_interface:/home/robot/ros2-learning/chapt3/topic_practice_ws/install/status_display:/home/robot/ros2-learning/chapt3/topic_practice_ws/install/status_publisher:/opt/ros/humble /usr/bin/cmake --install /home/robot/ros2-learning/chapt3/topic_practice_ws/build/status_display
