[0.043s] DEBUG:colcon:Command line arguments: ['/usr/bin/colcon', 'build']
[0.043s] DEBUG:colcon:Parsed command line arguments: Namespace(log_base=None, log_level=None, verb_name='build', build_base='build', install_base='install', merge_install=False, symlink_install=False, test_result_base=None, continue_on_error=False, executor='parallel', parallel_workers=32, event_handlers=None, ignore_user_meta=False, metas=['./colcon.meta'], base_paths=['.'], packages_ignore=None, packages_ignore_regex=None, paths=None, packages_up_to=None, packages_up_to_regex=None, packages_above=None, packages_above_and_dependencies=None, packages_above_depth=None, packages_select_by_dep=None, packages_skip_by_dep=None, packages_skip_up_to=None, packages_select_build_failed=False, packages_skip_build_finished=False, packages_select_test_failures=False, packages_skip_test_passed=False, packages_select=None, packages_skip=None, packages_select_regex=None, packages_skip_regex=None, packages_start=None, packages_end=None, allow_overriding=[], cmake_args=None, cmake_target=None, cmake_target_skip_unavailable=False, cmake_clean_cache=False, cmake_clean_first=False, cmake_force_configure=False, ament_cmake_args=None, catkin_cmake_args=None, catkin_skip_building_tests=False, verb_parser=<colcon_defaults.argument_parser.defaults.DefaultArgumentsDecorator object at 0x72e95646cb20>, verb_extension=<colcon_core.verb.build.BuildVerb object at 0x72e9565e56f0>, main=<bound method BuildVerb.main of <colcon_core.verb.build.BuildVerb object at 0x72e9565e56f0>>)
[0.112s] Level 1:colcon.colcon_core.package_discovery:discover_packages(colcon_meta) check parameters
[0.112s] Level 1:colcon.colcon_core.package_discovery:discover_packages(recursive) check parameters
[0.112s] Level 1:colcon.colcon_core.package_discovery:discover_packages(ignore) check parameters
[0.112s] Level 1:colcon.colcon_core.package_discovery:discover_packages(path) check parameters
[0.112s] Level 1:colcon.colcon_core.package_discovery:discover_packages(colcon_meta) discover
[0.112s] Level 1:colcon.colcon_core.package_discovery:discover_packages(recursive) discover
[0.112s] INFO:colcon.colcon_core.package_discovery:Crawling recursively for packages in '/home/robot/ros2-learning/chapt3/topic_practice_ws'
[0.112s] Level 1:colcon.colcon_core.package_identification:_identify(.) by extensions ['ignore', 'ignore_ament_install']
[0.113s] Level 1:colcon.colcon_core.package_identification:_identify(.) by extension 'ignore'
[0.113s] Level 1:colcon.colcon_core.package_identification:_identify(.) by extension 'ignore_ament_install'
[0.113s] Level 1:colcon.colcon_core.package_identification:_identify(.) by extensions ['colcon_pkg']
[0.113s] Level 1:colcon.colcon_core.package_identification:_identify(.) by extension 'colcon_pkg'
[0.113s] Level 1:colcon.colcon_core.package_identification:_identify(.) by extensions ['colcon_meta']
[0.113s] Level 1:colcon.colcon_core.package_identification:_identify(.) by extension 'colcon_meta'
[0.113s] Level 1:colcon.colcon_core.package_identification:_identify(.) by extensions ['ros']
[0.113s] Level 1:colcon.colcon_core.package_identification:_identify(.) by extension 'ros'
[0.118s] Level 1:colcon.colcon_core.package_identification:_identify(.) by extensions ['cmake', 'python']
[0.118s] Level 1:colcon.colcon_core.package_identification:_identify(.) by extension 'cmake'
[0.118s] Level 1:colcon.colcon_core.package_identification:_identify(.) by extension 'python'
[0.118s] Level 1:colcon.colcon_core.package_identification:_identify(.) by extensions ['python_setup_py']
[0.118s] Level 1:colcon.colcon_core.package_identification:_identify(.) by extension 'python_setup_py'
[0.118s] Level 1:colcon.colcon_core.package_identification:_identify(build) by extensions ['ignore', 'ignore_ament_install']
[0.118s] Level 1:colcon.colcon_core.package_identification:_identify(build) by extension 'ignore'
[0.118s] Level 1:colcon.colcon_core.package_identification:_identify(build) ignored
[0.118s] Level 1:colcon.colcon_core.package_identification:_identify(install) by extensions ['ignore', 'ignore_ament_install']
[0.118s] Level 1:colcon.colcon_core.package_identification:_identify(install) by extension 'ignore'
[0.118s] Level 1:colcon.colcon_core.package_identification:_identify(install) ignored
[0.118s] Level 1:colcon.colcon_core.package_identification:_identify(log) by extensions ['ignore', 'ignore_ament_install']
[0.118s] Level 1:colcon.colcon_core.package_identification:_identify(log) by extension 'ignore'
[0.118s] Level 1:colcon.colcon_core.package_identification:_identify(log) ignored
[0.118s] Level 1:colcon.colcon_core.package_identification:_identify(src) by extensions ['ignore', 'ignore_ament_install']
[0.118s] Level 1:colcon.colcon_core.package_identification:_identify(src) by extension 'ignore'
[0.118s] Level 1:colcon.colcon_core.package_identification:_identify(src) by extension 'ignore_ament_install'
[0.118s] Level 1:colcon.colcon_core.package_identification:_identify(src) by extensions ['colcon_pkg']
[0.118s] Level 1:colcon.colcon_core.package_identification:_identify(src) by extension 'colcon_pkg'
[0.118s] Level 1:colcon.colcon_core.package_identification:_identify(src) by extensions ['colcon_meta']
[0.118s] Level 1:colcon.colcon_core.package_identification:_identify(src) by extension 'colcon_meta'
[0.118s] Level 1:colcon.colcon_core.package_identification:_identify(src) by extensions ['ros']
[0.118s] Level 1:colcon.colcon_core.package_identification:_identify(src) by extension 'ros'
[0.118s] Level 1:colcon.colcon_core.package_identification:_identify(src) by extensions ['cmake', 'python']
[0.118s] Level 1:colcon.colcon_core.package_identification:_identify(src) by extension 'cmake'
[0.118s] Level 1:colcon.colcon_core.package_identification:_identify(src) by extension 'python'
[0.118s] Level 1:colcon.colcon_core.package_identification:_identify(src) by extensions ['python_setup_py']
[0.118s] Level 1:colcon.colcon_core.package_identification:_identify(src) by extension 'python_setup_py'
[0.118s] Level 1:colcon.colcon_core.package_identification:_identify(src/status_display) by extensions ['ignore', 'ignore_ament_install']
[0.118s] Level 1:colcon.colcon_core.package_identification:_identify(src/status_display) by extension 'ignore'
[0.118s] Level 1:colcon.colcon_core.package_identification:_identify(src/status_display) by extension 'ignore_ament_install'
[0.118s] Level 1:colcon.colcon_core.package_identification:_identify(src/status_display) by extensions ['colcon_pkg']
[0.118s] Level 1:colcon.colcon_core.package_identification:_identify(src/status_display) by extension 'colcon_pkg'
[0.118s] Level 1:colcon.colcon_core.package_identification:_identify(src/status_display) by extensions ['colcon_meta']
[0.118s] Level 1:colcon.colcon_core.package_identification:_identify(src/status_display) by extension 'colcon_meta'
[0.118s] Level 1:colcon.colcon_core.package_identification:_identify(src/status_display) by extensions ['ros']
[0.118s] Level 1:colcon.colcon_core.package_identification:_identify(src/status_display) by extension 'ros'
[0.120s] DEBUG:colcon.colcon_core.package_identification:Package 'src/status_display' with type 'ros.ament_cmake' and name 'status_display'
[0.120s] Level 1:colcon.colcon_core.package_identification:_identify(src/status_interface) by extensions ['ignore', 'ignore_ament_install']
[0.120s] Level 1:colcon.colcon_core.package_identification:_identify(src/status_interface) by extension 'ignore'
[0.120s] Level 1:colcon.colcon_core.package_identification:_identify(src/status_interface) by extension 'ignore_ament_install'
[0.120s] Level 1:colcon.colcon_core.package_identification:_identify(src/status_interface) by extensions ['colcon_pkg']
[0.120s] Level 1:colcon.colcon_core.package_identification:_identify(src/status_interface) by extension 'colcon_pkg'
[0.120s] Level 1:colcon.colcon_core.package_identification:_identify(src/status_interface) by extensions ['colcon_meta']
[0.120s] Level 1:colcon.colcon_core.package_identification:_identify(src/status_interface) by extension 'colcon_meta'
[0.120s] Level 1:colcon.colcon_core.package_identification:_identify(src/status_interface) by extensions ['ros']
[0.120s] Level 1:colcon.colcon_core.package_identification:_identify(src/status_interface) by extension 'ros'
[0.120s] DEBUG:colcon.colcon_core.package_identification:Package 'src/status_interface' with type 'ros.ament_cmake' and name 'status_interface'
[0.120s] Level 1:colcon.colcon_core.package_identification:_identify(src/status_publisher) by extensions ['ignore', 'ignore_ament_install']
[0.124s] Level 1:colcon.colcon_core.package_identification:_identify(src/status_publisher) by extension 'ignore'
[0.124s] Level 1:colcon.colcon_core.package_identification:_identify(src/status_publisher) by extension 'ignore_ament_install'
[0.124s] Level 1:colcon.colcon_core.package_identification:_identify(src/status_publisher) by extensions ['colcon_pkg']
[0.124s] Level 1:colcon.colcon_core.package_identification:_identify(src/status_publisher) by extension 'colcon_pkg'
[0.124s] Level 1:colcon.colcon_core.package_identification:_identify(src/status_publisher) by extensions ['colcon_meta']
[0.124s] Level 1:colcon.colcon_core.package_identification:_identify(src/status_publisher) by extension 'colcon_meta'
[0.124s] Level 1:colcon.colcon_core.package_identification:_identify(src/status_publisher) by extensions ['ros']
[0.124s] Level 1:colcon.colcon_core.package_identification:_identify(src/status_publisher) by extension 'ros'
[0.124s] DEBUG:colcon.colcon_core.package_identification:Package 'src/status_publisher' with type 'ros.ament_python' and name 'status_publisher'
[0.124s] Level 1:colcon.colcon_core.package_discovery:discover_packages(recursive) using defaults
[0.124s] Level 1:colcon.colcon_core.package_discovery:discover_packages(ignore) discover
[0.124s] Level 1:colcon.colcon_core.package_discovery:discover_packages(ignore) using defaults
[0.124s] Level 1:colcon.colcon_core.package_discovery:discover_packages(path) discover
[0.124s] Level 1:colcon.colcon_core.package_discovery:discover_packages(path) using defaults
[0.133s] Level 1:colcon.colcon_core.package_discovery:discover_packages(prefix_path) check parameters
[0.133s] Level 1:colcon.colcon_core.package_discovery:discover_packages(prefix_path) discover
[0.134s] DEBUG:colcon.colcon_installed_package_information.package_discovery:Found 271 installed packages in /opt/ros/humble
[0.134s] Level 1:colcon.colcon_core.package_discovery:discover_packages(prefix_path) using defaults
[0.148s] Level 5:colcon.colcon_core.verb:set package 'status_interface' build argument 'cmake_args' from command line to 'None'
[0.148s] Level 5:colcon.colcon_core.verb:set package 'status_interface' build argument 'cmake_target' from command line to 'None'
[0.148s] Level 5:colcon.colcon_core.verb:set package 'status_interface' build argument 'cmake_target_skip_unavailable' from command line to 'False'
[0.148s] Level 5:colcon.colcon_core.verb:set package 'status_interface' build argument 'cmake_clean_cache' from command line to 'False'
[0.148s] Level 5:colcon.colcon_core.verb:set package 'status_interface' build argument 'cmake_clean_first' from command line to 'False'
[0.148s] Level 5:colcon.colcon_core.verb:set package 'status_interface' build argument 'cmake_force_configure' from command line to 'False'
[0.148s] Level 5:colcon.colcon_core.verb:set package 'status_interface' build argument 'ament_cmake_args' from command line to 'None'
[0.148s] Level 5:colcon.colcon_core.verb:set package 'status_interface' build argument 'catkin_cmake_args' from command line to 'None'
[0.148s] Level 5:colcon.colcon_core.verb:set package 'status_interface' build argument 'catkin_skip_building_tests' from command line to 'False'
[0.148s] DEBUG:colcon.colcon_core.verb:Building package 'status_interface' with the following arguments: {'ament_cmake_args': None, 'build_base': '/home/robot/ros2-learning/chapt3/topic_practice_ws/build/status_interface', 'catkin_cmake_args': None, 'catkin_skip_building_tests': False, 'cmake_args': None, 'cmake_clean_cache': False, 'cmake_clean_first': False, 'cmake_force_configure': False, 'cmake_target': None, 'cmake_target_skip_unavailable': False, 'install_base': '/home/robot/ros2-learning/chapt3/topic_practice_ws/install/status_interface', 'merge_install': False, 'path': '/home/robot/ros2-learning/chapt3/topic_practice_ws/src/status_interface', 'symlink_install': False, 'test_result_base': None}
[0.148s] Level 5:colcon.colcon_core.verb:set package 'status_display' build argument 'cmake_args' from command line to 'None'
[0.148s] Level 5:colcon.colcon_core.verb:set package 'status_display' build argument 'cmake_target' from command line to 'None'
[0.148s] Level 5:colcon.colcon_core.verb:set package 'status_display' build argument 'cmake_target_skip_unavailable' from command line to 'False'
[0.148s] Level 5:colcon.colcon_core.verb:set package 'status_display' build argument 'cmake_clean_cache' from command line to 'False'
[0.148s] Level 5:colcon.colcon_core.verb:set package 'status_display' build argument 'cmake_clean_first' from command line to 'False'
[0.148s] Level 5:colcon.colcon_core.verb:set package 'status_display' build argument 'cmake_force_configure' from command line to 'False'
[0.148s] Level 5:colcon.colcon_core.verb:set package 'status_display' build argument 'ament_cmake_args' from command line to 'None'
[0.148s] Level 5:colcon.colcon_core.verb:set package 'status_display' build argument 'catkin_cmake_args' from command line to 'None'
[0.148s] Level 5:colcon.colcon_core.verb:set package 'status_display' build argument 'catkin_skip_building_tests' from command line to 'False'
[0.148s] DEBUG:colcon.colcon_core.verb:Building package 'status_display' with the following arguments: {'ament_cmake_args': None, 'build_base': '/home/robot/ros2-learning/chapt3/topic_practice_ws/build/status_display', 'catkin_cmake_args': None, 'catkin_skip_building_tests': False, 'cmake_args': None, 'cmake_clean_cache': False, 'cmake_clean_first': False, 'cmake_force_configure': False, 'cmake_target': None, 'cmake_target_skip_unavailable': False, 'install_base': '/home/robot/ros2-learning/chapt3/topic_practice_ws/install/status_display', 'merge_install': False, 'path': '/home/robot/ros2-learning/chapt3/topic_practice_ws/src/status_display', 'symlink_install': False, 'test_result_base': None}
[0.149s] Level 5:colcon.colcon_core.verb:set package 'status_publisher' build argument 'cmake_args' from command line to 'None'
[0.149s] Level 5:colcon.colcon_core.verb:set package 'status_publisher' build argument 'cmake_target' from command line to 'None'
[0.149s] Level 5:colcon.colcon_core.verb:set package 'status_publisher' build argument 'cmake_target_skip_unavailable' from command line to 'False'
[0.149s] Level 5:colcon.colcon_core.verb:set package 'status_publisher' build argument 'cmake_clean_cache' from command line to 'False'
[0.149s] Level 5:colcon.colcon_core.verb:set package 'status_publisher' build argument 'cmake_clean_first' from command line to 'False'
[0.149s] Level 5:colcon.colcon_core.verb:set package 'status_publisher' build argument 'cmake_force_configure' from command line to 'False'
[0.149s] Level 5:colcon.colcon_core.verb:set package 'status_publisher' build argument 'ament_cmake_args' from command line to 'None'
[0.149s] Level 5:colcon.colcon_core.verb:set package 'status_publisher' build argument 'catkin_cmake_args' from command line to 'None'
[0.149s] Level 5:colcon.colcon_core.verb:set package 'status_publisher' build argument 'catkin_skip_building_tests' from command line to 'False'
[0.149s] DEBUG:colcon.colcon_core.verb:Building package 'status_publisher' with the following arguments: {'ament_cmake_args': None, 'build_base': '/home/robot/ros2-learning/chapt3/topic_practice_ws/build/status_publisher', 'catkin_cmake_args': None, 'catkin_skip_building_tests': False, 'cmake_args': None, 'cmake_clean_cache': False, 'cmake_clean_first': False, 'cmake_force_configure': False, 'cmake_target': None, 'cmake_target_skip_unavailable': False, 'install_base': '/home/robot/ros2-learning/chapt3/topic_practice_ws/install/status_publisher', 'merge_install': False, 'path': '/home/robot/ros2-learning/chapt3/topic_practice_ws/src/status_publisher', 'symlink_install': False, 'test_result_base': None}
[0.149s] INFO:colcon.colcon_core.executor:Executing jobs using 'parallel' executor
[0.149s] DEBUG:colcon.colcon_parallel_executor.executor.parallel:run_until_complete
[0.149s] INFO:colcon.colcon_ros.task.ament_cmake.build:Building ROS package in '/home/robot/ros2-learning/chapt3/topic_practice_ws/src/status_interface' with build type 'ament_cmake'
[0.149s] INFO:colcon.colcon_cmake.task.cmake.build:Building CMake package in '/home/robot/ros2-learning/chapt3/topic_practice_ws/src/status_interface'
[0.150s] INFO:colcon.colcon_core.plugin_system:Skipping extension 'colcon_core.shell.bat': Not used on non-Windows systems
[0.151s] INFO:colcon.colcon_core.shell:Skip shell extension 'powershell' for command environment: Not usable outside of PowerShell
[0.151s] DEBUG:colcon.colcon_core.shell:Skip shell extension 'dsv' for command environment
[0.155s] DEBUG:colcon.colcon_core.event_handler.log_command:Invoking command in '/home/robot/ros2-learning/chapt3/topic_practice_ws/build/status_interface': CMAKE_PREFIX_PATH=/opt/ros/humble /usr/bin/cmake --build /home/robot/ros2-learning/chapt3/topic_practice_ws/build/status_interface -- -j32 -l32
[0.337s] DEBUG:colcon.colcon_core.event_handler.log_command:Invoked command in '/home/robot/ros2-learning/chapt3/topic_practice_ws/build/status_interface' returned '0': CMAKE_PREFIX_PATH=/opt/ros/humble /usr/bin/cmake --build /home/robot/ros2-learning/chapt3/topic_practice_ws/build/status_interface -- -j32 -l32
[0.343s] DEBUG:colcon.colcon_core.event_handler.log_command:Invoking command in '/home/robot/ros2-learning/chapt3/topic_practice_ws/build/status_interface': CMAKE_PREFIX_PATH=/opt/ros/humble /usr/bin/cmake --install /home/robot/ros2-learning/chapt3/topic_practice_ws/build/status_interface
[0.374s] Level 1:colcon.colcon_core.environment:create_environment_scripts_only(status_interface)
[0.375s] DEBUG:colcon.colcon_core.event_handler.log_command:Invoked command in '/home/robot/ros2-learning/chapt3/topic_practice_ws/build/status_interface' returned '0': CMAKE_PREFIX_PATH=/opt/ros/humble /usr/bin/cmake --install /home/robot/ros2-learning/chapt3/topic_practice_ws/build/status_interface
[0.376s] Level 1:colcon.colcon_core.environment:checking '/home/robot/ros2-learning/chapt3/topic_practice_ws/install/status_interface' for CMake module files
[0.376s] Level 1:colcon.colcon_core.environment:checking '/home/robot/ros2-learning/chapt3/topic_practice_ws/install/status_interface' for CMake config files
[0.376s] Level 1:colcon.colcon_core.shell:create_environment_hook('status_interface', 'cmake_prefix_path')
[0.376s] INFO:colcon.colcon_core.shell:Creating environment hook '/home/robot/ros2-learning/chapt3/topic_practice_ws/install/status_interface/share/status_interface/hook/cmake_prefix_path.ps1'
[0.377s] INFO:colcon.colcon_core.shell:Creating environment descriptor '/home/robot/ros2-learning/chapt3/topic_practice_ws/install/status_interface/share/status_interface/hook/cmake_prefix_path.dsv'
[0.377s] INFO:colcon.colcon_core.shell:Creating environment hook '/home/robot/ros2-learning/chapt3/topic_practice_ws/install/status_interface/share/status_interface/hook/cmake_prefix_path.sh'
[0.377s] Level 1:colcon.colcon_core.environment:checking '/home/robot/ros2-learning/chapt3/topic_practice_ws/install/status_interface/lib'
[0.378s] Level 1:colcon.colcon_core.shell:create_environment_hook('status_interface', 'ld_library_path_lib')
[0.378s] INFO:colcon.colcon_core.shell:Creating environment hook '/home/robot/ros2-learning/chapt3/topic_practice_ws/install/status_interface/share/status_interface/hook/ld_library_path_lib.ps1'
[0.378s] INFO:colcon.colcon_core.shell:Creating environment descriptor '/home/robot/ros2-learning/chapt3/topic_practice_ws/install/status_interface/share/status_interface/hook/ld_library_path_lib.dsv'
[0.378s] INFO:colcon.colcon_core.shell:Creating environment hook '/home/robot/ros2-learning/chapt3/topic_practice_ws/install/status_interface/share/status_interface/hook/ld_library_path_lib.sh'
[0.378s] Level 1:colcon.colcon_core.environment:checking '/home/robot/ros2-learning/chapt3/topic_practice_ws/install/status_interface/bin'
[0.378s] Level 1:colcon.colcon_core.environment:checking '/home/robot/ros2-learning/chapt3/topic_practice_ws/install/status_interface/lib/pkgconfig/status_interface.pc'
[0.378s] Level 1:colcon.colcon_core.environment:checking '/home/robot/ros2-learning/chapt3/topic_practice_ws/install/status_interface/lib/python3.10/site-packages'
[0.378s] Level 1:colcon.colcon_core.environment:checking '/home/robot/ros2-learning/chapt3/topic_practice_ws/install/status_interface/bin'
[0.379s] INFO:colcon.colcon_core.shell:Creating package script '/home/robot/ros2-learning/chapt3/topic_practice_ws/install/status_interface/share/status_interface/package.ps1'
[0.379s] INFO:colcon.colcon_core.shell:Creating package descriptor '/home/robot/ros2-learning/chapt3/topic_practice_ws/install/status_interface/share/status_interface/package.dsv'
[0.379s] INFO:colcon.colcon_core.shell:Creating package script '/home/robot/ros2-learning/chapt3/topic_practice_ws/install/status_interface/share/status_interface/package.sh'
[0.380s] INFO:colcon.colcon_core.shell:Creating package script '/home/robot/ros2-learning/chapt3/topic_practice_ws/install/status_interface/share/status_interface/package.bash'
[0.380s] INFO:colcon.colcon_core.shell:Creating package script '/home/robot/ros2-learning/chapt3/topic_practice_ws/install/status_interface/share/status_interface/package.zsh'
[0.380s] Level 1:colcon.colcon_core.environment:create_file_with_runtime_dependencies(/home/robot/ros2-learning/chapt3/topic_practice_ws/install/status_interface/share/colcon-core/packages/status_interface)
[0.381s] Level 1:colcon.colcon_core.environment:create_environment_scripts_only(status_interface)
[0.381s] Level 1:colcon.colcon_core.environment:checking '/home/robot/ros2-learning/chapt3/topic_practice_ws/install/status_interface' for CMake module files
[0.381s] Level 1:colcon.colcon_core.environment:checking '/home/robot/ros2-learning/chapt3/topic_practice_ws/install/status_interface' for CMake config files
[0.381s] Level 1:colcon.colcon_core.shell:create_environment_hook('status_interface', 'cmake_prefix_path')
[0.381s] INFO:colcon.colcon_core.shell:Creating environment hook '/home/robot/ros2-learning/chapt3/topic_practice_ws/install/status_interface/share/status_interface/hook/cmake_prefix_path.ps1'
[0.382s] INFO:colcon.colcon_core.shell:Creating environment descriptor '/home/robot/ros2-learning/chapt3/topic_practice_ws/install/status_interface/share/status_interface/hook/cmake_prefix_path.dsv'
[0.382s] INFO:colcon.colcon_core.shell:Creating environment hook '/home/robot/ros2-learning/chapt3/topic_practice_ws/install/status_interface/share/status_interface/hook/cmake_prefix_path.sh'
[0.382s] Level 1:colcon.colcon_core.environment:checking '/home/robot/ros2-learning/chapt3/topic_practice_ws/install/status_interface/lib'
[0.382s] Level 1:colcon.colcon_core.shell:create_environment_hook('status_interface', 'ld_library_path_lib')
[0.382s] INFO:colcon.colcon_core.shell:Creating environment hook '/home/robot/ros2-learning/chapt3/topic_practice_ws/install/status_interface/share/status_interface/hook/ld_library_path_lib.ps1'
[0.382s] INFO:colcon.colcon_core.shell:Creating environment descriptor '/home/robot/ros2-learning/chapt3/topic_practice_ws/install/status_interface/share/status_interface/hook/ld_library_path_lib.dsv'
[0.382s] INFO:colcon.colcon_core.shell:Creating environment hook '/home/robot/ros2-learning/chapt3/topic_practice_ws/install/status_interface/share/status_interface/hook/ld_library_path_lib.sh'
[0.383s] Level 1:colcon.colcon_core.environment:checking '/home/robot/ros2-learning/chapt3/topic_practice_ws/install/status_interface/bin'
[0.383s] Level 1:colcon.colcon_core.environment:checking '/home/robot/ros2-learning/chapt3/topic_practice_ws/install/status_interface/lib/pkgconfig/status_interface.pc'
[0.383s] Level 1:colcon.colcon_core.environment:checking '/home/robot/ros2-learning/chapt3/topic_practice_ws/install/status_interface/lib/python3.10/site-packages'
[0.383s] Level 1:colcon.colcon_core.environment:checking '/home/robot/ros2-learning/chapt3/topic_practice_ws/install/status_interface/bin'
[0.383s] INFO:colcon.colcon_core.shell:Creating package script '/home/robot/ros2-learning/chapt3/topic_practice_ws/install/status_interface/share/status_interface/package.ps1'
[0.383s] INFO:colcon.colcon_core.shell:Creating package descriptor '/home/robot/ros2-learning/chapt3/topic_practice_ws/install/status_interface/share/status_interface/package.dsv'
[0.384s] INFO:colcon.colcon_core.shell:Creating package script '/home/robot/ros2-learning/chapt3/topic_practice_ws/install/status_interface/share/status_interface/package.sh'
[0.384s] INFO:colcon.colcon_core.shell:Creating package script '/home/robot/ros2-learning/chapt3/topic_practice_ws/install/status_interface/share/status_interface/package.bash'
[0.384s] INFO:colcon.colcon_core.shell:Creating package script '/home/robot/ros2-learning/chapt3/topic_practice_ws/install/status_interface/share/status_interface/package.zsh'
[0.384s] Level 1:colcon.colcon_core.environment:create_file_with_runtime_dependencies(/home/robot/ros2-learning/chapt3/topic_practice_ws/install/status_interface/share/colcon-core/packages/status_interface)
[0.384s] INFO:colcon.colcon_ros.task.ament_cmake.build:Building ROS package in '/home/robot/ros2-learning/chapt3/topic_practice_ws/src/status_display' with build type 'ament_cmake'
[0.384s] INFO:colcon.colcon_cmake.task.cmake.build:Building CMake package in '/home/robot/ros2-learning/chapt3/topic_practice_ws/src/status_display'
[0.384s] INFO:colcon.colcon_core.shell:Skip shell extension 'powershell' for command environment: Not usable outside of PowerShell
[0.385s] DEBUG:colcon.colcon_core.shell:Skip shell extension 'dsv' for command environment
[0.386s] INFO:colcon.colcon_ros.task.ament_python.build:Building ROS package in '/home/robot/ros2-learning/chapt3/topic_practice_ws/src/status_publisher' with build type 'ament_python'
[0.386s] Level 1:colcon.colcon_core.shell:create_environment_hook('status_publisher', 'ament_prefix_path')
[0.386s] INFO:colcon.colcon_core.shell:Creating environment hook '/home/robot/ros2-learning/chapt3/topic_practice_ws/install/status_publisher/share/status_publisher/hook/ament_prefix_path.ps1'
[0.387s] INFO:colcon.colcon_core.shell:Creating environment descriptor '/home/robot/ros2-learning/chapt3/topic_practice_ws/install/status_publisher/share/status_publisher/hook/ament_prefix_path.dsv'
[0.387s] INFO:colcon.colcon_core.shell:Creating environment hook '/home/robot/ros2-learning/chapt3/topic_practice_ws/install/status_publisher/share/status_publisher/hook/ament_prefix_path.sh'
[0.387s] INFO:colcon.colcon_core.shell:Skip shell extension 'powershell' for command environment: Not usable outside of PowerShell
[0.387s] DEBUG:colcon.colcon_core.shell:Skip shell extension 'dsv' for command environment
[0.390s] DEBUG:colcon.colcon_core.event_handler.log_command:Invoking command in '/home/robot/ros2-learning/chapt3/topic_practice_ws/build/status_display': AMENT_PREFIX_PATH=/home/robot/ros2-learning/chapt3/topic_practice_ws/install/status_interface:${AMENT_PREFIX_PATH} CMAKE_PREFIX_PATH=/home/robot/ros2-learning/chapt3/topic_practice_ws/install/status_interface:/opt/ros/humble LD_LIBRARY_PATH=/home/robot/ros2-learning/chapt3/topic_practice_ws/install/status_interface/lib:${LD_LIBRARY_PATH} PYTHONPATH=/home/robot/ros2-learning/chapt3/topic_practice_ws/install/status_interface/local/lib/python3.10/dist-packages:${PYTHONPATH} /usr/bin/cmake /home/robot/ros2-learning/chapt3/topic_practice_ws/src/status_display -DCMAKE_INSTALL_PREFIX=/home/robot/ros2-learning/chapt3/topic_practice_ws/install/status_display
[0.515s] INFO:colcon.colcon_core.task.python.build:Building Python package in '/home/robot/ros2-learning/chapt3/topic_practice_ws/src/status_publisher'
[0.515s] INFO:colcon.colcon_core.shell:Skip shell extension 'powershell' for command environment: Not usable outside of PowerShell
[0.515s] DEBUG:colcon.colcon_core.shell:Skip shell extension 'dsv' for command environment
[0.671s] DEBUG:colcon.colcon_core.event_handler.log_command:Invoking command in '/home/robot/ros2-learning/chapt3/topic_practice_ws/src/status_publisher': AMENT_PREFIX_PATH=/home/robot/ros2-learning/chapt3/topic_practice_ws/install/status_interface:${AMENT_PREFIX_PATH} CMAKE_PREFIX_PATH=/home/robot/ros2-learning/chapt3/topic_practice_ws/install/status_interface LD_LIBRARY_PATH=/home/robot/ros2-learning/chapt3/topic_practice_ws/install/status_interface/lib:${LD_LIBRARY_PATH} PYTHONPATH=/home/robot/ros2-learning/chapt3/topic_practice_ws/build/status_publisher/prefix_override:/usr/lib/python3/dist-packages/colcon_core/task/python/colcon_distutils_commands:/home/robot/ros2-learning/chapt3/topic_practice_ws/install/status_publisher/lib/python3.10/site-packages:/home/robot/ros2-learning/chapt3/topic_practice_ws/install/status_interface/local/lib/python3.10/dist-packages:${PYTHONPATH} /usr/bin/python3 -W ignore:setup.py install is deprecated -W ignore:easy_install command is deprecated setup.py egg_info --egg-base ../../build/status_publisher build --build-base /home/robot/ros2-learning/chapt3/topic_practice_ws/build/status_publisher/build install --record /home/robot/ros2-learning/chapt3/topic_practice_ws/build/status_publisher/install.log --single-version-externally-managed install_data
[0.808s] Level 1:colcon.colcon_core.environment:checking '/home/robot/ros2-learning/chapt3/topic_practice_ws/install/status_publisher' for CMake module files
[0.808s] DEBUG:colcon.colcon_core.event_handler.log_command:Invoked command in '/home/robot/ros2-learning/chapt3/topic_practice_ws/src/status_publisher' returned '0': AMENT_PREFIX_PATH=/home/robot/ros2-learning/chapt3/topic_practice_ws/install/status_interface:${AMENT_PREFIX_PATH} CMAKE_PREFIX_PATH=/home/robot/ros2-learning/chapt3/topic_practice_ws/install/status_interface LD_LIBRARY_PATH=/home/robot/ros2-learning/chapt3/topic_practice_ws/install/status_interface/lib:${LD_LIBRARY_PATH} PYTHONPATH=/home/robot/ros2-learning/chapt3/topic_practice_ws/build/status_publisher/prefix_override:/usr/lib/python3/dist-packages/colcon_core/task/python/colcon_distutils_commands:/home/robot/ros2-learning/chapt3/topic_practice_ws/install/status_publisher/lib/python3.10/site-packages:/home/robot/ros2-learning/chapt3/topic_practice_ws/install/status_interface/local/lib/python3.10/dist-packages:${PYTHONPATH} /usr/bin/python3 -W ignore:setup.py install is deprecated -W ignore:easy_install command is deprecated setup.py egg_info --egg-base ../../build/status_publisher build --build-base /home/robot/ros2-learning/chapt3/topic_practice_ws/build/status_publisher/build install --record /home/robot/ros2-learning/chapt3/topic_practice_ws/build/status_publisher/install.log --single-version-externally-managed install_data
[0.808s] Level 1:colcon.colcon_core.environment:checking '/home/robot/ros2-learning/chapt3/topic_practice_ws/install/status_publisher' for CMake config files
[0.809s] Level 1:colcon.colcon_core.environment:checking '/home/robot/ros2-learning/chapt3/topic_practice_ws/install/status_publisher/lib'
[0.809s] Level 1:colcon.colcon_core.environment:checking '/home/robot/ros2-learning/chapt3/topic_practice_ws/install/status_publisher/bin'
[0.809s] Level 1:colcon.colcon_core.environment:checking '/home/robot/ros2-learning/chapt3/topic_practice_ws/install/status_publisher/lib/pkgconfig/status_publisher.pc'
[0.809s] Level 1:colcon.colcon_core.environment:checking '/home/robot/ros2-learning/chapt3/topic_practice_ws/install/status_publisher/lib/python3.10/site-packages'
[0.809s] Level 1:colcon.colcon_core.shell:create_environment_hook('status_publisher', 'pythonpath')
[0.809s] INFO:colcon.colcon_core.shell:Creating environment hook '/home/robot/ros2-learning/chapt3/topic_practice_ws/install/status_publisher/share/status_publisher/hook/pythonpath.ps1'
[0.810s] INFO:colcon.colcon_core.shell:Creating environment descriptor '/home/robot/ros2-learning/chapt3/topic_practice_ws/install/status_publisher/share/status_publisher/hook/pythonpath.dsv'
[0.810s] INFO:colcon.colcon_core.shell:Creating environment hook '/home/robot/ros2-learning/chapt3/topic_practice_ws/install/status_publisher/share/status_publisher/hook/pythonpath.sh'
[0.810s] Level 1:colcon.colcon_core.environment:checking '/home/robot/ros2-learning/chapt3/topic_practice_ws/install/status_publisher/bin'
[0.810s] Level 1:colcon.colcon_core.environment:create_environment_scripts_only(status_publisher)
[0.810s] INFO:colcon.colcon_core.shell:Creating package script '/home/robot/ros2-learning/chapt3/topic_practice_ws/install/status_publisher/share/status_publisher/package.ps1'
[0.810s] INFO:colcon.colcon_core.shell:Creating package descriptor '/home/robot/ros2-learning/chapt3/topic_practice_ws/install/status_publisher/share/status_publisher/package.dsv'
[0.810s] INFO:colcon.colcon_core.shell:Creating package script '/home/robot/ros2-learning/chapt3/topic_practice_ws/install/status_publisher/share/status_publisher/package.sh'
[0.811s] INFO:colcon.colcon_core.shell:Creating package script '/home/robot/ros2-learning/chapt3/topic_practice_ws/install/status_publisher/share/status_publisher/package.bash'
[0.811s] INFO:colcon.colcon_core.shell:Creating package script '/home/robot/ros2-learning/chapt3/topic_practice_ws/install/status_publisher/share/status_publisher/package.zsh'
[0.811s] Level 1:colcon.colcon_core.environment:create_file_with_runtime_dependencies(/home/robot/ros2-learning/chapt3/topic_practice_ws/install/status_publisher/share/colcon-core/packages/status_publisher)
[1.011s] DEBUG:colcon.colcon_core.event_handler.log_command:Invoked command in '/home/robot/ros2-learning/chapt3/topic_practice_ws/build/status_display' returned '0': AMENT_PREFIX_PATH=/home/robot/ros2-learning/chapt3/topic_practice_ws/install/status_interface:${AMENT_PREFIX_PATH} CMAKE_PREFIX_PATH=/home/robot/ros2-learning/chapt3/topic_practice_ws/install/status_interface:/opt/ros/humble LD_LIBRARY_PATH=/home/robot/ros2-learning/chapt3/topic_practice_ws/install/status_interface/lib:${LD_LIBRARY_PATH} PYTHONPATH=/home/robot/ros2-learning/chapt3/topic_practice_ws/install/status_interface/local/lib/python3.10/dist-packages:${PYTHONPATH} /usr/bin/cmake /home/robot/ros2-learning/chapt3/topic_practice_ws/src/status_display -DCMAKE_INSTALL_PREFIX=/home/robot/ros2-learning/chapt3/topic_practice_ws/install/status_display
[1.012s] DEBUG:colcon.colcon_core.event_handler.log_command:Invoking command in '/home/robot/ros2-learning/chapt3/topic_practice_ws/build/status_display': AMENT_PREFIX_PATH=/home/robot/ros2-learning/chapt3/topic_practice_ws/install/status_interface:${AMENT_PREFIX_PATH} CMAKE_PREFIX_PATH=/home/robot/ros2-learning/chapt3/topic_practice_ws/install/status_interface:/opt/ros/humble LD_LIBRARY_PATH=/home/robot/ros2-learning/chapt3/topic_practice_ws/install/status_interface/lib:${LD_LIBRARY_PATH} PYTHONPATH=/home/robot/ros2-learning/chapt3/topic_practice_ws/install/status_interface/local/lib/python3.10/dist-packages:${PYTHONPATH} /usr/bin/cmake --build /home/robot/ros2-learning/chapt3/topic_practice_ws/build/status_display -- -j32 -l32
[1.089s] DEBUG:colcon.colcon_core.event_handler.log_command:Invoked command in '/home/robot/ros2-learning/chapt3/topic_practice_ws/build/status_display' returned '2': AMENT_PREFIX_PATH=/home/robot/ros2-learning/chapt3/topic_practice_ws/install/status_interface:${AMENT_PREFIX_PATH} CMAKE_PREFIX_PATH=/home/robot/ros2-learning/chapt3/topic_practice_ws/install/status_interface:/opt/ros/humble LD_LIBRARY_PATH=/home/robot/ros2-learning/chapt3/topic_practice_ws/install/status_interface/lib:${LD_LIBRARY_PATH} PYTHONPATH=/home/robot/ros2-learning/chapt3/topic_practice_ws/install/status_interface/local/lib/python3.10/dist-packages:${PYTHONPATH} /usr/bin/cmake --build /home/robot/ros2-learning/chapt3/topic_practice_ws/build/status_display -- -j32 -l32
[1.089s] Level 1:colcon.colcon_core.environment:create_environment_scripts_only(status_display)
[1.089s] Level 1:colcon.colcon_core.environment:checking '/home/robot/ros2-learning/chapt3/topic_practice_ws/install/status_display' for CMake module files
[1.090s] Level 1:colcon.colcon_core.environment:checking '/home/robot/ros2-learning/chapt3/topic_practice_ws/install/status_display' for CMake config files
[1.090s] Level 1:colcon.colcon_core.environment:checking '/home/robot/ros2-learning/chapt3/topic_practice_ws/install/status_display/bin'
[1.090s] Level 1:colcon.colcon_core.environment:checking '/home/robot/ros2-learning/chapt3/topic_practice_ws/install/status_display/lib/pkgconfig/status_display.pc'
[1.090s] Level 1:colcon.colcon_core.environment:checking '/home/robot/ros2-learning/chapt3/topic_practice_ws/install/status_display/lib/python3.10/site-packages'
[1.090s] Level 1:colcon.colcon_core.environment:checking '/home/robot/ros2-learning/chapt3/topic_practice_ws/install/status_display/bin'
[1.090s] INFO:colcon.colcon_core.shell:Creating package script '/home/robot/ros2-learning/chapt3/topic_practice_ws/install/status_display/share/status_display/package.ps1'
[1.090s] INFO:colcon.colcon_core.shell:Creating package descriptor '/home/robot/ros2-learning/chapt3/topic_practice_ws/install/status_display/share/status_display/package.dsv'
[1.090s] INFO:colcon.colcon_core.shell:Creating package script '/home/robot/ros2-learning/chapt3/topic_practice_ws/install/status_display/share/status_display/package.sh'
[1.090s] INFO:colcon.colcon_core.shell:Creating package script '/home/robot/ros2-learning/chapt3/topic_practice_ws/install/status_display/share/status_display/package.bash'
[1.091s] INFO:colcon.colcon_core.shell:Creating package script '/home/robot/ros2-learning/chapt3/topic_practice_ws/install/status_display/share/status_display/package.zsh'
[1.091s] Level 1:colcon.colcon_core.environment:create_file_with_runtime_dependencies(/home/robot/ros2-learning/chapt3/topic_practice_ws/install/status_display/share/colcon-core/packages/status_display)
[1.101s] DEBUG:colcon.colcon_parallel_executor.executor.parallel:closing loop
[1.101s] DEBUG:colcon.colcon_parallel_executor.executor.parallel:loop closed
[1.101s] DEBUG:colcon.colcon_parallel_executor.executor.parallel:run_until_complete finished with '2'
[1.101s] DEBUG:colcon.colcon_core.event_reactor:joining thread
[1.105s] INFO:colcon.colcon_core.plugin_system:Skipping extension 'colcon_notification.desktop_notification.terminal_notifier': Not used on non-Darwin systems
[1.105s] INFO:colcon.colcon_core.plugin_system:Skipping extension 'colcon_notification.desktop_notification.win32': Not used on non-Windows systems
[1.105s] INFO:colcon.colcon_notification.desktop_notification:Sending desktop notification using 'notify2'
[1.114s] DEBUG:colcon.colcon_core.event_reactor:joined thread
[1.114s] INFO:colcon.colcon_core.shell:Creating prefix script '/home/robot/ros2-learning/chapt3/topic_practice_ws/install/local_setup.ps1'
[1.114s] INFO:colcon.colcon_core.shell:Creating prefix util module '/home/robot/ros2-learning/chapt3/topic_practice_ws/install/_local_setup_util_ps1.py'
[1.115s] INFO:colcon.colcon_core.shell:Creating prefix chain script '/home/robot/ros2-learning/chapt3/topic_practice_ws/install/setup.ps1'
[1.115s] INFO:colcon.colcon_core.shell:Creating prefix script '/home/robot/ros2-learning/chapt3/topic_practice_ws/install/local_setup.sh'
[1.115s] INFO:colcon.colcon_core.shell:Creating prefix util module '/home/robot/ros2-learning/chapt3/topic_practice_ws/install/_local_setup_util_sh.py'
[1.116s] INFO:colcon.colcon_core.shell:Creating prefix chain script '/home/robot/ros2-learning/chapt3/topic_practice_ws/install/setup.sh'
[1.117s] INFO:colcon.colcon_core.shell:Creating prefix script '/home/robot/ros2-learning/chapt3/topic_practice_ws/install/local_setup.bash'
[1.117s] INFO:colcon.colcon_core.shell:Creating prefix chain script '/home/robot/ros2-learning/chapt3/topic_practice_ws/install/setup.bash'
[1.117s] INFO:colcon.colcon_core.shell:Creating prefix script '/home/robot/ros2-learning/chapt3/topic_practice_ws/install/local_setup.zsh'
[1.118s] INFO:colcon.colcon_core.shell:Creating prefix chain script '/home/robot/ros2-learning/chapt3/topic_practice_ws/install/setup.zsh'
