[0.005s] Invoking command in '/home/robot/ros2-learning/chapt3/topic_practice_ws/build/status_interface': CMAKE_PREFIX_PATH=${CMAKE_PREFIX_PATH}:/home/robot/ros2-learning/chapt3/topic_ws/install/demo_pyhton_topic:/opt/ros/humble /usr/bin/cmake /home/robot/ros2-learning/chapt3/topic_practice_ws/src/status_interface -DCMAKE_INSTALL_PREFIX=/home/robot/ros2-learning/chapt3/topic_practice_ws/install/status_interface
[0.011s] -- Found ament_cmake: 1.3.11 (/opt/ros/humble/share/ament_cmake/cmake)
[0.095s] -- Found builtin_interfaces: 1.2.1 (/opt/ros/humble/share/builtin_interfaces/cmake)
[0.106s] -- Found rosidl_generator_c: 3.1.6 (/opt/ros/humble/share/rosidl_generator_c/cmake)
[0.107s] -- Found rosidl_adapter: 3.1.6 (/opt/ros/humble/share/rosidl_adapter/cmake)
[0.110s] -- Found rosidl_generator_cpp: 3.1.6 (/opt/ros/humble/share/rosidl_generator_cpp/cmake)
[0.114s] -- Using all available rosidl_typesupport_c: rosidl_typesupport_fastrtps_c;rosidl_typesupport_introspection_c
[0.119s] -- Using all available rosidl_typesupport_cpp: rosidl_typesupport_fastrtps_cpp;rosidl_typesupport_introspection_cpp
[0.124s] -- Found rosidl_default_generators: 1.2.0 (/opt/ros/humble/share/rosidl_default_generators/cmake)
[0.127s] [31mCMake Error at /opt/ros/humble/share/rosidl_cmake/cmake/rosidl_generate_interfaces.cmake:93 (message):
[0.128s]   rosidl_generate_interfaces() the passed file 'msg/Status.msg' doesn't exist
[0.128s]   relative to the CMAKE_CURRENT_SOURCE_DIR
[0.128s]   '/home/robot/ros2-learning/chapt3/topic_practice_ws/src/status_interface'
[0.128s] Call Stack (most recent call first):
[0.128s]   CMakeLists.txt:14 (rosidl_generate_interfaces)
[0.128s] 
[0.128s] [0m
[0.128s] -- Configuring incomplete, errors occurred!
[0.128s] See also "/home/robot/ros2-learning/chapt3/topic_practice_ws/build/status_interface/CMakeFiles/CMakeOutput.log".
[0.130s] Invoked command in '/home/robot/ros2-learning/chapt3/topic_practice_ws/build/status_interface' returned '1': CMAKE_PREFIX_PATH=${CMAKE_PREFIX_PATH}:/home/robot/ros2-learning/chapt3/topic_ws/install/demo_pyhton_topic:/opt/ros/humble /usr/bin/cmake /home/robot/ros2-learning/chapt3/topic_practice_ws/src/status_interface -DCMAKE_INSTALL_PREFIX=/home/robot/ros2-learning/chapt3/topic_practice_ws/install/status_interface
