[ 50%] Built target cpp_node
[ 75%] [32mBuilding CXX object CMakeFiles/person_node.dir/src/person_node.cpp.o[0m
In file included from [01m[K/opt/ros/humble/include/rclcpp/rclcpp/logging.hpp:24[m[K,
                 from [01m[K/opt/ros/humble/include/rclcpp/rclcpp/client.hpp:40[m[K,
                 from [01m[K/opt/ros/humble/include/rclcpp/rclcpp/callback_group.hpp:24[m[K,
                 from [01m[K/opt/ros/humble/include/rclcpp/rclcpp/any_executable.hpp:20[m[K,
                 from [01m[K/opt/ros/humble/include/rclcpp/rclcpp/memory_strategy.hpp:25[m[K,
                 from [01m[K/opt/ros/humble/include/rclcpp/rclcpp/memory_strategies.hpp:18[m[K,
                 from [01m[K/opt/ros/humble/include/rclcpp/rclcpp/executor_options.hpp:20[m[K,
                 from [01m[K/opt/ros/humble/include/rclcpp/rclcpp/executor.hpp:37[m[K,
                 from [01m[K/opt/ros/humble/include/rclcpp/rclcpp/executors/multi_threaded_executor.hpp:25[m[K,
                 from [01m[K/opt/ros/humble/include/rclcpp/rclcpp/executors.hpp:21[m[K,
                 from [01m[K/opt/ros/humble/include/rclcpp/rclcpp/rclcpp.hpp:155[m[K,
                 from [01m[K/home/robot/ros2-learning/chapt2/chapt2_ws/src/demo_cpp_pkg/src/person_node.cpp:1[m[K:
[01m[K/home/robot/ros2-learning/chapt2/chapt2_ws/src/demo_cpp_pkg/src/person_node.cpp:[m[K In member function ‘[01m[Kvoid PersonNode::eat(const string&)[m[K’:
[01m[K/home/robot/ros2-learning/chapt2/chapt2_ws/src/demo_cpp_pkg/src/person_node.cpp:18:41:[m[K [01;35m[Kwarning: [m[Kformat ‘[01m[K%s[m[K’ expects argument of type ‘[01m[Kchar*[m[K’, but argument 6 has type ‘[01m[Kint[m[K’ [[01;35m[K]8;;https://gcc.gnu.org/onlinedocs/gcc/Warning-Options.html#index-Wformat=-Wformat=]8;;[m[K]
   18 |         RCLCPP_INFO(this->get_logger(), [01;35m[K"%s is eating %s"[m[K, this->name_.c_str(), [32m[Kthis->age_[m[K, food_name.c_str());
      |                                         [01;35m[K^~~~~~~~~~~~~~~~~[m[K                       [32m[K~~~~~~~~~~[m[K
      |                                                                                       [32m[K|[m[K
      |                                                                                       [32m[Kint[m[K
[01m[K/home/robot/ros2-learning/chapt2/chapt2_ws/src/demo_cpp_pkg/src/person_node.cpp:18:56:[m[K [01;36m[Knote: [m[Kformat string is defined here
   18 |         RCLCPP_INFO(this->get_logger(), "%s is eating [01;36m[K%s[m[K", this->name_.c_str(), this->age_, food_name.c_str());
      |                                                       [01;36m[K~^[m[K
      |                                                        [01;36m[K|[m[K
      |                                                        [01;36m[Kchar*[m[K
      |                                                       [32m[K%d[m[K
In file included from [01m[K/opt/ros/humble/include/rclcpp/rclcpp/logging.hpp:24[m[K,
                 from [01m[K/opt/ros/humble/include/rclcpp/rclcpp/client.hpp:40[m[K,
                 from [01m[K/opt/ros/humble/include/rclcpp/rclcpp/callback_group.hpp:24[m[K,
                 from [01m[K/opt/ros/humble/include/rclcpp/rclcpp/any_executable.hpp:20[m[K,
                 from [01m[K/opt/ros/humble/include/rclcpp/rclcpp/memory_strategy.hpp:25[m[K,
                 from [01m[K/opt/ros/humble/include/rclcpp/rclcpp/memory_strategies.hpp:18[m[K,
                 from [01m[K/opt/ros/humble/include/rclcpp/rclcpp/executor_options.hpp:20[m[K,
                 from [01m[K/opt/ros/humble/include/rclcpp/rclcpp/executor.hpp:37[m[K,
                 from [01m[K/opt/ros/humble/include/rclcpp/rclcpp/executors/multi_threaded_executor.hpp:25[m[K,
                 from [01m[K/opt/ros/humble/include/rclcpp/rclcpp/executors.hpp:21[m[K,
                 from [01m[K/opt/ros/humble/include/rclcpp/rclcpp/rclcpp.hpp:155[m[K,
                 from [01m[K/home/robot/ros2-learning/chapt2/chapt2_ws/src/demo_cpp_pkg/src/person_node.cpp:1[m[K:
[01m[K/home/robot/ros2-learning/chapt2/chapt2_ws/src/demo_cpp_pkg/src/person_node.cpp:18:41:[m[K [01;35m[Kwarning: [m[Ktoo many arguments for format [[01;35m[K]8;;https://gcc.gnu.org/onlinedocs/gcc/Warning-Options.html#index-Wformat-extra-args-Wformat-extra-args]8;;[m[K]
   18 |         RCLCPP_INFO(this->get_logger(), [01;35m[K"%s is eating %s"[m[K, this->name_.c_str(), this->age_, food_name.c_str());
      |                                         [01;35m[K^~~~~~~~~~~~~~~~~[m[K
[100%] [32m[1mLinking CXX executable person_node[0m
[100%] Built target person_node
-- Install configuration: ""
-- Up-to-date: /home/robot/ros2-learning/chapt2/chapt2_ws/install/demo_cpp_pkg/lib/demo_cpp_pkg/cpp_node
-- Installing: /home/robot/ros2-learning/chapt2/chapt2_ws/install/demo_cpp_pkg/lib/demo_cpp_pkg/person_node
-- Set runtime path of "/home/robot/ros2-learning/chapt2/chapt2_ws/install/demo_cpp_pkg/lib/demo_cpp_pkg/person_node" to ""
-- Up-to-date: /home/robot/ros2-learning/chapt2/chapt2_ws/install/demo_cpp_pkg/share/ament_index/resource_index/package_run_dependencies/demo_cpp_pkg
-- Up-to-date: /home/robot/ros2-learning/chapt2/chapt2_ws/install/demo_cpp_pkg/share/ament_index/resource_index/parent_prefix_path/demo_cpp_pkg
-- Up-to-date: /home/robot/ros2-learning/chapt2/chapt2_ws/install/demo_cpp_pkg/share/demo_cpp_pkg/environment/ament_prefix_path.sh
-- Up-to-date: /home/robot/ros2-learning/chapt2/chapt2_ws/install/demo_cpp_pkg/share/demo_cpp_pkg/environment/ament_prefix_path.dsv
-- Up-to-date: /home/robot/ros2-learning/chapt2/chapt2_ws/install/demo_cpp_pkg/share/demo_cpp_pkg/environment/path.sh
-- Up-to-date: /home/robot/ros2-learning/chapt2/chapt2_ws/install/demo_cpp_pkg/share/demo_cpp_pkg/environment/path.dsv
-- Up-to-date: /home/robot/ros2-learning/chapt2/chapt2_ws/install/demo_cpp_pkg/share/demo_cpp_pkg/local_setup.bash
-- Up-to-date: /home/robot/ros2-learning/chapt2/chapt2_ws/install/demo_cpp_pkg/share/demo_cpp_pkg/local_setup.sh
-- Up-to-date: /home/robot/ros2-learning/chapt2/chapt2_ws/install/demo_cpp_pkg/share/demo_cpp_pkg/local_setup.zsh
-- Up-to-date: /home/robot/ros2-learning/chapt2/chapt2_ws/install/demo_cpp_pkg/share/demo_cpp_pkg/local_setup.dsv
-- Installing: /home/robot/ros2-learning/chapt2/chapt2_ws/install/demo_cpp_pkg/share/demo_cpp_pkg/package.dsv
-- Up-to-date: /home/robot/ros2-learning/chapt2/chapt2_ws/install/demo_cpp_pkg/share/ament_index/resource_index/packages/demo_cpp_pkg
-- Up-to-date: /home/robot/ros2-learning/chapt2/chapt2_ws/install/demo_cpp_pkg/share/demo_cpp_pkg/cmake/demo_cpp_pkgConfig.cmake
-- Up-to-date: /home/robot/ros2-learning/chapt2/chapt2_ws/install/demo_cpp_pkg/share/demo_cpp_pkg/cmake/demo_cpp_pkgConfig-version.cmake
-- Up-to-date: /home/robot/ros2-learning/chapt2/chapt2_ws/install/demo_cpp_pkg/share/demo_cpp_pkg/package.xml
