[0.008s] Invoking command in '/home/robot/ros2-learning/chapt4/chapt4_ws/build/chat4_interfaces': CMAKE_PREFIX_PATH=${CMAKE_PREFIX_PATH}:/opt/ros/humble /usr/bin/cmake --build /home/robot/ros2-learning/chapt4/chapt4_ws/build/chat4_interfaces -- -j32 -l32
[0.025s] -- Found ament_cmake: 1.3.11 (/opt/ros/humble/share/ament_cmake/cmake)
[0.103s] -- Found sensor_msgs: 4.8.0 (/opt/ros/humble/share/sensor_msgs/cmake)
[0.122s] -- Found rosidl_generator_c: 3.1.6 (/opt/ros/humble/share/rosidl_generator_c/cmake)
[0.124s] -- Found rosidl_adapter: 3.1.6 (/opt/ros/humble/share/rosidl_adapter/cmake)
[0.128s] -- Found rosidl_generator_cpp: 3.1.6 (/opt/ros/humble/share/rosidl_generator_cpp/cmake)
[0.135s] -- Using all available rosidl_typesupport_c: rosidl_typesupport_fastrtps_c;rosidl_typesupport_introspection_c
[0.142s] -- Using all available rosidl_typesupport_cpp: rosidl_typesupport_fastrtps_cpp;rosidl_typesupport_introspection_cpp
[0.172s] -- Found rosidl_default_generators: 1.2.0 (/opt/ros/humble/share/rosidl_default_generators/cmake)
[0.357s] -- Found ament_cmake_ros: 0.10.0 (/opt/ros/humble/share/ament_cmake_ros/cmake)
[0.638s] -- Using all available rosidl_typesupport_c: rosidl_typesupport_fastrtps_c;rosidl_typesupport_introspection_c
[0.754s] -- Using all available rosidl_typesupport_cpp: rosidl_typesupport_fastrtps_cpp;rosidl_typesupport_introspection_cpp
[0.779s] -- Found python_cmake_module: 0.10.0 (/opt/ros/humble/share/python_cmake_module/cmake)
[0.803s] -- Using PYTHON_EXECUTABLE: /usr/bin/python3
[0.803s] -- Using PYTHON_INCLUDE_DIRS: /usr/include/python3.10
[0.803s] -- Using PYTHON_LIBRARIES: /usr/lib/x86_64-linux-gnu/libpython3.10.so
[0.828s] -- Found ament_lint_auto: 0.12.12 (/opt/ros/humble/share/ament_lint_auto/cmake)
[0.837s] -- Added test 'lint_cmake' to check CMake code style
[0.837s] -- Added test 'xmllint' to check XML markup files
[0.838s] -- Configuring done
[0.856s] -- Generating done
[0.862s] -- Build files have been written to: /home/robot/ros2-learning/chapt4/chapt4_ws/build/chat4_interfaces
[0.880s] [  3%] [34m[1mGenerating C code for ROS interfaces[0m
[0.889s] [  6%] [34m[1mGenerating C++ code for ROS interfaces[0m
[0.896s] [  6%] Built target ament_cmake_python_copy_chat4_interfaces
[1.018s] running egg_info
[1.018s] writing chat4_interfaces.egg-info/PKG-INFO
[1.018s] writing dependency_links to chat4_interfaces.egg-info/dependency_links.txt
[1.018s] writing top-level names to chat4_interfaces.egg-info/top_level.txt
[1.019s] reading manifest file 'chat4_interfaces.egg-info/SOURCES.txt'
[1.019s] writing manifest file 'chat4_interfaces.egg-info/SOURCES.txt'
[1.033s] [  6%] Built target chat4_interfaces__cpp
[1.039s] [  9%] [32mBuilding C object CMakeFiles/chat4_interfaces__rosidl_generator_c.dir/rosidl_generator_c/chat4_interfaces/srv/detail/face_detector__functions.c.o[0m
[1.040s] [ 12%] [34m[1mGenerating C++ introspection for ROS interfaces[0m
[1.040s] [ 12%] Built target ament_cmake_python_build_chat4_interfaces_egg
[1.040s] [ 16%] [34m[1mGenerating C++ type support for eProsima Fast-RTPS[0m
[1.040s] [ 19%] [34m[1mGenerating C++ type support dispatch for ROS interfaces[0m
[1.081s] [ 22%] [32m[1mLinking C shared library libchat4_interfaces__rosidl_generator_c.so[0m
[1.114s] [ 22%] Built target chat4_interfaces__rosidl_generator_c
[1.122s] [ 29%] [34m[1mGenerating C introspection for ROS interfaces[0m
[1.122s] [ 29%] [34m[1mGenerating C type support dispatch for ROS interfaces[0m
[1.123s] [ 32%] [34m[1mGenerating C type support for eProsima Fast-RTPS[0m
[1.169s] [ 35%] [32mBuilding CXX object CMakeFiles/chat4_interfaces__rosidl_typesupport_cpp.dir/rosidl_typesupport_cpp/chat4_interfaces/srv/face_detector__type_support.cpp.o[0m
[1.182s] [ 38%] [32mBuilding CXX object CMakeFiles/chat4_interfaces__rosidl_typesupport_introspection_cpp.dir/rosidl_typesupport_introspection_cpp/chat4_interfaces/srv/detail/face_detector__type_support.cpp.o[0m
[1.186s] [ 41%] [32mBuilding CXX object CMakeFiles/chat4_interfaces__rosidl_typesupport_fastrtps_cpp.dir/rosidl_typesupport_fastrtps_cpp/chat4_interfaces/srv/detail/dds_fastrtps/face_detector__type_support.cpp.o[0m
[1.266s] [ 45%] [32mBuilding CXX object CMakeFiles/chat4_interfaces__rosidl_typesupport_c.dir/rosidl_typesupport_c/chat4_interfaces/srv/face_detector__type_support.cpp.o[0m
[1.280s] [ 48%] [32mBuilding C object CMakeFiles/chat4_interfaces__rosidl_typesupport_introspection_c.dir/rosidl_typesupport_introspection_c/chat4_interfaces/srv/detail/face_detector__type_support.c.o[0m
[1.281s] [ 51%] [32mBuilding CXX object CMakeFiles/chat4_interfaces__rosidl_typesupport_fastrtps_c.dir/rosidl_typesupport_fastrtps_c/chat4_interfaces/srv/detail/face_detector__type_support_c.cpp.o[0m
[1.294s] [ 54%] [32m[1mLinking CXX shared library libchat4_interfaces__rosidl_typesupport_c.so[0m
[1.310s] [ 58%] [32m[1mLinking CXX shared library libchat4_interfaces__rosidl_typesupport_cpp.so[0m
[1.314s] [ 61%] [32m[1mLinking C shared library libchat4_interfaces__rosidl_typesupport_introspection_c.so[0m
[1.330s] [ 61%] Built target chat4_interfaces__rosidl_typesupport_c
[1.339s] [ 61%] Built target chat4_interfaces__rosidl_typesupport_introspection_c
[1.344s] [ 61%] Built target chat4_interfaces__rosidl_typesupport_cpp
[1.405s] [ 64%] [32m[1mLinking CXX shared library libchat4_interfaces__rosidl_typesupport_introspection_cpp.so[0m
[1.416s] [ 67%] [32m[1mLinking CXX shared library libchat4_interfaces__rosidl_typesupport_fastrtps_cpp.so[0m
[1.453s] [ 70%] [32m[1mLinking CXX shared library libchat4_interfaces__rosidl_typesupport_fastrtps_c.so[0m
[1.453s] [ 70%] Built target chat4_interfaces__rosidl_typesupport_introspection_cpp
[1.461s] [ 70%] Built target chat4_interfaces__rosidl_typesupport_fastrtps_cpp
[1.499s] [ 70%] Built target chat4_interfaces__rosidl_typesupport_fastrtps_c
[1.522s] [ 70%] Built target chat4_interfaces
[1.559s] [ 74%] [34m[1mGenerating Python code for ROS interfaces[0m
[1.750s] [ 74%] Built target chat4_interfaces__py
[1.763s] [ 77%] [32mBuilding C object CMakeFiles/chat4_interfaces__rosidl_generator_py.dir/rosidl_generator_py/chat4_interfaces/srv/_face_detector_s.c.o[0m
[1.835s] [ 80%] [32m[1mLinking C shared library rosidl_generator_py/chat4_interfaces/libchat4_interfaces__rosidl_generator_py.so[0m
[1.873s] [ 80%] Built target chat4_interfaces__rosidl_generator_py
[1.893s] [35m[1mConsolidate compiler generated dependencies of target chat4_interfaces__rosidl_typesupport_introspection_c__pyext[0m
[1.893s] [35m[1mConsolidate compiler generated dependencies of target chat4_interfaces__rosidl_typesupport_c__pyext[0m
[1.893s] [35m[1mConsolidate compiler generated dependencies of target chat4_interfaces__rosidl_typesupport_fastrtps_c__pyext[0m
[1.905s] [ 90%] [32mBuilding C object CMakeFiles/chat4_interfaces__rosidl_typesupport_c__pyext.dir/rosidl_generator_py/chat4_interfaces/_chat4_interfaces_s.ep.rosidl_typesupport_c.c.o[0m
[1.905s] [ 90%] [32mBuilding C object CMakeFiles/chat4_interfaces__rosidl_typesupport_fastrtps_c__pyext.dir/rosidl_generator_py/chat4_interfaces/_chat4_interfaces_s.ep.rosidl_typesupport_fastrtps_c.c.o[0m
[1.905s] [ 90%] [32mBuilding C object CMakeFiles/chat4_interfaces__rosidl_typesupport_introspection_c__pyext.dir/rosidl_generator_py/chat4_interfaces/_chat4_interfaces_s.ep.rosidl_typesupport_introspection_c.c.o[0m
[1.960s] [ 96%] [32m[1mLinking C shared library rosidl_generator_py/chat4_interfaces/chat4_interfaces_s__rosidl_typesupport_fastrtps_c.cpython-310-x86_64-linux-gnu.so[0m
[1.960s] [ 96%] [32m[1mLinking C shared library rosidl_generator_py/chat4_interfaces/chat4_interfaces_s__rosidl_typesupport_c.cpython-310-x86_64-linux-gnu.so[0m
[1.960s] [100%] [32m[1mLinking C shared library rosidl_generator_py/chat4_interfaces/chat4_interfaces_s__rosidl_typesupport_introspection_c.cpython-310-x86_64-linux-gnu.so[0m
[1.986s] [100%] Built target chat4_interfaces__rosidl_typesupport_c__pyext
[1.986s] [100%] Built target chat4_interfaces__rosidl_typesupport_introspection_c__pyext
[1.992s] [100%] Built target chat4_interfaces__rosidl_typesupport_fastrtps_c__pyext
[2.001s] Invoked command in '/home/robot/ros2-learning/chapt4/chapt4_ws/build/chat4_interfaces' returned '0': CMAKE_PREFIX_PATH=${CMAKE_PREFIX_PATH}:/opt/ros/humble /usr/bin/cmake --build /home/robot/ros2-learning/chapt4/chapt4_ws/build/chat4_interfaces -- -j32 -l32
[2.008s] Invoking command in '/home/robot/ros2-learning/chapt4/chapt4_ws/build/chat4_interfaces': CMAKE_PREFIX_PATH=${CMAKE_PREFIX_PATH}:/opt/ros/humble /usr/bin/cmake --install /home/robot/ros2-learning/chapt4/chapt4_ws/build/chat4_interfaces
[2.015s] -- Install configuration: ""
[2.015s] -- Installing: /home/robot/ros2-learning/chapt4/chapt4_ws/install/chat4_interfaces/share/ament_index/resource_index/rosidl_interfaces/chat4_interfaces
[2.016s] -- Up-to-date: /home/robot/ros2-learning/chapt4/chapt4_ws/install/chat4_interfaces/include/chat4_interfaces/chat4_interfaces
[2.016s] -- Up-to-date: /home/robot/ros2-learning/chapt4/chapt4_ws/install/chat4_interfaces/include/chat4_interfaces/chat4_interfaces/msg
[2.016s] -- Up-to-date: /home/robot/ros2-learning/chapt4/chapt4_ws/install/chat4_interfaces/include/chat4_interfaces/chat4_interfaces/msg/rosidl_generator_c__visibility_control.h
[2.016s] -- Up-to-date: /home/robot/ros2-learning/chapt4/chapt4_ws/install/chat4_interfaces/include/chat4_interfaces/chat4_interfaces/srv
[2.016s] -- Up-to-date: /home/robot/ros2-learning/chapt4/chapt4_ws/install/chat4_interfaces/include/chat4_interfaces/chat4_interfaces/srv/face_dector.h
[2.016s] -- Up-to-date: /home/robot/ros2-learning/chapt4/chapt4_ws/install/chat4_interfaces/include/chat4_interfaces/chat4_interfaces/srv/detail
[2.016s] -- Up-to-date: /home/robot/ros2-learning/chapt4/chapt4_ws/install/chat4_interfaces/include/chat4_interfaces/chat4_interfaces/srv/detail/face_dector__struct.h
[2.016s] -- Up-to-date: /home/robot/ros2-learning/chapt4/chapt4_ws/install/chat4_interfaces/include/chat4_interfaces/chat4_interfaces/srv/detail/face_dector__functions.c
[2.016s] -- Up-to-date: /home/robot/ros2-learning/chapt4/chapt4_ws/install/chat4_interfaces/include/chat4_interfaces/chat4_interfaces/srv/detail/face_dector__type_support.h
[2.016s] -- Installing: /home/robot/ros2-learning/chapt4/chapt4_ws/install/chat4_interfaces/include/chat4_interfaces/chat4_interfaces/srv/detail/face_detector__type_support.h
[2.016s] -- Installing: /home/robot/ros2-learning/chapt4/chapt4_ws/install/chat4_interfaces/include/chat4_interfaces/chat4_interfaces/srv/detail/face_detector__functions.h
[2.016s] -- Up-to-date: /home/robot/ros2-learning/chapt4/chapt4_ws/install/chat4_interfaces/include/chat4_interfaces/chat4_interfaces/srv/detail/face_dector__functions.h
[2.016s] -- Installing: /home/robot/ros2-learning/chapt4/chapt4_ws/install/chat4_interfaces/include/chat4_interfaces/chat4_interfaces/srv/detail/face_detector__functions.c
[2.016s] -- Installing: /home/robot/ros2-learning/chapt4/chapt4_ws/install/chat4_interfaces/include/chat4_interfaces/chat4_interfaces/srv/detail/face_detector__struct.h
[2.016s] -- Installing: /home/robot/ros2-learning/chapt4/chapt4_ws/install/chat4_interfaces/include/chat4_interfaces/chat4_interfaces/srv/face_detector.h
[2.016s] -- Up-to-date: /home/robot/ros2-learning/chapt4/chapt4_ws/install/chat4_interfaces/share/chat4_interfaces/environment/library_path.sh
[2.016s] -- Installing: /home/robot/ros2-learning/chapt4/chapt4_ws/install/chat4_interfaces/share/chat4_interfaces/environment/library_path.dsv
[2.016s] -- Installing: /home/robot/ros2-learning/chapt4/chapt4_ws/install/chat4_interfaces/lib/libchat4_interfaces__rosidl_generator_c.so
[2.016s] -- Set runtime path of "/home/robot/ros2-learning/chapt4/chapt4_ws/install/chat4_interfaces/lib/libchat4_interfaces__rosidl_generator_c.so" to ""
[2.016s] -- Up-to-date: /home/robot/ros2-learning/chapt4/chapt4_ws/install/chat4_interfaces/include/chat4_interfaces/chat4_interfaces
[2.016s] -- Up-to-date: /home/robot/ros2-learning/chapt4/chapt4_ws/install/chat4_interfaces/include/chat4_interfaces/chat4_interfaces/msg
[2.017s] -- Up-to-date: /home/robot/ros2-learning/chapt4/chapt4_ws/install/chat4_interfaces/include/chat4_interfaces/chat4_interfaces/msg/rosidl_typesupport_fastrtps_c__visibility_control.h
[2.017s] -- Up-to-date: /home/robot/ros2-learning/chapt4/chapt4_ws/install/chat4_interfaces/include/chat4_interfaces/chat4_interfaces/srv
[2.017s] -- Up-to-date: /home/robot/ros2-learning/chapt4/chapt4_ws/install/chat4_interfaces/include/chat4_interfaces/chat4_interfaces/srv/detail
[2.017s] -- Installing: /home/robot/ros2-learning/chapt4/chapt4_ws/install/chat4_interfaces/include/chat4_interfaces/chat4_interfaces/srv/detail/face_detector__rosidl_typesupport_fastrtps_c.h
[2.017s] -- Up-to-date: /home/robot/ros2-learning/chapt4/chapt4_ws/install/chat4_interfaces/include/chat4_interfaces/chat4_interfaces/srv/detail/face_dector__rosidl_typesupport_fastrtps_c.h
[2.017s] -- Installing: /home/robot/ros2-learning/chapt4/chapt4_ws/install/chat4_interfaces/lib/libchat4_interfaces__rosidl_typesupport_fastrtps_c.so
[2.017s] -- Set runtime path of "/home/robot/ros2-learning/chapt4/chapt4_ws/install/chat4_interfaces/lib/libchat4_interfaces__rosidl_typesupport_fastrtps_c.so" to ""
[2.017s] -- Up-to-date: /home/robot/ros2-learning/chapt4/chapt4_ws/install/chat4_interfaces/include/chat4_interfaces/chat4_interfaces
[2.017s] -- Up-to-date: /home/robot/ros2-learning/chapt4/chapt4_ws/install/chat4_interfaces/include/chat4_interfaces/chat4_interfaces/msg
[2.017s] -- Up-to-date: /home/robot/ros2-learning/chapt4/chapt4_ws/install/chat4_interfaces/include/chat4_interfaces/chat4_interfaces/msg/rosidl_generator_cpp__visibility_control.hpp
[2.017s] -- Up-to-date: /home/robot/ros2-learning/chapt4/chapt4_ws/install/chat4_interfaces/include/chat4_interfaces/chat4_interfaces/srv
[2.017s] -- Up-to-date: /home/robot/ros2-learning/chapt4/chapt4_ws/install/chat4_interfaces/include/chat4_interfaces/chat4_interfaces/srv/detail
[2.017s] -- Up-to-date: /home/robot/ros2-learning/chapt4/chapt4_ws/install/chat4_interfaces/include/chat4_interfaces/chat4_interfaces/srv/detail/face_dector__builder.hpp
[2.017s] -- Installing: /home/robot/ros2-learning/chapt4/chapt4_ws/install/chat4_interfaces/include/chat4_interfaces/chat4_interfaces/srv/detail/face_detector__type_support.hpp
[2.017s] -- Installing: /home/robot/ros2-learning/chapt4/chapt4_ws/install/chat4_interfaces/include/chat4_interfaces/chat4_interfaces/srv/detail/face_detector__builder.hpp
[2.017s] -- Up-to-date: /home/robot/ros2-learning/chapt4/chapt4_ws/install/chat4_interfaces/include/chat4_interfaces/chat4_interfaces/srv/detail/face_dector__traits.hpp
[2.017s] -- Installing: /home/robot/ros2-learning/chapt4/chapt4_ws/install/chat4_interfaces/include/chat4_interfaces/chat4_interfaces/srv/detail/face_detector__struct.hpp
[2.017s] -- Up-to-date: /home/robot/ros2-learning/chapt4/chapt4_ws/install/chat4_interfaces/include/chat4_interfaces/chat4_interfaces/srv/detail/face_dector__struct.hpp
[2.017s] -- Installing: /home/robot/ros2-learning/chapt4/chapt4_ws/install/chat4_interfaces/include/chat4_interfaces/chat4_interfaces/srv/detail/face_detector__traits.hpp
[2.017s] -- Up-to-date: /home/robot/ros2-learning/chapt4/chapt4_ws/install/chat4_interfaces/include/chat4_interfaces/chat4_interfaces/srv/detail/face_dector__type_support.hpp
[2.017s] -- Installing: /home/robot/ros2-learning/chapt4/chapt4_ws/install/chat4_interfaces/include/chat4_interfaces/chat4_interfaces/srv/face_detector.hpp
[2.017s] -- Up-to-date: /home/robot/ros2-learning/chapt4/chapt4_ws/install/chat4_interfaces/include/chat4_interfaces/chat4_interfaces/srv/face_dector.hpp
[2.017s] -- Up-to-date: /home/robot/ros2-learning/chapt4/chapt4_ws/install/chat4_interfaces/include/chat4_interfaces/chat4_interfaces
[2.017s] -- Up-to-date: /home/robot/ros2-learning/chapt4/chapt4_ws/install/chat4_interfaces/include/chat4_interfaces/chat4_interfaces/msg
[2.018s] -- Up-to-date: /home/robot/ros2-learning/chapt4/chapt4_ws/install/chat4_interfaces/include/chat4_interfaces/chat4_interfaces/msg/rosidl_typesupport_fastrtps_cpp__visibility_control.h
[2.018s] -- Up-to-date: /home/robot/ros2-learning/chapt4/chapt4_ws/install/chat4_interfaces/include/chat4_interfaces/chat4_interfaces/srv
[2.018s] -- Up-to-date: /home/robot/ros2-learning/chapt4/chapt4_ws/install/chat4_interfaces/include/chat4_interfaces/chat4_interfaces/srv/detail
[2.018s] -- Installing: /home/robot/ros2-learning/chapt4/chapt4_ws/install/chat4_interfaces/include/chat4_interfaces/chat4_interfaces/srv/detail/face_detector__rosidl_typesupport_fastrtps_cpp.hpp
[2.018s] -- Up-to-date: /home/robot/ros2-learning/chapt4/chapt4_ws/install/chat4_interfaces/include/chat4_interfaces/chat4_interfaces/srv/detail/face_dector__rosidl_typesupport_fastrtps_cpp.hpp
[2.018s] -- Up-to-date: /home/robot/ros2-learning/chapt4/chapt4_ws/install/chat4_interfaces/include/chat4_interfaces/chat4_interfaces/srv/detail/dds_fastrtps
[2.018s] -- Installing: /home/robot/ros2-learning/chapt4/chapt4_ws/install/chat4_interfaces/lib/libchat4_interfaces__rosidl_typesupport_fastrtps_cpp.so
[2.018s] -- Set runtime path of "/home/robot/ros2-learning/chapt4/chapt4_ws/install/chat4_interfaces/lib/libchat4_interfaces__rosidl_typesupport_fastrtps_cpp.so" to ""
[2.018s] -- Up-to-date: /home/robot/ros2-learning/chapt4/chapt4_ws/install/chat4_interfaces/include/chat4_interfaces/chat4_interfaces
[2.018s] -- Up-to-date: /home/robot/ros2-learning/chapt4/chapt4_ws/install/chat4_interfaces/include/chat4_interfaces/chat4_interfaces/msg
[2.018s] -- Up-to-date: /home/robot/ros2-learning/chapt4/chapt4_ws/install/chat4_interfaces/include/chat4_interfaces/chat4_interfaces/msg/rosidl_typesupport_introspection_c__visibility_control.h
[2.018s] -- Up-to-date: /home/robot/ros2-learning/chapt4/chapt4_ws/install/chat4_interfaces/include/chat4_interfaces/chat4_interfaces/srv
[2.018s] -- Up-to-date: /home/robot/ros2-learning/chapt4/chapt4_ws/install/chat4_interfaces/include/chat4_interfaces/chat4_interfaces/srv/detail
[2.018s] -- Installing: /home/robot/ros2-learning/chapt4/chapt4_ws/install/chat4_interfaces/include/chat4_interfaces/chat4_interfaces/srv/detail/face_detector__type_support.c
[2.018s] -- Installing: /home/robot/ros2-learning/chapt4/chapt4_ws/install/chat4_interfaces/include/chat4_interfaces/chat4_interfaces/srv/detail/face_detector__rosidl_typesupport_introspection_c.h
[2.018s] -- Up-to-date: /home/robot/ros2-learning/chapt4/chapt4_ws/install/chat4_interfaces/include/chat4_interfaces/chat4_interfaces/srv/detail/face_dector__rosidl_typesupport_introspection_c.h
[2.018s] -- Up-to-date: /home/robot/ros2-learning/chapt4/chapt4_ws/install/chat4_interfaces/include/chat4_interfaces/chat4_interfaces/srv/detail/face_dector__type_support.c
[2.018s] -- Installing: /home/robot/ros2-learning/chapt4/chapt4_ws/install/chat4_interfaces/lib/libchat4_interfaces__rosidl_typesupport_introspection_c.so
[2.018s] -- Set runtime path of "/home/robot/ros2-learning/chapt4/chapt4_ws/install/chat4_interfaces/lib/libchat4_interfaces__rosidl_typesupport_introspection_c.so" to ""
[2.018s] -- Installing: /home/robot/ros2-learning/chapt4/chapt4_ws/install/chat4_interfaces/lib/libchat4_interfaces__rosidl_typesupport_c.so
[2.018s] -- Set runtime path of "/home/robot/ros2-learning/chapt4/chapt4_ws/install/chat4_interfaces/lib/libchat4_interfaces__rosidl_typesupport_c.so" to ""
[2.018s] -- Up-to-date: /home/robot/ros2-learning/chapt4/chapt4_ws/install/chat4_interfaces/include/chat4_interfaces/chat4_interfaces
[2.019s] -- Up-to-date: /home/robot/ros2-learning/chapt4/chapt4_ws/install/chat4_interfaces/include/chat4_interfaces/chat4_interfaces/srv
[2.019s] -- Up-to-date: /home/robot/ros2-learning/chapt4/chapt4_ws/install/chat4_interfaces/include/chat4_interfaces/chat4_interfaces/srv/detail
[2.019s] -- Up-to-date: /home/robot/ros2-learning/chapt4/chapt4_ws/install/chat4_interfaces/include/chat4_interfaces/chat4_interfaces/srv/detail/face_dector__rosidl_typesupport_introspection_cpp.hpp
[2.019s] -- Installing: /home/robot/ros2-learning/chapt4/chapt4_ws/install/chat4_interfaces/include/chat4_interfaces/chat4_interfaces/srv/detail/face_detector__type_support.cpp
[2.019s] -- Up-to-date: /home/robot/ros2-learning/chapt4/chapt4_ws/install/chat4_interfaces/include/chat4_interfaces/chat4_interfaces/srv/detail/face_dector__type_support.cpp
[2.019s] -- Installing: /home/robot/ros2-learning/chapt4/chapt4_ws/install/chat4_interfaces/include/chat4_interfaces/chat4_interfaces/srv/detail/face_detector__rosidl_typesupport_introspection_cpp.hpp
[2.019s] -- Installing: /home/robot/ros2-learning/chapt4/chapt4_ws/install/chat4_interfaces/lib/libchat4_interfaces__rosidl_typesupport_introspection_cpp.so
[2.019s] -- Set runtime path of "/home/robot/ros2-learning/chapt4/chapt4_ws/install/chat4_interfaces/lib/libchat4_interfaces__rosidl_typesupport_introspection_cpp.so" to ""
[2.019s] -- Installing: /home/robot/ros2-learning/chapt4/chapt4_ws/install/chat4_interfaces/lib/libchat4_interfaces__rosidl_typesupport_cpp.so
[2.019s] -- Set runtime path of "/home/robot/ros2-learning/chapt4/chapt4_ws/install/chat4_interfaces/lib/libchat4_interfaces__rosidl_typesupport_cpp.so" to ""
[2.019s] -- Up-to-date: /home/robot/ros2-learning/chapt4/chapt4_ws/install/chat4_interfaces/share/chat4_interfaces/environment/pythonpath.sh
[2.019s] -- Installing: /home/robot/ros2-learning/chapt4/chapt4_ws/install/chat4_interfaces/share/chat4_interfaces/environment/pythonpath.dsv
[2.019s] -- Up-to-date: /home/robot/ros2-learning/chapt4/chapt4_ws/install/chat4_interfaces/local/lib/python3.10/dist-packages/chat4_interfaces-0.0.0-py3.10.egg-info
[2.019s] -- Installing: /home/robot/ros2-learning/chapt4/chapt4_ws/install/chat4_interfaces/local/lib/python3.10/dist-packages/chat4_interfaces-0.0.0-py3.10.egg-info/top_level.txt
[2.020s] -- Installing: /home/robot/ros2-learning/chapt4/chapt4_ws/install/chat4_interfaces/local/lib/python3.10/dist-packages/chat4_interfaces-0.0.0-py3.10.egg-info/PKG-INFO
[2.020s] -- Installing: /home/robot/ros2-learning/chapt4/chapt4_ws/install/chat4_interfaces/local/lib/python3.10/dist-packages/chat4_interfaces-0.0.0-py3.10.egg-info/SOURCES.txt
[2.020s] -- Installing: /home/robot/ros2-learning/chapt4/chapt4_ws/install/chat4_interfaces/local/lib/python3.10/dist-packages/chat4_interfaces-0.0.0-py3.10.egg-info/dependency_links.txt
[2.020s] -- Up-to-date: /home/robot/ros2-learning/chapt4/chapt4_ws/install/chat4_interfaces/local/lib/python3.10/dist-packages/chat4_interfaces
[2.020s] -- Installing: /home/robot/ros2-learning/chapt4/chapt4_ws/install/chat4_interfaces/local/lib/python3.10/dist-packages/chat4_interfaces/_chat4_interfaces_s.ep.rosidl_typesupport_c.c
[2.020s] -- Installing: /home/robot/ros2-learning/chapt4/chapt4_ws/install/chat4_interfaces/local/lib/python3.10/dist-packages/chat4_interfaces/__init__.py
[2.020s] -- Up-to-date: /home/robot/ros2-learning/chapt4/chapt4_ws/install/chat4_interfaces/local/lib/python3.10/dist-packages/chat4_interfaces/srv
[2.020s] -- Up-to-date: /home/robot/ros2-learning/chapt4/chapt4_ws/install/chat4_interfaces/local/lib/python3.10/dist-packages/chat4_interfaces/srv/_face_dector.py
[2.020s] -- Up-to-date: /home/robot/ros2-learning/chapt4/chapt4_ws/install/chat4_interfaces/local/lib/python3.10/dist-packages/chat4_interfaces/srv/_face_dector_s.c
[2.020s] -- Installing: /home/robot/ros2-learning/chapt4/chapt4_ws/install/chat4_interfaces/local/lib/python3.10/dist-packages/chat4_interfaces/srv/__init__.py
[2.020s] -- Installing: /home/robot/ros2-learning/chapt4/chapt4_ws/install/chat4_interfaces/local/lib/python3.10/dist-packages/chat4_interfaces/srv/_face_detector.py
[2.020s] -- Installing: /home/robot/ros2-learning/chapt4/chapt4_ws/install/chat4_interfaces/local/lib/python3.10/dist-packages/chat4_interfaces/srv/_face_detector_s.c
[2.020s] -- Installing: /home/robot/ros2-learning/chapt4/chapt4_ws/install/chat4_interfaces/local/lib/python3.10/dist-packages/chat4_interfaces/libchat4_interfaces__rosidl_generator_py.so
[2.020s] -- Installing: /home/robot/ros2-learning/chapt4/chapt4_ws/install/chat4_interfaces/local/lib/python3.10/dist-packages/chat4_interfaces/chat4_interfaces_s__rosidl_typesupport_introspection_c.cpython-310-x86_64-linux-gnu.so
[2.020s] -- Installing: /home/robot/ros2-learning/chapt4/chapt4_ws/install/chat4_interfaces/local/lib/python3.10/dist-packages/chat4_interfaces/_chat4_interfaces_s.ep.rosidl_typesupport_fastrtps_c.c
[2.020s] -- Installing: /home/robot/ros2-learning/chapt4/chapt4_ws/install/chat4_interfaces/local/lib/python3.10/dist-packages/chat4_interfaces/_chat4_interfaces_s.ep.rosidl_typesupport_introspection_c.c
[2.020s] -- Installing: /home/robot/ros2-learning/chapt4/chapt4_ws/install/chat4_interfaces/local/lib/python3.10/dist-packages/chat4_interfaces/chat4_interfaces_s__rosidl_typesupport_fastrtps_c.cpython-310-x86_64-linux-gnu.so
[2.020s] -- Installing: /home/robot/ros2-learning/chapt4/chapt4_ws/install/chat4_interfaces/local/lib/python3.10/dist-packages/chat4_interfaces/chat4_interfaces_s__rosidl_typesupport_c.cpython-310-x86_64-linux-gnu.so
[2.041s] Listing '/home/robot/ros2-learning/chapt4/chapt4_ws/install/chat4_interfaces/local/lib/python3.10/dist-packages/chat4_interfaces'...
[2.041s] Compiling '/home/robot/ros2-learning/chapt4/chapt4_ws/install/chat4_interfaces/local/lib/python3.10/dist-packages/chat4_interfaces/__init__.py'...
[2.041s] Listing '/home/robot/ros2-learning/chapt4/chapt4_ws/install/chat4_interfaces/local/lib/python3.10/dist-packages/chat4_interfaces/srv'...
[2.041s] Compiling '/home/robot/ros2-learning/chapt4/chapt4_ws/install/chat4_interfaces/local/lib/python3.10/dist-packages/chat4_interfaces/srv/__init__.py'...
[2.041s] Compiling '/home/robot/ros2-learning/chapt4/chapt4_ws/install/chat4_interfaces/local/lib/python3.10/dist-packages/chat4_interfaces/srv/_face_detector.py'...
[2.043s] -- Installing: /home/robot/ros2-learning/chapt4/chapt4_ws/install/chat4_interfaces/local/lib/python3.10/dist-packages/chat4_interfaces/chat4_interfaces_s__rosidl_typesupport_fastrtps_c.cpython-310-x86_64-linux-gnu.so
[2.043s] -- Set runtime path of "/home/robot/ros2-learning/chapt4/chapt4_ws/install/chat4_interfaces/local/lib/python3.10/dist-packages/chat4_interfaces/chat4_interfaces_s__rosidl_typesupport_fastrtps_c.cpython-310-x86_64-linux-gnu.so" to ""
[2.043s] -- Installing: /home/robot/ros2-learning/chapt4/chapt4_ws/install/chat4_interfaces/local/lib/python3.10/dist-packages/chat4_interfaces/chat4_interfaces_s__rosidl_typesupport_introspection_c.cpython-310-x86_64-linux-gnu.so
[2.043s] -- Set runtime path of "/home/robot/ros2-learning/chapt4/chapt4_ws/install/chat4_interfaces/local/lib/python3.10/dist-packages/chat4_interfaces/chat4_interfaces_s__rosidl_typesupport_introspection_c.cpython-310-x86_64-linux-gnu.so" to ""
[2.043s] -- Installing: /home/robot/ros2-learning/chapt4/chapt4_ws/install/chat4_interfaces/local/lib/python3.10/dist-packages/chat4_interfaces/chat4_interfaces_s__rosidl_typesupport_c.cpython-310-x86_64-linux-gnu.so
[2.044s] -- Set runtime path of "/home/robot/ros2-learning/chapt4/chapt4_ws/install/chat4_interfaces/local/lib/python3.10/dist-packages/chat4_interfaces/chat4_interfaces_s__rosidl_typesupport_c.cpython-310-x86_64-linux-gnu.so" to ""
[2.044s] -- Installing: /home/robot/ros2-learning/chapt4/chapt4_ws/install/chat4_interfaces/lib/libchat4_interfaces__rosidl_generator_py.so
[2.044s] -- Set runtime path of "/home/robot/ros2-learning/chapt4/chapt4_ws/install/chat4_interfaces/lib/libchat4_interfaces__rosidl_generator_py.so" to ""
[2.044s] -- Installing: /home/robot/ros2-learning/chapt4/chapt4_ws/install/chat4_interfaces/share/chat4_interfaces/srv/FaceDetector.idl
[2.044s] -- Installing: /home/robot/ros2-learning/chapt4/chapt4_ws/install/chat4_interfaces/share/chat4_interfaces/srv/FaceDetector.srv
[2.044s] -- Installing: /home/robot/ros2-learning/chapt4/chapt4_ws/install/chat4_interfaces/share/chat4_interfaces/srv/FaceDetector_Request.msg
[2.044s] -- Installing: /home/robot/ros2-learning/chapt4/chapt4_ws/install/chat4_interfaces/share/chat4_interfaces/srv/FaceDetector_Response.msg
[2.044s] -- Up-to-date: /home/robot/ros2-learning/chapt4/chapt4_ws/install/chat4_interfaces/share/ament_index/resource_index/package_run_dependencies/chat4_interfaces
[2.044s] -- Installing: /home/robot/ros2-learning/chapt4/chapt4_ws/install/chat4_interfaces/share/ament_index/resource_index/parent_prefix_path/chat4_interfaces
[2.044s] -- Up-to-date: /home/robot/ros2-learning/chapt4/chapt4_ws/install/chat4_interfaces/share/chat4_interfaces/environment/ament_prefix_path.sh
[2.044s] -- Installing: /home/robot/ros2-learning/chapt4/chapt4_ws/install/chat4_interfaces/share/chat4_interfaces/environment/ament_prefix_path.dsv
[2.044s] -- Up-to-date: /home/robot/ros2-learning/chapt4/chapt4_ws/install/chat4_interfaces/share/chat4_interfaces/environment/path.sh
[2.044s] -- Installing: /home/robot/ros2-learning/chapt4/chapt4_ws/install/chat4_interfaces/share/chat4_interfaces/environment/path.dsv
[2.044s] -- Up-to-date: /home/robot/ros2-learning/chapt4/chapt4_ws/install/chat4_interfaces/share/chat4_interfaces/local_setup.bash
[2.044s] -- Up-to-date: /home/robot/ros2-learning/chapt4/chapt4_ws/install/chat4_interfaces/share/chat4_interfaces/local_setup.sh
[2.044s] -- Up-to-date: /home/robot/ros2-learning/chapt4/chapt4_ws/install/chat4_interfaces/share/chat4_interfaces/local_setup.zsh
[2.044s] -- Installing: /home/robot/ros2-learning/chapt4/chapt4_ws/install/chat4_interfaces/share/chat4_interfaces/local_setup.dsv
[2.044s] -- Installing: /home/robot/ros2-learning/chapt4/chapt4_ws/install/chat4_interfaces/share/chat4_interfaces/package.dsv
[2.044s] -- Up-to-date: /home/robot/ros2-learning/chapt4/chapt4_ws/install/chat4_interfaces/share/ament_index/resource_index/packages/chat4_interfaces
[2.044s] -- Up-to-date: /home/robot/ros2-learning/chapt4/chapt4_ws/install/chat4_interfaces/share/chat4_interfaces/cmake/export_chat4_interfaces__rosidl_generator_cExport.cmake
[2.044s] -- Up-to-date: /home/robot/ros2-learning/chapt4/chapt4_ws/install/chat4_interfaces/share/chat4_interfaces/cmake/export_chat4_interfaces__rosidl_generator_cExport-noconfig.cmake
[2.044s] -- Up-to-date: /home/robot/ros2-learning/chapt4/chapt4_ws/install/chat4_interfaces/share/chat4_interfaces/cmake/export_chat4_interfaces__rosidl_typesupport_fastrtps_cExport.cmake
[2.044s] -- Up-to-date: /home/robot/ros2-learning/chapt4/chapt4_ws/install/chat4_interfaces/share/chat4_interfaces/cmake/export_chat4_interfaces__rosidl_typesupport_fastrtps_cExport-noconfig.cmake
[2.044s] -- Up-to-date: /home/robot/ros2-learning/chapt4/chapt4_ws/install/chat4_interfaces/share/chat4_interfaces/cmake/export_chat4_interfaces__rosidl_generator_cppExport.cmake
[2.044s] -- Up-to-date: /home/robot/ros2-learning/chapt4/chapt4_ws/install/chat4_interfaces/share/chat4_interfaces/cmake/export_chat4_interfaces__rosidl_typesupport_fastrtps_cppExport.cmake
[2.044s] -- Up-to-date: /home/robot/ros2-learning/chapt4/chapt4_ws/install/chat4_interfaces/share/chat4_interfaces/cmake/export_chat4_interfaces__rosidl_typesupport_fastrtps_cppExport-noconfig.cmake
[2.044s] -- Up-to-date: /home/robot/ros2-learning/chapt4/chapt4_ws/install/chat4_interfaces/share/chat4_interfaces/cmake/chat4_interfaces__rosidl_typesupport_introspection_cExport.cmake
[2.044s] -- Up-to-date: /home/robot/ros2-learning/chapt4/chapt4_ws/install/chat4_interfaces/share/chat4_interfaces/cmake/chat4_interfaces__rosidl_typesupport_introspection_cExport-noconfig.cmake
[2.044s] -- Up-to-date: /home/robot/ros2-learning/chapt4/chapt4_ws/install/chat4_interfaces/share/chat4_interfaces/cmake/chat4_interfaces__rosidl_typesupport_cExport.cmake
[2.044s] -- Up-to-date: /home/robot/ros2-learning/chapt4/chapt4_ws/install/chat4_interfaces/share/chat4_interfaces/cmake/chat4_interfaces__rosidl_typesupport_cExport-noconfig.cmake
[2.044s] -- Up-to-date: /home/robot/ros2-learning/chapt4/chapt4_ws/install/chat4_interfaces/share/chat4_interfaces/cmake/chat4_interfaces__rosidl_typesupport_introspection_cppExport.cmake
[2.044s] -- Up-to-date: /home/robot/ros2-learning/chapt4/chapt4_ws/install/chat4_interfaces/share/chat4_interfaces/cmake/chat4_interfaces__rosidl_typesupport_introspection_cppExport-noconfig.cmake
[2.044s] -- Up-to-date: /home/robot/ros2-learning/chapt4/chapt4_ws/install/chat4_interfaces/share/chat4_interfaces/cmake/chat4_interfaces__rosidl_typesupport_cppExport.cmake
[2.044s] -- Up-to-date: /home/robot/ros2-learning/chapt4/chapt4_ws/install/chat4_interfaces/share/chat4_interfaces/cmake/chat4_interfaces__rosidl_typesupport_cppExport-noconfig.cmake
[2.044s] -- Up-to-date: /home/robot/ros2-learning/chapt4/chapt4_ws/install/chat4_interfaces/share/chat4_interfaces/cmake/export_chat4_interfaces__rosidl_generator_pyExport.cmake
[2.044s] -- Up-to-date: /home/robot/ros2-learning/chapt4/chapt4_ws/install/chat4_interfaces/share/chat4_interfaces/cmake/export_chat4_interfaces__rosidl_generator_pyExport-noconfig.cmake
[2.044s] -- Installing: /home/robot/ros2-learning/chapt4/chapt4_ws/install/chat4_interfaces/share/chat4_interfaces/cmake/rosidl_cmake-extras.cmake
[2.044s] -- Up-to-date: /home/robot/ros2-learning/chapt4/chapt4_ws/install/chat4_interfaces/share/chat4_interfaces/cmake/ament_cmake_export_dependencies-extras.cmake
[2.044s] -- Up-to-date: /home/robot/ros2-learning/chapt4/chapt4_ws/install/chat4_interfaces/share/chat4_interfaces/cmake/ament_cmake_export_include_directories-extras.cmake
[2.045s] -- Up-to-date: /home/robot/ros2-learning/chapt4/chapt4_ws/install/chat4_interfaces/share/chat4_interfaces/cmake/ament_cmake_export_libraries-extras.cmake
[2.045s] -- Up-to-date: /home/robot/ros2-learning/chapt4/chapt4_ws/install/chat4_interfaces/share/chat4_interfaces/cmake/ament_cmake_export_targets-extras.cmake
[2.045s] -- Up-to-date: /home/robot/ros2-learning/chapt4/chapt4_ws/install/chat4_interfaces/share/chat4_interfaces/cmake/rosidl_cmake_export_typesupport_targets-extras.cmake
[2.045s] -- Up-to-date: /home/robot/ros2-learning/chapt4/chapt4_ws/install/chat4_interfaces/share/chat4_interfaces/cmake/rosidl_cmake_export_typesupport_libraries-extras.cmake
[2.045s] -- Up-to-date: /home/robot/ros2-learning/chapt4/chapt4_ws/install/chat4_interfaces/share/chat4_interfaces/cmake/chat4_interfacesConfig.cmake
[2.045s] -- Up-to-date: /home/robot/ros2-learning/chapt4/chapt4_ws/install/chat4_interfaces/share/chat4_interfaces/cmake/chat4_interfacesConfig-version.cmake
[2.045s] -- Up-to-date: /home/robot/ros2-learning/chapt4/chapt4_ws/install/chat4_interfaces/share/chat4_interfaces/package.xml
[2.046s] Invoked command in '/home/robot/ros2-learning/chapt4/chapt4_ws/build/chat4_interfaces' returned '0': CMAKE_PREFIX_PATH=${CMAKE_PREFIX_PATH}:/opt/ros/humble /usr/bin/cmake --install /home/robot/ros2-learning/chapt4/chapt4_ws/build/chat4_interfaces
