[0.282s] Invoking command in '/home/robot/ros2-learning/chapt3/topic_ws/src/demo_pyhton_topic': PYTHONPATH=/home/robot/ros2-learning/chapt3/topic_ws/build/demo_pyhton_topic/prefix_override:/usr/lib/python3/dist-packages/colcon_core/task/python/colcon_distutils_commands:/home/robot/ros2-learning/chapt3/topic_ws/install/demo_pyhton_topic/lib/python3.10/site-packages:${PYTHONPATH} /usr/bin/python3 -W ignore:setup.py install is deprecated -W ignore:easy_install command is deprecated setup.py egg_info --egg-base ../../build/demo_pyhton_topic build --build-base /home/robot/ros2-learning/chapt3/topic_ws/build/demo_pyhton_topic/build install --record /home/robot/ros2-learning/chapt3/topic_ws/build/demo_pyhton_topic/install.log --single-version-externally-managed install_data
[0.392s] running egg_info
[0.392s] writing ../../build/demo_pyhton_topic/demo_pyhton_topic.egg-info/PKG-INFO
[0.392s] writing dependency_links to ../../build/demo_pyhton_topic/demo_pyhton_topic.egg-info/dependency_links.txt
[0.392s] writing entry points to ../../build/demo_pyhton_topic/demo_pyhton_topic.egg-info/entry_points.txt
[0.392s] writing requirements to ../../build/demo_pyhton_topic/demo_pyhton_topic.egg-info/requires.txt
[0.392s] writing top-level names to ../../build/demo_pyhton_topic/demo_pyhton_topic.egg-info/top_level.txt
[0.393s] reading manifest file '../../build/demo_pyhton_topic/demo_pyhton_topic.egg-info/SOURCES.txt'
[0.393s] adding license file 'LICENSE'
[0.393s] writing manifest file '../../build/demo_pyhton_topic/demo_pyhton_topic.egg-info/SOURCES.txt'
[0.393s] running build
[0.393s] running build_py
[0.393s] running install
[0.393s] running install_lib
[0.394s] running install_data
[0.394s] running install_egg_info
[0.395s] removing '/home/robot/ros2-learning/chapt3/topic_ws/install/demo_pyhton_topic/lib/python3.10/site-packages/demo_pyhton_topic-0.0.0-py3.10.egg-info' (and everything under it)
[0.395s] Copying ../../build/demo_pyhton_topic/demo_pyhton_topic.egg-info to /home/robot/ros2-learning/chapt3/topic_ws/install/demo_pyhton_topic/lib/python3.10/site-packages/demo_pyhton_topic-0.0.0-py3.10.egg-info
[0.395s] running install_scripts
[0.404s] Installing novel_pub_node script to /home/robot/ros2-learning/chapt3/topic_ws/install/demo_pyhton_topic/lib/demo_pyhton_topic
[0.404s] writing list of installed files to '/home/robot/ros2-learning/chapt3/topic_ws/build/demo_pyhton_topic/install.log'
[0.414s] Invoked command in '/home/robot/ros2-learning/chapt3/topic_ws/src/demo_pyhton_topic' returned '0': PYTHONPATH=/home/robot/ros2-learning/chapt3/topic_ws/build/demo_pyhton_topic/prefix_override:/usr/lib/python3/dist-packages/colcon_core/task/python/colcon_distutils_commands:/home/robot/ros2-learning/chapt3/topic_ws/install/demo_pyhton_topic/lib/python3.10/site-packages:${PYTHONPATH} /usr/bin/python3 -W ignore:setup.py install is deprecated -W ignore:easy_install command is deprecated setup.py egg_info --egg-base ../../build/demo_pyhton_topic build --build-base /home/robot/ros2-learning/chapt3/topic_ws/build/demo_pyhton_topic/build install --record /home/robot/ros2-learning/chapt3/topic_ws/build/demo_pyhton_topic/install.log --single-version-externally-managed install_data
