[0.005s] Invoking command in '/home/robot/ros2-learning/chapt3/topic_practice_ws/build/status_display': AMENT_PREFIX_PATH=/home/robot/ros2-learning/chapt3/topic_practice_ws/install/status_interface:${AMENT_PREFIX_PATH} CMAKE_PREFIX_PATH=/home/robot/ros2-learning/chapt3/topic_practice_ws/install/status_interface:/opt/ros/humble LD_LIBRARY_PATH=/home/robot/ros2-learning/chapt3/topic_practice_ws/install/status_interface/lib:${LD_LIBRARY_PATH} PYTHONPATH=/home/robot/ros2-learning/chapt3/topic_practice_ws/install/status_interface/local/lib/python3.10/dist-packages:${PYTHONPATH} /usr/bin/cmake --build /home/robot/ros2-learning/chapt3/topic_practice_ws/build/status_display -- -j32 -l32
[0.039s] [ 50%] [32mBuilding CXX object CMakeFiles/hello_qt.dir/src/hello_qt.cpp.o[0m
[0.483s] [100%] [32m[1mLinking CXX executable hello_qt[0m
[0.614s] [100%] Built target hello_qt
[0.620s] Invoked command in '/home/robot/ros2-learning/chapt3/topic_practice_ws/build/status_display' returned '0': AMENT_PREFIX_PATH=/home/robot/ros2-learning/chapt3/topic_practice_ws/install/status_interface:${AMENT_PREFIX_PATH} CMAKE_PREFIX_PATH=/home/robot/ros2-learning/chapt3/topic_practice_ws/install/status_interface:/opt/ros/humble LD_LIBRARY_PATH=/home/robot/ros2-learning/chapt3/topic_practice_ws/install/status_interface/lib:${LD_LIBRARY_PATH} PYTHONPATH=/home/robot/ros2-learning/chapt3/topic_practice_ws/install/status_interface/local/lib/python3.10/dist-packages:${PYTHONPATH} /usr/bin/cmake --build /home/robot/ros2-learning/chapt3/topic_practice_ws/build/status_display -- -j32 -l32
[0.621s] Invoking command in '/home/robot/ros2-learning/chapt3/topic_practice_ws/build/status_display': AMENT_PREFIX_PATH=/home/robot/ros2-learning/chapt3/topic_practice_ws/install/status_interface:${AMENT_PREFIX_PATH} CMAKE_PREFIX_PATH=/home/robot/ros2-learning/chapt3/topic_practice_ws/install/status_interface:/opt/ros/humble LD_LIBRARY_PATH=/home/robot/ros2-learning/chapt3/topic_practice_ws/install/status_interface/lib:${LD_LIBRARY_PATH} PYTHONPATH=/home/robot/ros2-learning/chapt3/topic_practice_ws/install/status_interface/local/lib/python3.10/dist-packages:${PYTHONPATH} /usr/bin/cmake --install /home/robot/ros2-learning/chapt3/topic_practice_ws/build/status_display
[0.625s] -- Install configuration: ""
[0.625s] -- Installing: /home/robot/ros2-learning/chapt3/topic_practice_ws/install/status_display/lib/status_display/hello_qt
[0.625s] -- Installing: /home/robot/ros2-learning/chapt3/topic_practice_ws/install/status_display/share/ament_index/resource_index/package_run_dependencies/status_display
[0.625s] -- Installing: /home/robot/ros2-learning/chapt3/topic_practice_ws/install/status_display/share/ament_index/resource_index/parent_prefix_path/status_display
[0.625s] -- Installing: /home/robot/ros2-learning/chapt3/topic_practice_ws/install/status_display/share/status_display/environment/ament_prefix_path.sh
[0.625s] -- Installing: /home/robot/ros2-learning/chapt3/topic_practice_ws/install/status_display/share/status_display/environment/ament_prefix_path.dsv
[0.625s] -- Installing: /home/robot/ros2-learning/chapt3/topic_practice_ws/install/status_display/share/status_display/environment/path.sh
[0.626s] -- Installing: /home/robot/ros2-learning/chapt3/topic_practice_ws/install/status_display/share/status_display/environment/path.dsv
[0.626s] -- Installing: /home/robot/ros2-learning/chapt3/topic_practice_ws/install/status_display/share/status_display/local_setup.bash
[0.626s] -- Installing: /home/robot/ros2-learning/chapt3/topic_practice_ws/install/status_display/share/status_display/local_setup.sh
[0.626s] -- Installing: /home/robot/ros2-learning/chapt3/topic_practice_ws/install/status_display/share/status_display/local_setup.zsh
[0.626s] -- Installing: /home/robot/ros2-learning/chapt3/topic_practice_ws/install/status_display/share/status_display/local_setup.dsv
[0.626s] -- Up-to-date: /home/robot/ros2-learning/chapt3/topic_practice_ws/install/status_display/share/status_display/package.dsv
[0.626s] -- Installing: /home/robot/ros2-learning/chapt3/topic_practice_ws/install/status_display/share/ament_index/resource_index/packages/status_display
[0.626s] -- Installing: /home/robot/ros2-learning/chapt3/topic_practice_ws/install/status_display/share/status_display/cmake/status_displayConfig.cmake
[0.626s] -- Installing: /home/robot/ros2-learning/chapt3/topic_practice_ws/install/status_display/share/status_display/cmake/status_displayConfig-version.cmake
[0.626s] -- Installing: /home/robot/ros2-learning/chapt3/topic_practice_ws/install/status_display/share/status_display/package.xml
[0.627s] Invoked command in '/home/robot/ros2-learning/chapt3/topic_practice_ws/build/status_display' returned '0': AMENT_PREFIX_PATH=/home/robot/ros2-learning/chapt3/topic_practice_ws/install/status_interface:${AMENT_PREFIX_PATH} CMAKE_PREFIX_PATH=/home/robot/ros2-learning/chapt3/topic_practice_ws/install/status_interface:/opt/ros/humble LD_LIBRARY_PATH=/home/robot/ros2-learning/chapt3/topic_practice_ws/install/status_interface/lib:${LD_LIBRARY_PATH} PYTHONPATH=/home/robot/ros2-learning/chapt3/topic_practice_ws/install/status_interface/local/lib/python3.10/dist-packages:${PYTHONPATH} /usr/bin/cmake --install /home/robot/ros2-learning/chapt3/topic_practice_ws/build/status_display
