[0.272s] Invoking command in '/home/robot/ros2-learning/chapt2/chapt2_ws/src/demo_python_pkg': PYTHONPATH=/home/robot/ros2-learning/chapt2/chapt2_ws/build/demo_python_pkg/prefix_override:/usr/lib/python3/dist-packages/colcon_core/task/python/colcon_distutils_commands:/home/robot/ros2-learning/chapt2/chapt2_ws/install/demo_python_pkg/lib/python3.10/site-packages:${PYTHONPATH} /usr/bin/python3 -W ignore:setup.py install is deprecated -W ignore:easy_install command is deprecated setup.py egg_info --egg-base ../../build/demo_python_pkg build --build-base /home/robot/ros2-learning/chapt2/chapt2_ws/build/demo_python_pkg/build install --record /home/robot/ros2-learning/chapt2/chapt2_ws/build/demo_python_pkg/install.log --single-version-externally-managed install_data
[0.384s] running egg_info
[0.385s] creating ../../build/demo_python_pkg/demo_python_pkg.egg-info
[0.385s] writing ../../build/demo_python_pkg/demo_python_pkg.egg-info/PKG-INFO
[0.385s] writing dependency_links to ../../build/demo_python_pkg/demo_python_pkg.egg-info/dependency_links.txt
[0.385s] writing entry points to ../../build/demo_python_pkg/demo_python_pkg.egg-info/entry_points.txt
[0.385s] writing requirements to ../../build/demo_python_pkg/demo_python_pkg.egg-info/requires.txt
[0.385s] writing top-level names to ../../build/demo_python_pkg/demo_python_pkg.egg-info/top_level.txt
[0.385s] writing manifest file '../../build/demo_python_pkg/demo_python_pkg.egg-info/SOURCES.txt'
[0.385s] reading manifest file '../../build/demo_python_pkg/demo_python_pkg.egg-info/SOURCES.txt'
[0.385s] adding license file 'LICENSE'
[0.386s] writing manifest file '../../build/demo_python_pkg/demo_python_pkg.egg-info/SOURCES.txt'
[0.386s] running build
[0.386s] running build_py
[0.386s] creating /home/robot/ros2-learning/chapt2/chapt2_ws/build/demo_python_pkg/build
[0.386s] creating /home/robot/ros2-learning/chapt2/chapt2_ws/build/demo_python_pkg/build/lib
[0.386s] creating /home/robot/ros2-learning/chapt2/chapt2_ws/build/demo_python_pkg/build/lib/demo_python_pkg
[0.386s] copying demo_python_pkg/python_node.py -> /home/robot/ros2-learning/chapt2/chapt2_ws/build/demo_python_pkg/build/lib/demo_python_pkg
[0.386s] copying demo_python_pkg/person_node.py -> /home/robot/ros2-learning/chapt2/chapt2_ws/build/demo_python_pkg/build/lib/demo_python_pkg
[0.386s] copying demo_python_pkg/__init__.py -> /home/robot/ros2-learning/chapt2/chapt2_ws/build/demo_python_pkg/build/lib/demo_python_pkg
[0.386s] running install
[0.386s] running install_lib
[0.387s] creating /home/robot/ros2-learning/chapt2/chapt2_ws/install/demo_python_pkg/lib/python3.10/site-packages/demo_python_pkg
[0.387s] copying /home/robot/ros2-learning/chapt2/chapt2_ws/build/demo_python_pkg/build/lib/demo_python_pkg/python_node.py -> /home/robot/ros2-learning/chapt2/chapt2_ws/install/demo_python_pkg/lib/python3.10/site-packages/demo_python_pkg
[0.387s] copying /home/robot/ros2-learning/chapt2/chapt2_ws/build/demo_python_pkg/build/lib/demo_python_pkg/person_node.py -> /home/robot/ros2-learning/chapt2/chapt2_ws/install/demo_python_pkg/lib/python3.10/site-packages/demo_python_pkg
[0.387s] copying /home/robot/ros2-learning/chapt2/chapt2_ws/build/demo_python_pkg/build/lib/demo_python_pkg/__init__.py -> /home/robot/ros2-learning/chapt2/chapt2_ws/install/demo_python_pkg/lib/python3.10/site-packages/demo_python_pkg
[0.387s] byte-compiling /home/robot/ros2-learning/chapt2/chapt2_ws/install/demo_python_pkg/lib/python3.10/site-packages/demo_python_pkg/python_node.py to python_node.cpython-310.pyc
[0.387s] byte-compiling /home/robot/ros2-learning/chapt2/chapt2_ws/install/demo_python_pkg/lib/python3.10/site-packages/demo_python_pkg/person_node.py to person_node.cpython-310.pyc
[0.387s] byte-compiling /home/robot/ros2-learning/chapt2/chapt2_ws/install/demo_python_pkg/lib/python3.10/site-packages/demo_python_pkg/__init__.py to __init__.cpython-310.pyc
[0.387s] running install_data
[0.387s] creating /home/robot/ros2-learning/chapt2/chapt2_ws/install/demo_python_pkg/share/ament_index
[0.387s] creating /home/robot/ros2-learning/chapt2/chapt2_ws/install/demo_python_pkg/share/ament_index/resource_index
[0.387s] creating /home/robot/ros2-learning/chapt2/chapt2_ws/install/demo_python_pkg/share/ament_index/resource_index/packages
[0.387s] copying resource/demo_python_pkg -> /home/robot/ros2-learning/chapt2/chapt2_ws/install/demo_python_pkg/share/ament_index/resource_index/packages
[0.387s] copying package.xml -> /home/robot/ros2-learning/chapt2/chapt2_ws/install/demo_python_pkg/share/demo_python_pkg
[0.387s] running install_egg_info
[0.388s] Copying ../../build/demo_python_pkg/demo_python_pkg.egg-info to /home/robot/ros2-learning/chapt2/chapt2_ws/install/demo_python_pkg/lib/python3.10/site-packages/demo_python_pkg-0.0.0-py3.10.egg-info
[0.388s] running install_scripts
[0.397s] Installing python_node script to /home/robot/ros2-learning/chapt2/chapt2_ws/install/demo_python_pkg/lib/demo_python_pkg
[0.397s] writing list of installed files to '/home/robot/ros2-learning/chapt2/chapt2_ws/build/demo_python_pkg/install.log'
[0.406s] Invoked command in '/home/robot/ros2-learning/chapt2/chapt2_ws/src/demo_python_pkg' returned '0': PYTHONPATH=/home/robot/ros2-learning/chapt2/chapt2_ws/build/demo_python_pkg/prefix_override:/usr/lib/python3/dist-packages/colcon_core/task/python/colcon_distutils_commands:/home/robot/ros2-learning/chapt2/chapt2_ws/install/demo_python_pkg/lib/python3.10/site-packages:${PYTHONPATH} /usr/bin/python3 -W ignore:setup.py install is deprecated -W ignore:easy_install command is deprecated setup.py egg_info --egg-base ../../build/demo_python_pkg build --build-base /home/robot/ros2-learning/chapt2/chapt2_ws/build/demo_python_pkg/build install --record /home/robot/ros2-learning/chapt2/chapt2_ws/build/demo_python_pkg/install.log --single-version-externally-managed install_data
