[0.005s] Invoking command in '/home/robot/ros2-learning/chapt3/topic_practice_ws/build/status_interface': /usr/bin/cmake /home/robot/ros2-learning/chapt3/topic_practice_ws/src/status_interface -DCMAKE_INSTALL_PREFIX=/home/robot/ros2-learning/chapt3/topic_practice_ws/install/status_interface
[0.048s] -- The C compiler identification is GNU 11.4.0
[0.100s] -- The CXX compiler identification is GNU 11.4.0
[0.107s] -- Detecting C compiler ABI info
[0.180s] -- Detecting C compiler ABI info - done
[0.188s] -- Check for working C compiler: /usr/bin/cc - skipped
[0.188s] -- Detecting C compile features
[0.188s] -- Detecting C compile features - done
[0.190s] -- Detecting CXX compiler ABI info
[0.263s] -- Detecting CXX compiler ABI info - done
[0.271s] -- Check for working CXX compiler: /usr/bin/c++ - skipped
[0.272s] -- Detecting CXX compile features
[0.272s] -- Detecting CXX compile features - done
[0.274s] -- Found ament_cmake: 1.3.11 (/opt/ros/humble/share/ament_cmake/cmake)
[0.386s] -- Found Python3: /usr/bin/python3 (found version "3.10.12") found components: Interpreter 
[0.442s] -- Configuring incomplete, errors occurred!
[0.442s] See also "/home/robot/ros2-learning/chapt3/topic_practice_ws/build/status_interface/CMakeFiles/CMakeOutput.log".
[0.442s] [31mCMake Error at CMakeLists.txt:10 (find_package):
[0.442s]   By not providing "Findbuiltin_interface.cmake" in CMAKE_MODULE_PATH this
[0.442s]   project has asked CMake to find a package configuration file provided by
[0.443s]   "builtin_interface", but CMake did not find one.
[0.443s] 
[0.443s]   Could not find a package configuration file provided by "builtin_interface"
[0.443s]   with any of the following names:
[0.443s] 
[0.443s]     builtin_interfaceConfig.cmake
[0.443s]     builtin_interface-config.cmake
[0.443s] 
[0.443s]   Add the installation prefix of "builtin_interface" to CMAKE_PREFIX_PATH or
[0.443s]   set "builtin_interface_DIR" to a directory containing one of the above
[0.443s]   files.  If "builtin_interface" provides a separate development package or
[0.443s]   SDK, be sure it has been installed.
[0.443s] 
[0.443s] [0m
[0.446s] Invoked command in '/home/robot/ros2-learning/chapt3/topic_practice_ws/build/status_interface' returned '1': /usr/bin/cmake /home/robot/ros2-learning/chapt3/topic_practice_ws/src/status_interface -DCMAKE_INSTALL_PREFIX=/home/robot/ros2-learning/chapt3/topic_practice_ws/install/status_interface
