[0.008s] Invoking command in '/home/robot/ros2-learning/chapt3/topic_ws/build/demo_cpp_topic': CMAKE_PREFIX_PATH=/opt/ros/humble /usr/bin/cmake --build /home/robot/ros2-learning/chapt3/topic_ws/build/demo_cpp_topic -- -j32 -l32
[0.024s] -- Found ament_cmake: 1.3.11 (/opt/ros/humble/share/ament_cmake/cmake)
[0.095s] -- Found rclcpp: 16.0.12 (/opt/ros/humble/share/rclcpp/cmake)
[0.110s] -- Found rosidl_generator_c: 3.1.6 (/opt/ros/humble/share/rosidl_generator_c/cmake)
[0.112s] -- Found rosidl_adapter: 3.1.6 (/opt/ros/humble/share/rosidl_adapter/cmake)
[0.115s] -- Found rosidl_generator_cpp: 3.1.6 (/opt/ros/humble/share/rosidl_generator_cpp/cmake)
[0.121s] -- Using all available rosidl_typesupport_c: rosidl_typesupport_fastrtps_c;rosidl_typesupport_introspection_c
[0.126s] -- Using all available rosidl_typesupport_cpp: rosidl_typesupport_fastrtps_cpp;rosidl_typesupport_introspection_cpp
[0.140s] -- Found rmw_implementation_cmake: 6.1.2 (/opt/ros/humble/share/rmw_implementation_cmake/cmake)
[0.140s] -- Found rmw_fastrtps_cpp: 6.2.7 (/opt/ros/humble/share/rmw_fastrtps_cpp/cmake)
[0.192s] -- Using RMW implementation 'rmw_fastrtps_cpp' as default
[0.219s] -- Found geometry_msgs: 4.8.0 (/opt/ros/humble/share/geometry_msgs/cmake)
[0.225s] -- Found turtlesim: 1.4.2 (/opt/ros/humble/share/turtlesim/cmake)
[0.242s] -- Found ament_lint_auto: 0.12.12 (/opt/ros/humble/share/ament_lint_auto/cmake)
[0.276s] -- Added test 'cppcheck' to perform static code analysis on C / C++ code
[0.276s] -- Configured cppcheck include dirs: 
[0.276s] -- Configured cppcheck exclude dirs and/or files: 
[0.276s] -- Added test 'lint_cmake' to check CMake code style
[0.277s] -- Added test 'uncrustify' to check C / C++ code style
[0.277s] -- Configured uncrustify additional arguments: 
[0.277s] -- Added test 'xmllint' to check XML markup files
[0.277s] -- Configuring done
[0.283s] -- Generating done
[0.285s] -- Build files have been written to: /home/robot/ros2-learning/chapt3/topic_ws/build/demo_cpp_topic
[0.303s] [35m[1mConsolidate compiler generated dependencies of target turtle_circle[0m
[0.309s] [ 25%] [32mBuilding CXX object CMakeFiles/turtle_control.dir/src/turtle_control.cpp.o[0m
[0.314s] [ 50%] [32mBuilding CXX object CMakeFiles/turtle_circle.dir/src/turtle_circle.cpp.o[0m
[1.271s] [01m[K/home/robot/ros2-learning/chapt3/topic_ws/src/demo_cpp_topic/src/turtle_control.cpp:[m[K In member function ‘[01m[Kvoid TurtleControlNode::on_pose_received(turtlesim::msg::Pose_<std::allocator<void> >::SharedPtr)[m[K’:
[1.271s] [01m[K/home/robot/ros2-learning/chapt3/topic_ws/src/demo_cpp_topic/src/turtle_control.cpp:35:80:[m[K [01;35m[Kwarning: [m[Kvalue computed is not used [[01;35m[K]8;;https://gcc.gnu.org/onlinedocs/gcc/Warning-Options.html#index-Wunused-value-Wunused-value]8;;[m[K]
[1.271s]    35 |         auto angle = std::atan2(target_y_ - current_y, target_x_ - current_x); [01;35m[K- pose->theta[m[K; // 计算角度差
[1.271s]       |                                                                                [01;35m[K^~~~~~~~~~~~~[m[K
[2.362s] [ 75%] [32m[1mLinking CXX executable turtle_circle[0m
[2.464s] [ 75%] Built target turtle_circle
[3.831s] [100%] [32m[1mLinking CXX executable turtle_control[0m
[4.024s] [100%] Built target turtle_control
[4.032s] Invoked command in '/home/robot/ros2-learning/chapt3/topic_ws/build/demo_cpp_topic' returned '0': CMAKE_PREFIX_PATH=/opt/ros/humble /usr/bin/cmake --build /home/robot/ros2-learning/chapt3/topic_ws/build/demo_cpp_topic -- -j32 -l32
[4.039s] Invoking command in '/home/robot/ros2-learning/chapt3/topic_ws/build/demo_cpp_topic': CMAKE_PREFIX_PATH=/opt/ros/humble /usr/bin/cmake --install /home/robot/ros2-learning/chapt3/topic_ws/build/demo_cpp_topic
[4.045s] -- Install configuration: ""
[4.046s] -- Installing: /home/robot/ros2-learning/chapt3/topic_ws/install/demo_cpp_topic/lib/demo_cpp_topic/turtle_circle
[4.046s] -- Set runtime path of "/home/robot/ros2-learning/chapt3/topic_ws/install/demo_cpp_topic/lib/demo_cpp_topic/turtle_circle" to ""
[4.046s] -- Installing: /home/robot/ros2-learning/chapt3/topic_ws/install/demo_cpp_topic/lib/demo_cpp_topic/turtle_control
[4.049s] -- Set runtime path of "/home/robot/ros2-learning/chapt3/topic_ws/install/demo_cpp_topic/lib/demo_cpp_topic/turtle_control" to ""
[4.049s] -- Up-to-date: /home/robot/ros2-learning/chapt3/topic_ws/install/demo_cpp_topic/share/ament_index/resource_index/package_run_dependencies/demo_cpp_topic
[4.049s] -- Up-to-date: /home/robot/ros2-learning/chapt3/topic_ws/install/demo_cpp_topic/share/ament_index/resource_index/parent_prefix_path/demo_cpp_topic
[4.049s] -- Up-to-date: /home/robot/ros2-learning/chapt3/topic_ws/install/demo_cpp_topic/share/demo_cpp_topic/environment/ament_prefix_path.sh
[4.049s] -- Installing: /home/robot/ros2-learning/chapt3/topic_ws/install/demo_cpp_topic/share/demo_cpp_topic/environment/ament_prefix_path.dsv
[4.049s] -- Up-to-date: /home/robot/ros2-learning/chapt3/topic_ws/install/demo_cpp_topic/share/demo_cpp_topic/environment/path.sh
[4.050s] -- Installing: /home/robot/ros2-learning/chapt3/topic_ws/install/demo_cpp_topic/share/demo_cpp_topic/environment/path.dsv
[4.050s] -- Up-to-date: /home/robot/ros2-learning/chapt3/topic_ws/install/demo_cpp_topic/share/demo_cpp_topic/local_setup.bash
[4.050s] -- Up-to-date: /home/robot/ros2-learning/chapt3/topic_ws/install/demo_cpp_topic/share/demo_cpp_topic/local_setup.sh
[4.050s] -- Up-to-date: /home/robot/ros2-learning/chapt3/topic_ws/install/demo_cpp_topic/share/demo_cpp_topic/local_setup.zsh
[4.050s] -- Installing: /home/robot/ros2-learning/chapt3/topic_ws/install/demo_cpp_topic/share/demo_cpp_topic/local_setup.dsv
[4.050s] -- Installing: /home/robot/ros2-learning/chapt3/topic_ws/install/demo_cpp_topic/share/demo_cpp_topic/package.dsv
[4.050s] -- Up-to-date: /home/robot/ros2-learning/chapt3/topic_ws/install/demo_cpp_topic/share/ament_index/resource_index/packages/demo_cpp_topic
[4.050s] -- Up-to-date: /home/robot/ros2-learning/chapt3/topic_ws/install/demo_cpp_topic/share/demo_cpp_topic/cmake/demo_cpp_topicConfig.cmake
[4.050s] -- Up-to-date: /home/robot/ros2-learning/chapt3/topic_ws/install/demo_cpp_topic/share/demo_cpp_topic/cmake/demo_cpp_topicConfig-version.cmake
[4.051s] -- Up-to-date: /home/robot/ros2-learning/chapt3/topic_ws/install/demo_cpp_topic/share/demo_cpp_topic/package.xml
[4.052s] Invoked command in '/home/robot/ros2-learning/chapt3/topic_ws/build/demo_cpp_topic' returned '0': CMAKE_PREFIX_PATH=/opt/ros/humble /usr/bin/cmake --install /home/robot/ros2-learning/chapt3/topic_ws/build/demo_cpp_topic
