[0.284s] Invoking command in '/home/robot/ros2-learning/chapt2/chapt2_ws/src/demo_python_pkg': AMENT_PREFIX_PATH=/home/robot/ros2-learning/chapt2/chapt2_ws/install/demo_cpp_pkg:${AMENT_PREFIX_PATH} CMAKE_PREFIX_PATH=/home/robot/ros2-learning/chapt2/chapt2_ws/install/demo_cpp_pkg PYTHONPATH=/home/robot/ros2-learning/chapt2/chapt2_ws/build/demo_python_pkg/prefix_override:/usr/lib/python3/dist-packages/colcon_core/task/python/colcon_distutils_commands:/home/robot/ros2-learning/chapt2/chapt2_ws/install/demo_python_pkg/lib/python3.10/site-packages:${PYTHONPATH} /usr/bin/python3 -W ignore:setup.py install is deprecated -W ignore:easy_install command is deprecated setup.py egg_info --egg-base ../../build/demo_python_pkg build --build-base /home/robot/ros2-learning/chapt2/chapt2_ws/build/demo_python_pkg/build install --record /home/robot/ros2-learning/chapt2/chapt2_ws/build/demo_python_pkg/install.log --single-version-externally-managed install_data
[0.405s] running egg_info
[0.406s] writing ../../build/demo_python_pkg/demo_python_pkg.egg-info/PKG-INFO
[0.406s] writing dependency_links to ../../build/demo_python_pkg/demo_python_pkg.egg-info/dependency_links.txt
[0.406s] writing entry points to ../../build/demo_python_pkg/demo_python_pkg.egg-info/entry_points.txt
[0.406s] writing requirements to ../../build/demo_python_pkg/demo_python_pkg.egg-info/requires.txt
[0.406s] writing top-level names to ../../build/demo_python_pkg/demo_python_pkg.egg-info/top_level.txt
[0.407s] reading manifest file '../../build/demo_python_pkg/demo_python_pkg.egg-info/SOURCES.txt'
[0.407s] adding license file 'LICENSE'
[0.407s] writing manifest file '../../build/demo_python_pkg/demo_python_pkg.egg-info/SOURCES.txt'
[0.407s] running build
[0.407s] running build_py
[0.407s] running install
[0.407s] running install_lib
[0.408s] running install_data
[0.408s] running install_egg_info
[0.409s] removing '/home/robot/ros2-learning/chapt2/chapt2_ws/install/demo_python_pkg/lib/python3.10/site-packages/demo_python_pkg-0.0.0-py3.10.egg-info' (and everything under it)
[0.409s] Copying ../../build/demo_python_pkg/demo_python_pkg.egg-info to /home/robot/ros2-learning/chapt2/chapt2_ws/install/demo_python_pkg/lib/python3.10/site-packages/demo_python_pkg-0.0.0-py3.10.egg-info
[0.409s] running install_scripts
[0.418s] Installing person_node script to /home/robot/ros2-learning/chapt2/chapt2_ws/install/demo_python_pkg/lib/demo_python_pkg
[0.418s] Installing python_node script to /home/robot/ros2-learning/chapt2/chapt2_ws/install/demo_python_pkg/lib/demo_python_pkg
[0.418s] Installing writer_node script to /home/robot/ros2-learning/chapt2/chapt2_ws/install/demo_python_pkg/lib/demo_python_pkg
[0.419s] writing list of installed files to '/home/robot/ros2-learning/chapt2/chapt2_ws/build/demo_python_pkg/install.log'
[0.429s] Invoked command in '/home/robot/ros2-learning/chapt2/chapt2_ws/src/demo_python_pkg' returned '0': AMENT_PREFIX_PATH=/home/robot/ros2-learning/chapt2/chapt2_ws/install/demo_cpp_pkg:${AMENT_PREFIX_PATH} CMAKE_PREFIX_PATH=/home/robot/ros2-learning/chapt2/chapt2_ws/install/demo_cpp_pkg PYTHONPATH=/home/robot/ros2-learning/chapt2/chapt2_ws/build/demo_python_pkg/prefix_override:/usr/lib/python3/dist-packages/colcon_core/task/python/colcon_distutils_commands:/home/robot/ros2-learning/chapt2/chapt2_ws/install/demo_python_pkg/lib/python3.10/site-packages:${PYTHONPATH} /usr/bin/python3 -W ignore:setup.py install is deprecated -W ignore:easy_install command is deprecated setup.py egg_info --egg-base ../../build/demo_python_pkg build --build-base /home/robot/ros2-learning/chapt2/chapt2_ws/build/demo_python_pkg/build install --record /home/robot/ros2-learning/chapt2/chapt2_ws/build/demo_python_pkg/install.log --single-version-externally-managed install_data
