[0.005s] Invoking command in '/home/robot/ros2-learning/chapt3/topic_practice_ws/build/status_interface': CMAKE_PREFIX_PATH=${CMAKE_PREFIX_PATH}:/home/robot/ros2-learning/chapt3/topic_ws/install/demo_pyhton_topic:/opt/ros/humble /usr/bin/cmake /home/robot/ros2-learning/chapt3/topic_practice_ws/src/status_interface -DCMAKE_INSTALL_PREFIX=/home/robot/ros2-learning/chapt3/topic_practice_ws/install/status_interface
[0.012s] -- Found ament_cmake: 1.3.11 (/opt/ros/humble/share/ament_cmake/cmake)
[0.076s] -- Found builtin_interfaces: 1.2.1 (/opt/ros/humble/share/builtin_interfaces/cmake)
[0.087s] -- Found rosidl_generator_c: 3.1.6 (/opt/ros/humble/share/rosidl_generator_c/cmake)
[0.088s] -- Found rosidl_adapter: 3.1.6 (/opt/ros/humble/share/rosidl_adapter/cmake)
[0.091s] -- Found rosidl_generator_cpp: 3.1.6 (/opt/ros/humble/share/rosidl_generator_cpp/cmake)
[0.095s] -- Using all available rosidl_typesupport_c: rosidl_typesupport_fastrtps_c;rosidl_typesupport_introspection_c
[0.100s] -- Using all available rosidl_typesupport_cpp: rosidl_typesupport_fastrtps_cpp;rosidl_typesupport_introspection_cpp
[0.105s] -- Found rosidl_default_generators: 1.2.0 (/opt/ros/humble/share/rosidl_default_generators/cmake)
[0.251s] -- Found ament_cmake_ros: 0.10.0 (/opt/ros/humble/share/ament_cmake_ros/cmake)
[0.433s] -- Using all available rosidl_typesupport_c: rosidl_typesupport_fastrtps_c;rosidl_typesupport_introspection_c
[0.506s] -- Using all available rosidl_typesupport_cpp: rosidl_typesupport_fastrtps_cpp;rosidl_typesupport_introspection_cpp
[0.525s] -- Found PythonInterp: /usr/bin/python3 (found suitable version "3.10.12", minimum required is "3.6") 
[0.526s] -- Found python_cmake_module: 0.10.0 (/opt/ros/humble/share/python_cmake_module/cmake)
[0.545s] -- Found PythonLibs: /usr/lib/x86_64-linux-gnu/libpython3.10.so (found suitable version "3.10.12", minimum required is "3.5") 
[0.545s] -- Using PYTHON_EXECUTABLE: /usr/bin/python3
[0.545s] -- Using PYTHON_INCLUDE_DIRS: /usr/include/python3.10
[0.545s] -- Using PYTHON_LIBRARIES: /usr/lib/x86_64-linux-gnu/libpython3.10.so
[0.564s] -- Found PythonExtra: .so  
[0.594s] -- Found ament_lint_auto: 0.12.12 (/opt/ros/humble/share/ament_lint_auto/cmake)
[0.604s] -- Added test 'lint_cmake' to check CMake code style
[0.604s] -- Added test 'xmllint' to check XML markup files
[0.606s] -- Configuring done
[0.621s] -- Generating done
[0.626s] -- Build files have been written to: /home/robot/ros2-learning/chapt3/topic_practice_ws/build/status_interface
[0.628s] Invoked command in '/home/robot/ros2-learning/chapt3/topic_practice_ws/build/status_interface' returned '0': CMAKE_PREFIX_PATH=${CMAKE_PREFIX_PATH}:/home/robot/ros2-learning/chapt3/topic_ws/install/demo_pyhton_topic:/opt/ros/humble /usr/bin/cmake /home/robot/ros2-learning/chapt3/topic_practice_ws/src/status_interface -DCMAKE_INSTALL_PREFIX=/home/robot/ros2-learning/chapt3/topic_practice_ws/install/status_interface
[0.630s] Invoking command in '/home/robot/ros2-learning/chapt3/topic_practice_ws/build/status_interface': CMAKE_PREFIX_PATH=${CMAKE_PREFIX_PATH}:/home/robot/ros2-learning/chapt3/topic_ws/install/demo_pyhton_topic:/opt/ros/humble /usr/bin/cmake --build /home/robot/ros2-learning/chapt3/topic_practice_ws/build/status_interface -- -j32 -l32
[0.669s] [  3%] [34m[1mGenerating C code for ROS interfaces[0m
[0.679s] [  6%] [34m[1mGenerating C++ code for ROS interfaces[0m
[0.684s] [  6%] Built target ament_cmake_python_copy_status_interface
[0.798s] running egg_info
[0.798s] creating status_interface.egg-info
[0.798s] writing status_interface.egg-info/PKG-INFO
[0.798s] writing dependency_links to status_interface.egg-info/dependency_links.txt
[0.798s] writing top-level names to status_interface.egg-info/top_level.txt
[0.798s] writing manifest file 'status_interface.egg-info/SOURCES.txt'
[0.799s] reading manifest file 'status_interface.egg-info/SOURCES.txt'
[0.799s] writing manifest file 'status_interface.egg-info/SOURCES.txt'
[0.813s] [  6%] Built target ament_cmake_python_build_status_interface_egg
[0.824s] [  6%] Built target status_interface__cpp
[0.831s] [ 12%] [34m[1mGenerating C++ type support for eProsima Fast-RTPS[0m
[0.831s] [ 12%] [34m[1mGenerating C++ type support dispatch for ROS interfaces[0m
[0.832s] [ 16%] [34m[1mGenerating C++ introspection for ROS interfaces[0m
[0.846s] [ 19%] [32mBuilding C object CMakeFiles/status_interface__rosidl_generator_c.dir/rosidl_generator_c/status_interface/msg/detail/system_status__functions.c.o[0m
[0.880s] [ 22%] [32m[1mLinking C shared library libstatus_interface__rosidl_generator_c.so[0m
[0.903s] [ 22%] Built target status_interface__rosidl_generator_c
[0.908s] [ 25%] [34m[1mGenerating C introspection for ROS interfaces[0m
[0.909s] [ 29%] [34m[1mGenerating C type support for eProsima Fast-RTPS[0m
[0.910s] [ 32%] [34m[1mGenerating C type support dispatch for ROS interfaces[0m
[0.973s] [ 35%] [32mBuilding CXX object CMakeFiles/status_interface__rosidl_typesupport_cpp.dir/rosidl_typesupport_cpp/status_interface/msg/system_status__type_support.cpp.o[0m
[0.978s] [ 38%] [32mBuilding CXX object CMakeFiles/status_interface__rosidl_typesupport_introspection_cpp.dir/rosidl_typesupport_introspection_cpp/status_interface/msg/detail/system_status__type_support.cpp.o[0m
[0.987s] [ 41%] [32mBuilding CXX object CMakeFiles/status_interface__rosidl_typesupport_fastrtps_cpp.dir/rosidl_typesupport_fastrtps_cpp/status_interface/msg/detail/dds_fastrtps/system_status__type_support.cpp.o[0m
[1.051s] [ 45%] [32mBuilding CXX object CMakeFiles/status_interface__rosidl_typesupport_c.dir/rosidl_typesupport_c/status_interface/msg/system_status__type_support.cpp.o[0m
[1.063s] [ 48%] [32mBuilding C object CMakeFiles/status_interface__rosidl_typesupport_introspection_c.dir/rosidl_typesupport_introspection_c/status_interface/msg/detail/system_status__type_support.c.o[0m
[1.072s] [ 51%] [32m[1mLinking CXX shared library libstatus_interface__rosidl_typesupport_c.so[0m
[1.084s] [ 54%] [32m[1mLinking C shared library libstatus_interface__rosidl_typesupport_introspection_c.so[0m
[1.087s] [ 58%] [32m[1mLinking CXX shared library libstatus_interface__rosidl_typesupport_cpp.so[0m
[1.091s] [ 61%] [32mBuilding CXX object CMakeFiles/status_interface__rosidl_typesupport_fastrtps_c.dir/rosidl_typesupport_fastrtps_c/status_interface/msg/detail/system_status__type_support_c.cpp.o[0m
[1.095s] [ 61%] Built target status_interface__rosidl_typesupport_c
[1.103s] [ 61%] Built target status_interface__rosidl_typesupport_introspection_c
[1.112s] [ 61%] Built target status_interface__rosidl_typesupport_cpp
[1.155s] [ 64%] [32m[1mLinking CXX shared library libstatus_interface__rosidl_typesupport_fastrtps_cpp.so[0m
[1.160s] [ 67%] [32m[1mLinking CXX shared library libstatus_interface__rosidl_typesupport_introspection_cpp.so[0m
[1.197s] [ 67%] Built target status_interface__rosidl_typesupport_introspection_cpp
[1.199s] [ 67%] Built target status_interface__rosidl_typesupport_fastrtps_cpp
[1.242s] [ 70%] [32m[1mLinking CXX shared library libstatus_interface__rosidl_typesupport_fastrtps_c.so[0m
[1.292s] [ 70%] Built target status_interface__rosidl_typesupport_fastrtps_c
[1.312s] [ 70%] Built target status_interface
[1.336s] [ 74%] [34m[1mGenerating Python code for ROS interfaces[0m
[1.543s] [ 74%] Built target status_interface__py
[1.560s] [ 77%] [32mBuilding C object CMakeFiles/status_interface__rosidl_generator_py.dir/rosidl_generator_py/status_interface/msg/_system_status_s.c.o[0m
[1.616s] [ 80%] [32m[1mLinking C shared library rosidl_generator_py/status_interface/libstatus_interface__rosidl_generator_py.so[0m
[1.656s] [ 80%] Built target status_interface__rosidl_generator_py
[1.674s] [ 87%] [32mBuilding C object CMakeFiles/status_interface__rosidl_typesupport_c__pyext.dir/rosidl_generator_py/status_interface/_status_interface_s.ep.rosidl_typesupport_c.c.o[0m
[1.674s] [ 83%] [32mBuilding C object CMakeFiles/status_interface__rosidl_typesupport_fastrtps_c__pyext.dir/rosidl_generator_py/status_interface/_status_interface_s.ep.rosidl_typesupport_fastrtps_c.c.o[0m
[1.676s] [ 90%] [32mBuilding C object CMakeFiles/status_interface__rosidl_typesupport_introspection_c__pyext.dir/rosidl_generator_py/status_interface/_status_interface_s.ep.rosidl_typesupport_introspection_c.c.o[0m
[1.723s] [ 93%] [32m[1mLinking C shared library rosidl_generator_py/status_interface/status_interface_s__rosidl_typesupport_c.cpython-310-x86_64-linux-gnu.so[0m
[1.724s] [100%] [32m[1mLinking C shared library rosidl_generator_py/status_interface/status_interface_s__rosidl_typesupport_fastrtps_c.cpython-310-x86_64-linux-gnu.so[0m
[1.725s] [100%] [32m[1mLinking C shared library rosidl_generator_py/status_interface/status_interface_s__rosidl_typesupport_introspection_c.cpython-310-x86_64-linux-gnu.so[0m
[1.744s] [100%] Built target status_interface__rosidl_typesupport_c__pyext
[1.750s] [100%] Built target status_interface__rosidl_typesupport_fastrtps_c__pyext
[1.750s] [100%] Built target status_interface__rosidl_typesupport_introspection_c__pyext
[1.762s] Invoked command in '/home/robot/ros2-learning/chapt3/topic_practice_ws/build/status_interface' returned '0': CMAKE_PREFIX_PATH=${CMAKE_PREFIX_PATH}:/home/robot/ros2-learning/chapt3/topic_ws/install/demo_pyhton_topic:/opt/ros/humble /usr/bin/cmake --build /home/robot/ros2-learning/chapt3/topic_practice_ws/build/status_interface -- -j32 -l32
[1.772s] Invoking command in '/home/robot/ros2-learning/chapt3/topic_practice_ws/build/status_interface': CMAKE_PREFIX_PATH=${CMAKE_PREFIX_PATH}:/home/robot/ros2-learning/chapt3/topic_ws/install/demo_pyhton_topic:/opt/ros/humble /usr/bin/cmake --install /home/robot/ros2-learning/chapt3/topic_practice_ws/build/status_interface
[1.777s] -- Install configuration: ""
[1.777s] -- Installing: /home/robot/ros2-learning/chapt3/topic_practice_ws/install/status_interface/share/ament_index/resource_index/rosidl_interfaces/status_interface
[1.777s] -- Installing: /home/robot/ros2-learning/chapt3/topic_practice_ws/install/status_interface/include/status_interface/status_interface
[1.778s] -- Installing: /home/robot/ros2-learning/chapt3/topic_practice_ws/install/status_interface/include/status_interface/status_interface/msg
[1.778s] -- Installing: /home/robot/ros2-learning/chapt3/topic_practice_ws/install/status_interface/include/status_interface/status_interface/msg/detail
[1.778s] -- Installing: /home/robot/ros2-learning/chapt3/topic_practice_ws/install/status_interface/include/status_interface/status_interface/msg/detail/system_status__functions.h
[1.778s] -- Installing: /home/robot/ros2-learning/chapt3/topic_practice_ws/install/status_interface/include/status_interface/status_interface/msg/detail/system_status__functions.c
[1.778s] -- Installing: /home/robot/ros2-learning/chapt3/topic_practice_ws/install/status_interface/include/status_interface/status_interface/msg/detail/system_status__type_support.h
[1.778s] -- Installing: /home/robot/ros2-learning/chapt3/topic_practice_ws/install/status_interface/include/status_interface/status_interface/msg/detail/system_status__struct.h
[1.778s] -- Installing: /home/robot/ros2-learning/chapt3/topic_practice_ws/install/status_interface/include/status_interface/status_interface/msg/system_status.h
[1.778s] -- Installing: /home/robot/ros2-learning/chapt3/topic_practice_ws/install/status_interface/include/status_interface/status_interface/msg/rosidl_generator_c__visibility_control.h
[1.778s] -- Installing: /home/robot/ros2-learning/chapt3/topic_practice_ws/install/status_interface/share/status_interface/environment/library_path.sh
[1.778s] -- Installing: /home/robot/ros2-learning/chapt3/topic_practice_ws/install/status_interface/share/status_interface/environment/library_path.dsv
[1.778s] -- Installing: /home/robot/ros2-learning/chapt3/topic_practice_ws/install/status_interface/lib/libstatus_interface__rosidl_generator_c.so
[1.779s] -- Set runtime path of "/home/robot/ros2-learning/chapt3/topic_practice_ws/install/status_interface/lib/libstatus_interface__rosidl_generator_c.so" to ""
[1.779s] -- Up-to-date: /home/robot/ros2-learning/chapt3/topic_practice_ws/install/status_interface/include/status_interface/status_interface
[1.779s] -- Up-to-date: /home/robot/ros2-learning/chapt3/topic_practice_ws/install/status_interface/include/status_interface/status_interface/msg
[1.779s] -- Up-to-date: /home/robot/ros2-learning/chapt3/topic_practice_ws/install/status_interface/include/status_interface/status_interface/msg/detail
[1.779s] -- Installing: /home/robot/ros2-learning/chapt3/topic_practice_ws/install/status_interface/include/status_interface/status_interface/msg/detail/system_status__rosidl_typesupport_fastrtps_c.h
[1.779s] -- Installing: /home/robot/ros2-learning/chapt3/topic_practice_ws/install/status_interface/include/status_interface/status_interface/msg/rosidl_typesupport_fastrtps_c__visibility_control.h
[1.779s] -- Installing: /home/robot/ros2-learning/chapt3/topic_practice_ws/install/status_interface/lib/libstatus_interface__rosidl_typesupport_fastrtps_c.so
[1.779s] -- Set runtime path of "/home/robot/ros2-learning/chapt3/topic_practice_ws/install/status_interface/lib/libstatus_interface__rosidl_typesupport_fastrtps_c.so" to ""
[1.779s] -- Up-to-date: /home/robot/ros2-learning/chapt3/topic_practice_ws/install/status_interface/include/status_interface/status_interface
[1.779s] -- Up-to-date: /home/robot/ros2-learning/chapt3/topic_practice_ws/install/status_interface/include/status_interface/status_interface/msg
[1.779s] -- Installing: /home/robot/ros2-learning/chapt3/topic_practice_ws/install/status_interface/include/status_interface/status_interface/msg/rosidl_generator_cpp__visibility_control.hpp
[1.779s] -- Up-to-date: /home/robot/ros2-learning/chapt3/topic_practice_ws/install/status_interface/include/status_interface/status_interface/msg/detail
[1.779s] -- Installing: /home/robot/ros2-learning/chapt3/topic_practice_ws/install/status_interface/include/status_interface/status_interface/msg/detail/system_status__type_support.hpp
[1.780s] -- Installing: /home/robot/ros2-learning/chapt3/topic_practice_ws/install/status_interface/include/status_interface/status_interface/msg/detail/system_status__traits.hpp
[1.780s] -- Installing: /home/robot/ros2-learning/chapt3/topic_practice_ws/install/status_interface/include/status_interface/status_interface/msg/detail/system_status__builder.hpp
[1.780s] -- Installing: /home/robot/ros2-learning/chapt3/topic_practice_ws/install/status_interface/include/status_interface/status_interface/msg/detail/system_status__struct.hpp
[1.780s] -- Installing: /home/robot/ros2-learning/chapt3/topic_practice_ws/install/status_interface/include/status_interface/status_interface/msg/system_status.hpp
[1.780s] -- Up-to-date: /home/robot/ros2-learning/chapt3/topic_practice_ws/install/status_interface/include/status_interface/status_interface
[1.780s] -- Up-to-date: /home/robot/ros2-learning/chapt3/topic_practice_ws/install/status_interface/include/status_interface/status_interface/msg
[1.780s] -- Installing: /home/robot/ros2-learning/chapt3/topic_practice_ws/install/status_interface/include/status_interface/status_interface/msg/rosidl_typesupport_fastrtps_cpp__visibility_control.h
[1.780s] -- Up-to-date: /home/robot/ros2-learning/chapt3/topic_practice_ws/install/status_interface/include/status_interface/status_interface/msg/detail
[1.780s] -- Installing: /home/robot/ros2-learning/chapt3/topic_practice_ws/install/status_interface/include/status_interface/status_interface/msg/detail/system_status__rosidl_typesupport_fastrtps_cpp.hpp
[1.780s] -- Installing: /home/robot/ros2-learning/chapt3/topic_practice_ws/install/status_interface/include/status_interface/status_interface/msg/detail/dds_fastrtps
[1.780s] -- Installing: /home/robot/ros2-learning/chapt3/topic_practice_ws/install/status_interface/lib/libstatus_interface__rosidl_typesupport_fastrtps_cpp.so
[1.780s] -- Set runtime path of "/home/robot/ros2-learning/chapt3/topic_practice_ws/install/status_interface/lib/libstatus_interface__rosidl_typesupport_fastrtps_cpp.so" to ""
[1.780s] -- Up-to-date: /home/robot/ros2-learning/chapt3/topic_practice_ws/install/status_interface/include/status_interface/status_interface
[1.780s] -- Up-to-date: /home/robot/ros2-learning/chapt3/topic_practice_ws/install/status_interface/include/status_interface/status_interface/msg
[1.780s] -- Up-to-date: /home/robot/ros2-learning/chapt3/topic_practice_ws/install/status_interface/include/status_interface/status_interface/msg/detail
[1.780s] -- Installing: /home/robot/ros2-learning/chapt3/topic_practice_ws/install/status_interface/include/status_interface/status_interface/msg/detail/system_status__type_support.c
[1.781s] -- Installing: /home/robot/ros2-learning/chapt3/topic_practice_ws/install/status_interface/include/status_interface/status_interface/msg/detail/system_status__rosidl_typesupport_introspection_c.h
[1.781s] -- Installing: /home/robot/ros2-learning/chapt3/topic_practice_ws/install/status_interface/include/status_interface/status_interface/msg/rosidl_typesupport_introspection_c__visibility_control.h
[1.781s] -- Installing: /home/robot/ros2-learning/chapt3/topic_practice_ws/install/status_interface/lib/libstatus_interface__rosidl_typesupport_introspection_c.so
[1.781s] -- Set runtime path of "/home/robot/ros2-learning/chapt3/topic_practice_ws/install/status_interface/lib/libstatus_interface__rosidl_typesupport_introspection_c.so" to ""
[1.781s] -- Installing: /home/robot/ros2-learning/chapt3/topic_practice_ws/install/status_interface/lib/libstatus_interface__rosidl_typesupport_c.so
[1.781s] -- Set runtime path of "/home/robot/ros2-learning/chapt3/topic_practice_ws/install/status_interface/lib/libstatus_interface__rosidl_typesupport_c.so" to ""
[1.781s] -- Up-to-date: /home/robot/ros2-learning/chapt3/topic_practice_ws/install/status_interface/include/status_interface/status_interface
[1.781s] -- Up-to-date: /home/robot/ros2-learning/chapt3/topic_practice_ws/install/status_interface/include/status_interface/status_interface/msg
[1.781s] -- Up-to-date: /home/robot/ros2-learning/chapt3/topic_practice_ws/install/status_interface/include/status_interface/status_interface/msg/detail
[1.781s] -- Installing: /home/robot/ros2-learning/chapt3/topic_practice_ws/install/status_interface/include/status_interface/status_interface/msg/detail/system_status__rosidl_typesupport_introspection_cpp.hpp
[1.781s] -- Installing: /home/robot/ros2-learning/chapt3/topic_practice_ws/install/status_interface/include/status_interface/status_interface/msg/detail/system_status__type_support.cpp
[1.781s] -- Installing: /home/robot/ros2-learning/chapt3/topic_practice_ws/install/status_interface/lib/libstatus_interface__rosidl_typesupport_introspection_cpp.so
[1.781s] -- Set runtime path of "/home/robot/ros2-learning/chapt3/topic_practice_ws/install/status_interface/lib/libstatus_interface__rosidl_typesupport_introspection_cpp.so" to ""
[1.781s] -- Installing: /home/robot/ros2-learning/chapt3/topic_practice_ws/install/status_interface/lib/libstatus_interface__rosidl_typesupport_cpp.so
[1.781s] -- Set runtime path of "/home/robot/ros2-learning/chapt3/topic_practice_ws/install/status_interface/lib/libstatus_interface__rosidl_typesupport_cpp.so" to ""
[1.781s] -- Installing: /home/robot/ros2-learning/chapt3/topic_practice_ws/install/status_interface/share/status_interface/environment/pythonpath.sh
[1.781s] -- Installing: /home/robot/ros2-learning/chapt3/topic_practice_ws/install/status_interface/share/status_interface/environment/pythonpath.dsv
[1.781s] -- Installing: /home/robot/ros2-learning/chapt3/topic_practice_ws/install/status_interface/local/lib/python3.10/dist-packages/status_interface-0.0.0-py3.10.egg-info
[1.781s] -- Installing: /home/robot/ros2-learning/chapt3/topic_practice_ws/install/status_interface/local/lib/python3.10/dist-packages/status_interface-0.0.0-py3.10.egg-info/top_level.txt
[1.781s] -- Installing: /home/robot/ros2-learning/chapt3/topic_practice_ws/install/status_interface/local/lib/python3.10/dist-packages/status_interface-0.0.0-py3.10.egg-info/PKG-INFO
[1.782s] -- Installing: /home/robot/ros2-learning/chapt3/topic_practice_ws/install/status_interface/local/lib/python3.10/dist-packages/status_interface-0.0.0-py3.10.egg-info/SOURCES.txt
[1.782s] -- Installing: /home/robot/ros2-learning/chapt3/topic_practice_ws/install/status_interface/local/lib/python3.10/dist-packages/status_interface-0.0.0-py3.10.egg-info/dependency_links.txt
[1.782s] -- Installing: /home/robot/ros2-learning/chapt3/topic_practice_ws/install/status_interface/local/lib/python3.10/dist-packages/status_interface
[1.782s] -- Installing: /home/robot/ros2-learning/chapt3/topic_practice_ws/install/status_interface/local/lib/python3.10/dist-packages/status_interface/_status_interface_s.ep.rosidl_typesupport_introspection_c.c
[1.782s] -- Installing: /home/robot/ros2-learning/chapt3/topic_practice_ws/install/status_interface/local/lib/python3.10/dist-packages/status_interface/status_interface_s__rosidl_typesupport_introspection_c.cpython-310-x86_64-linux-gnu.so
[1.782s] -- Installing: /home/robot/ros2-learning/chapt3/topic_practice_ws/install/status_interface/local/lib/python3.10/dist-packages/status_interface/status_interface_s__rosidl_typesupport_fastrtps_c.cpython-310-x86_64-linux-gnu.so
[1.782s] -- Installing: /home/robot/ros2-learning/chapt3/topic_practice_ws/install/status_interface/local/lib/python3.10/dist-packages/status_interface/msg
[1.782s] -- Installing: /home/robot/ros2-learning/chapt3/topic_practice_ws/install/status_interface/local/lib/python3.10/dist-packages/status_interface/msg/__init__.py
[1.782s] -- Installing: /home/robot/ros2-learning/chapt3/topic_practice_ws/install/status_interface/local/lib/python3.10/dist-packages/status_interface/msg/_system_status.py
[1.782s] -- Installing: /home/robot/ros2-learning/chapt3/topic_practice_ws/install/status_interface/local/lib/python3.10/dist-packages/status_interface/msg/_system_status_s.c
[1.782s] -- Installing: /home/robot/ros2-learning/chapt3/topic_practice_ws/install/status_interface/local/lib/python3.10/dist-packages/status_interface/__init__.py
[1.782s] -- Installing: /home/robot/ros2-learning/chapt3/topic_practice_ws/install/status_interface/local/lib/python3.10/dist-packages/status_interface/libstatus_interface__rosidl_generator_py.so
[1.782s] -- Installing: /home/robot/ros2-learning/chapt3/topic_practice_ws/install/status_interface/local/lib/python3.10/dist-packages/status_interface/status_interface_s__rosidl_typesupport_c.cpython-310-x86_64-linux-gnu.so
[1.782s] -- Installing: /home/robot/ros2-learning/chapt3/topic_practice_ws/install/status_interface/local/lib/python3.10/dist-packages/status_interface/_status_interface_s.ep.rosidl_typesupport_c.c
[1.782s] -- Installing: /home/robot/ros2-learning/chapt3/topic_practice_ws/install/status_interface/local/lib/python3.10/dist-packages/status_interface/_status_interface_s.ep.rosidl_typesupport_fastrtps_c.c
[1.798s] Listing '/home/robot/ros2-learning/chapt3/topic_practice_ws/install/status_interface/local/lib/python3.10/dist-packages/status_interface'...
[1.798s] Compiling '/home/robot/ros2-learning/chapt3/topic_practice_ws/install/status_interface/local/lib/python3.10/dist-packages/status_interface/__init__.py'...
[1.798s] Listing '/home/robot/ros2-learning/chapt3/topic_practice_ws/install/status_interface/local/lib/python3.10/dist-packages/status_interface/msg'...
[1.798s] Compiling '/home/robot/ros2-learning/chapt3/topic_practice_ws/install/status_interface/local/lib/python3.10/dist-packages/status_interface/msg/__init__.py'...
[1.798s] Compiling '/home/robot/ros2-learning/chapt3/topic_practice_ws/install/status_interface/local/lib/python3.10/dist-packages/status_interface/msg/_system_status.py'...
[1.800s] -- Installing: /home/robot/ros2-learning/chapt3/topic_practice_ws/install/status_interface/local/lib/python3.10/dist-packages/status_interface/status_interface_s__rosidl_typesupport_fastrtps_c.cpython-310-x86_64-linux-gnu.so
[1.800s] -- Set runtime path of "/home/robot/ros2-learning/chapt3/topic_practice_ws/install/status_interface/local/lib/python3.10/dist-packages/status_interface/status_interface_s__rosidl_typesupport_fastrtps_c.cpython-310-x86_64-linux-gnu.so" to ""
[1.800s] -- Installing: /home/robot/ros2-learning/chapt3/topic_practice_ws/install/status_interface/local/lib/python3.10/dist-packages/status_interface/status_interface_s__rosidl_typesupport_introspection_c.cpython-310-x86_64-linux-gnu.so
[1.800s] -- Set runtime path of "/home/robot/ros2-learning/chapt3/topic_practice_ws/install/status_interface/local/lib/python3.10/dist-packages/status_interface/status_interface_s__rosidl_typesupport_introspection_c.cpython-310-x86_64-linux-gnu.so" to ""
[1.800s] -- Installing: /home/robot/ros2-learning/chapt3/topic_practice_ws/install/status_interface/local/lib/python3.10/dist-packages/status_interface/status_interface_s__rosidl_typesupport_c.cpython-310-x86_64-linux-gnu.so
[1.800s] -- Set runtime path of "/home/robot/ros2-learning/chapt3/topic_practice_ws/install/status_interface/local/lib/python3.10/dist-packages/status_interface/status_interface_s__rosidl_typesupport_c.cpython-310-x86_64-linux-gnu.so" to ""
[1.801s] -- Installing: /home/robot/ros2-learning/chapt3/topic_practice_ws/install/status_interface/lib/libstatus_interface__rosidl_generator_py.so
[1.801s] -- Set runtime path of "/home/robot/ros2-learning/chapt3/topic_practice_ws/install/status_interface/lib/libstatus_interface__rosidl_generator_py.so" to ""
[1.801s] -- Installing: /home/robot/ros2-learning/chapt3/topic_practice_ws/install/status_interface/share/status_interface/msg/SystemStatus.idl
[1.801s] -- Installing: /home/robot/ros2-learning/chapt3/topic_practice_ws/install/status_interface/share/status_interface/msg/SystemStatus.msg
[1.801s] -- Installing: /home/robot/ros2-learning/chapt3/topic_practice_ws/install/status_interface/share/ament_index/resource_index/package_run_dependencies/status_interface
[1.801s] -- Installing: /home/robot/ros2-learning/chapt3/topic_practice_ws/install/status_interface/share/ament_index/resource_index/parent_prefix_path/status_interface
[1.801s] -- Installing: /home/robot/ros2-learning/chapt3/topic_practice_ws/install/status_interface/share/status_interface/environment/ament_prefix_path.sh
[1.801s] -- Installing: /home/robot/ros2-learning/chapt3/topic_practice_ws/install/status_interface/share/status_interface/environment/ament_prefix_path.dsv
[1.801s] -- Installing: /home/robot/ros2-learning/chapt3/topic_practice_ws/install/status_interface/share/status_interface/environment/path.sh
[1.801s] -- Installing: /home/robot/ros2-learning/chapt3/topic_practice_ws/install/status_interface/share/status_interface/environment/path.dsv
[1.801s] -- Installing: /home/robot/ros2-learning/chapt3/topic_practice_ws/install/status_interface/share/status_interface/local_setup.bash
[1.801s] -- Installing: /home/robot/ros2-learning/chapt3/topic_practice_ws/install/status_interface/share/status_interface/local_setup.sh
[1.801s] -- Installing: /home/robot/ros2-learning/chapt3/topic_practice_ws/install/status_interface/share/status_interface/local_setup.zsh
[1.801s] -- Installing: /home/robot/ros2-learning/chapt3/topic_practice_ws/install/status_interface/share/status_interface/local_setup.dsv
[1.801s] -- Installing: /home/robot/ros2-learning/chapt3/topic_practice_ws/install/status_interface/share/status_interface/package.dsv
[1.801s] -- Installing: /home/robot/ros2-learning/chapt3/topic_practice_ws/install/status_interface/share/ament_index/resource_index/packages/status_interface
[1.801s] -- Installing: /home/robot/ros2-learning/chapt3/topic_practice_ws/install/status_interface/share/status_interface/cmake/export_status_interface__rosidl_generator_cExport.cmake
[1.802s] -- Installing: /home/robot/ros2-learning/chapt3/topic_practice_ws/install/status_interface/share/status_interface/cmake/export_status_interface__rosidl_generator_cExport-noconfig.cmake
[1.802s] -- Installing: /home/robot/ros2-learning/chapt3/topic_practice_ws/install/status_interface/share/status_interface/cmake/export_status_interface__rosidl_typesupport_fastrtps_cExport.cmake
[1.802s] -- Installing: /home/robot/ros2-learning/chapt3/topic_practice_ws/install/status_interface/share/status_interface/cmake/export_status_interface__rosidl_typesupport_fastrtps_cExport-noconfig.cmake
[1.802s] -- Installing: /home/robot/ros2-learning/chapt3/topic_practice_ws/install/status_interface/share/status_interface/cmake/export_status_interface__rosidl_generator_cppExport.cmake
[1.802s] -- Installing: /home/robot/ros2-learning/chapt3/topic_practice_ws/install/status_interface/share/status_interface/cmake/export_status_interface__rosidl_typesupport_fastrtps_cppExport.cmake
[1.802s] -- Installing: /home/robot/ros2-learning/chapt3/topic_practice_ws/install/status_interface/share/status_interface/cmake/export_status_interface__rosidl_typesupport_fastrtps_cppExport-noconfig.cmake
[1.802s] -- Installing: /home/robot/ros2-learning/chapt3/topic_practice_ws/install/status_interface/share/status_interface/cmake/status_interface__rosidl_typesupport_introspection_cExport.cmake
[1.802s] -- Installing: /home/robot/ros2-learning/chapt3/topic_practice_ws/install/status_interface/share/status_interface/cmake/status_interface__rosidl_typesupport_introspection_cExport-noconfig.cmake
[1.802s] -- Installing: /home/robot/ros2-learning/chapt3/topic_practice_ws/install/status_interface/share/status_interface/cmake/status_interface__rosidl_typesupport_cExport.cmake
[1.802s] -- Installing: /home/robot/ros2-learning/chapt3/topic_practice_ws/install/status_interface/share/status_interface/cmake/status_interface__rosidl_typesupport_cExport-noconfig.cmake
[1.802s] -- Installing: /home/robot/ros2-learning/chapt3/topic_practice_ws/install/status_interface/share/status_interface/cmake/status_interface__rosidl_typesupport_introspection_cppExport.cmake
[1.802s] -- Installing: /home/robot/ros2-learning/chapt3/topic_practice_ws/install/status_interface/share/status_interface/cmake/status_interface__rosidl_typesupport_introspection_cppExport-noconfig.cmake
[1.802s] -- Installing: /home/robot/ros2-learning/chapt3/topic_practice_ws/install/status_interface/share/status_interface/cmake/status_interface__rosidl_typesupport_cppExport.cmake
[1.802s] -- Installing: /home/robot/ros2-learning/chapt3/topic_practice_ws/install/status_interface/share/status_interface/cmake/status_interface__rosidl_typesupport_cppExport-noconfig.cmake
[1.802s] -- Installing: /home/robot/ros2-learning/chapt3/topic_practice_ws/install/status_interface/share/status_interface/cmake/export_status_interface__rosidl_generator_pyExport.cmake
[1.802s] -- Installing: /home/robot/ros2-learning/chapt3/topic_practice_ws/install/status_interface/share/status_interface/cmake/export_status_interface__rosidl_generator_pyExport-noconfig.cmake
[1.802s] -- Installing: /home/robot/ros2-learning/chapt3/topic_practice_ws/install/status_interface/share/status_interface/cmake/rosidl_cmake-extras.cmake
[1.803s] -- Installing: /home/robot/ros2-learning/chapt3/topic_practice_ws/install/status_interface/share/status_interface/cmake/ament_cmake_export_dependencies-extras.cmake
[1.803s] -- Installing: /home/robot/ros2-learning/chapt3/topic_practice_ws/install/status_interface/share/status_interface/cmake/ament_cmake_export_include_directories-extras.cmake
[1.803s] -- Installing: /home/robot/ros2-learning/chapt3/topic_practice_ws/install/status_interface/share/status_interface/cmake/ament_cmake_export_libraries-extras.cmake
[1.803s] -- Installing: /home/robot/ros2-learning/chapt3/topic_practice_ws/install/status_interface/share/status_interface/cmake/ament_cmake_export_targets-extras.cmake
[1.803s] -- Installing: /home/robot/ros2-learning/chapt3/topic_practice_ws/install/status_interface/share/status_interface/cmake/rosidl_cmake_export_typesupport_targets-extras.cmake
[1.803s] -- Installing: /home/robot/ros2-learning/chapt3/topic_practice_ws/install/status_interface/share/status_interface/cmake/rosidl_cmake_export_typesupport_libraries-extras.cmake
[1.803s] -- Installing: /home/robot/ros2-learning/chapt3/topic_practice_ws/install/status_interface/share/status_interface/cmake/status_interfaceConfig.cmake
[1.803s] -- Installing: /home/robot/ros2-learning/chapt3/topic_practice_ws/install/status_interface/share/status_interface/cmake/status_interfaceConfig-version.cmake
[1.803s] -- Installing: /home/robot/ros2-learning/chapt3/topic_practice_ws/install/status_interface/share/status_interface/package.xml
[1.803s] Invoked command in '/home/robot/ros2-learning/chapt3/topic_practice_ws/build/status_interface' returned '0': CMAKE_PREFIX_PATH=${CMAKE_PREFIX_PATH}:/home/robot/ros2-learning/chapt3/topic_ws/install/demo_pyhton_topic:/opt/ros/humble /usr/bin/cmake --install /home/robot/ros2-learning/chapt3/topic_practice_ws/build/status_interface
