[0.005s] Invoking command in '/home/robot/ros2-learning/chapt3/topic_practice_ws/build/status_interface': CMAKE_PREFIX_PATH=/opt/ros/humble /usr/bin/cmake --build /home/robot/ros2-learning/chapt3/topic_practice_ws/build/status_interface -- -j32 -l32
[0.034s] [35m[1mConsolidate compiler generated dependencies of target status_interface__rosidl_generator_c[0m
[0.046s] [  3%] Built target status_interface__cpp
[0.046s] [ 12%] Built target status_interface__rosidl_generator_c
[0.052s] [ 12%] Built target ament_cmake_python_copy_status_interface
[0.053s] [35m[1mConsolidate compiler generated dependencies of target status_interface__rosidl_typesupport_cpp[0m
[0.054s] [35m[1mConsolidate compiler generated dependencies of target status_interface__rosidl_typesupport_c[0m
[0.054s] [35m[1mConsolidate compiler generated dependencies of target status_interface__rosidl_typesupport_introspection_c[0m
[0.054s] [35m[1mConsolidate compiler generated dependencies of target status_interface__rosidl_typesupport_fastrtps_cpp[0m
[0.055s] [35m[1mConsolidate compiler generated dependencies of target status_interface__rosidl_typesupport_introspection_cpp[0m
[0.058s] [35m[1mConsolidate compiler generated dependencies of target status_interface__rosidl_typesupport_fastrtps_c[0m
[0.062s] [ 22%] Built target status_interface__rosidl_typesupport_c
[0.062s] [ 32%] Built target status_interface__rosidl_typesupport_fastrtps_cpp
[0.063s] [ 51%] Built target status_interface__rosidl_typesupport_cpp
[0.063s] [ 51%] Built target status_interface__rosidl_typesupport_introspection_c
[0.064s] [ 61%] Built target status_interface__rosidl_typesupport_introspection_cpp
[0.065s] [ 70%] Built target status_interface__rosidl_typesupport_fastrtps_c
[0.077s] [ 70%] Built target status_interface
[0.090s] [ 74%] Built target status_interface__py
[0.097s] [35m[1mConsolidate compiler generated dependencies of target status_interface__rosidl_generator_py[0m
[0.105s] [ 80%] Built target status_interface__rosidl_generator_py
[0.111s] [35m[1mConsolidate compiler generated dependencies of target status_interface__rosidl_typesupport_fastrtps_c__pyext[0m
[0.112s] [35m[1mConsolidate compiler generated dependencies of target status_interface__rosidl_typesupport_introspection_c__pyext[0m
[0.113s] [35m[1mConsolidate compiler generated dependencies of target status_interface__rosidl_typesupport_c__pyext[0m
[0.119s] [ 87%] Built target status_interface__rosidl_typesupport_fastrtps_c__pyext
[0.120s] [ 93%] Built target status_interface__rosidl_typesupport_introspection_c__pyext
[0.121s] [100%] Built target status_interface__rosidl_typesupport_c__pyext
[0.163s] running egg_info
[0.163s] writing status_interface.egg-info/PKG-INFO
[0.163s] writing dependency_links to status_interface.egg-info/dependency_links.txt
[0.163s] writing top-level names to status_interface.egg-info/top_level.txt
[0.164s] reading manifest file 'status_interface.egg-info/SOURCES.txt'
[0.164s] writing manifest file 'status_interface.egg-info/SOURCES.txt'
[0.179s] [100%] Built target ament_cmake_python_build_status_interface_egg
[0.187s] Invoked command in '/home/robot/ros2-learning/chapt3/topic_practice_ws/build/status_interface' returned '0': CMAKE_PREFIX_PATH=/opt/ros/humble /usr/bin/cmake --build /home/robot/ros2-learning/chapt3/topic_practice_ws/build/status_interface -- -j32 -l32
[0.193s] Invoking command in '/home/robot/ros2-learning/chapt3/topic_practice_ws/build/status_interface': CMAKE_PREFIX_PATH=/opt/ros/humble /usr/bin/cmake --install /home/robot/ros2-learning/chapt3/topic_practice_ws/build/status_interface
[0.199s] -- Install configuration: ""
[0.199s] -- Up-to-date: /home/robot/ros2-learning/chapt3/topic_practice_ws/install/status_interface/share/ament_index/resource_index/rosidl_interfaces/status_interface
[0.199s] -- Up-to-date: /home/robot/ros2-learning/chapt3/topic_practice_ws/install/status_interface/include/status_interface/status_interface
[0.199s] -- Up-to-date: /home/robot/ros2-learning/chapt3/topic_practice_ws/install/status_interface/include/status_interface/status_interface/msg
[0.199s] -- Up-to-date: /home/robot/ros2-learning/chapt3/topic_practice_ws/install/status_interface/include/status_interface/status_interface/msg/detail
[0.199s] -- Up-to-date: /home/robot/ros2-learning/chapt3/topic_practice_ws/install/status_interface/include/status_interface/status_interface/msg/detail/system_status__functions.h
[0.199s] -- Up-to-date: /home/robot/ros2-learning/chapt3/topic_practice_ws/install/status_interface/include/status_interface/status_interface/msg/detail/system_status__functions.c
[0.199s] -- Up-to-date: /home/robot/ros2-learning/chapt3/topic_practice_ws/install/status_interface/include/status_interface/status_interface/msg/detail/system_status__type_support.h
[0.199s] -- Up-to-date: /home/robot/ros2-learning/chapt3/topic_practice_ws/install/status_interface/include/status_interface/status_interface/msg/detail/system_status__struct.h
[0.199s] -- Up-to-date: /home/robot/ros2-learning/chapt3/topic_practice_ws/install/status_interface/include/status_interface/status_interface/msg/system_status.h
[0.199s] -- Up-to-date: /home/robot/ros2-learning/chapt3/topic_practice_ws/install/status_interface/include/status_interface/status_interface/msg/rosidl_generator_c__visibility_control.h
[0.199s] -- Up-to-date: /home/robot/ros2-learning/chapt3/topic_practice_ws/install/status_interface/share/status_interface/environment/library_path.sh
[0.199s] -- Up-to-date: /home/robot/ros2-learning/chapt3/topic_practice_ws/install/status_interface/share/status_interface/environment/library_path.dsv
[0.199s] -- Up-to-date: /home/robot/ros2-learning/chapt3/topic_practice_ws/install/status_interface/lib/libstatus_interface__rosidl_generator_c.so
[0.199s] -- Up-to-date: /home/robot/ros2-learning/chapt3/topic_practice_ws/install/status_interface/include/status_interface/status_interface
[0.200s] -- Up-to-date: /home/robot/ros2-learning/chapt3/topic_practice_ws/install/status_interface/include/status_interface/status_interface/msg
[0.200s] -- Up-to-date: /home/robot/ros2-learning/chapt3/topic_practice_ws/install/status_interface/include/status_interface/status_interface/msg/detail
[0.200s] -- Up-to-date: /home/robot/ros2-learning/chapt3/topic_practice_ws/install/status_interface/include/status_interface/status_interface/msg/detail/system_status__rosidl_typesupport_fastrtps_c.h
[0.200s] -- Up-to-date: /home/robot/ros2-learning/chapt3/topic_practice_ws/install/status_interface/include/status_interface/status_interface/msg/rosidl_typesupport_fastrtps_c__visibility_control.h
[0.200s] -- Up-to-date: /home/robot/ros2-learning/chapt3/topic_practice_ws/install/status_interface/lib/libstatus_interface__rosidl_typesupport_fastrtps_c.so
[0.200s] -- Up-to-date: /home/robot/ros2-learning/chapt3/topic_practice_ws/install/status_interface/include/status_interface/status_interface
[0.200s] -- Up-to-date: /home/robot/ros2-learning/chapt3/topic_practice_ws/install/status_interface/include/status_interface/status_interface/msg
[0.200s] -- Up-to-date: /home/robot/ros2-learning/chapt3/topic_practice_ws/install/status_interface/include/status_interface/status_interface/msg/rosidl_generator_cpp__visibility_control.hpp
[0.200s] -- Up-to-date: /home/robot/ros2-learning/chapt3/topic_practice_ws/install/status_interface/include/status_interface/status_interface/msg/detail
[0.200s] -- Up-to-date: /home/robot/ros2-learning/chapt3/topic_practice_ws/install/status_interface/include/status_interface/status_interface/msg/detail/system_status__type_support.hpp
[0.200s] -- Up-to-date: /home/robot/ros2-learning/chapt3/topic_practice_ws/install/status_interface/include/status_interface/status_interface/msg/detail/system_status__traits.hpp
[0.200s] -- Up-to-date: /home/robot/ros2-learning/chapt3/topic_practice_ws/install/status_interface/include/status_interface/status_interface/msg/detail/system_status__builder.hpp
[0.200s] -- Up-to-date: /home/robot/ros2-learning/chapt3/topic_practice_ws/install/status_interface/include/status_interface/status_interface/msg/detail/system_status__struct.hpp
[0.200s] -- Up-to-date: /home/robot/ros2-learning/chapt3/topic_practice_ws/install/status_interface/include/status_interface/status_interface/msg/system_status.hpp
[0.200s] -- Up-to-date: /home/robot/ros2-learning/chapt3/topic_practice_ws/install/status_interface/include/status_interface/status_interface
[0.200s] -- Up-to-date: /home/robot/ros2-learning/chapt3/topic_practice_ws/install/status_interface/include/status_interface/status_interface/msg
[0.200s] -- Up-to-date: /home/robot/ros2-learning/chapt3/topic_practice_ws/install/status_interface/include/status_interface/status_interface/msg/rosidl_typesupport_fastrtps_cpp__visibility_control.h
[0.200s] -- Up-to-date: /home/robot/ros2-learning/chapt3/topic_practice_ws/install/status_interface/include/status_interface/status_interface/msg/detail
[0.201s] -- Up-to-date: /home/robot/ros2-learning/chapt3/topic_practice_ws/install/status_interface/include/status_interface/status_interface/msg/detail/system_status__rosidl_typesupport_fastrtps_cpp.hpp
[0.201s] -- Up-to-date: /home/robot/ros2-learning/chapt3/topic_practice_ws/install/status_interface/include/status_interface/status_interface/msg/detail/dds_fastrtps
[0.201s] -- Up-to-date: /home/robot/ros2-learning/chapt3/topic_practice_ws/install/status_interface/lib/libstatus_interface__rosidl_typesupport_fastrtps_cpp.so
[0.201s] -- Up-to-date: /home/robot/ros2-learning/chapt3/topic_practice_ws/install/status_interface/include/status_interface/status_interface
[0.201s] -- Up-to-date: /home/robot/ros2-learning/chapt3/topic_practice_ws/install/status_interface/include/status_interface/status_interface/msg
[0.201s] -- Up-to-date: /home/robot/ros2-learning/chapt3/topic_practice_ws/install/status_interface/include/status_interface/status_interface/msg/detail
[0.201s] -- Up-to-date: /home/robot/ros2-learning/chapt3/topic_practice_ws/install/status_interface/include/status_interface/status_interface/msg/detail/system_status__type_support.c
[0.201s] -- Up-to-date: /home/robot/ros2-learning/chapt3/topic_practice_ws/install/status_interface/include/status_interface/status_interface/msg/detail/system_status__rosidl_typesupport_introspection_c.h
[0.201s] -- Up-to-date: /home/robot/ros2-learning/chapt3/topic_practice_ws/install/status_interface/include/status_interface/status_interface/msg/rosidl_typesupport_introspection_c__visibility_control.h
[0.201s] -- Up-to-date: /home/robot/ros2-learning/chapt3/topic_practice_ws/install/status_interface/lib/libstatus_interface__rosidl_typesupport_introspection_c.so
[0.201s] -- Up-to-date: /home/robot/ros2-learning/chapt3/topic_practice_ws/install/status_interface/lib/libstatus_interface__rosidl_typesupport_c.so
[0.201s] -- Up-to-date: /home/robot/ros2-learning/chapt3/topic_practice_ws/install/status_interface/include/status_interface/status_interface
[0.201s] -- Up-to-date: /home/robot/ros2-learning/chapt3/topic_practice_ws/install/status_interface/include/status_interface/status_interface/msg
[0.201s] -- Up-to-date: /home/robot/ros2-learning/chapt3/topic_practice_ws/install/status_interface/include/status_interface/status_interface/msg/detail
[0.201s] -- Up-to-date: /home/robot/ros2-learning/chapt3/topic_practice_ws/install/status_interface/include/status_interface/status_interface/msg/detail/system_status__rosidl_typesupport_introspection_cpp.hpp
[0.201s] -- Up-to-date: /home/robot/ros2-learning/chapt3/topic_practice_ws/install/status_interface/include/status_interface/status_interface/msg/detail/system_status__type_support.cpp
[0.201s] -- Up-to-date: /home/robot/ros2-learning/chapt3/topic_practice_ws/install/status_interface/lib/libstatus_interface__rosidl_typesupport_introspection_cpp.so
[0.201s] -- Up-to-date: /home/robot/ros2-learning/chapt3/topic_practice_ws/install/status_interface/lib/libstatus_interface__rosidl_typesupport_cpp.so
[0.201s] -- Up-to-date: /home/robot/ros2-learning/chapt3/topic_practice_ws/install/status_interface/share/status_interface/environment/pythonpath.sh
[0.202s] -- Up-to-date: /home/robot/ros2-learning/chapt3/topic_practice_ws/install/status_interface/share/status_interface/environment/pythonpath.dsv
[0.202s] -- Up-to-date: /home/robot/ros2-learning/chapt3/topic_practice_ws/install/status_interface/local/lib/python3.10/dist-packages/status_interface-0.0.0-py3.10.egg-info
[0.202s] -- Installing: /home/robot/ros2-learning/chapt3/topic_practice_ws/install/status_interface/local/lib/python3.10/dist-packages/status_interface-0.0.0-py3.10.egg-info/top_level.txt
[0.202s] -- Installing: /home/robot/ros2-learning/chapt3/topic_practice_ws/install/status_interface/local/lib/python3.10/dist-packages/status_interface-0.0.0-py3.10.egg-info/PKG-INFO
[0.202s] -- Installing: /home/robot/ros2-learning/chapt3/topic_practice_ws/install/status_interface/local/lib/python3.10/dist-packages/status_interface-0.0.0-py3.10.egg-info/SOURCES.txt
[0.202s] -- Installing: /home/robot/ros2-learning/chapt3/topic_practice_ws/install/status_interface/local/lib/python3.10/dist-packages/status_interface-0.0.0-py3.10.egg-info/dependency_links.txt
[0.202s] -- Up-to-date: /home/robot/ros2-learning/chapt3/topic_practice_ws/install/status_interface/local/lib/python3.10/dist-packages/status_interface
[0.202s] -- Up-to-date: /home/robot/ros2-learning/chapt3/topic_practice_ws/install/status_interface/local/lib/python3.10/dist-packages/status_interface/_status_interface_s.ep.rosidl_typesupport_introspection_c.c
[0.202s] -- Up-to-date: /home/robot/ros2-learning/chapt3/topic_practice_ws/install/status_interface/local/lib/python3.10/dist-packages/status_interface/status_interface_s__rosidl_typesupport_introspection_c.cpython-310-x86_64-linux-gnu.so
[0.202s] -- Up-to-date: /home/robot/ros2-learning/chapt3/topic_practice_ws/install/status_interface/local/lib/python3.10/dist-packages/status_interface/status_interface_s__rosidl_typesupport_fastrtps_c.cpython-310-x86_64-linux-gnu.so
[0.202s] -- Up-to-date: /home/robot/ros2-learning/chapt3/topic_practice_ws/install/status_interface/local/lib/python3.10/dist-packages/status_interface/msg
[0.202s] -- Up-to-date: /home/robot/ros2-learning/chapt3/topic_practice_ws/install/status_interface/local/lib/python3.10/dist-packages/status_interface/msg/__init__.py
[0.202s] -- Up-to-date: /home/robot/ros2-learning/chapt3/topic_practice_ws/install/status_interface/local/lib/python3.10/dist-packages/status_interface/msg/_system_status.py
[0.202s] -- Up-to-date: /home/robot/ros2-learning/chapt3/topic_practice_ws/install/status_interface/local/lib/python3.10/dist-packages/status_interface/msg/_system_status_s.c
[0.202s] -- Up-to-date: /home/robot/ros2-learning/chapt3/topic_practice_ws/install/status_interface/local/lib/python3.10/dist-packages/status_interface/__init__.py
[0.202s] -- Up-to-date: /home/robot/ros2-learning/chapt3/topic_practice_ws/install/status_interface/local/lib/python3.10/dist-packages/status_interface/libstatus_interface__rosidl_generator_py.so
[0.202s] -- Up-to-date: /home/robot/ros2-learning/chapt3/topic_practice_ws/install/status_interface/local/lib/python3.10/dist-packages/status_interface/status_interface_s__rosidl_typesupport_c.cpython-310-x86_64-linux-gnu.so
[0.202s] -- Up-to-date: /home/robot/ros2-learning/chapt3/topic_practice_ws/install/status_interface/local/lib/python3.10/dist-packages/status_interface/_status_interface_s.ep.rosidl_typesupport_c.c
[0.202s] -- Up-to-date: /home/robot/ros2-learning/chapt3/topic_practice_ws/install/status_interface/local/lib/python3.10/dist-packages/status_interface/_status_interface_s.ep.rosidl_typesupport_fastrtps_c.c
[0.220s] Listing '/home/robot/ros2-learning/chapt3/topic_practice_ws/install/status_interface/local/lib/python3.10/dist-packages/status_interface'...
[0.220s] Listing '/home/robot/ros2-learning/chapt3/topic_practice_ws/install/status_interface/local/lib/python3.10/dist-packages/status_interface/msg'...
[0.222s] -- Up-to-date: /home/robot/ros2-learning/chapt3/topic_practice_ws/install/status_interface/local/lib/python3.10/dist-packages/status_interface/status_interface_s__rosidl_typesupport_fastrtps_c.cpython-310-x86_64-linux-gnu.so
[0.222s] -- Up-to-date: /home/robot/ros2-learning/chapt3/topic_practice_ws/install/status_interface/local/lib/python3.10/dist-packages/status_interface/status_interface_s__rosidl_typesupport_introspection_c.cpython-310-x86_64-linux-gnu.so
[0.222s] -- Up-to-date: /home/robot/ros2-learning/chapt3/topic_practice_ws/install/status_interface/local/lib/python3.10/dist-packages/status_interface/status_interface_s__rosidl_typesupport_c.cpython-310-x86_64-linux-gnu.so
[0.222s] -- Up-to-date: /home/robot/ros2-learning/chapt3/topic_practice_ws/install/status_interface/lib/libstatus_interface__rosidl_generator_py.so
[0.222s] -- Up-to-date: /home/robot/ros2-learning/chapt3/topic_practice_ws/install/status_interface/share/status_interface/msg/SystemStatus.idl
[0.222s] -- Up-to-date: /home/robot/ros2-learning/chapt3/topic_practice_ws/install/status_interface/share/status_interface/msg/SystemStatus.msg
[0.223s] -- Up-to-date: /home/robot/ros2-learning/chapt3/topic_practice_ws/install/status_interface/share/ament_index/resource_index/package_run_dependencies/status_interface
[0.223s] -- Up-to-date: /home/robot/ros2-learning/chapt3/topic_practice_ws/install/status_interface/share/ament_index/resource_index/parent_prefix_path/status_interface
[0.223s] -- Up-to-date: /home/robot/ros2-learning/chapt3/topic_practice_ws/install/status_interface/share/status_interface/environment/ament_prefix_path.sh
[0.223s] -- Up-to-date: /home/robot/ros2-learning/chapt3/topic_practice_ws/install/status_interface/share/status_interface/environment/ament_prefix_path.dsv
[0.223s] -- Up-to-date: /home/robot/ros2-learning/chapt3/topic_practice_ws/install/status_interface/share/status_interface/environment/path.sh
[0.223s] -- Up-to-date: /home/robot/ros2-learning/chapt3/topic_practice_ws/install/status_interface/share/status_interface/environment/path.dsv
[0.223s] -- Up-to-date: /home/robot/ros2-learning/chapt3/topic_practice_ws/install/status_interface/share/status_interface/local_setup.bash
[0.223s] -- Up-to-date: /home/robot/ros2-learning/chapt3/topic_practice_ws/install/status_interface/share/status_interface/local_setup.sh
[0.223s] -- Up-to-date: /home/robot/ros2-learning/chapt3/topic_practice_ws/install/status_interface/share/status_interface/local_setup.zsh
[0.223s] -- Up-to-date: /home/robot/ros2-learning/chapt3/topic_practice_ws/install/status_interface/share/status_interface/local_setup.dsv
[0.223s] -- Installing: /home/robot/ros2-learning/chapt3/topic_practice_ws/install/status_interface/share/status_interface/package.dsv
[0.223s] -- Up-to-date: /home/robot/ros2-learning/chapt3/topic_practice_ws/install/status_interface/share/ament_index/resource_index/packages/status_interface
[0.223s] -- Up-to-date: /home/robot/ros2-learning/chapt3/topic_practice_ws/install/status_interface/share/status_interface/cmake/export_status_interface__rosidl_generator_cExport.cmake
[0.223s] -- Up-to-date: /home/robot/ros2-learning/chapt3/topic_practice_ws/install/status_interface/share/status_interface/cmake/export_status_interface__rosidl_generator_cExport-noconfig.cmake
[0.223s] -- Up-to-date: /home/robot/ros2-learning/chapt3/topic_practice_ws/install/status_interface/share/status_interface/cmake/export_status_interface__rosidl_typesupport_fastrtps_cExport.cmake
[0.223s] -- Up-to-date: /home/robot/ros2-learning/chapt3/topic_practice_ws/install/status_interface/share/status_interface/cmake/export_status_interface__rosidl_typesupport_fastrtps_cExport-noconfig.cmake
[0.223s] -- Up-to-date: /home/robot/ros2-learning/chapt3/topic_practice_ws/install/status_interface/share/status_interface/cmake/export_status_interface__rosidl_generator_cppExport.cmake
[0.223s] -- Up-to-date: /home/robot/ros2-learning/chapt3/topic_practice_ws/install/status_interface/share/status_interface/cmake/export_status_interface__rosidl_typesupport_fastrtps_cppExport.cmake
[0.223s] -- Up-to-date: /home/robot/ros2-learning/chapt3/topic_practice_ws/install/status_interface/share/status_interface/cmake/export_status_interface__rosidl_typesupport_fastrtps_cppExport-noconfig.cmake
[0.223s] -- Up-to-date: /home/robot/ros2-learning/chapt3/topic_practice_ws/install/status_interface/share/status_interface/cmake/status_interface__rosidl_typesupport_introspection_cExport.cmake
[0.223s] -- Up-to-date: /home/robot/ros2-learning/chapt3/topic_practice_ws/install/status_interface/share/status_interface/cmake/status_interface__rosidl_typesupport_introspection_cExport-noconfig.cmake
[0.223s] -- Up-to-date: /home/robot/ros2-learning/chapt3/topic_practice_ws/install/status_interface/share/status_interface/cmake/status_interface__rosidl_typesupport_cExport.cmake
[0.223s] -- Up-to-date: /home/robot/ros2-learning/chapt3/topic_practice_ws/install/status_interface/share/status_interface/cmake/status_interface__rosidl_typesupport_cExport-noconfig.cmake
[0.223s] -- Up-to-date: /home/robot/ros2-learning/chapt3/topic_practice_ws/install/status_interface/share/status_interface/cmake/status_interface__rosidl_typesupport_introspection_cppExport.cmake
[0.223s] -- Up-to-date: /home/robot/ros2-learning/chapt3/topic_practice_ws/install/status_interface/share/status_interface/cmake/status_interface__rosidl_typesupport_introspection_cppExport-noconfig.cmake
[0.223s] -- Up-to-date: /home/robot/ros2-learning/chapt3/topic_practice_ws/install/status_interface/share/status_interface/cmake/status_interface__rosidl_typesupport_cppExport.cmake
[0.223s] -- Up-to-date: /home/robot/ros2-learning/chapt3/topic_practice_ws/install/status_interface/share/status_interface/cmake/status_interface__rosidl_typesupport_cppExport-noconfig.cmake
[0.223s] -- Up-to-date: /home/robot/ros2-learning/chapt3/topic_practice_ws/install/status_interface/share/status_interface/cmake/export_status_interface__rosidl_generator_pyExport.cmake
[0.223s] -- Up-to-date: /home/robot/ros2-learning/chapt3/topic_practice_ws/install/status_interface/share/status_interface/cmake/export_status_interface__rosidl_generator_pyExport-noconfig.cmake
[0.223s] -- Up-to-date: /home/robot/ros2-learning/chapt3/topic_practice_ws/install/status_interface/share/status_interface/cmake/rosidl_cmake-extras.cmake
[0.223s] -- Up-to-date: /home/robot/ros2-learning/chapt3/topic_practice_ws/install/status_interface/share/status_interface/cmake/ament_cmake_export_dependencies-extras.cmake
[0.223s] -- Up-to-date: /home/robot/ros2-learning/chapt3/topic_practice_ws/install/status_interface/share/status_interface/cmake/ament_cmake_export_include_directories-extras.cmake
[0.223s] -- Up-to-date: /home/robot/ros2-learning/chapt3/topic_practice_ws/install/status_interface/share/status_interface/cmake/ament_cmake_export_libraries-extras.cmake
[0.223s] -- Up-to-date: /home/robot/ros2-learning/chapt3/topic_practice_ws/install/status_interface/share/status_interface/cmake/ament_cmake_export_targets-extras.cmake
[0.223s] -- Up-to-date: /home/robot/ros2-learning/chapt3/topic_practice_ws/install/status_interface/share/status_interface/cmake/rosidl_cmake_export_typesupport_targets-extras.cmake
[0.223s] -- Up-to-date: /home/robot/ros2-learning/chapt3/topic_practice_ws/install/status_interface/share/status_interface/cmake/rosidl_cmake_export_typesupport_libraries-extras.cmake
[0.223s] -- Up-to-date: /home/robot/ros2-learning/chapt3/topic_practice_ws/install/status_interface/share/status_interface/cmake/status_interfaceConfig.cmake
[0.223s] -- Up-to-date: /home/robot/ros2-learning/chapt3/topic_practice_ws/install/status_interface/share/status_interface/cmake/status_interfaceConfig-version.cmake
[0.224s] -- Up-to-date: /home/robot/ros2-learning/chapt3/topic_practice_ws/install/status_interface/share/status_interface/package.xml
[0.225s] Invoked command in '/home/robot/ros2-learning/chapt3/topic_practice_ws/build/status_interface' returned '0': CMAKE_PREFIX_PATH=/opt/ros/humble /usr/bin/cmake --install /home/robot/ros2-learning/chapt3/topic_practice_ws/build/status_interface
