[0.006s] Invoking command in '/home/robot/ros2-learning/chapt3/topic_practice_ws/build/status_interface': CMAKE_PREFIX_PATH=${CMAKE_PREFIX_PATH}:/home/robot/ros2-learning/chapt3/topic_ws/install/demo_pyhton_topic:/opt/ros/humble /usr/bin/cmake /home/robot/ros2-learning/chapt3/topic_practice_ws/src/status_interface -DCMAKE_INSTALL_PREFIX=/home/robot/ros2-learning/chapt3/topic_practice_ws/install/status_interface
[0.014s] -- Found ament_cmake: 1.3.11 (/opt/ros/humble/share/ament_cmake/cmake)
[0.112s] -- Configuring incomplete, errors occurred!
[0.112s] See also "/home/robot/ros2-learning/chapt3/topic_practice_ws/build/status_interface/CMakeFiles/CMakeOutput.log".
[0.112s] [31mCMake Error at CMakeLists.txt:10 (find_package):
[0.112s]   By not providing "Findbuiltin_interface.cmake" in CMAKE_MODULE_PATH this
[0.112s]   project has asked CMake to find a package configuration file provided by
[0.112s]   "builtin_interface", but CMake did not find one.
[0.112s] 
[0.112s]   Could not find a package configuration file provided by "builtin_interface"
[0.112s]   with any of the following names:
[0.112s] 
[0.112s]     builtin_interfaceConfig.cmake
[0.112s]     builtin_interface-config.cmake
[0.113s] 
[0.113s]   Add the installation prefix of "builtin_interface" to CMAKE_PREFIX_PATH or
[0.113s]   set "builtin_interface_DIR" to a directory containing one of the above
[0.113s]   files.  If "builtin_interface" provides a separate development package or
[0.113s]   SDK, be sure it has been installed.
[0.113s] 
[0.113s] [0m
[0.114s] Invoked command in '/home/robot/ros2-learning/chapt3/topic_practice_ws/build/status_interface' returned '1': CMAKE_PREFIX_PATH=${CMAKE_PREFIX_PATH}:/home/robot/ros2-learning/chapt3/topic_ws/install/demo_pyhton_topic:/opt/ros/humble /usr/bin/cmake /home/robot/ros2-learning/chapt3/topic_practice_ws/src/status_interface -DCMAKE_INSTALL_PREFIX=/home/robot/ros2-learning/chapt3/topic_practice_ws/install/status_interface
