running egg_info
writing ../../build/demo_pyhton_topic/demo_pyhton_topic.egg-info/PKG-INFO
writing dependency_links to ../../build/demo_pyhton_topic/demo_pyhton_topic.egg-info/dependency_links.txt
writing entry points to ../../build/demo_pyhton_topic/demo_pyhton_topic.egg-info/entry_points.txt
writing requirements to ../../build/demo_pyhton_topic/demo_pyhton_topic.egg-info/requires.txt
writing top-level names to ../../build/demo_pyhton_topic/demo_pyhton_topic.egg-info/top_level.txt
reading manifest file '../../build/demo_pyhton_topic/demo_pyhton_topic.egg-info/SOURCES.txt'
adding license file 'LICENSE'
writing manifest file '../../build/demo_pyhton_topic/demo_pyhton_topic.egg-info/SOURCES.txt'
running build
running build_py
copying demo_pyhton_topic/novel_sub_node.py -> /home/robot/ros2-learning/chapt3/topic_ws/build/demo_pyhton_topic/build/lib/demo_pyhton_topic
running install
running install_lib
copying /home/robot/ros2-learning/chapt3/topic_ws/build/demo_pyhton_topic/build/lib/demo_pyhton_topic/novel_sub_node.py -> /home/robot/ros2-learning/chapt3/topic_ws/install/demo_pyhton_topic/lib/python3.10/site-packages/demo_pyhton_topic
byte-compiling /home/robot/ros2-learning/chapt3/topic_ws/install/demo_pyhton_topic/lib/python3.10/site-packages/demo_pyhton_topic/novel_sub_node.py to novel_sub_node.cpython-310.pyc
running install_data
running install_egg_info
removing '/home/robot/ros2-learning/chapt3/topic_ws/install/demo_pyhton_topic/lib/python3.10/site-packages/demo_pyhton_topic-0.0.0-py3.10.egg-info' (and everything under it)
Copying ../../build/demo_pyhton_topic/demo_pyhton_topic.egg-info to /home/robot/ros2-learning/chapt3/topic_ws/install/demo_pyhton_topic/lib/python3.10/site-packages/demo_pyhton_topic-0.0.0-py3.10.egg-info
running install_scripts
Installing novel_pub_node script to /home/robot/ros2-learning/chapt3/topic_ws/install/demo_pyhton_topic/lib/demo_pyhton_topic
Installing novel_sub_node script to /home/robot/ros2-learning/chapt3/topic_ws/install/demo_pyhton_topic/lib/demo_pyhton_topic
writing list of installed files to '/home/robot/ros2-learning/chapt3/topic_ws/build/demo_pyhton_topic/install.log'
