[0.006s] Invoking command in '/home/robot/ros2-learning/chapt3/topic_ws/build/demo_cpp_topic': CMAKE_PREFIX_PATH=/opt/ros/humble /usr/bin/cmake --build /home/robot/ros2-learning/chapt3/topic_ws/build/demo_cpp_topic -- -j32 -l32
[0.033s] [35m[1mConsolidate compiler generated dependencies of target turtle_control[0m
[0.034s] [35m[1mConsolidate compiler generated dependencies of target turtle_circle[0m
[0.042s] [ 25%] [32mBuilding CXX object CMakeFiles/turtle_control.dir/src/turtle_control.cpp.o[0m
[0.044s] [ 75%] Built target turtle_circle
[3.483s] [100%] [32m[1mLinking CXX executable turtle_control[0m
[3.676s] [100%] Built target turtle_control
[3.685s] Invoked command in '/home/robot/ros2-learning/chapt3/topic_ws/build/demo_cpp_topic' returned '0': CMAKE_PREFIX_PATH=/opt/ros/humble /usr/bin/cmake --build /home/robot/ros2-learning/chapt3/topic_ws/build/demo_cpp_topic -- -j32 -l32
[3.689s] Invoking command in '/home/robot/ros2-learning/chapt3/topic_ws/build/demo_cpp_topic': CMAKE_PREFIX_PATH=/opt/ros/humble /usr/bin/cmake --install /home/robot/ros2-learning/chapt3/topic_ws/build/demo_cpp_topic
[3.694s] -- Install configuration: ""
[3.694s] -- Up-to-date: /home/robot/ros2-learning/chapt3/topic_ws/install/demo_cpp_topic/lib/demo_cpp_topic/turtle_circle
[3.695s] -- Installing: /home/robot/ros2-learning/chapt3/topic_ws/install/demo_cpp_topic/lib/demo_cpp_topic/turtle_control
[3.697s] -- Set runtime path of "/home/robot/ros2-learning/chapt3/topic_ws/install/demo_cpp_topic/lib/demo_cpp_topic/turtle_control" to ""
[3.697s] -- Up-to-date: /home/robot/ros2-learning/chapt3/topic_ws/install/demo_cpp_topic/share/ament_index/resource_index/package_run_dependencies/demo_cpp_topic
[3.697s] -- Up-to-date: /home/robot/ros2-learning/chapt3/topic_ws/install/demo_cpp_topic/share/ament_index/resource_index/parent_prefix_path/demo_cpp_topic
[3.697s] -- Up-to-date: /home/robot/ros2-learning/chapt3/topic_ws/install/demo_cpp_topic/share/demo_cpp_topic/environment/ament_prefix_path.sh
[3.697s] -- Up-to-date: /home/robot/ros2-learning/chapt3/topic_ws/install/demo_cpp_topic/share/demo_cpp_topic/environment/ament_prefix_path.dsv
[3.697s] -- Up-to-date: /home/robot/ros2-learning/chapt3/topic_ws/install/demo_cpp_topic/share/demo_cpp_topic/environment/path.sh
[3.697s] -- Up-to-date: /home/robot/ros2-learning/chapt3/topic_ws/install/demo_cpp_topic/share/demo_cpp_topic/environment/path.dsv
[3.697s] -- Up-to-date: /home/robot/ros2-learning/chapt3/topic_ws/install/demo_cpp_topic/share/demo_cpp_topic/local_setup.bash
[3.698s] -- Up-to-date: /home/robot/ros2-learning/chapt3/topic_ws/install/demo_cpp_topic/share/demo_cpp_topic/local_setup.sh
[3.698s] -- Up-to-date: /home/robot/ros2-learning/chapt3/topic_ws/install/demo_cpp_topic/share/demo_cpp_topic/local_setup.zsh
[3.698s] -- Up-to-date: /home/robot/ros2-learning/chapt3/topic_ws/install/demo_cpp_topic/share/demo_cpp_topic/local_setup.dsv
[3.698s] -- Installing: /home/robot/ros2-learning/chapt3/topic_ws/install/demo_cpp_topic/share/demo_cpp_topic/package.dsv
[3.698s] -- Up-to-date: /home/robot/ros2-learning/chapt3/topic_ws/install/demo_cpp_topic/share/ament_index/resource_index/packages/demo_cpp_topic
[3.698s] -- Up-to-date: /home/robot/ros2-learning/chapt3/topic_ws/install/demo_cpp_topic/share/demo_cpp_topic/cmake/demo_cpp_topicConfig.cmake
[3.698s] -- Up-to-date: /home/robot/ros2-learning/chapt3/topic_ws/install/demo_cpp_topic/share/demo_cpp_topic/cmake/demo_cpp_topicConfig-version.cmake
[3.698s] -- Up-to-date: /home/robot/ros2-learning/chapt3/topic_ws/install/demo_cpp_topic/share/demo_cpp_topic/package.xml
[3.699s] Invoked command in '/home/robot/ros2-learning/chapt3/topic_ws/build/demo_cpp_topic' returned '0': CMAKE_PREFIX_PATH=/opt/ros/humble /usr/bin/cmake --install /home/robot/ros2-learning/chapt3/topic_ws/build/demo_cpp_topic
