[0.313s] Invoking command in '/home/robot/ros2-learning/chapt4/chapt4_ws/src/demo_python_service': PYTHONPATH=/home/robot/ros2-learning/chapt4/chapt4_ws/build/demo_python_service/prefix_override:/usr/lib/python3/dist-packages/colcon_core/task/python/colcon_distutils_commands:/home/robot/ros2-learning/chapt4/chapt4_ws/install/demo_python_service/lib/python3.10/site-packages:${PYTHONPATH} /usr/bin/python3 -W ignore:setup.py install is deprecated -W ignore:easy_install command is deprecated setup.py egg_info --egg-base ../../build/demo_python_service build --build-base /home/robot/ros2-learning/chapt4/chapt4_ws/build/demo_python_service/build install --record /home/robot/ros2-learning/chapt4/chapt4_ws/build/demo_python_service/install.log --single-version-externally-managed install_data
[0.422s] running egg_info
[0.422s] creating ../../build/demo_python_service/demo_python_service.egg-info
[0.422s] writing ../../build/demo_python_service/demo_python_service.egg-info/PKG-INFO
[0.422s] writing dependency_links to ../../build/demo_python_service/demo_python_service.egg-info/dependency_links.txt
[0.422s] writing entry points to ../../build/demo_python_service/demo_python_service.egg-info/entry_points.txt
[0.422s] writing requirements to ../../build/demo_python_service/demo_python_service.egg-info/requires.txt
[0.422s] writing top-level names to ../../build/demo_python_service/demo_python_service.egg-info/top_level.txt
[0.422s] writing manifest file '../../build/demo_python_service/demo_python_service.egg-info/SOURCES.txt'
[0.423s] reading manifest file '../../build/demo_python_service/demo_python_service.egg-info/SOURCES.txt'
[0.423s] adding license file 'LICENSE'
[0.423s] writing manifest file '../../build/demo_python_service/demo_python_service.egg-info/SOURCES.txt'
[0.423s] running build
[0.423s] running build_py
[0.423s] creating /home/robot/ros2-learning/chapt4/chapt4_ws/build/demo_python_service/build
[0.423s] creating /home/robot/ros2-learning/chapt4/chapt4_ws/build/demo_python_service/build/lib
[0.423s] creating /home/robot/ros2-learning/chapt4/chapt4_ws/build/demo_python_service/build/lib/demo_python_service
[0.423s] copying demo_python_service/__init__.py -> /home/robot/ros2-learning/chapt4/chapt4_ws/build/demo_python_service/build/lib/demo_python_service
[0.423s] running install
[0.423s] running install_lib
[0.424s] creating /home/robot/ros2-learning/chapt4/chapt4_ws/install/demo_python_service/lib/python3.10/site-packages/demo_python_service
[0.424s] copying /home/robot/ros2-learning/chapt4/chapt4_ws/build/demo_python_service/build/lib/demo_python_service/__init__.py -> /home/robot/ros2-learning/chapt4/chapt4_ws/install/demo_python_service/lib/python3.10/site-packages/demo_python_service
[0.424s] byte-compiling /home/robot/ros2-learning/chapt4/chapt4_ws/install/demo_python_service/lib/python3.10/site-packages/demo_python_service/__init__.py to __init__.cpython-310.pyc
[0.424s] running install_data
[0.424s] creating /home/robot/ros2-learning/chapt4/chapt4_ws/install/demo_python_service/share/ament_index
[0.424s] creating /home/robot/ros2-learning/chapt4/chapt4_ws/install/demo_python_service/share/ament_index/resource_index
[0.424s] creating /home/robot/ros2-learning/chapt4/chapt4_ws/install/demo_python_service/share/ament_index/resource_index/packages
[0.424s] copying resource/demo_python_service -> /home/robot/ros2-learning/chapt4/chapt4_ws/install/demo_python_service/share/ament_index/resource_index/packages
[0.424s] copying package.xml -> /home/robot/ros2-learning/chapt4/chapt4_ws/install/demo_python_service/share/demo_python_service
[0.424s] running install_egg_info
[0.425s] Copying ../../build/demo_python_service/demo_python_service.egg-info to /home/robot/ros2-learning/chapt4/chapt4_ws/install/demo_python_service/lib/python3.10/site-packages/demo_python_service-0.0.0-py3.10.egg-info
[0.425s] running install_scripts
[0.436s] writing list of installed files to '/home/robot/ros2-learning/chapt4/chapt4_ws/build/demo_python_service/install.log'
[0.449s] Invoked command in '/home/robot/ros2-learning/chapt4/chapt4_ws/src/demo_python_service' returned '0': PYTHONPATH=/home/robot/ros2-learning/chapt4/chapt4_ws/build/demo_python_service/prefix_override:/usr/lib/python3/dist-packages/colcon_core/task/python/colcon_distutils_commands:/home/robot/ros2-learning/chapt4/chapt4_ws/install/demo_python_service/lib/python3.10/site-packages:${PYTHONPATH} /usr/bin/python3 -W ignore:setup.py install is deprecated -W ignore:easy_install command is deprecated setup.py egg_info --egg-base ../../build/demo_python_service build --build-base /home/robot/ros2-learning/chapt4/chapt4_ws/build/demo_python_service/build install --record /home/robot/ros2-learning/chapt4/chapt4_ws/build/demo_python_service/install.log --single-version-externally-managed install_data
